TIME	CPU	WCPU	IO	MEM
20181103-140229	  0	  0	         0	9.09
20181103-140234	  0	  0	         0	9.09
20181103-140239	  0	  0	         0	9.09
20181103-140244	  0	  0	         2	9.09
20181103-140249	  0	  0	         0	9.09
20181103-140254	  0	  0	         3	9.09
20181103-140259	  0	  0	         4	9.09
20181103-140304	  0	  0	         5	9.09
20181103-140309	  0	  0	         1	9.09
20181103-140314	  0	  0	         0	9.09
20181103-140319	  0	  0	         0	9.09
20181103-140324	  0	  0	        16	9.09
20181103-140329	  0	  0	        10	9.09
20181103-140334	  0	  0	         0	9.10
20181103-140339	  0	  0	         5	9.09
20181103-140344	  0	  0	         0	9.09
20181103-140349	  0	  0	         0	9.09
20181103-140354	  0	  0	         5	9.09
20181103-140359	  0	  0	         5	9.10
20181103-140404	  0	  0	         0	9.10
20181103-140409	  0	  0	         2	9.09
20181103-140414	  0	  0	         0	9.09
20181103-140419	  0	  0	         0	9.09
20181103-140424	  0	  0	         0	9.09
20181103-140429	  0	  0	         3	9.09
20181103-140434	  0	  0	         0	9.10
20181103-140439	  0	  0	         5	9.07
20181103-140444	  0	  0	         0	9.06
20181103-140449	  0	  0	         0	9.06
20181103-140454	  0	  0	         0	9.06
20181103-140459	  0	  0	         0	9.07
20181103-140504	  0	  0	         2	9.07
20181103-140509	  0	  0	         1	9.07
20181103-140514	  0	  0	         0	9.07
20181103-140519	  0	  0	         0	9.07
20181103-140524	  0	  0	         0	9.06
20181103-140529	  0	  0	         0	9.06
20181103-140534	  0	  0	         0	9.07
20181103-140539	  0	  0	         5	9.06
20181103-140544	  0	  0	         0	9.07
20181103-140549	  0	  0	         0	9.07
20181103-140554	  0	  0	         0	9.07
20181103-140559	  0	  0	         0	9.07
20181103-140604	  0	  0	         0	9.07
20181103-140609	  0	  0	         2	9.07
20181103-140614	  0	  0	         0	9.07
20181103-140619	  0	  0	         0	9.06
20181103-140624	  0	  0	         0	9.06
20181103-140629	  0	  0	         0	9.06
20181103-140634	  0	  0	         0	9.06
20181103-140639	  0	  0	         5	9.06
20181103-140644	  0	  0	         0	9.06
20181103-140649	  0	  0	         0	9.07
20181103-140654	  0	  0	         0	9.07
20181103-140659	  0	  0	         0	9.07
20181103-140704	  0	  0	         2	9.07
20181103-140709	  0	  0	         1	9.07
20181103-140714	  0	  0	         0	9.07
20181103-140719	  0	  0	         0	9.07
20181103-140724	  0	  0	         0	9.07
20181103-140729	  0	  0	         0	9.06
20181103-140734	  0	  0	         0	9.07
20181103-140739	  0	  0	         4	9.06
20181103-140744	  0	  0	         0	9.06
20181103-140749	  0	  0	         0	9.06
20181103-140754	  0	  0	         0	9.06
20181103-140759	  0	  0	         1	9.07
20181103-140804	  0	  0	         0	9.07
20181103-140809	  0	  0	         2	9.06
20181103-140814	  0	  0	         0	9.07
20181103-140819	  0	  0	         0	9.07
20181103-140824	  0	  0	         0	9.07
20181103-140829	  0	  0	         8	9.06
20181103-140834	  0	  0	         0	9.07
20181103-140839	  0	  0	         5	9.07
20181103-140844	  0	  0	         0	9.07
20181103-140849	  0	  0	         0	9.07
20181103-140854	  0	  0	         0	9.07
20181103-140859	  0	  0	         1	9.07
20181103-140904	  0	  0	         2	9.07
20181103-140909	  0	  0	         1	9.07
20181103-140914	  0	  0	         0	9.06
20181103-140919	  0	  0	         0	9.06
20181103-140924	  0	  0	         0	9.07
20181103-140929	  0	  0	         3	9.06
20181103-140934	  0	  0	         0	9.06
20181103-140939	  0	  0	         5	9.06
20181103-140944	  0	  0	         0	9.06
20181103-140949	  0	  0	         0	9.06
20181103-140954	  0	  0	         0	9.07
20181103-140959	  0	  0	         0	9.07
20181103-141004	  0	  0	         0	9.06
20181103-141009	  0	  0	         1	9.06
20181103-141014	  0	  0	         0	9.06
20181103-141019	  0	  0	         0	9.07
20181103-141024	  0	  0	         0	9.06
20181103-141029	  0	  0	         0	9.06
20181103-141034	  0	  0	         0	9.06
20181103-141039	  0	  0	         6	9.06
20181103-141044	  0	  0	         0	9.06
20181103-141049	  0	  0	         0	9.06
20181103-141054	  0	  0	         0	9.07
20181103-141059	  0	  0	         1	9.06
20181103-141104	  0	  0	         0	9.07
20181103-141109	  0	  0	         2	9.06
20181103-141114	  0	  0	         0	9.07
20181103-141119	  0	  0	         0	9.07
20181103-141124	  0	  0	         0	9.06
20181103-141129	  0	  0	         3	9.07
20181103-141134	  0	  0	         0	9.07
20181103-141139	  0	  0	         5	9.07
20181103-141144	  0	  0	         0	9.07
20181103-141149	  0	  0	         0	9.07
20181103-141154	  0	  0	         0	9.07
20181103-141159	  0	  0	         0	9.06
20181103-141204	  0	  0	         2	9.07
20181103-141209	  0	  0	         1	9.07
20181103-141214	  0	  0	         0	9.07
20181103-141219	  0	  0	         0	9.07
20181103-141224	  0	  0	         0	9.06
20181103-141229	  0	  0	         0	9.07
20181103-141234	  0	  0	         0	9.07
20181103-141239	  0	  0	         5	9.07
20181103-141244	  0	  0	         0	9.07
20181103-141249	  0	  0	         0	9.06
20181103-141254	  0	  0	         0	9.07
20181103-141259	  0	  0	         1	9.07
20181103-141304	  0	  0	         0	9.07
20181103-141309	  0	  0	         2	9.06
20181103-141314	  0	  0	         0	9.07
20181103-141319	  0	  0	         0	9.06
20181103-141324	  0	  0	         0	9.07
20181103-141329	  0	  0	         5	9.07
20181103-141334	  0	  0	         0	9.07
20181103-141339	  0	  0	         4	9.06
20181103-141344	  0	  0	         0	9.06
20181103-141349	  0	  0	         0	9.06
20181103-141354	  0	  0	         0	9.07
20181103-141359	  0	  0	         0	9.06
20181103-141404	  0	  0	         2	9.06
20181103-141409	  0	  0	         1	9.06
20181103-141414	  0	  0	         0	9.07
20181103-141419	  0	  0	         0	9.06
20181103-141424	  0	  0	         0	9.07
20181103-141429	  0	  0	         0	9.07
20181103-141434	  0	  0	         0	9.07
20181103-141439	  0	  0	         5	9.07
20181103-141444	  0	  0	         0	9.07
20181103-141449	  0	  0	         0	9.06
20181103-141454	  0	  0	         0	9.07
20181103-141459	  0	  0	         0	9.06
20181103-141504	  0	  0	         0	9.07
20181103-141509	  0	  0	         2	9.07
20181103-141514	  0	  0	         0	9.07
20181103-141519	  0	  0	         0	9.06
20181103-141524	  0	  0	         0	9.06
20181103-141529	  0	  0	         3	9.07
20181103-141534	  0	  0	         0	9.08
20181103-141539	  0	  0	         5	9.07
20181103-141544	  0	  0	         0	9.06
20181103-141549	  0	  0	         0	9.06
20181103-141554	  0	  0	         0	9.07
20181103-141559	  0	  0	         0	9.06
20181103-141604	  0	  0	         2	9.07
20181103-141609	  0	  0	         1	9.07
20181103-141614	  0	  0	         0	9.06
20181103-141619	  0	  0	         0	9.06
20181103-141624	  0	  0	         0	9.06
20181103-141629	  0	  0	         0	9.06
20181103-141634	  0	  0	         0	9.06
20181103-141639	  0	  0	         6	9.06
20181103-141644	  0	  0	         0	9.06
20181103-141649	  0	  0	         0	9.06
20181103-141654	  0	  0	         0	9.06
20181103-141659	  0	  0	         0	9.07
20181103-141704	  0	  0	         1	9.07
20181103-141709	  0	  0	         1	9.07
20181103-141714	  0	  0	         0	9.07
20181103-141719	  0	  0	         0	9.07
20181103-141724	  0	  0	         0	9.07
20181103-141729	  0	  0	         0	9.07
20181103-141734	  0	  0	         3	9.07
20181103-141739	  0	  0	         5	9.07
20181103-141744	  0	  0	         0	9.07
20181103-141749	  0	  0	         0	9.07
20181103-141754	  0	  0	         0	9.07
20181103-141759	  0	  0	         0	9.07
20181103-141804	  0	  0	         1	9.06
20181103-141809	  0	  0	         2	9.06
20181103-141814	  0	  0	         0	9.06
20181103-141819	  0	  0	         0	9.06
20181103-141824	  0	  0	         0	9.06
20181103-141829	  0	  0	         0	9.07
20181103-141834	  0	  0	         3	9.06
20181103-141839	  0	  0	         4	9.07
20181103-141844	  0	  0	         0	9.06
20181103-141849	  0	  0	         0	9.06
20181103-141854	  0	  0	         0	9.06
20181103-141859	  0	  0	         0	9.06
20181103-141904	  0	  0	         2	9.07
20181103-141909	  0	  0	         1	9.07
20181103-141914	  0	  0	         0	9.07
20181103-141919	  0	  0	         0	9.07
20181103-141924	  0	  0	         0	9.07
20181103-141929	  0	  0	         0	9.07
20181103-141934	  0	  0	         0	9.06
20181103-141939	  0	  0	         5	9.07
20181103-141944	  0	  0	         0	9.06
20181103-141949	  0	  0	         0	9.07
20181103-141954	  0	  0	         0	9.07
20181103-141959	  0	  0	         0	9.07
20181103-142004	  0	  0	         1	9.07
20181103-142009	  0	  0	         2	9.07
20181103-142014	  0	  0	         0	9.06
20181103-142019	  0	  0	         0	9.07
20181103-142024	  0	  0	         0	9.07
20181103-142029	  0	  0	         0	9.07
20181103-142034	  0	  0	         3	9.06
20181103-142039	  0	  0	         6	9.07
20181103-142044	  0	  0	         1	9.06
20181103-142049	  0	  0	         0	9.06
20181103-142054	  0	  0	         0	9.07
20181103-142059	  0	  0	         0	9.07
20181103-142104	  0	  0	         1	9.07
20181103-142109	  0	  0	         2	9.07
20181103-142114	  0	  0	         1	9.07
20181103-142119	  0	  0	         0	9.07
20181103-142124	  0	  0	         0	9.06
20181103-142129	  0	  0	         0	9.07
20181103-142134	  0	  0	         3	9.07
20181103-142139	  0	  0	         5	9.07
20181103-142144	  0	  0	         1	9.06
20181103-142149	  0	  0	         0	9.07
20181103-142154	  0	  0	         0	9.07
20181103-142159	  0	  0	         0	9.07
20181103-142204	  0	  0	         0	9.06
20181103-142209	  0	  0	         0	9.07
20181103-142214	  0	  0	         2	9.06
20181103-142219	  0	  0	         0	9.07
20181103-142224	  0	  0	         0	9.07
20181103-142229	  0	  0	         0	9.06
20181103-142234	  0	  0	         0	9.06
20181103-142239	  0	  0	         5	9.06
20181103-142244	  0	  0	         1	9.07
20181103-142249	  0	  0	         0	9.08
20181103-142254	  0	  0	         0	9.07
20181103-142259	  0	  0	         0	9.07
20181103-142304	  0	  0	         1	9.08
20181103-142309	  0	  0	         0	9.07
20181103-142314	  0	  0	         1	9.07
20181103-142319	  0	  0	         0	9.07
20181103-142324	  0	  0	         0	9.06
20181103-142329	  0	  0	         0	9.06
20181103-142334	  0	  0	         5	9.06
20181103-142339	  0	  0	         5	9.07
20181103-142344	  0	  0	         1	9.07
20181103-142349	  0	  0	         0	9.06
20181103-142354	  0	  0	         0	9.06
20181103-142359	  0	  0	         0	9.06
20181103-142404	  0	  0	         1	9.07
20181103-142409	  0	  0	         0	9.08
20181103-142414	  0	  0	         1	9.07
20181103-142419	  0	  0	         0	9.07
20181103-142424	  0	  0	         0	9.06
20181103-142429	  0	  0	         0	9.06
20181103-142434	  0	  0	         3	9.07
20181103-142439	  0	  0	         4	9.07
20181103-142444	  0	  0	         2	9.07
20181103-142449	  0	  0	         0	9.07
20181103-142454	  0	  0	         0	9.07
20181103-142459	  0	  0	         0	9.07
20181103-142504	  0	  0	         0	9.07
20181103-142509	  0	  0	         0	9.07
20181103-142514	  0	  0	         1	9.07
20181103-142519	  0	  0	         0	9.07
20181103-142524	  0	  0	         0	9.06
20181103-142529	  0	  0	         0	9.06
20181103-142534	  0	  0	         0	9.06
20181103-142539	  0	  0	         5	9.06
20181103-142544	  0	  0	         1	9.07
20181103-142549	  0	  0	         0	9.06
20181103-142554	  0	  0	         0	9.06
20181103-142559	  0	  0	         0	9.07
20181103-142604	  0	  0	         0	9.07
20181103-142609	  0	  0	         0	9.07
20181103-142614	  0	  0	         1	9.07
20181103-142619	  0	  0	         0	9.07
20181103-142624	  0	  0	         0	9.06
20181103-142629	  0	  0	         0	9.06
20181103-142634	  0	  0	         0	9.06
20181103-142639	  0	  0	         5	9.06
20181103-142644	  0	  0	         1	9.06
20181103-142649	  0	  0	         0	9.06
20181103-142654	  0	  0	         0	9.07
20181103-142659	  0	  0	         0	9.06
20181103-142704	  0	  0	         0	9.06
20181103-142709	  0	  0	         0	9.07
20181103-142714	  0	  0	         2	9.07
20181103-142719	  0	  0	         0	9.06
20181103-142724	  0	  0	         0	9.07
20181103-142729	  0	  0	         0	9.07
20181103-142734	  0	  0	         0	9.07
20181103-142739	  0	  0	         5	9.07
20181103-142744	  0	  0	         1	9.19
20181103-142749	  2	  0	         7	9.19
20181103-142754	  0	  0	         0	9.18
20181103-142759	  0	  0	         3	9.19
20181103-142804	  0	  0	         5	9.18
20181103-142809	  0	  0	         2	10.92
20181103-142814	  9	  0	         1	13.27
20181103-142819	100	  0	      7271	13.28
20181103-142824	  7	  0	         3	13.29
20181103-142829	  7	  0	        18	13.29
20181103-142834	  7	  0	        12	13.30
20181103-142839	  7	  0	         0	13.31
20181103-142844	100	  0	     13122	13.31
20181103-142849	100	  0	     12832	13.30
20181103-142854	100	  0	     12935	13.31
20181103-142859	100	  0	     12748	13.31
20181103-142904	  7	  0	        10	13.33
20181103-142909	  8	  0	         0	13.32
20181103-142914	  7	  0	         4	13.60
20181103-142919	100	  0	     13056	13.61
20181103-142924	  7	  0	         0	13.61
20181103-142929	  7	  0	         3	13.61
20181103-142934	  7	  0	         5	13.61
20181103-142939	  7	  0	         4	13.61
20181103-142944	  7	  0	         4	13.62
20181103-142949	  8	  0	         0	13.62
20181103-142954	  8	  0	         0	13.63
20181103-142959	  7	  0	         0	13.59
20181103-143004	  7	  0	         0	13.59
20181103-143009	  7	  0	         0	13.59
20181103-143014	  7	  0	         4	13.59
20181103-143019	  7	  0	         0	13.60
20181103-143024	  7	  0	         0	13.59
20181103-143029	  7	  0	         0	13.60
20181103-143034	100	  0	     12187	13.60
20181103-143039	100	  0	     12194	13.60
20181103-143044	  7	  0	         3	13.60
20181103-143049	  7	  0	         0	13.60
20181103-143054	100	  0	     12547	13.60
20181103-143059	  7	  0	         0	13.59
20181103-143104	  7	  0	         1	13.60
20181103-143109	  7	  0	         0	13.60
20181103-143114	  7	  0	         2	13.61
20181103-143119	100	  0	     13062	13.61
20181103-143124	  7	  0	         0	13.60
20181103-143129	  7	  0	         0	13.60
20181103-143134	  7	  0	         0	13.60
20181103-143139	100	  0	     13248	13.60
20181103-143144	  7	  0	         3	13.60
20181103-143149	  7	  0	         0	13.60
20181103-143154	  7	  0	         0	13.60
20181103-143159	  7	  0	         0	13.60
20181103-143204	  7	  0	         1	13.60
20181103-143209	  7	  0	         0	13.61
20181103-143214	  7	  0	         2	13.61
20181103-143219	  7	  0	         0	13.61
20181103-143224	  7	  0	         0	13.60
20181103-143229	  7	  0	         0	13.60
20181103-143234	  7	  0	         0	13.60
20181103-143239	  7	  0	         5	13.60
20181103-143244	  7	  0	         3	13.60
20181103-143249	  7	  0	         0	13.60
20181103-143254	100	  0	     12694	13.61
20181103-143259	  7	  0	         0	13.60
20181103-143304	  7	  0	         1	13.60
20181103-143309	100	  0	     11627	13.60
20181103-143314	  7	  0	         3	13.61
20181103-143319	  7	  0	         0	13.60
20181103-143324	  7	  0	         0	13.59
20181103-143329	  7	  0	         0	13.60
20181103-143334	  7	  0	         5	13.60
20181103-143339	  7	  0	         5	13.60
20181103-143344	100	  0	     13465	13.60
20181103-143349	  7	  0	         0	13.60
20181103-143354	  7	  0	         0	13.61
20181103-143359	  7	  0	         0	13.60
20181103-143404	100	  0	     12120	13.60
20181103-143409	100	  0	     12073	13.60
20181103-143414	  7	  0	         3	13.60
20181103-143419	  7	  0	         0	13.60
20181103-143424	100	  0	     13345	13.60
20181103-143429	100	  0	     11815	13.61
20181103-143434	100	  0	     12352	13.61
20181103-143439	100	  0	     12573	13.61
20181103-143444	  7	  0	         3	13.61
20181103-143449	  7	  0	         0	13.61
20181103-143454	  7	  0	         0	13.61
20181103-143459	  7	  0	         0	13.60
20181103-143504	  7	  0	         0	13.61
20181103-143509	  7	  0	         0	13.61
20181103-143514	100	  0	     12003	13.61
20181103-143519	100	  0	     12520	13.61
20181103-143524	100	  0	     12400	13.61
20181103-143529	100	  0	     12622	13.60
20181103-143534	  7	  0	         1	13.60
20181103-143539	  7	  0	         4	13.61
20181103-143544	  7	  0	         4	13.61
20181103-143549	  7	  0	         0	13.61
20181103-143554	  7	  0	         0	13.60
20181103-143559	  7	  0	         0	13.60
20181103-143604	  7	  0	         0	13.61
20181103-143609	100	  0	     12488	13.61
20181103-143614	  7	  0	         3	13.61
20181103-143619	  7	  0	         0	13.60
20181103-143624	  7	  0	         0	13.60
20181103-143629	  7	  0	         0	13.60
20181103-143634	100	  0	     12509	13.60
20181103-143639	  7	  0	         5	13.61
20181103-143644	  7	  0	         3	13.61
20181103-143649	100	  0	     12683	13.61
20181103-143654	  7	  0	         0	13.61
20181103-143659	  7	  0	         0	13.60
20181103-143704	  7	  0	         0	13.61
20181103-143709	  7	  0	         0	13.61
20181103-143714	  7	  0	         1	13.61
20181103-143719	100	  0	     12657	13.61
20181103-143724	  7	  0	         0	13.60
20181103-143729	  7	  0	         0	13.60
20181103-143734	  7	  0	         1	13.60
20181103-143739	100	  0	     12722	13.60
20181103-143744	100	  0	     13091	13.61
20181103-143749	  7	  0	         3	13.60
20181103-143754	  7	  0	         0	13.61
20181103-143759	100	  0	     12255	13.60
20181103-143804	  7	  0	         1	13.61
20181103-143809	  7	  0	         0	13.61
20181103-143814	  7	  0	         2	13.61
20181103-143819	  7	  0	         2	13.61
20181103-143824	  7	  0	         0	13.60
20181103-143829	  7	  0	         0	13.61
20181103-143834	100	  0	     12701	13.61
20181103-143839	  7	  0	         5	13.61
20181103-143844	  7	  0	         1	15.90
20181103-143849	 34	  0	         1	15.86
20181103-143854	 31	  0	         0	15.86
20181103-143859	 30	  0	         0	15.87
20181103-143904	 29	  0	         1	15.92
20181103-143909	 29	  0	         0	16.10
20181103-143914	 29	  0	         1	18.02
20181103-143919	 29	  0	        10	23.63
20181103-143924	100	  0	     28714	25.78
20181103-143929	 29	  0	         0	25.77
20181103-143934	100	  0	     29293	28.02
20181103-143939	 29	  0	         6	33.62
20181103-143944	100	  0	     28637	39.13
20181103-143949	100	  0	     26283	44.64
20181103-143954	100	  0	     26534	44.78
20181103-143959	 28	  0	         1	44.78
20181103-144004	 29	  0	         3	44.79
20181103-144009	100	  0	     28681	44.78
20181103-144014	 28	  0	         2	44.78
20181103-144019	 28	  0	         3	44.78
20181103-144024	 28	  0	         0	44.78
20181103-144029	 21	  0	         0	44.78
20181103-144034	  8	  0	         3	44.79
20181103-144039	  8	  0	         5	44.80
20181103-144044	  7	  0	         1	44.79
20181103-144049	  7	  0	         3	44.78
20181103-144054	  7	  0	         2	44.78
20181103-144059	  7	  0	         0	44.79
20181103-144104	  8	  0	         1	44.79
20181103-144109	100	  0	     10842	44.79
20181103-144114	100	  0	     12702	44.79
20181103-144119	100	  0	     12827	44.79
20181103-144124	  7	  0	         0	44.79
20181103-144129	  8	  0	         0	44.79
20181103-144134	  7	  0	         6	44.79
20181103-144139	  7	  0	         5	44.79
20181103-144144	  7	  0	         1	44.79
20181103-144149	  7	  0	         2	44.79
20181103-144154	  7	  0	         0	44.79
20181103-144159	  7	  0	         0	44.79
20181103-144204	  7	  0	         1	44.79
20181103-144209	  8	  0	         0	44.80
20181103-144214	  7	  0	         2	44.79
20181103-144219	  7	  0	         2	44.78
20181103-144224	  7	  0	         0	44.79
20181103-144229	100	  0	     11806	44.79
20181103-144234	  7	  0	         1	44.79
20181103-144239	  7	  0	         5	44.79
20181103-144244	100	  0	     12932	44.79
20181103-144249	  7	  0	         2	44.79
20181103-144254	100	  0	     12575	44.79
20181103-144259	  8	  0	         0	44.79
20181103-144304	  7	  0	         1	44.80
20181103-144309	  8	  0	         0	44.79
20181103-144314	  7	  0	         1	44.79
20181103-144319	  7	  0	         2	44.80
20181103-144324	  7	  0	         0	44.79
20181103-144329	  8	  0	         0	44.79
20181103-144334	  7	  0	         6	44.80
20181103-144339	  7	  0	         5	44.79
20181103-144344	  7	  0	         1	44.79
20181103-144349	  7	  0	         2	44.79
20181103-144354	  7	  0	         0	44.79
20181103-144359	100	  0	     11794	9.17
20181103-144404	  4	  0	         1	9.16
20181103-144409	  0	  0	         0	9.16
20181103-144414	  0	  0	         2	9.15
20181103-144419	  0	  0	         0	9.17
20181103-144424	  0	  0	         0	9.17
20181103-144429	  0	  0	         0	9.17
20181103-144434	  0	  0	         8	9.16
20181103-144439	  0	  0	         5	9.17
20181103-144444	  0	  0	         1	9.17
20181103-144449	  0	  0	         0	9.17
20181103-144454	  0	  0	         0	9.17
20181103-144459	  0	  0	         0	9.17
20181103-144504	  0	  0	         2	9.17
20181103-144509	  0	  0	         0	9.17
20181103-144514	  0	  0	         1	9.17
20181103-144519	  0	  0	         0	9.18
20181103-144524	  0	  0	         0	9.18
20181103-144529	  0	  0	         0	9.17
20181103-144534	  0	  0	         2	9.17
20181103-144539	  0	  0	         5	9.18
20181103-144544	  0	  0	         1	9.17
20181103-144549	  0	  0	         0	9.17
20181103-144554	  0	  0	         0	9.18
20181103-144559	  0	  0	         0	9.18
20181103-144604	  0	  0	         1	9.16
20181103-144609	  0	  0	         0	9.17
20181103-144614	  0	  0	         1	9.17
20181103-144619	  0	  0	         0	9.17
20181103-144624	  0	  0	         0	9.16
20181103-144629	  0	  0	         0	10.89
20181103-144634	  9	  0	         1	9.16
20181103-144639	  0	  0	         5	9.16
20181103-144644	  0	  0	         2	9.17
20181103-144649	  0	  0	         0	9.16
20181103-144654	  0	  0	         0	9.16
20181103-144659	  0	  0	         0	10.87
20181103-144704	  9	  0	         1	13.44
20181103-144709	 14	  0	         0	13.40
20181103-144714	  7	  0	         1	9.16
20181103-144719	  6	  0	         0	12.20
20181103-144724	 14	  0	         0	13.20
20181103-144729	 10	  0	         0	9.15
20181103-144734	  3	  0	         2	9.15
20181103-144739	  0	  0	         6	9.16
20181103-144744	  0	  0	         2	9.15
20181103-144749	  0	  0	         0	11.33
20181103-144754	 12	  0	         0	13.23
20181103-144759	 13	  0	         0	13.28
20181103-144804	  8	  0	         3	13.27
20181103-144809	100	  0	     12437	13.27
20181103-144814	  7	  0	         1	13.27
20181103-144819	100	  0	     12691	13.28
20181103-144824	  7	  0	         7	13.28
20181103-144829	  7	  0	         0	13.28
20181103-144834	100	  0	     12784	13.28
20181103-144839	  7	  0	        11	13.29
20181103-144844	100	  0	     12800	13.59
20181103-144849	  7	  0	         0	13.59
20181103-144854	  8	  0	         2	13.59
20181103-144859	  8	  0	         3	13.60
20181103-144904	100	  0	     13685	13.61
20181103-144909	100	  0	     13198	13.61
20181103-144914	  8	  0	         2	13.61
20181103-144919	  8	  0	         2	13.61
20181103-144924	  8	  0	         2	13.61
20181103-144929	100	  0	     13742	13.61
20181103-144934	  8	  0	         2	13.61
20181103-144939	  8	  0	        10	13.61
20181103-144944	100	  0	     12928	13.61
20181103-144949	  9	  0	         2	13.61
20181103-144954	  8	  0	         2	13.60
20181103-144959	  8	  0	         2	13.61
20181103-145004	  8	  0	         2	13.61
20181103-145009	  8	  0	         2	13.61
20181103-145014	100	  0	     13520	13.62
20181103-145019	  8	  0	         1	13.62
20181103-145024	  7	  0	         2	13.62
20181103-145029	  8	  0	         2	13.61
20181103-145034	  7	  0	         1	13.61
20181103-145039	100	  0	     12112	13.61
20181103-145044	  7	  0	         2	13.61
20181103-145049	  7	  0	         0	13.61
20181103-145054	  8	  0	         0	13.61
20181103-145059	100	  0	     12534	13.61
20181103-145104	  8	  0	         0	13.61
20181103-145109	  8	  0	         2	13.62
20181103-145114	  8	  0	         4	13.63
20181103-145119	100	  0	     12765	13.62
20181103-145124	  7	  0	         0	13.62
20181103-145129	100	  0	     12772	13.62
20181103-145134	100	  0	     12207	13.62
20181103-145139	  7	  0	         6	13.63
20181103-145144	  7	  0	         4	13.62
20181103-145149	  7	  0	         0	9.16
20181103-145154	  1	  0	         0	9.17
20181103-145159	  0	  0	         0	9.16
20181103-145204	  0	  0	         0	9.16
20181103-145209	  0	  0	         3	9.17
20181103-145214	  0	  0	         1	9.17
20181103-145219	  0	  0	         0	9.17
20181103-145224	  0	  0	         1	9.15
20181103-145229	  0	  0	         0	9.16
20181103-145234	  0	  0	         0	9.16
20181103-145239	  0	  0	        12	9.16
20181103-145244	  0	  0	         1	9.16
20181103-145249	  0	  0	         0	9.16
20181103-145254	  0	  0	         0	9.16
20181103-145259	  0	  0	         0	9.16
20181103-145304	  0	  0	         2	9.16
20181103-145309	  0	  0	         1	9.16
20181103-145314	  0	  0	         2	9.16
20181103-145319	  0	  0	         0	9.16
20181103-145324	  0	  0	         0	9.15
20181103-145329	  0	  0	         0	9.16
20181103-145334	  0	  0	         0	9.16
20181103-145339	  0	  0	        10	9.16
20181103-145344	  0	  0	         1	9.17
20181103-145349	  0	  0	         0	9.17
20181103-145354	  0	  0	         0	9.16
20181103-145359	  0	  0	         0	9.16
20181103-145404	  0	  0	         0	9.16
20181103-145409	  0	  0	         1	9.16
20181103-145414	  0	  0	         1	9.16
20181103-145419	  0	  0	         0	9.17
20181103-145424	  0	  0	         0	9.16
20181103-145429	  0	  0	         0	9.16
20181103-145434	  0	  0	         0	9.16
20181103-145439	  0	  0	         8	9.17
20181103-145444	  0	  0	         1	9.17
20181103-145449	  0	  0	         0	9.17
20181103-145454	  0	  0	         0	9.17
20181103-145459	  0	  0	         0	9.17
20181103-145504	  0	  0	         0	9.16
20181103-145509	  0	  0	         0	9.17
20181103-145514	  0	  0	         1	9.17
20181103-145519	  0	  0	         0	9.17
20181103-145524	  0	  0	         0	9.15
20181103-145529	  0	  0	         0	9.16
20181103-145534	  0	  0	         0	9.16
20181103-145539	  0	  0	         5	9.17
20181103-145544	  0	  0	         2	9.17
20181103-145549	  0	  0	         0	9.17
20181103-145554	  0	  0	         0	9.17
20181103-145559	  0	  0	         0	9.17
20181103-145604	  0	  0	         0	9.16
20181103-145609	  0	  0	         0	9.17
20181103-145614	  0	  0	         1	9.17
20181103-145619	  0	  0	         0	9.17
20181103-145624	  0	  0	         0	9.16
20181103-145629	  0	  0	         0	9.16
20181103-145634	  0	  0	         0	9.17
20181103-145639	  0	  0	         5	9.17
20181103-145644	  0	  0	         3	9.16
20181103-145649	  0	  0	         0	9.16
20181103-145654	  0	  0	         0	9.16
20181103-145659	  0	  0	         0	9.16
20181103-145704	  0	  0	         0	9.16
20181103-145709	  0	  0	         0	9.16
20181103-145714	  0	  0	         1	9.16
20181103-145719	  0	  0	         0	9.16
20181103-145724	  0	  0	         0	9.16
20181103-145729	  0	  0	         0	9.17
20181103-145734	  0	  0	         0	9.17
20181103-145739	  0	  0	         4	9.17
20181103-145744	  0	  0	         1	9.16
20181103-145749	  0	  0	         0	9.17
20181103-145754	  0	  0	         0	9.16
20181103-145759	  0	  0	         0	9.17
20181103-145804	  0	  0	         0	9.17
20181103-145809	  0	  0	         0	9.17
20181103-145814	  0	  0	         2	9.16
20181103-145819	  0	  0	         0	9.17
20181103-145824	  0	  0	         0	9.16
20181103-145829	  0	  0	         0	9.17
20181103-145834	  0	  0	         0	9.17
20181103-145839	  0	  0	         8	9.16
20181103-145844	  0	  0	         1	9.16
20181103-145849	  0	  0	         0	9.16
20181103-145854	  0	  0	         0	9.16
20181103-145859	  0	  0	         0	9.16
20181103-145904	  0	  0	         0	9.17
20181103-145909	  0	  0	         0	9.16
20181103-145914	  0	  0	         3	9.16
20181103-145919	  0	  0	         0	9.16
20181103-145924	  0	  0	         0	9.16
20181103-145929	  0	  0	         0	9.17
20181103-145934	  0	  0	         0	9.17
20181103-145939	  0	  0	         8	9.16
20181103-145944	  0	  0	         1	9.16
20181103-145949	  0	  0	         0	9.16
20181103-145954	  0	  0	         0	9.16
20181103-145959	  0	  0	         0	9.16
20181103-150004	  0	  0	         0	9.16
20181103-150009	  1	  0	         1	9.16
20181103-150014	  0	  0	         7	9.16
20181103-150019	  0	  0	         0	9.16
20181103-150024	  0	  0	         0	9.15
20181103-150029	  0	  0	         0	9.15
20181103-150034	  0	  0	         0	9.16
20181103-150039	  0	  0	         6	9.16
20181103-150044	  0	  0	         7	9.16
20181103-150049	  0	  0	         0	9.16
20181103-150054	  0	  0	         0	9.15
20181103-150059	  0	  0	         0	9.16
20181103-150104	  0	  0	         0	9.17
20181103-150109	  1	  0	         3	9.17
20181103-150114	  0	  0	         4	9.17
20181103-150119	  0	  0	         0	9.16
20181103-150124	  0	  0	         0	9.16
20181103-150129	  0	  0	         0	9.15
20181103-150134	  0	  0	         0	9.17
20181103-150139	  0	  0	         5	9.16
20181103-150144	  0	  0	         1	9.16
20181103-150149	  0	  0	         0	9.16
20181103-150154	  0	  0	         0	9.16
20181103-150159	  0	  0	         0	9.16
20181103-150204	  0	  0	         0	9.17
20181103-150209	  0	  0	         0	9.16
20181103-150214	  0	  0	         3	9.16
20181103-150219	  0	  0	         0	9.16
20181103-150224	  0	  0	         0	9.16
20181103-150229	  0	  0	         0	9.16
20181103-150234	  0	  0	         0	9.16
20181103-150239	  0	  0	         5	9.16
20181103-150244	  0	  0	         1	9.16
20181103-150249	  0	  0	         0	9.15
20181103-150254	  0	  0	         0	9.16
20181103-150259	  0	  0	         0	9.16
20181103-150304	  0	  0	         0	9.17
20181103-150309	  0	  0	         1	9.16
20181103-150314	  0	  0	         1	9.16
20181103-150319	  0	  0	         0	9.16
20181103-150324	  0	  0	         0	9.15
20181103-150329	  0	  0	         0	9.15
20181103-150334	  0	  0	         0	9.16
20181103-150339	  0	  0	         9	9.16
20181103-150344	  0	  0	         2	9.16
20181103-150349	  0	  0	         0	9.16
20181103-150354	  0	  0	         0	9.16
20181103-150359	  0	  0	         0	9.16
20181103-150404	  0	  0	         0	9.16
20181103-150409	  0	  0	         0	9.16
20181103-150414	  0	  0	         1	9.16
20181103-150419	  0	  0	         0	9.16
20181103-150424	  0	  0	         0	9.16
20181103-150429	  0	  0	         0	9.16
20181103-150434	  0	  0	         0	9.16
20181103-150439	  0	  0	         5	9.16
20181103-150444	  0	  0	         3	9.16
20181103-150449	  0	  0	         0	9.15
20181103-150454	  0	  0	         0	9.16
20181103-150459	  0	  0	         0	9.15
20181103-150504	  0	  0	         0	9.16
20181103-150509	  0	  0	         3	9.16
20181103-150514	  0	  0	         1	9.17
20181103-150519	  0	  0	         0	9.16
20181103-150524	  0	  0	         0	9.16
20181103-150529	  0	  0	         0	9.16
20181103-150534	  0	  0	         0	9.16
20181103-150539	  0	  0	         5	9.16
20181103-150544	  0	  0	         2	9.16
20181103-150549	  0	  0	         0	9.16
20181103-150554	  0	  0	         0	9.16
20181103-150559	  0	  0	         0	9.15
20181103-150604	  0	  0	         0	9.17
20181103-150609	  0	  0	         0	9.16
20181103-150614	  0	  0	         1	9.17
20181103-150619	  0	  0	         0	9.16
20181103-150624	  0	  0	         0	9.16
20181103-150629	  0	  0	         0	9.16
20181103-150634	  0	  0	         0	9.17
20181103-150639	  0	  0	         5	9.16
20181103-150644	  0	  0	         3	9.16
20181103-150649	  0	  0	         0	9.16
20181103-150654	  0	  0	         0	9.16
20181103-150659	  0	  0	         0	9.16
20181103-150704	  0	  0	         0	9.16
20181103-150709	  0	  0	         0	9.15
20181103-150714	  0	  0	         1	9.16
20181103-150719	  0	  0	         0	9.16
20181103-150724	  0	  0	         0	9.15
20181103-150729	  0	  0	         0	9.16
20181103-150734	  0	  0	         0	9.16
20181103-150739	  0	  0	         5	9.16
20181103-150744	  0	  0	         1	9.17
20181103-150749	  0	  0	         0	9.16
20181103-150754	  0	  0	         0	9.16
20181103-150759	  0	  0	         0	9.16
20181103-150804	  0	  0	         0	9.16
20181103-150809	  0	  0	         0	9.16
20181103-150814	  0	  0	         2	9.17
20181103-150819	  0	  0	         0	9.16
20181103-150824	  0	  0	         0	9.16
20181103-150829	  0	  0	         0	9.16
20181103-150834	  0	  0	         0	9.16
20181103-150839	  0	  0	         5	9.16
20181103-150844	  0	  0	         1	9.16
20181103-150849	  0	  0	         0	9.15
20181103-150854	  0	  0	         0	9.16
20181103-150859	  0	  0	         0	9.16
20181103-150904	  0	  0	         0	9.16
20181103-150909	  0	  0	         3	9.16
20181103-150914	  0	  0	         3	9.16
20181103-150919	  0	  0	         0	9.16
20181103-150924	  0	  0	         0	9.16
20181103-150929	  0	  0	         0	9.16
20181103-150934	  0	  0	         0	9.16
20181103-150939	  0	  0	         5	9.16
20181103-150944	  0	  0	         1	9.16
20181103-150949	  0	  0	         0	9.16
20181103-150954	  0	  0	         0	9.16
20181103-150959	  0	  0	         0	9.16
20181103-151004	  0	  0	         0	9.16
20181103-151009	  0	  0	         0	9.16
20181103-151014	  0	  0	         1	9.17
20181103-151019	  0	  0	         0	9.16
20181103-151024	  0	  0	         0	9.16
20181103-151029	  0	  0	         0	9.16
20181103-151034	  0	  0	         0	9.16
20181103-151039	  0	  0	         5	9.16
20181103-151044	  0	  0	         2	9.16
20181103-151049	  0	  0	         0	9.16
20181103-151054	  0	  0	         0	9.15
20181103-151059	  0	  0	         0	9.16
20181103-151104	  0	  0	         0	9.17
20181103-151109	  0	  0	         0	9.17
20181103-151114	  0	  0	         1	9.17
20181103-151119	  0	  0	         0	9.16
20181103-151124	  0	  0	         0	9.16
20181103-151129	  0	  0	         0	9.17
20181103-151134	  0	  0	         0	9.17
20181103-151139	  0	  0	         5	9.17
20181103-151144	  0	  0	         3	9.17
20181103-151149	  0	  0	         0	9.16
20181103-151154	  0	  0	         0	9.17
20181103-151159	  0	  0	         0	9.16
20181103-151204	  0	  0	         0	9.16
20181103-151209	  0	  0	         0	9.16
20181103-151214	  0	  0	         1	9.16
20181103-151219	  0	  0	         0	9.16
20181103-151224	  0	  0	         0	9.15
20181103-151229	  0	  0	         0	9.16
20181103-151234	  0	  0	         0	9.16
20181103-151239	  0	  0	         6	9.16
20181103-151244	  0	  0	         2	9.16
20181103-151249	  0	  0	         0	9.15
20181103-151254	  0	  0	         0	10.87
20181103-151259	  9	  0	         0	13.45
20181103-151304	100	  0	     10365	13.25
20181103-151309	  8	  0	         3	13.26
20181103-151314	  7	  0	         3	13.26
20181103-151319	  8	  0	         0	13.27
20181103-151324	  7	  0	         0	13.27
20181103-151329	100	  0	     12732	13.28
20181103-151334	  7	  0	         1	13.28
20181103-151339	  7	  0	         8	13.29
20181103-151344	  7	  0	         1	13.28
20181103-151349	  7	  0	         0	13.68
20181103-151354	  7	  0	         0	13.68
20181103-151359	  7	  0	         2	13.68
20181103-151404	  7	  0	         0	13.69
20181103-151409	  7	  0	         5	13.70
20181103-151414	100	  0	     12260	13.70
20181103-151419	  7	  0	         0	13.70
20181103-151424	  7	  0	         0	13.70
20181103-151429	  7	  0	         3	13.70
20181103-151434	100	  0	     11766	13.70
20181103-151439	100	  0	     12011	13.70
20181103-151444	  7	  0	         1	13.70
20181103-151449	  7	  0	         0	13.71
20181103-151454	100	  0	     13438	13.70
20181103-151459	  7	  0	         2	13.70
20181103-151504	100	  0	     12795	13.71
20181103-151509	  7	  0	         1	13.70
20181103-151514	  7	  0	         2	13.71
20181103-151519	  7	  0	         0	13.71
20181103-151524	  7	  0	         0	13.70
20181103-151529	  7	  0	         2	13.70
20181103-151534	  7	  0	         0	13.71
20181103-151539	  7	  0	         5	13.71
20181103-151544	  7	  0	         3	13.70
20181103-151549	  7	  0	         0	13.70
20181103-151554	  7	  0	         0	13.70
20181103-151559	  7	  0	         2	13.70
20181103-151604	  7	  0	         0	13.71
20181103-151609	  8	  0	         0	13.71
20181103-151614	  7	  0	         1	13.71
20181103-151619	  7	  0	         0	13.72
20181103-151624	100	  0	     12981	13.71
20181103-151629	  7	  0	         2	13.71
20181103-151634	  7	  0	         0	13.71
20181103-151639	  7	  0	         5	13.71
20181103-151644	  7	  0	         1	13.71
20181103-151649	  7	  0	         0	13.70
20181103-151654	100	  0	     12467	13.71
20181103-151659	  7	  0	         2	13.70
20181103-151704	  7	  0	         0	13.71
20181103-151709	100	  0	     11563	13.71
20181103-151714	  7	  0	         2	13.71
20181103-151719	  7	  0	         0	13.71
20181103-151724	  7	  0	         0	13.71
20181103-151729	  7	  0	         2	13.71
20181103-151734	  7	  0	         0	13.71
20181103-151739	  7	  0	         5	13.71
20181103-151744	  7	  0	         3	13.70
20181103-151749	100	  0	     13341	13.71
20181103-151754	100	  0	     13473	13.71
20181103-151759	  7	  0	         2	13.72
20181103-151804	  7	  0	         0	13.72
20181103-151809	  7	  0	         0	13.72
20181103-151814	  7	  0	         1	13.71
20181103-151819	  7	  0	         0	13.71
20181103-151824	  7	  0	         0	13.72
20181103-151829	  7	  0	         2	13.72
20181103-151834	  7	  0	         0	13.72
20181103-151839	  7	  0	         5	13.72
20181103-151844	100	  0	     12427	13.72
20181103-151849	  7	  0	         0	13.71
20181103-151854	  7	  0	         0	13.71
20181103-151859	  7	  0	         2	13.71
20181103-151904	100	  0	     12702	13.72
20181103-151909	  7	  0	         0	13.72
20181103-151914	  7	  0	         2	13.71
20181103-151919	  7	  0	         0	13.72
20181103-151924	  7	  0	         0	13.71
20181103-151929	  7	  0	         2	13.72
20181103-151934	  7	  0	         0	13.71
20181103-151939	  7	  0	         4	13.71
20181103-151944	  7	  0	         3	13.71
20181103-151949	100	  0	     12574	13.72
20181103-151954	  7	  0	         0	13.71
20181103-151959	  7	  0	         3	13.71
20181103-152004	  7	  0	         0	13.71
20181103-152009	  7	  0	         0	13.71
20181103-152014	  7	  0	         1	13.71
20181103-152019	100	  0	     12546	13.72
20181103-152024	  7	  0	         0	13.71
20181103-152029	  7	  0	         2	13.71
20181103-152034	100	  0	     12207	13.71
20181103-152039	  7	  0	         5	13.71
20181103-152044	  7	  0	         2	13.71
20181103-152049	  7	  0	         0	13.72
20181103-152054	100	  0	     13436	13.72
20181103-152059	  7	  0	         2	13.72
20181103-152104	  7	  0	         0	13.72
20181103-152109	  7	  0	         0	13.72
20181103-152114	  7	  0	         1	13.72
20181103-152119	100	  0	     13093	13.72
20181103-152124	  7	  0	         0	13.71
20181103-152129	  7	  0	         2	13.71
20181103-152134	100	  0	     13345	13.71
20181103-152139	  7	  0	         5	13.72
20181103-152144	  7	  0	         2	13.71
20181103-152149	  7	  0	         0	13.72
20181103-152154	  7	  0	         0	13.71
20181103-152159	  7	  0	         2	13.71
20181103-152204	  7	  0	         0	13.72
20181103-152209	  7	  0	         0	13.72
20181103-152214	100	  0	     11318	13.72
20181103-152219	  7	  0	         0	13.71
20181103-152224	100	  0	     12255	13.71
20181103-152229	  7	  0	         2	13.72
20181103-152234	  7	  0	         0	13.72
20181103-152239	100	  0	     12343	13.72
20181103-152244	100	  0	     12933	13.71
20181103-152249	100	  0	     13127	13.71
20181103-152254	  7	  0	         0	13.71
20181103-152259	  7	  0	         2	13.71
20181103-152304	  7	  0	         0	13.72
20181103-152309	  7	  0	         0	13.72
20181103-152314	  7	  0	         4	13.72
20181103-152319	  7	  0	         0	13.72
20181103-152324	  7	  0	         0	13.72
20181103-152329	  7	  0	         2	13.71
20181103-152334	  7	  0	         0	13.72
20181103-152339	  7	  0	         5	10.89
20181103-152344	  9	  0	         2	13.20
20181103-152349	 16	  0	         0	13.20
20181103-152354	  8	  0	         0	13.22
20181103-152359	  7	  0	         0	13.22
20181103-152404	100	  0	     13321	13.22
20181103-152409	  8	  0	         0	13.23
20181103-152414	100	  0	     13424	13.24
20181103-152419	  7	  0	         0	13.24
20181103-152424	100	  0	     13088	13.25
20181103-152429	  7	  0	         0	13.26
20181103-152434	100	  0	     13546	13.26
20181103-152439	100	  0	     12219	13.26
20181103-152444	  7	  0	         6	13.27
20181103-152449	  7	  0	         0	13.55
20181103-152454	  8	  0	         0	13.55
20181103-152459	  8	  0	         0	13.55
20181103-152504	100	  0	     14545	13.56
20181103-152509	  8	  0	         3	13.56
20181103-152514	100	  0	     14186	13.56
20181103-152519	  8	  0	         0	15.90
20181103-152524	 40	  0	         0	15.86
20181103-152529	 23	  0	         0	15.86
20181103-152534	 19	  0	         0	15.87
20181103-152539	 19	  0	         4	17.29
20181103-152544	 19	  0	         5	19.82
20181103-152549	 20	  0	         0	19.88
20181103-152554	100	  0	     25231	22.62
20181103-152559	 19	  0	         0	22.63
20181103-152604	 18	  0	         0	23.81
20181103-152609	100	  0	     21991	26.63
20181103-152614	 15	  0	         4	29.81
20181103-152619	 15	  0	         0	31.24
20181103-152624	 15	  0	         0	31.35
20181103-152629	100	  0	     21486	31.36
20181103-152634	 17	  0	         0	31.36
20181103-152639	 17	  0	         5	31.38
20181103-152644	 18	  0	         4	31.38
20181103-152649	 18	  0	         0	31.39
20181103-152654	 14	  0	         0	31.39
20181103-152659	 18	  0	         0	32.80
20181103-152704	 18	  0	         0	38.92
20181103-152709	 23	  0	         2	43.65
20181103-152714	 19	  0	         5	44.81
20181103-152719	 19	  0	         0	44.81
20181103-152724	100	  0	     22120	44.81
20181103-152729	 18	  0	         0	44.82
20181103-152734	 10	  0	         0	44.82
20181103-152739	  8	  0	         5	44.82
20181103-152744	100	  0	      9859	44.82
20181103-152749	  7	  0	         1	44.82
20181103-152754	  7	  0	         0	44.82
20181103-152759	  8	  0	         0	44.83
20181103-152804	  8	  0	         0	44.82
20181103-152809	100	  0	     11101	44.83
20181103-152814	100	  0	     12579	44.83
20181103-152819	  7	  0	         0	44.83
20181103-152824	  7	  0	         0	44.83
20181103-152829	  7	  0	         0	44.82
20181103-152834	  7	  0	         0	44.83
20181103-152839	  7	  0	         6	44.82
20181103-152844	  7	  0	         4	44.82
20181103-152849	100	  0	     12176	9.17
20181103-152854	  1	  0	         0	9.16
20181103-152859	  0	  0	         0	9.17
20181103-152904	  0	  0	         0	9.16
20181103-152909	  0	  0	         4	9.16
20181103-152914	  0	  0	         3	10.88
20181103-152919	  9	  0	         0	12.87
20181103-152924	 11	  0	         1	12.90
20181103-152929	  4	  0	         0	12.91
20181103-152934	  3	  0	         0	12.91
20181103-152939	  3	  0	         6	12.89
20181103-152944	  4	  0	         3	12.90
20181103-152949	  4	  0	         7	15.02
20181103-152954	 29	  0	         0	15.03
20181103-152959	 11	  0	         0	15.03
20181103-153004	 11	  0	         0	15.05
20181103-153009	 11	  0	         6	15.05
20181103-153014	 10	  0	         5	15.05
20181103-153019	 10	  0	         3	15.05
20181103-153024	 11	  0	         3	15.06
20181103-153029	 10	  0	         0	15.05
20181103-153034	 11	  0	         0	15.21
20181103-153039	 10	  0	         4	17.92
20181103-153044	 11	  0	         3	20.71
20181103-153049	 11	  0	         3	21.69
20181103-153054	 10	  0	         2	21.69
20181103-153059	 11	  0	         0	21.69
20181103-153104	 11	  0	         0	22.80
20181103-153109	 11	  0	         0	25.54
20181103-153114	 11	  0	         1	28.27
20181103-153119	 11	  0	         3	30.40
20181103-153124	 11	  0	         1	30.40
20181103-153129	 11	  0	         0	30.40
20181103-153134	  4	  0	         0	30.40
20181103-153139	  3	  0	         7	30.40
20181103-153144	100	  0	      7988	30.40
20181103-153149	  3	  0	         3	30.40
20181103-153154	  3	  0	         1	30.40
20181103-153159	  3	  0	         0	9.17
20181103-153204	  1	  0	         0	9.16
20181103-153209	  0	  0	         0	9.16
20181103-153214	  0	  0	         3	9.16
20181103-153219	  0	  0	         2	9.15
20181103-153224	  0	  0	         0	9.16
20181103-153229	  0	  0	         0	9.16
20181103-153234	  0	  0	         2	9.16
20181103-153239	  0	  0	         6	10.12
20181103-153244	  5	  0	         5	13.22
20181103-153249	 14	  0	         0	13.29
20181103-153254	100	  0	     12004	13.29
20181103-153259	  7	  0	         0	13.29
20181103-153304	100	  0	      9105	13.31
20181103-153309	  7	  0	         5	15.78
20181103-153314	 20	  0	        10	15.88
20181103-153319	 32	  0	         3	15.85
20181103-153324	 21	  0	         0	15.85
20181103-153329	 19	  0	         0	15.86
20181103-153334	100	  0	     16706	16.75
20181103-153339	 20	  0	         7	20.02
20181103-153344	 17	  0	         7	21.64
20181103-153349	 17	  0	         3	21.65
20181103-153354	100	  0	     21511	22.85
20181103-153359	 11	  0	         0	24.29
20181103-153404	 21	  0	         0	24.35
20181103-153409	100	  0	     22286	24.36
20181103-153414	  8	  0	         6	25.30
20181103-153419	 24	  0	         0	27.58
20181103-153424	 17	  0	         0	27.59
20181103-153429	100	  0	     16909	27.60
20181103-153434	 21	  0	         2	27.60
20181103-153439	 13	  0	         5	31.49
20181103-153444	 19	  0	         5	37.02
20181103-153449	 21	  0	         0	37.71
20181103-153454	  9	  0	         0	44.42
20181103-153459	 24	  0	         0	44.83
20181103-153504	 17	  0	         0	44.84
20181103-153509	 14	  0	         2	44.84
20181103-153514	 20	  0	         4	44.84
20181103-153519	 14	  0	         0	44.84
20181103-153524	 19	  0	         0	44.84
20181103-153529	 10	  0	         0	44.85
20181103-153534	  8	  0	         1	44.84
20181103-153539	  8	  0	         5	44.85
20181103-153544	100	  0	      8861	44.85
20181103-153549	  8	  0	         0	44.85
20181103-153554	  8	  0	         0	44.86
20181103-153559	100	  0	      8729	44.85
20181103-153604	100	  0	      8705	44.86
20181103-153609	  8	  0	         2	44.85
20181103-153614	  8	  0	         4	44.85
20181103-153619	  8	  0	         0	44.86
20181103-153624	  8	  0	         0	44.85
20181103-153629	  8	  0	         0	44.85
20181103-153634	  8	  0	         0	44.85
20181103-153639	  7	  0	         5	9.17
20181103-153644	  0	  0	         3	9.17
20181103-153649	  0	  0	         0	10.37
20181103-153654	  8	  0	         1	13.04
20181103-153659	 14	  0	         0	13.04
20181103-153704	  4	  0	         0	13.05
20181103-153709	  4	  0	         2	13.06
20181103-153714	  3	  0	         3	13.06
20181103-153719	  3	  0	         0	13.06
20181103-153724	  3	  0	         6	13.06
20181103-153729	  3	  0	         0	13.07
20181103-153734	  3	  0	         0	13.08
20181103-153739	  3	  0	         9	13.07
20181103-153744	  3	  0	         4	13.19
20181103-153749	  3	  0	         0	13.19
20181103-153754	  4	  0	         2	13.20
20181103-153759	  3	  0	         0	13.20
20181103-153804	100	  0	      5552	13.21
20181103-153809	  4	  0	         3	13.20
20181103-153814	  3	  0	         3	13.20
20181103-153819	  3	  0	         0	13.19
20181103-153824	  3	  0	         3	13.20
20181103-153829	  3	  0	         0	13.21
20181103-153834	  3	  0	         0	13.21
20181103-153839	  3	  0	         5	13.21
20181103-153844	  3	  0	         2	15.13
20181103-153849	  9	  0	         0	15.16
20181103-153854	 25	  0	         3	15.16
20181103-153859	 12	  0	         0	15.17
20181103-153904	100	  0	     17254	15.16
20181103-153909	 11	  0	         0	15.17
20181103-153914	 10	  0	         1	15.17
20181103-153919	 11	  0	         3	15.18
20181103-153924	100	  0	     16152	15.17
20181103-153929	 10	  0	         0	15.17
20181103-153934	  3	  0	         0	15.91
20181103-153939	 15	  0	         5	18.58
20181103-153944	 12	  0	         1	20.29
20181103-153949	 11	  0	         3	20.30
20181103-153954	 10	  0	         3	20.30
20181103-153959	 10	  0	         0	22.32
20181103-154004	 10	  0	         0	25.11
20181103-154009	 11	  0	         0	27.90
20181103-154014	 10	  0	         1	29.46
20181103-154019	100	  0	     17342	29.46
20181103-154024	  9	  0	         3	29.46
20181103-154029	100	  0	     17974	29.46
20181103-154034	  3	  0	         0	29.47
20181103-154039	  3	  0	         8	29.47
20181103-154044	  3	  0	         1	29.47
20181103-154049	  3	  0	         1	29.47
20181103-154054	  3	  0	         3	29.47
20181103-154059	  3	  0	         0	29.46
20181103-154104	  3	  0	         0	29.47
20181103-154109	100	  0	      8430	29.47
20181103-154114	  3	  0	         5	29.47
20181103-154119	  3	  0	         0	29.47
20181103-154124	  3	  0	         2	9.16
20181103-154129	  2	  0	         0	9.16
20181103-154134	  0	  0	         0	9.17
20181103-154139	  0	  0	         4	9.17
20181103-154144	  0	  0	         2	9.16
20181103-154149	  0	  0	         0	9.17
20181103-154154	  0	  0	         0	9.17
20181103-154159	  0	  0	         2	9.17
20181103-154204	  0	  0	         0	9.16
20181103-154209	  0	  0	         0	9.16
20181103-154214	  0	  0	         6	9.16
20181103-154219	  0	  0	         0	9.16
20181103-154224	  0	  0	         0	9.16
20181103-154229	  0	  0	         0	9.16
20181103-154234	  0	  0	         0	9.16
20181103-154239	  0	  0	         5	9.16
20181103-154244	  0	  0	         5	9.17
20181103-154249	  0	  0	         0	9.79
20181103-154254	  2	  0	         0	12.94
20181103-154259	 16	  0	         0	12.95
20181103-154304	  4	  0	         0	12.97
20181103-154309	  4	  0	         0	12.96
20181103-154314	  3	  0	         3	12.97
20181103-154319	  3	  0	         0	12.97
20181103-154324	  3	  0	         6	12.97
20181103-154329	  3	  0	         1	15.04
20181103-154334	 27	  0	         0	15.04
20181103-154339	 11	  0	         5	15.00
20181103-154344	100	  0	     16227	15.00
20181103-154349	 11	  0	         0	15.01
20181103-154354	 10	  0	         3	15.01
20181103-154359	 11	  0	         0	15.02
20181103-154404	100	  0	     15973	15.02
20181103-154409	 11	  0	         0	15.02
20181103-154414	 10	  0	         3	17.55
20181103-154419	 11	  0	         0	17.97
20181103-154424	  9	  0	         3	17.97
20181103-154429	  3	  0	         0	17.97
20181103-154434	  3	  0	         2	17.96
20181103-154439	  3	  0	         5	17.97
20181103-154444	  3	  0	         2	17.97
20181103-154449	  3	  0	         0	17.97
20181103-154454	  3	  0	         3	17.96
20181103-154459	  3	  0	         0	17.96
20181103-154504	  3	  0	         0	17.97
20181103-154509	100	  0	      5614	17.97
20181103-154514	  3	  0	         5	17.97
20181103-154519	  3	  0	         0	17.97
20181103-154524	  3	  0	         0	17.96
20181103-154529	  3	  0	         2	17.97
20181103-154534	  3	  0	         0	17.96
20181103-154539	  3	  0	         6	17.97
20181103-154544	  3	  0	         2	17.98
20181103-154549	100	  0	      3057	17.98
20181103-154554	  3	  0	         0	17.97
20181103-154559	100	  0	      3878	17.97
20181103-154604	  3	  0	         0	17.97
20181103-154609	  3	  0	         0	17.97
20181103-154614	  3	  0	         2	17.97
20181103-154619	  3	  0	         0	17.97
20181103-154624	  3	  0	         0	17.97
20181103-154629	  3	  0	         3	17.97
20181103-154634	  3	  0	         0	17.97
20181103-154639	  3	  0	         5	17.98
20181103-154644	  3	  0	         1	17.98
20181103-154649	  3	  0	         0	17.98
20181103-154654	  3	  0	         0	17.98
20181103-154659	  3	  0	         2	17.98
20181103-154704	  3	  0	         0	17.97
20181103-154709	  3	  0	         0	17.98
20181103-154714	  3	  0	         1	17.98
20181103-154719	  3	  0	         0	17.98
20181103-154724	100	  0	      4884	17.97
20181103-154729	  3	  0	         2	17.97
20181103-154734	  3	  0	         0	17.97
20181103-154739	  3	  0	         4	17.98
20181103-154744	  3	  0	         2	17.98
20181103-154749	  3	  0	         0	17.98
20181103-154754	  3	  0	         0	17.99
20181103-154759	  3	  0	         2	17.97
20181103-154804	  3	  0	         0	17.97
20181103-154809	  3	  0	         0	17.97
20181103-154814	  3	  0	         1	17.97
20181103-154819	  3	  0	         0	17.98
20181103-154824	  3	  0	         0	17.98
20181103-154829	  3	  0	         2	9.16
20181103-154834	  1	  0	         0	9.16
20181103-154839	  0	  0	         5	9.17
20181103-154844	  0	  0	         5	9.16
20181103-154849	  0	  0	         0	10.33
20181103-154854	  8	  0	         2	14.41
20181103-154859	 27	  0	         0	16.40
20181103-154904	100	  0	     13999	16.42
20181103-154909	 17	  0	         2	18.75
20181103-154914	 20	  0	         7	26.11
20181103-154919	 26	  0	         0	26.11
20181103-154924	100	  0	     13020	32.33
20181103-154929	100	  0	     12591	32.34
20181103-154934	 16	  0	         1	35.08
20181103-154939	 15	  0	         5	40.16
20181103-154944	 15	  0	        24	40.16
20181103-154949	 14	  0	         2	40.23
20181103-154954	 17	  0	         3	45.19
20181103-154959	 15	  0	         0	45.17
20181103-155004	 14	  0	         1	45.16
20181103-155009	 14	  0	         0	45.16
20181103-155014	 14	  0	         4	45.16
20181103-155019	 14	  0	         0	45.17
20181103-155024	 16	  0	         4	45.17
20181103-155029	 14	  0	         0	45.17
20181103-155034	 14	  0	         0	45.17
20181103-155039	 14	  0	         6	45.17
20181103-155044	100	  0	     11322	45.17
20181103-155049	 14	  0	         0	45.17
20181103-155054	 13	  0	         4	45.17
20181103-155059	100	  0	     12000	45.17
20181103-155104	 14	  0	         0	45.20
20181103-155109	 14	  0	         0	45.20
20181103-155114	 14	  0	         3	45.20
20181103-155119	 14	  0	         0	45.19
20181103-155124	100	  0	     11182	45.19
20181103-155129	 14	  0	         1	45.20
20181103-155134	 14	  0	         0	45.19
20181103-155139	 14	  0	         5	45.19
20181103-155144	 14	  0	         5	45.19
20181103-155149	100	  0	     12871	45.19
20181103-155154	 13	  0	         3	45.19
20181103-155159	 13	  0	         0	45.20
20181103-155204	 13	  0	         2	45.21
20181103-155209	 14	  0	         0	45.20
20181103-155214	 13	  0	         1	45.20
20181103-155219	 13	  0	         2	45.19
20181103-155224	 13	  0	         3	45.20
20181103-155229	 13	  0	         0	45.21
20181103-155234	 13	  0	         1	45.20
20181103-155239	100	  0	     10581	45.20
20181103-155244	 14	  0	         3	45.21
20181103-155249	100	  0	     11139	45.21
20181103-155254	100	  0	     11668	45.20
20181103-155259	 14	  0	         0	45.20
20181103-155304	 13	  0	         0	45.20
20181103-155309	 14	  0	         1	45.21
20181103-155314	 13	  0	         1	45.21
20181103-155319	 13	  0	         1	45.21
20181103-155324	 13	  0	         5	45.20
20181103-155329	100	  0	     11884	45.21
20181103-155334	 13	  0	         0	45.21
20181103-155339	 14	  0	         6	45.21
20181103-155344	 14	  0	         1	45.21
20181103-155349	 14	  0	         1	45.21
20181103-155354	 14	  0	         3	45.20
20181103-155359	 14	  0	         1	45.21
20181103-155404	 15	  0	         0	45.21
20181103-155409	 14	  0	         0	45.21
20181103-155414	100	  0	     10954	45.20
20181103-155419	 14	  0	         1	45.20
20181103-155424	100	  0	     13114	45.21
20181103-155429	 13	  0	         1	45.20
20181103-155434	 14	  0	         0	45.21
20181103-155439	100	  0	     12098	45.21
20181103-155444	 13	  0	         1	45.20
20181103-155449	 14	  0	         3	45.20
20181103-155454	 14	  0	         3	45.21
20181103-155459	 15	  0	         0	45.21
20181103-155504	 14	  0	         2	45.20
20181103-155509	 14	  0	         0	45.21
20181103-155514	100	  0	     12356	45.20
20181103-155519	 14	  0	         2	45.21
20181103-155524	 13	  0	         3	45.20
20181103-155529	 14	  0	         0	45.20
20181103-155534	 14	  0	         0	45.20
20181103-155539	 13	  0	         6	45.20
20181103-155544	 13	  0	         1	45.20
20181103-155549	100	  0	     10366	45.21
20181103-155554	 14	  0	         4	45.20
20181103-155559	 14	  0	         0	45.21
20181103-155604	 13	  0	         0	45.21
20181103-155609	 14	  0	         1	45.20
20181103-155614	 13	  0	         3	45.20
20181103-155619	 13	  0	         1	45.20
20181103-155624	100	  0	     10770	45.20
20181103-155629	 13	  0	         5	45.20
20181103-155634	 13	  0	         0	45.21
20181103-155639	 14	  0	         5	45.20
20181103-155644	 13	  0	         2	45.21
20181103-155649	 13	  0	         0	45.20
20181103-155654	 13	  0	         2	45.21
20181103-155659	 14	  0	         4	45.21
20181103-155704	 14	  0	         0	45.20
20181103-155709	100	  0	     13105	45.21
20181103-155714	 13	  0	         4	45.21
20181103-155719	 13	  0	         1	45.21
20181103-155724	100	  0	     13280	45.20
20181103-155729	 14	  0	         3	45.20
20181103-155734	 13	  0	         1	45.21
20181103-155739	 14	  0	         5	45.21
20181103-155744	 14	  0	         1	45.20
20181103-155749	100	  0	      9943	45.21
20181103-155754	 14	  0	         0	45.21
20181103-155759	 14	  0	         3	45.21
20181103-155804	 14	  0	         1	45.21
20181103-155809	 16	  0	         0	45.20
20181103-155814	 14	  0	         2	45.21
20181103-155819	 13	  0	         1	45.20
20181103-155824	 13	  0	         1	45.21
20181103-155829	100	  0	     11953	45.21
20181103-155834	100	  0	     11833	45.21
20181103-155839	 14	  0	         6	45.21
20181103-155844	100	  0	     10188	45.21
20181103-155849	 14	  0	         1	45.20
20181103-155854	100	  0	     11464	45.21
20181103-155859	 13	  0	         3	45.20
20181103-155904	 14	  0	         0	45.20
20181103-155909	 14	  0	         0	45.21
20181103-155914	 13	  0	         2	45.21
20181103-155919	 13	  0	         0	45.22
20181103-155924	 13	  0	         0	45.21
20181103-155929	 14	  0	         5	45.21
20181103-155934	 13	  0	         0	45.21
20181103-155939	 14	  0	         6	45.21
20181103-155944	100	  0	     10857	45.21
20181103-155949	 14	  0	         1	45.21
20181103-155954	100	  0	     11935	45.21
20181103-155959	 13	  0	         3	45.21
20181103-160004	 13	  0	         2	45.20
20181103-160009	 15	  0	         1	45.20
20181103-160014	 14	  0	         7	45.20
20181103-160019	 14	  0	         1	45.20
20181103-160024	 14	  0	         1	45.21
20181103-160029	100	  0	     10314	45.21
20181103-160034	 14	  0	         1	45.21
20181103-160039	 14	  0	         5	45.21
20181103-160044	100	  0	     11879	45.21
20181103-160049	 13	  0	         2	45.20
20181103-160054	 14	  0	         8	45.20
20181103-160059	 13	  0	         3	45.21
20181103-160104	 13	  0	         0	45.20
20181103-160109	 14	  0	         1	45.21
20181103-160114	 14	  0	         2	45.20
20181103-160119	 14	  0	         1	45.21
20181103-160124	 13	  0	         1	45.21
20181103-160129	 14	  0	         3	45.21
20181103-160134	100	  0	     13303	45.21
20181103-160139	 13	  0	         6	45.21
20181103-160144	 14	  0	         1	45.20
20181103-160149	 14	  0	         1	45.20
20181103-160154	 13	  0	         2	45.21
20181103-160159	 14	  0	         4	45.21
20181103-160204	 13	  0	         0	45.21
20181103-160209	 14	  0	         0	45.20
20181103-160214	 13	  0	         3	45.21
20181103-160219	 14	  0	         1	45.21
20181103-160224	 14	  0	         0	45.21
20181103-160229	 15	  0	         4	45.20
20181103-160234	 13	  0	         0	45.20
20181103-160239	100	  0	     12826	45.21
20181103-160244	 13	  0	         1	45.21
20181103-160249	 13	  0	         1	45.21
20181103-160254	 15	  0	         0	45.22
20181103-160259	 15	  0	         3	45.21
20181103-160304	 14	  0	         2	45.21
20181103-160309	100	  0	     10319	45.21
20181103-160314	100	  0	     10981	45.21
20181103-160319	 13	  0	         1	45.26
20181103-160324	 16	  0	         0	45.21
20181103-160329	100	  0	     13115	45.22
20181103-160334	 14	  0	         0	45.22
20181103-160339	 17	  0	         5	45.22
20181103-160344	 13	  0	         1	45.22
20181103-160349	100	  0	     11724	45.21
20181103-160354	 13	  0	         3	45.21
20181103-160359	100	  0	     12972	45.21
20181103-160404	 14	  0	         0	45.21
20181103-160409	 14	  0	         1	45.21
20181103-160414	 13	  0	         1	45.21
20181103-160419	 13	  0	         1	45.21
20181103-160424	 13	  0	         2	45.21
20181103-160429	 14	  0	         3	45.21
20181103-160434	 14	  0	         0	45.22
20181103-160439	 14	  0	         5	45.21
20181103-160444	 13	  0	         2	45.22
20181103-160449	 13	  0	         0	45.21
20181103-160454	 14	  0	         0	45.21
20181103-160459	 13	  0	         4	45.21
20181103-160504	 13	  0	         0	45.21
20181103-160509	100	  0	     12727	45.21
20181103-160514	 13	  0	         3	45.21
20181103-160519	 13	  0	         1	45.21
20181103-160524	 13	  0	         0	45.21
20181103-160529	 14	  0	         3	45.21
20181103-160534	 13	  0	         1	45.21
20181103-160539	100	  0	     11135	45.21
20181103-160544	 13	  0	         1	45.22
20181103-160549	 14	  0	         1	45.22
20181103-160554	100	  0	     11448	45.22
20181103-160559	 13	  0	         3	45.22
20181103-160604	 14	  0	         2	45.21
20181103-160609	 14	  0	         0	45.21
20181103-160614	100	  0	     10394	45.22
20181103-160619	100	  0	     11140	45.22
20181103-160624	 14	  0	         1	45.21
20181103-160629	 14	  0	         3	45.21
20181103-160634	 13	  0	         0	45.21
20181103-160639	 14	  0	         6	45.20
20181103-160644	100	  0	     12834	45.24
20181103-160649	 13	  0	         0	45.24
20181103-160654	 14	  0	         1	45.24
20181103-160659	 13	  0	         3	45.24
20181103-160704	 14	  0	         0	45.24
20181103-160709	100	  0	     11009	45.24
20181103-160714	 14	  0	         2	45.23
20181103-160719	100	  0	     12984	45.24
20181103-160724	 14	  0	         0	45.24
20181103-160729	 14	  0	         5	45.24
20181103-160734	100	  0	     11899	45.24
20181103-160739	 14	  0	         6	45.24
20181103-160744	 14	  0	         2	45.24
20181103-160749	 14	  0	         0	45.24
20181103-160754	 14	  0	         2	45.24
20181103-160759	 14	  0	         4	45.24
20181103-160804	 14	  0	         0	45.24
20181103-160809	100	  0	     11506	45.24
20181103-160814	 13	  0	         3	45.24
20181103-160819	100	  0	     11675	45.24
20181103-160824	100	  0	     11546	45.24
20181103-160829	 13	  0	         3	45.24
20181103-160834	 14	  0	         1	45.24
20181103-160839	 14	  0	         6	45.24
20181103-160844	 13	  0	         1	45.24
20181103-160849	 14	  0	         2	45.25
20181103-160854	100	  0	     10452	45.24
20181103-160859	 13	  0	         3	45.24
20181103-160904	 14	  0	         0	45.24
20181103-160909	 13	  0	         1	45.23
20181103-160914	 13	  0	         3	45.24
20181103-160919	 13	  0	         1	45.24
20181103-160924	 13	  0	         1	45.24
20181103-160929	 14	  0	         3	45.24
20181103-160934	 14	  0	         0	45.24
20181103-160939	 14	  0	         6	45.24
20181103-160944	 13	  0	         1	45.24
20181103-160949	 14	  0	         1	45.23
20181103-160954	 13	  0	         3	45.24
20181103-160959	 13	  0	         3	45.24
20181103-161004	100	  0	     13271	45.25
20181103-161009	100	  0	     10992	45.24
20181103-161014	 13	  0	         2	45.24
20181103-161019	 14	  0	         1	45.24
20181103-161024	 13	  0	         0	45.24
20181103-161029	 14	  0	         5	9.16
20181103-161034	 11	  0	         0	9.17
20181103-161039	  0	  0	         7	9.17
20181103-161044	  0	  0	         3	9.98
20181103-161049	  5	  0	         2	13.48
20181103-161054	 23	  0	         0	15.36
20181103-161059	100	  0	      9385	15.37
20181103-161104	  8	  0	         1	15.42
20181103-161109	100	  0	      8788	15.42
20181103-161114	 14	  0	         3	15.41
20181103-161119	  7	  0	        10	16.13
20181103-161124	 58	  0	         3	18.25
20181103-161129	 34	  0	         0	30.29
20181103-161134	 23	  0	         2	30.29
20181103-161139	 29	  0	         6	43.43
20181103-161144	 31	  0	         6	44.57
20181103-161149	 31	  0	         8	44.58
20181103-161154	 28	  0	         2	44.59
20181103-161159	100	  0	     20331	44.60
20181103-161204	 29	  0	         2	44.65
20181103-161209	 32	  0	         0	44.65
20181103-161214	100	  0	     20701	44.65
20181103-161219	 31	  0	         6	44.65
20181103-161224	 32	  0	         4	44.73
20181103-161229	 30	  0	         2	44.73
20181103-161234	 30	  0	         0	44.79
20181103-161239	 30	  0	         5	44.87
20181103-161244	 29	  0	         1	44.90
20181103-161249	 28	  0	         4	44.92
20181103-161254	 29	  0	         0	44.92
20181103-161259	 28	  0	         3	44.93
20181103-161304	 26	  0	         0	44.93
20181103-161309	 12	  0	         0	45.01
20181103-161314	100	  0	      6465	44.93
20181103-161319	  6	  0	         4	44.93
20181103-161324	  6	  0	         0	9.17
20181103-161329	  4	  0	         0	9.17
20181103-161334	  0	  0	         1	9.16
20181103-161339	  0	  0	         7	10.69
20181103-161344	  9	  0	         2	14.98
20181103-161349	 27	  0	         1	16.47
20181103-161354	 28	  0	         0	16.47
20181103-161359	 15	  0	         0	21.02
20181103-161404	 20	  0	         0	24.20
20181103-161409	 22	  0	         0	29.31
20181103-161414	100	  0	     11313	31.36
20181103-161419	 15	  0	         9	31.35
20181103-161424	 14	  0	         6	39.36
20181103-161429	 22	  0	         0	39.47
20181103-161434	 75	  0	         0	39.57
20181103-161439	100	  0	     33371	39.67
20181103-161444	 60	  0	         4	39.71
20181103-161449	 48	  0	        11	39.76
20181103-161454	100	  0	     32420	39.95
20181103-161459	100	  0	     32571	39.95
20181103-161504	 47	  0	         3	40.07
20181103-161509	100	  0	     31252	40.22
20181103-161514	 45	  0	         7	40.25
20181103-161519	 46	  0	         3	40.43
20181103-161524	 45	  0	         3	40.48
20181103-161529	 45	  0	         0	40.59
20181103-161534	100	  0	     32653	40.90
20181103-161539	 45	  0	         6	41.04
20181103-161544	 45	  0	         7	41.11
20181103-161549	100	  0	     32375	41.16
20181103-161554	100	  0	     32908	41.19
20181103-161559	 45	  0	         2	41.40
20181103-161604	100	  0	     31558	41.45
20181103-161609	 46	  0	         2	41.50
20181103-161614	 44	  0	         6	41.61
20181103-161619	 36	  0	         2	41.62
20181103-161624	 15	  0	         4	41.62
20181103-161629	 15	  0	         1	41.62
20181103-161634	 14	  0	         0	41.63
20181103-161639	 14	  0	         5	41.62
20181103-161644	 14	  0	         6	41.63
20181103-161649	 14	  0	         1	47.55
20181103-161654	 15	  0	         0	47.54
20181103-161659	100	  0	     13501	47.54
20181103-161704	 14	  0	         0	47.54
20181103-161709	100	  0	     13532	47.54
20181103-161714	100	  0	     13081	47.54
20181103-161719	 14	  0	         3	47.54
20181103-161724	100	  0	     12801	47.56
20181103-161729	 14	  0	         0	47.57
20181103-161734	 14	  0	         2	47.57
20181103-161739	 14	  0	         5	47.57
20181103-161744	 14	  0	         5	9.17
20181103-161749	 10	  0	         2	13.17
20181103-161754	100	  0	      5809	16.11
20181103-161759	 30	  0	         1	16.38
20181103-161804	100	  0	     12042	17.92
20181103-161809	 18	  0	         2	26.14
20181103-161814	 57	  0	         1	28.59
20181103-161819	 80	  0	        11	28.53
20181103-161824	 70	  0	         3	28.51
20181103-161829	 47	  0	         2	28.61
20181103-161834	100	  0	     32228	28.68
20181103-161839	 48	  0	         7	28.77
20181103-161844	 49	  0	         4	28.96
20181103-161849	 48	  0	         7	29.11
20181103-161854	 48	  0	         0	29.12
20181103-161859	100	  0	     31931	29.23
20181103-161904	100	  0	     32187	29.43
20181103-161909	 48	  0	         0	29.57
20181103-161914	 49	  0	        12	29.59
20181103-161919	 52	  0	         6	29.73
20181103-161924	 47	  0	         0	29.90
20181103-161929	100	  0	     31943	30.02
20181103-161934	 46	  0	         0	30.02
20181103-161939	 56	  0	         5	30.24
20181103-161944	100	  0	     31911	30.33
20181103-161949	 46	  0	        10	30.38
20181103-161954	 46	  0	         3	30.37
20181103-161959	100	  0	     30226	30.39
20181103-162004	 36	  0	         0	31.81
20181103-162009	 24	  0	         0	33.82
20181103-162014	 15	  0	         1	33.84
20181103-162019	 15	  0	         8	37.38
20181103-162024	 15	  0	         3	37.37
20181103-162029	 14	  0	         0	41.47
20181103-162034	 14	  0	         0	47.42
20181103-162039	 15	  0	         4	47.41
20181103-162044	100	  0	     13399	47.41
20181103-162049	 14	  0	         1	47.41
20181103-162054	 14	  0	         5	47.41
20181103-162059	 14	  0	         0	47.42
20181103-162104	100	  0	     12336	47.42
20181103-162109	100	  0	     13245	47.45
20181103-162114	 14	  0	         1	47.44
20181103-162119	100	  0	     12038	47.44
20181103-162124	 24	  0	         5	47.48
20181103-162129	 37	  0	         0	47.49
20181103-162134	100	  0	     29417	47.49
20181103-162139	 44	  0	         6	47.82
20181103-162144	100	  0	     31030	48.00
20181103-162149	 45	  0	         1	48.00
20181103-162154	100	  0	     32779	48.18
20181103-162159	 48	  0	         0	48.18
20181103-162204	100	  0	     32445	48.31
20181103-162209	 47	  0	         0	48.33
20181103-162214	 45	  0	         1	48.49
20181103-162219	 47	  0	         1	48.57
20181103-162224	100	  0	     31927	48.57
20181103-162229	100	  0	     32650	48.77
20181103-162234	100	  0	     31223	48.84
20181103-162239	100	  0	     32721	48.94
20181103-162244	 45	  0	         1	49.03
20181103-162249	 45	  0	         1	49.11
20181103-162254	100	  0	     31801	49.27
20181103-162259	100	  0	     31453	49.26
20181103-162304	 45	  0	         0	49.46
20181103-162309	 42	  0	         0	49.46
20181103-162314	 35	  0	         1	49.46
20181103-162319	 22	  0	         1	49.46
20181103-162324	 14	  0	         3	49.46
20181103-162329	 14	  0	         4	49.46
20181103-162334	 14	  0	         0	49.46
20181103-162339	 14	  0	         5	49.48
20181103-162344	100	  0	     15125	49.49
20181103-162349	 14	  0	         2	49.48
20181103-162354	 14	  0	         4	49.49
20181103-162359	 14	  0	         0	49.49
20181103-162404	 14	  0	         0	49.48
20181103-162409	 15	  0	         0	49.51
20181103-162414	 15	  0	         2	49.51
20181103-162419	 14	  0	         0	49.52
20181103-162424	 14	  0	         4	49.53
20181103-162429	 15	  0	         0	49.54
20181103-162434	100	  0	     14830	49.54
20181103-162439	 23	  0	         6	49.59
20181103-162444	 37	  0	         2	49.58
20181103-162449	100	  0	     28756	49.60
20181103-162454	100	  0	     30750	49.61
20181103-162459	 45	  0	         0	49.82
20181103-162504	100	  0	     32114	49.94
20181103-162509	100	  0	     31200	50.02
20181103-162514	 47	  0	         1	50.10
20181103-162519	 47	  0	         0	50.22
20181103-162524	 47	  0	        12	50.25
20181103-162529	100	  0	     32311	50.42
20181103-162534	 46	  0	         0	50.53
20181103-162539	 46	  0	         5	50.52
20181103-162544	 45	  0	         2	50.71
20181103-162549	 46	  0	         0	50.84
20181103-162554	 46	  0	        13	50.85
20181103-162559	 45	  0	         0	51.02
20181103-162604	100	  0	     31772	51.18
20181103-162609	 46	  0	         0	51.26
20181103-162614	100	  0	     31352	51.30
20181103-162619	 45	  0	         0	51.40
20181103-162624	 42	  0	        13	51.41
20181103-162629	100	  0	     25781	51.42
20181103-162634	 22	  0	         0	51.42
20181103-162639	 15	  0	         4	51.41
20181103-162644	 14	  0	         1	51.41
20181103-162649	 14	  0	         0	51.42
20181103-162654	100	  0	     13778	51.42
20181103-162659	 15	  0	         0	9.17
20181103-162704	 12	  0	         0	11.56
20181103-162709	 14	  0	         0	14.94
20181103-162714	 27	  0	         1	16.46
20181103-162719	 29	  0	         0	16.40
20181103-162724	 15	  0	         4	20.26
20181103-162729	 26	  0	         0	25.67
20181103-162734	 16	  0	         1	27.54
20181103-162739	 16	  0	        13	32.36
20181103-162744	 14	  0	         2	32.37
20181103-162749	 14	  0	         1	37.95
20181103-162754	 14	  0	         3	39.62
20181103-162759	100	  0	     16460	39.65
20181103-162804	 19	  0	         1	39.75
20181103-162809	 76	  0	         3	39.84
20181103-162814	 59	  0	         4	39.91
20181103-162819	 40	  0	         4	39.93
20181103-162824	 38	  0	         5	39.93
20181103-162829	 36	  0	         2	39.94
20181103-162834	 36	  0	         0	39.93
20181103-162839	100	  0	     27003	39.94
20181103-162844	100	  0	     26661	39.94
20181103-162849	100	  0	     26710	39.94
20181103-162854	 37	  0	         1	39.94
20181103-162859	100	  0	     28144	39.95
20181103-162904	 36	  0	         2	39.97
20181103-162909	 37	  0	         3	40.10
20181103-162914	100	  0	     27191	40.18
20181103-162919	 37	  0	         3	45.88
20181103-162924	 38	  0	         1	45.90
20181103-162929	 37	  0	         2	45.89
20181103-162934	100	  0	     27281	46.02
20181103-162939	100	  0	     27700	46.16
20181103-162944	 36	  0	         4	46.17
20181103-162949	 34	  0	         0	46.17
20181103-162954	100	  0	     15438	46.18
20181103-162959	100	  0	     12827	46.17
20181103-163004	 13	  0	         1	46.17
20181103-163009	 14	  0	         3	46.17
20181103-163014	 14	  0	         1	46.17
20181103-163019	 14	  0	         1	46.17
20181103-163024	 13	  0	         1	46.17
20181103-163029	 13	  0	         0	46.17
20181103-163034	 14	  0	         0	46.17
20181103-163039	 13	  0	        10	46.17
20181103-163044	100	  0	     13082	46.17
20181103-163049	 14	  0	         0	46.17
20181103-163054	 14	  0	         1	46.17
20181103-163059	 13	  0	         0	46.17
20181103-163104	 14	  0	         0	46.18
20181103-163109	 13	  0	         4	46.17
20181103-163114	 13	  0	         1	46.17
20181103-163119	100	  0	     17565	46.17
20181103-163124	 37	  0	         2	46.17
20181103-163129	100	  0	     31182	46.39
20181103-163134	 51	  0	         1	46.75
20181103-163139	 42	  0	        10	47.04
20181103-163144	100	  0	     31609	47.17
20181103-163149	100	  0	     31474	47.33
20181103-163154	 45	  0	         0	48.78
20181103-163159	 44	  0	         0	50.48
20181103-163204	100	  0	     30974	52.11
20181103-163209	100	  0	     30443	53.29
20181103-163214	 48	  0	         1	54.40
20181103-163219	 45	  0	        16	54.56
20181103-163224	 42	  0	         0	54.72
20181103-163229	 43	  0	         0	55.22
20181103-163234	 44	  0	         0	55.97
20181103-163239	 44	  0	         8	56.69
20181103-163244	100	  0	     30931	58.07
20181103-163249	 44	  0	        17	59.82
20181103-163254	 46	  0	         0	61.54
20181103-163259	100	  0	     29911	63.25
20181103-163304	 40	  0	         0	63.48
20181103-163309	 23	  0	         3	63.48
20181103-163314	 14	  0	         1	63.48
20181103-163319	 15	  0	        12	63.48
20181103-163324	 14	  0	         0	63.48
20181103-163329	 14	  0	         0	63.48
20181103-163334	 14	  0	         0	63.49
20181103-163339	 14	  0	         8	63.48
20181103-163344	 14	  0	         2	63.49
20181103-163349	100	  0	     11708	63.49
20181103-163354	 14	  0	         2	63.48
20181103-163359	 14	  0	         0	63.48
20181103-163404	 15	  0	         0	63.48
20181103-163409	 15	  0	         3	63.48
20181103-163414	 14	  0	         1	63.48
20181103-163419	 14	  0	         3	63.48
20181103-163424	100	  0	     13348	63.48
20181103-163429	 14	  0	         3	10.87
20181103-163434	 12	  0	         5	13.79
20181103-163439	 14	  0	        11	16.36
20181103-163444	 34	  0	         4	16.26
20181103-163449	 15	  0	         3	19.74
20181103-163454	 26	  0	         4	25.60
20181103-163459	100	  0	     23100	32.11
20181103-163504	 64	  0	         3	32.13
20181103-163509	 34	  0	         8	32.21
20181103-163514	100	  0	     25112	32.26
20181103-163519	100	  0	     26946	32.37
20181103-163524	 33	  0	         5	32.37
20181103-163529	 34	  0	         0	32.39
20181103-163534	 33	  0	         0	32.61
20181103-163539	 35	  0	        13	32.62
20181103-163544	 34	  0	         2	32.77
20181103-163549	 33	  0	         3	32.91
20181103-163554	 33	  0	         1	32.96
20181103-163559	100	  0	     26498	33.13
20181103-163604	100	  0	     26871	33.13
20181103-163609	100	  0	     25761	33.20
20181103-163614	 33	  0	         1	33.39
20181103-163619	 34	  0	         3	33.47
20181103-163624	 34	  0	         1	33.62
20181103-163629	 33	  0	         0	33.62
20181103-163634	 32	  0	         0	33.63
20181103-163639	100	  0	     25987	33.78
20181103-163644	100	  0	     21571	33.78
20181103-163649	100	  0	     12082	42.50
20181103-163654	 16	  0	         1	47.11
20181103-163659	 14	  0	         0	47.11
20181103-163704	100	  0	     11911	47.11
20181103-163709	 14	  0	         0	47.12
20181103-163714	 14	  0	         3	47.12
20181103-163719	 13	  0	         3	47.11
20181103-163724	 13	  0	         1	47.12
20181103-163729	 14	  0	         0	47.11
20181103-163734	 13	  0	         0	47.11
20181103-163739	 14	  0	         4	9.17
20181103-163744	 10	  0	         2	10.90
20181103-163749	  9	  0	         0	15.62
20181103-163754	100	  0	     11031	16.41
20181103-163759	100	  0	     12449	17.25
20181103-163804	 15	  0	         0	21.26
20181103-163809	 23	  0	         0	25.51
20181103-163814	 16	  0	         5	28.44
20181103-163819	100	  0	     11987	31.66
20181103-163824	 15	  0	         3	31.66
20181103-163829	100	  0	     11020	39.53
20181103-163834	 14	  0	         0	39.56
20181103-163839	100	  0	     10425	39.56
20181103-163844	100	  0	     11737	42.72
20181103-163849	 14	  0	         5	45.17
20181103-163854	 25	  0	         4	45.42
20181103-163859	 68	  0	         0	45.34
20181103-163904	100	  0	     25626	46.47
20181103-163909	 36	  0	         0	47.92
20181103-163914	 35	  0	         1	50.07
20181103-163919	 39	  0	         4	52.05
20181103-163924	 38	  0	         0	52.45
20181103-163929	 34	  0	        15	52.45
20181103-163934	 33	  0	         0	52.46
20181103-163939	 32	  0	         6	52.55
20181103-163944	 32	  0	         2	52.72
20181103-163949	 32	  0	         4	52.89
20181103-163954	 32	  0	         0	52.88
20181103-163959	100	  0	     26835	52.89
20181103-164004	 32	  0	         0	53.11
20181103-164009	 33	  0	         0	53.12
20181103-164014	 33	  0	         1	53.18
20181103-164019	 33	  0	         4	53.33
20181103-164024	 33	  0	         0	53.45
20181103-164029	100	  0	     27477	53.46
20181103-164034	100	  0	     27968	53.59
20181103-164039	 32	  0	         5	53.59
20181103-164044	 28	  0	         1	53.60
20181103-164049	 18	  0	         5	53.61
20181103-164054	 15	  0	         0	53.60
20181103-164059	 14	  0	         4	53.60
20181103-164104	 14	  0	         0	53.61
20181103-164109	100	  0	     12996	53.61
20181103-164114	100	  0	     12928	53.60
20181103-164119	 13	  0	         3	53.79
20181103-164124	 14	  0	         1	53.79
20181103-164129	 14	  0	         0	53.78
20181103-164134	 13	  0	         2	53.78
20181103-164139	 14	  0	         5	53.79
20181103-164144	 14	  0	         2	53.78
20181103-164149	100	  0	     13418	53.78
20181103-164154	100	  0	     13109	53.79
20181103-164159	 13	  0	         3	53.79
20181103-164204	 13	  0	         3	53.79
20181103-164209	 14	  0	         5	53.79
20181103-164214	 14	  0	         4	53.78
20181103-164219	 14	  0	         3	9.13
20181103-164224	 12	  0	         4	12.31
20181103-164229	 19	  0	         7	14.40
20181103-164234	 18	  0	         3	16.36
20181103-164239	100	  0	     13025	16.62
20181103-164244	100	  0	     17703	23.72
20181103-164249	 72	  0	         3	27.03
20181103-164254	100	  0	     25878	27.30
20181103-164259	 35	  0	         3	28.02
20181103-164304	 36	  0	         3	29.30
20181103-164309	 37	  0	        16	31.09
20181103-164314	 37	  0	         4	32.67
20181103-164319	 40	  0	         3	33.95
20181103-164324	 29	  0	         8	35.16
20181103-164329	 25	  0	         0	36.94
20181103-164334	 32	  0	         0	37.55
20181103-164339	100	  0	     21127	37.56
20181103-164344	100	  0	     21695	37.56
20181103-164349	100	  0	     22376	37.55
20181103-164354	 32	  0	         4	39.67
20181103-164359	 33	  0	         0	43.57
20181103-164404	 31	  0	         0	43.59
20181103-164409	 32	  0	         0	45.89
20181103-164414	100	  0	     21765	45.94
20181103-164419	 32	  0	         2	46.24
20181103-164424	 31	  0	         4	46.24
20181103-164429	 31	  0	         0	49.67
20181103-164434	 30	  0	         0	52.78
20181103-164439	 22	  0	         6	56.16
20181103-164444	 15	  0	         3	56.16
20181103-164449	 14	  0	         0	56.17
20181103-164454	 14	  0	         4	56.16
20181103-164459	 14	  0	         0	56.17
20181103-164504	 14	  0	         0	56.16
20181103-164509	 14	  0	         0	56.16
20181103-164514	100	  0	     13449	56.16
20181103-164519	 14	  0	         0	56.16
20181103-164524	100	  0	     12784	56.16
20181103-164529	100	  0	     12863	56.17
20181103-164534	 14	  0	         0	56.17
20181103-164539	 14	  0	         5	56.16
20181103-164544	 14	  0	         1	56.19
20181103-164549	 14	  0	         0	56.19
20181103-164554	 14	  0	         4	56.19
20181103-164559	 14	  0	         0	56.18
20181103-164604	100	  0	     12938	56.18
20181103-164609	 14	  0	         0	56.19
20181103-164614	 14	  0	         2	56.22
20181103-164619	 14	  0	         0	56.22
20181103-164624	100	  0	     11638	56.22
20181103-164629	100	  0	     12670	56.22
20181103-164634	100	  0	     12624	56.22
20181103-164639	 14	  0	         5	56.23
20181103-164644	 14	  0	         1	56.23
20181103-164649	 14	  0	         0	56.26
20181103-164654	100	  0	     14215	56.25
20181103-164659	 14	  0	         0	56.25
20181103-164704	 14	  0	         0	56.28
20181103-164709	100	  0	     13519	56.28
20181103-164714	 14	  0	         1	56.27
20181103-164719	 14	  0	         0	56.28
20181103-164724	 14	  0	         4	56.31
20181103-164729	100	  0	     12179	56.31
20181103-164734	 14	  0	         0	56.31
20181103-164739	 14	  0	         6	56.33
20181103-164744	 14	  0	         1	56.33
20181103-164749	 14	  0	         0	56.33
20181103-164754	100	  0	     13111	56.36
20181103-164759	 14	  0	         0	56.36
20181103-164804	100	  0	     12396	56.36
20181103-164809	 14	  0	         0	56.38
20181103-164814	100	  0	     13179	56.38
20181103-164819	 14	  0	         0	56.38
20181103-164824	 14	  0	         4	56.38
20181103-164829	100	  0	     13246	56.41
20181103-164834	 14	  0	         0	56.41
20181103-164839	 14	  0	         4	56.41
20181103-164844	 14	  0	         2	56.43
20181103-164849	 14	  0	         0	56.43
20181103-164854	 14	  0	         4	56.44
20181103-164859	 14	  0	         0	56.43
20181103-164904	 14	  0	         0	56.43
20181103-164909	 14	  0	         0	56.44
20181103-164914	 14	  0	         1	56.43
20181103-164919	 14	  0	         2	56.44
20181103-164924	 14	  0	         4	56.43
20181103-164929	 14	  0	         0	56.44
20181103-164934	100	  0	     11352	56.44
20181103-164939	 14	  0	         5	56.43
20181103-164944	 14	  0	         1	56.43
20181103-164949	 14	  0	         0	56.43
20181103-164954	 14	  0	         5	56.44
20181103-164959	 14	  0	         0	56.43
20181103-165004	 14	  0	         0	56.44
20181103-165009	 14	  0	         0	56.43
20181103-165014	 14	  0	         2	56.44
20181103-165019	 14	  0	         0	56.43
20181103-165024	 14	  0	         6	56.44
20181103-165029	 14	  0	         0	56.44
20181103-165034	 14	  0	         0	56.44
20181103-165039	 14	  0	         5	56.43
20181103-165044	 14	  0	         1	56.44
20181103-165049	 14	  0	         0	56.44
20181103-165054	 14	  0	         4	56.44
20181103-165059	 14	  0	         1	56.43
20181103-165104	 14	  0	         0	56.43
20181103-165109	 14	  0	         0	56.43
20181103-165114	 14	  0	         0	56.44
20181103-165119	 14	  0	         0	56.44
20181103-165124	 14	  0	         4	56.43
20181103-165129	 14	  0	         2	56.43
20181103-165134	100	  0	     11393	56.44
20181103-165139	 14	  0	         6	56.43
20181103-165144	 14	  0	         0	56.44
20181103-165149	 14	  0	         0	56.44
20181103-165154	 14	  0	         4	56.43
20181103-165159	 14	  0	         0	56.43
20181103-165204	 14	  0	         2	56.43
20181103-165209	 14	  0	         0	56.44
20181103-165214	 14	  0	         0	56.43
20181103-165219	100	  0	     12813	56.43
20181103-165224	 14	  0	         4	56.43
20181103-165229	 14	  0	         0	56.44
20181103-165234	 14	  0	         2	56.43
20181103-165239	100	  0	     10860	56.43
20181103-165244	 14	  0	         0	56.44
20181103-165249	 14	  0	         0	56.44
20181103-165254	 14	  0	         1	56.44
20181103-165259	 14	  0	         4	56.44
20181103-165304	 14	  0	         0	56.44
20181103-165309	 14	  0	         1	56.43
20181103-165314	 14	  0	         0	56.44
20181103-165319	 14	  0	         0	56.44
20181103-165324	100	  0	     10877	56.44
20181103-165329	100	  0	     10740	56.43
20181103-165334	 28	  0	         0	56.44
20181103-165339	 14	  0	         5	56.44
20181103-165344	100	  0	     11038	56.44
20181103-165349	 14	  0	         0	56.44
20181103-165354	 14	  0	         1	56.44
20181103-165359	 14	  0	         3	56.44
20181103-165404	100	  0	     11587	56.44
20181103-165409	100	  0	     12002	56.44
20181103-165414	 14	  0	         2	56.44
20181103-165419	 14	  0	         0	56.44
20181103-165424	 14	  0	         1	56.44
20181103-165429	 14	  0	         3	56.44
20181103-165434	 14	  0	         0	56.44
20181103-165439	 14	  0	         7	56.44
20181103-165444	 14	  0	         2	56.43
20181103-165449	 14	  0	         0	56.44
20181103-165454	 14	  0	         1	56.44
20181103-165459	 14	  0	         4	56.44
20181103-165504	 14	  0	         0	56.43
20181103-165509	 14	  0	         0	56.43
20181103-165514	 14	  0	         0	56.43
20181103-165519	 14	  0	         1	56.44
20181103-165524	100	  0	     10587	56.44
20181103-165529	 14	  0	         6	56.43
20181103-165534	 14	  0	         0	56.43
20181103-165539	 14	  0	         6	56.44
20181103-165544	 14	  0	         0	56.44
20181103-165549	 14	  0	         2	56.44
20181103-165554	 14	  0	         0	56.43
20181103-165559	 14	  0	         4	56.43
20181103-165604	 14	  0	         0	56.44
20181103-165609	 14	  0	         0	56.44
20181103-165614	 14	  0	         0	56.43
20181103-165619	 14	  0	         0	56.43
20181103-165624	 14	  0	         2	56.44
20181103-165629	 14	  0	         4	56.44
20181103-165634	 14	  0	         0	56.44
20181103-165639	100	  0	     11208	56.44
20181103-165644	100	  0	     13801	56.43
20181103-165649	100	  0	     12796	56.43
20181103-165654	 14	  0	         2	56.43
20181103-165659	100	  0	     12100	56.44
20181103-165704	 14	  0	         0	56.44
20181103-165709	 15	  0	         0	56.44
20181103-165714	100	  0	     14160	56.44
20181103-165719	 14	  0	         0	56.44
20181103-165724	 14	  0	         0	56.44
20181103-165729	 14	  0	         5	56.44
20181103-165734	100	  0	     10385	56.44
20181103-165739	 14	  0	         6	56.43
20181103-165744	 13	  0	         0	56.45
20181103-165749	 14	  0	         0	56.43
20181103-165754	 14	  0	         0	56.43
20181103-165759	 14	  0	         4	56.44
20181103-165804	 14	  0	         2	56.44
20181103-165809	 14	  0	         0	56.44
20181103-165814	 14	  0	         0	56.47
20181103-165819	 14	  0	         0	56.46
20181103-165824	100	  0	     10123	56.46
20181103-165829	 14	  0	         4	56.46
20181103-165834	100	  0	     11206	56.46
20181103-165839	 14	  0	         6	56.46
20181103-165844	100	  0	     12688	56.47
20181103-165849	 14	  0	         0	56.47
20181103-165854	 14	  0	         0	56.46
20181103-165859	 14	  0	         4	56.47
20181103-165904	 14	  0	         0	56.47
20181103-165909	100	  0	     11965	56.46
20181103-165914	 14	  0	         0	56.46
20181103-165919	 14	  0	         0	56.46
20181103-165924	100	  0	     12060	56.46
20181103-165929	 14	  0	         4	56.46
20181103-165934	 14	  0	         0	56.46
20181103-165939	 14	  0	         6	56.47
20181103-165944	 14	  0	         0	56.47
20181103-165949	 14	  0	         0	56.46
20181103-165954	 14	  0	         0	56.47
20181103-165959	 14	  0	         4	56.47
20181103-170004	 14	  0	         0	56.46
20181103-170009	 15	  0	         1	56.47
20181103-170014	100	  0	     12125	56.47
20181103-170019	100	  0	     11972	56.47
20181103-170024	 14	  0	         0	56.47
20181103-170029	 14	  0	         4	56.46
20181103-170034	 14	  0	         3	56.47
20181103-170039	 14	  0	        11	56.46
20181103-170044	 14	  0	         2	56.47
20181103-170049	 14	  0	         0	56.46
20181103-170054	 14	  0	         0	56.46
20181103-170059	 14	  0	         4	56.46
20181103-170104	 14	  0	         4	56.47
20181103-170109	 14	  0	         2	56.46
20181103-170114	 14	  0	         0	56.46
20181103-170119	100	  0	     12549	56.47
20181103-170124	 14	  0	         0	56.47
20181103-170129	 14	  0	         4	56.47
20181103-170134	 14	  0	         0	56.47
20181103-170139	100	  0	     11499	56.46
20181103-170144	 14	  0	         0	56.46
20181103-170149	 14	  0	         1	56.47
20181103-170154	 14	  0	         0	56.47
20181103-170159	 14	  0	         4	56.46
20181103-170204	 14	  0	         2	56.46
20181103-170209	 14	  0	         1	56.46
20181103-170214	100	  0	     11542	56.46
20181103-170219	 14	  0	         0	56.46
20181103-170224	 14	  0	         2	56.47
20181103-170229	 14	  0	         4	56.46
20181103-170234	100	  0	     12707	56.45
20181103-170239	 14	  0	         5	56.47
20181103-170244	100	  0	     11451	56.67
20181103-170249	 14	  0	         0	56.66
20181103-170254	100	  0	     11505	56.66
20181103-170259	 14	  0	         5	56.66
20181103-170304	 14	  0	         0	56.67
20181103-170309	100	  0	     12166	56.67
20181103-170314	100	  0	     12941	56.66
20181103-170319	 14	  0	         0	56.66
20181103-170324	 14	  0	         2	56.67
20181103-170329	 14	  0	         5	56.66
20181103-170334	 14	  0	         0	56.66
20181103-170339	 14	  0	         5	56.66
20181103-170344	 14	  0	         0	56.66
20181103-170349	 14	  0	         0	56.66
20181103-170354	 14	  0	         0	56.67
20181103-170359	 14	  0	         4	56.66
20181103-170404	 14	  0	         3	56.66
20181103-170409	 14	  0	         1	56.66
20181103-170414	 14	  0	         0	56.67
20181103-170419	 14	  0	         0	56.66
20181103-170424	 14	  0	         1	56.67
20181103-170429	100	  0	     11615	56.66
20181103-170434	 14	  0	         2	56.67
20181103-170439	 14	  0	         4	56.67
20181103-170444	 14	  0	         0	56.66
20181103-170449	 14	  0	         0	56.67
20181103-170454	100	  0	     11196	56.67
20181103-170459	 14	  0	         4	56.67
20181103-170504	 14	  0	         0	56.67
20181103-170509	 15	  0	         3	56.66
20181103-170514	 15	  0	         0	56.66
20181103-170519	 15	  0	         0	56.66
20181103-170524	 14	  0	         0	56.66
20181103-170529	 14	  0	         4	56.66
20181103-170534	100	  0	      9110	56.67
20181103-170539	 14	  0	         6	56.67
20181103-170544	 14	  0	         0	56.66
20181103-170549	 14	  0	         0	56.66
20181103-170554	 14	  0	         0	56.67
20181103-170559	 14	  0	         4	56.66
20181103-170604	 14	  0	         2	56.67
20181103-170609	 15	  0	         1	56.67
20181103-170614	 14	  0	         1	56.67
20181103-170619	 14	  0	         0	56.66
20181103-170624	 14	  0	         0	56.66
20181103-170629	 14	  0	         4	56.67
20181103-170634	 14	  0	         0	56.67
20181103-170639	 14	  0	         6	56.66
20181103-170644	 14	  0	         2	56.67
20181103-170649	 14	  0	         0	56.67
20181103-170654	 15	  0	         0	56.66
20181103-170659	100	  0	     12319	56.66
20181103-170704	100	  0	     11824	56.66
20181103-170709	 15	  0	         2	56.66
20181103-170714	 14	  0	         0	56.66
20181103-170719	 14	  0	         2	56.66
20181103-170724	 14	  0	         0	56.66
20181103-170729	 14	  0	         4	56.66
20181103-170734	 14	  0	         0	56.65
20181103-170739	100	  0	     11677	56.66
20181103-170744	 14	  0	         0	56.66
20181103-170749	 14	  0	         2	56.66
20181103-170754	 14	  0	         0	56.67
20181103-170759	 14	  0	         4	56.66
20181103-170804	100	  0	     11592	56.67
20181103-170809	100	  0	     19237	56.67
20181103-170814	 29	  0	         0	56.67
20181103-170819	 27	  0	         0	56.66
20181103-170824	 27	  0	         2	56.67
20181103-170829	 27	  0	         4	56.67
20181103-170834	 28	  0	         0	56.66
20181103-170839	100	  0	     19683	56.66
20181103-170844	 29	  0	         0	56.66
20181103-170849	 28	  0	         0	56.67
20181103-170854	100	  0	     19865	56.67
20181103-170859	 29	  0	         4	56.66
20181103-170904	 29	  0	         0	56.67
20181103-170909	 29	  0	         2	56.67
20181103-170914	 29	  0	         0	56.66
20181103-170919	 30	  0	         0	56.67
20181103-170924	100	  0	     20714	56.67
20181103-170929	 31	  0	         6	56.67
20181103-170934	 29	  0	         0	56.67
20181103-170939	 30	  0	         5	56.67
20181103-170944	 14	  0	         0	56.67
20181103-170949	 14	  0	         0	56.66
20181103-170954	 14	  0	         0	56.67
20181103-170959	 15	  0	         5	56.67
20181103-171004	 15	  0	         2	56.67
20181103-171009	100	  0	     12154	56.66
20181103-171014	 14	  0	         0	56.67
20181103-171019	100	  0	     13347	56.67
20181103-171024	 14	  0	         0	56.67
20181103-171029	 14	  0	         4	56.67
20181103-171034	100	  0	     11324	56.67
20181103-171039	 14	  0	         6	56.67
20181103-171044	100	  0	     11834	56.67
20181103-171049	100	  0	     13077	56.67
20181103-171054	 14	  0	         0	56.66
20181103-171059	100	  0	     11290	56.66
20181103-171104	 14	  0	         0	56.67
20181103-171109	 14	  0	         2	56.66
20181103-171114	 14	  0	         0	56.66
20181103-171119	100	  0	     10647	56.66
20181103-171124	 14	  0	         0	56.67
20181103-171129	 15	  0	         4	56.66
20181103-171134	100	  0	     13193	56.67
20181103-171139	100	  0	     13807	56.69
20181103-171144	 14	  0	         2	56.69
20181103-171149	 14	  0	         0	56.69
20181103-171154	100	  0	     11080	56.69
20181103-171159	 14	  0	         4	56.70
20181103-171204	 14	  0	         2	56.70
20181103-171209	 14	  0	         1	56.70
20181103-171214	 14	  0	         2	56.69
20181103-171219	100	  0	     13674	56.69
20181103-171224	 14	  0	         0	9.32
20181103-171229	  6	  0	         4	9.32
20181103-171234	  0	  0	         0	9.32
20181103-171239	  0	  0	         5	9.32
20181103-171244	  0	  0	         0	9.32
20181103-171249	  0	  0	         1	9.32
20181103-171254	  0	  0	         0	9.31
20181103-171259	  0	  0	         5	9.31
20181103-171304	  0	  0	         1	9.32
20181103-171309	  0	  0	         1	9.32
20181103-171314	  0	  0	         0	9.32
20181103-171319	  0	  0	         0	9.31
20181103-171324	  0	  0	         5	9.31
20181103-171329	  0	  0	         1	9.31
20181103-171334	  0	  0	         0	9.32
20181103-171339	  0	  0	         5	9.32
20181103-171344	  0	  0	         0	9.31
20181103-171349	  0	  0	         0	9.32
20181103-171354	  0	  0	         3	9.31
20181103-171359	  0	  0	         2	9.31
20181103-171404	  0	  0	         0	9.32
20181103-171409	  0	  0	         2	9.31
20181103-171414	  0	  0	         0	9.32
20181103-171419	  0	  0	         0	9.32
20181103-171424	  0	  0	         0	9.31
20181103-171429	  0	  0	         0	9.31
20181103-171434	  0	  0	         0	9.32
20181103-171439	  0	  0	         5	9.32
20181103-171444	  0	  0	         0	9.32
20181103-171449	  0	  0	         0	9.31
20181103-171454	  0	  0	         3	9.31
20181103-171459	  0	  0	         0	9.32
20181103-171504	  0	  0	         2	9.32
20181103-171509	  0	  0	         1	9.32
20181103-171514	  0	  0	         0	9.32
20181103-171519	  0	  0	         0	9.31
20181103-171524	  0	  0	         0	9.31
20181103-171529	  0	  0	         0	9.32
20181103-171534	  0	  0	         0	9.32
20181103-171539	  0	  0	         4	9.32
20181103-171544	  0	  0	         0	9.32
20181103-171549	  0	  0	         0	9.31
20181103-171554	  0	  0	         0	9.31
20181103-171559	  0	  0	         0	9.32
20181103-171604	  0	  0	         0	9.31
20181103-171609	  0	  0	         2	9.31
20181103-171614	  0	  0	         0	9.31
20181103-171619	  0	  0	         0	9.31
20181103-171624	  0	  0	         0	9.31
20181103-171629	  0	  0	         0	9.32
20181103-171634	  0	  0	         0	9.32
20181103-171639	  0	  0	         6	9.32
20181103-171644	  0	  0	         0	9.32
20181103-171649	  0	  0	         0	9.32
20181103-171654	  0	  0	         0	9.32
20181103-171659	  0	  0	         0	9.32
20181103-171704	  0	  0	         2	9.32
20181103-171709	  0	  0	         1	9.32
20181103-171714	  0	  0	         0	9.32
20181103-171719	  0	  0	         0	9.32
20181103-171724	  0	  0	         0	9.31
20181103-171729	  0	  0	         0	9.31
20181103-171734	  0	  0	         0	9.31
20181103-171739	  0	  0	         6	9.32
20181103-171744	  0	  0	         0	9.32
20181103-171749	  0	  0	         0	9.32
20181103-171754	  0	  0	         0	9.32
20181103-171759	  0	  0	         0	9.32
20181103-171804	  0	  0	         0	9.32
20181103-171809	  0	  0	         2	9.32
20181103-171814	  0	  0	         0	9.31
20181103-171819	  0	  0	         0	9.32
20181103-171824	  0	  0	         0	9.31
20181103-171829	  0	  0	         0	9.31
20181103-171834	  0	  0	         0	9.31
20181103-171839	  0	  0	         5	9.32
20181103-171844	  0	  0	         0	9.32
20181103-171849	  0	  0	         0	9.31
20181103-171854	  0	  0	         0	9.31
20181103-171859	  0	  0	         0	9.32
20181103-171904	  0	  0	         2	9.31
20181103-171909	  0	  0	         1	9.31
20181103-171914	  0	  0	         0	9.31
20181103-171919	  0	  0	         0	9.31
20181103-171924	  0	  0	         0	9.31
20181103-171929	  0	  0	         0	9.31
20181103-171934	  0	  0	         0	9.31
20181103-171939	  0	  0	         5	9.32
20181103-171944	  0	  0	         0	9.32
20181103-171949	  0	  0	         0	9.31
20181103-171954	  0	  0	         0	9.31
20181103-171959	  0	  0	         0	9.31
20181103-172004	  0	  0	         0	9.31
20181103-172009	  0	  0	         1	9.31
20181103-172014	  0	  0	         0	9.31
20181103-172019	  0	  0	         0	9.31
20181103-172024	  0	  0	         0	9.31
20181103-172029	  0	  0	         0	9.32
20181103-172034	  0	  0	         0	9.31
20181103-172039	  0	  0	         5	9.31
20181103-172044	  0	  0	         0	9.32
20181103-172049	  0	  0	         0	9.32
20181103-172054	  0	  0	         0	9.32
20181103-172059	  0	  0	         0	9.32
20181103-172104	  0	  0	         0	9.32
20181103-172109	  0	  0	         2	9.32
20181103-172114	  0	  0	         0	9.32
20181103-172119	  0	  0	         0	9.32
20181103-172124	  0	  0	         0	9.31
20181103-172129	  0	  0	         0	9.31
20181103-172134	  0	  0	         0	9.32
20181103-172139	  0	  0	         4	9.32
20181103-172144	  0	  0	         0	9.31
20181103-172149	  0	  0	         0	9.31
20181103-172154	  0	  0	         0	9.31
20181103-172159	  0	  0	         0	9.32
20181103-172204	  0	  0	         0	9.32
20181103-172209	  0	  0	         1	9.31
20181103-172214	  0	  0	         0	9.31
20181103-172219	  0	  0	         0	9.31
20181103-172224	  0	  0	         0	9.31
20181103-172229	  0	  0	         0	9.31
20181103-172234	  0	  0	         0	9.31
20181103-172239	  0	  0	         5	9.32
20181103-172244	  0	  0	         0	9.32
20181103-172249	  0	  0	         0	9.31
20181103-172254	  0	  0	         0	9.31
20181103-172259	  0	  0	         0	9.32
20181103-172304	  0	  0	         0	9.31
20181103-172309	  0	  0	         2	9.31
20181103-172314	  0	  0	         0	9.31
20181103-172319	  0	  0	         0	9.31
20181103-172324	  0	  0	         0	9.32
20181103-172329	  0	  0	         0	9.32
20181103-172334	  0	  0	         0	9.32
20181103-172339	  0	  0	         5	9.32
20181103-172344	  0	  0	         0	9.31
20181103-172349	  0	  0	         0	9.31
20181103-172354	  0	  0	         0	9.32
20181103-172359	  0	  0	         0	9.31
20181103-172404	  0	  0	         2	9.32
20181103-172409	  0	  0	         1	9.32
20181103-172414	  0	  0	         0	9.32
20181103-172419	  0	  0	         0	9.32
20181103-172424	  0	  0	         0	9.31
20181103-172429	  0	  0	         0	9.31
20181103-172434	  0	  0	         0	9.32
20181103-172439	  0	  0	         5	9.31
20181103-172444	  0	  0	         0	9.32
20181103-172449	  0	  0	         0	9.31
20181103-172454	  0	  0	         0	9.32
20181103-172459	  0	  0	         0	9.32
20181103-172504	  0	  0	         0	9.32
20181103-172509	  0	  0	         2	9.31
20181103-172514	  0	  0	         0	9.31
20181103-172519	  0	  0	         0	9.31
20181103-172524	  0	  0	         0	9.31
20181103-172529	  0	  0	         0	9.31
