TIME	LG1	AP2	MB1	MB2	MB3
20181103-140229	  0	  0	  1	  0	-
20181103-140234	  4	  0	  0	  1	  0
20181103-140239	  0	  0	  0	  1	  2
20181103-140244	  0	  0	  1	  1	  1
20181103-140249	  0	  0	  1	  2	  1
20181103-140254	  0	  0	  1	  1	  1
20181103-140259	  0	  0	  1	  1	  0
20181103-140304	  0	  0	  0	  1	  1
20181103-140309	  0	  0	  1	  1	  0
20181103-140314	  0	  0	  0	  1	  1
20181103-140319	  0	  0	  1	  1	  1
20181103-140324	  0	  0	  0	  1	  0
20181103-140329	  0	  0	  1	  1	  1
20181103-140334	  0	  0	  0	  1	  1
20181103-140339	  0	  0	  0	  1	  1
20181103-140344	  0	  0	  1	  1	  1
20181103-140349	  0	  0	  2	  2	  1
20181103-140354	  0	  0	  0	  1	  0
20181103-140359	  0	  0	  0	  1	  1
20181103-140404	  0	  0	  1	  1	  1
20181103-140409	  0	  0	  1	  1	  1
20181103-140414	  0	  0	  1	  1	  1
20181103-140419	  0	  0	  1	  1	  1
20181103-140424	  0	  0	  0	  1	  1
20181103-140429	  0	  0	  1	  1	  1
20181103-140434	  0	  0	  1	  1	  1
20181103-140439	  0	  0	  1	  1	  1
20181103-140444	  0	  0	  1	  1	  0
20181103-140449	  0	  0	  2	  2	  1
20181103-140454	  0	  0	  1	  1	  1
20181103-140459	  0	  0	  1	  1	  0
20181103-140504	  0	  0	  1	  1	  0
20181103-140509	  0	  0	  1	  1	  0
20181103-140514	  0	  0	  1	  1	  1
20181103-140519	  0	  0	  1	  1	  1
20181103-140524	  0	  0	  1	  1	  0
20181103-140529	  0	  0	  1	  1	  1
20181103-140534	  0	  0	  1	  1	  1
20181103-140539	  0	  0	  1	  1	  2
20181103-140544	  0	  0	  1	  1	  1
20181103-140549	  0	  0	  1	  1	  1
20181103-140554	  0	  0	  0	  1	  1
20181103-140559	  0	  0	  1	  1	  0
20181103-140604	  0	  0	  0	  1	  1
20181103-140609	  1	  0	  1	  1	  0
20181103-140614	  0	  0	  1	  1	  1
20181103-140619	  0	  0	  1	  1	  1
20181103-140624	  0	  0	  1	  1	  1
20181103-140629	  0	  0	  1	  1	  1
20181103-140634	  0	  0	  0	  1	  1
20181103-140639	  0	  0	  0	  1	  1
20181103-140644	  0	  0	  1	  1	  1
20181103-140649	  0	  0	  2	  1	  1
20181103-140654	  0	  0	  0	  2	  1
20181103-140659	  0	  0	  1	  0	  0
20181103-140704	  0	  0	  1	  1	  1
20181103-140709	  1	  0	  1	  1	  0
20181103-140714	  0	  0	  1	  1	  0
20181103-140719	  0	  0	  1	  1	  1
20181103-140724	  0	  0	  0	  1	  1
20181103-140729	  0	  0	  1	  1	  1
20181103-140734	  0	  0	  0	  1	  1
20181103-140739	  0	  0	  1	  1	  1
20181103-140744	  0	  0	  1	  1	  1
20181103-140749	  0	  0	  2	  1	  1
20181103-140754	  0	  0	  0	  2	  1
20181103-140759	  0	  0	  1	  1	  0
20181103-140804	  0	  0	  0	  1	  1
20181103-140809	  0	  0	  1	  1	  1
20181103-140814	  0	  0	  1	  1	  1
20181103-140819	  0	  0	  1	  1	  1
20181103-140824	  0	  0	  1	  1	  1
20181103-140829	  0	  0	  1	  1	  1
20181103-140834	  0	  0	  1	  1	  1
20181103-140839	  0	  0	  1	  1	  1
20181103-140844	  0	  0	  1	  1	  2
20181103-140849	  0	  0	  2	  1	  1
20181103-140854	  0	  0	  1	  2	  0
20181103-140859	  0	  0	  1	  1	  0
20181103-140904	  0	  0	  0	  1	  0
20181103-140909	  1	  0	  1	  1	  0
20181103-140914	  0	  0	  1	  1	  0
20181103-140919	  0	  0	  1	  1	  1
20181103-140924	  0	  0	  0	  1	  0
20181103-140929	  0	  0	  0	  1	  1
20181103-140934	  0	  0	  0	  1	  1
20181103-140939	  0	  0	  1	  1	  0
20181103-140944	  0	  0	  1	  1	  2
20181103-140949	  0	  0	  2	  1	  1
20181103-140954	  0	  0	  0	  2	  1
20181103-140959	  0	  0	  1	  1	  0
20181103-141004	  0	  0	  0	  1	  1
20181103-141009	  0	  0	  1	  1	  0
20181103-141014	  0	  0	  0	  1	  1
20181103-141019	  0	  0	  1	  1	  1
20181103-141024	  0	  0	  0	  1	  1
20181103-141029	  0	  0	  0	  1	  1
20181103-141034	  0	  0	  0	  1	  1
20181103-141039	  0	  0	  0	  1	  1
20181103-141044	  0	  0	  1	  1	  1
20181103-141049	  0	  0	  2	  1	  1
20181103-141054	  0	  0	  0	  2	  0
20181103-141059	  0	  0	  0	  1	  1
20181103-141104	  0	  0	  0	  1	  1
20181103-141109	  0	  0	  1	  1	  0
20181103-141114	  0	  0	  1	  1	  1
20181103-141119	  0	  0	  1	  1	  1
20181103-141124	  0	  0	  0	  1	  1
20181103-141129	  0	  0	  1	  1	  1
20181103-141134	  0	  0	  0	  1	  0
20181103-141139	  0	  0	  1	  1	  1
20181103-141144	  0	  0	  1	  1	  2
20181103-141149	  0	  0	  1	  1	  1
20181103-141154	  0	  0	  1	  2	  0
20181103-141159	  0	  0	  1	  1	  1
20181103-141204	  0	  0	  0	  1	  1
20181103-141209	  0	  0	  1	  1	  1
20181103-141214	  0	  0	  1	  1	  1
20181103-141219	  0	  0	  1	  1	  1
20181103-141224	  0	  0	  1	  1	  1
20181103-141229	  0	  0	  1	  1	  1
20181103-141234	  0	  0	  1	  1	  1
20181103-141239	  0	  0	  1	  1	  1
20181103-141244	  0	  0	  1	  1	  2
20181103-141249	  0	  0	  2	  1	  1
20181103-141254	  0	  0	  1	  2	  1
20181103-141259	  0	  0	  0	  1	  0
20181103-141304	  0	  0	  0	  1	  1
20181103-141309	  0	  0	  1	  1	  0
20181103-141314	  0	  0	  1	  1	  1
20181103-141319	  0	  0	  1	  1	  1
20181103-141324	  0	  0	  1	  1	  1
20181103-141329	  0	  0	  1	  1	  1
20181103-141334	  0	  0	  0	  1	  0
20181103-141339	  0	  0	  1	  1	  1
20181103-141344	  0	  0	  1	  1	  2
20181103-141349	  0	  0	  1	  1	  1
20181103-141354	  0	  0	  0	  2	  0
20181103-141359	  0	  0	  0	  1	  1
20181103-141404	  0	  0	  0	  1	  1
20181103-141409	  0	  0	  1	  1	  0
20181103-141414	  0	  0	  0	  1	  0
20181103-141419	  0	  0	  1	  1	  1
20181103-141424	  0	  0	  0	  1	  1
20181103-141429	  0	  0	  1	  1	  1
20181103-141434	  0	  0	  0	  0	  1
20181103-141439	  0	  0	  1	  1	  0
20181103-141444	  0	  0	  1	  1	  2
20181103-141449	  0	  0	  1	  1	  1
20181103-141454	  0	  0	  1	  2	  0
20181103-141459	  0	  0	  1	  0	  1
20181103-141504	  0	  0	  0	  1	  1
20181103-141509	  0	  0	  1	  1	  0
20181103-141514	  0	  0	  0	  1	  1
20181103-141519	  0	  0	  1	  1	  1
20181103-141524	  0	  0	  0	  1	  1
20181103-141529	  0	  0	  0	  1	  1
20181103-141534	  0	  0	  1	  1	  1
20181103-141539	  0	  0	  0	  1	  1
20181103-141544	  0	  0	  1	  1	  1
20181103-141549	  0	  0	  1	  1	  1
20181103-141554	  0	  0	  0	  2	  1
20181103-141559	  0	  0	  0	  1	  1
20181103-141604	  0	  0	  0	  1	  0
20181103-141609	  0	  0	  1	  1	  1
20181103-141614	  0	  0	  0	  1	  1
20181103-141619	  0	  0	  1	  1	  1
20181103-141624	  0	  0	  0	  1	  1
20181103-141629	  0	  0	  0	  0	  1
20181103-141634	  0	  0	  0	  1	  1
20181103-141639	  0	  0	  0	  1	  1
20181103-141644	  0	  0	  1	  1	  2
20181103-141649	  0	  0	  1	  1	  1
20181103-141654	  0	  0	  0	  2	  1
20181103-141659	  0	  0	  0	  1	  1
20181103-141704	  0	  0	  0	  1	  1
20181103-141709	  0	  0	  1	  1	  0
20181103-141714	  0	  0	  0	  1	  0
20181103-141719	  0	  0	  0	  1	  1
20181103-141724	  0	  0	  0	  1	  1
20181103-141729	  0	  0	  0	  1	  0
20181103-141734	  0	  0	  1	  1	  1
20181103-141739	  0	  0	  0	  1	  0
20181103-141744	  0	  0	  1	  1	  1
20181103-141749	  0	  0	  1	  1	  1
20181103-141754	  0	  0	  1	  2	  0
20181103-141759	  0	  0	  0	  1	  0
20181103-141804	  0	  0	  0	  1	  1
20181103-141809	  0	  0	  1	  1	  0
20181103-141814	  0	  0	  0	  1	  0
20181103-141819	  0	  0	  1	  1	  1
20181103-141824	  0	  0	  0	  1	  1
20181103-141829	  0	  0	  0	  1	  1
20181103-141834	  0	  0	  0	  1	  1
20181103-141839	  0	  0	  1	  1	  0
20181103-141844	  0	  0	  1	  1	  2
20181103-141849	  0	  0	  1	  1	  1
20181103-141854	  0	  0	  1	  2	  1
20181103-141859	  0	  0	  0	  1	  0
20181103-141904	  0	  0	  1	  1	  1
20181103-141909	  0	  0	  1	  1	  1
20181103-141914	  0	  0	  0	  1	  0
20181103-141919	  0	  0	  1	  1	  1
20181103-141924	  0	  0	  0	  1	  1
20181103-141929	  0	  0	  1	  1	  1
20181103-141934	  0	  0	  0	  1	  1
20181103-141939	  0	  0	  0	  1	  1
20181103-141944	  0	  0	  1	  1	  2
20181103-141949	  0	  0	  1	  1	  1
20181103-141954	  0	  0	  0	  2	  0
20181103-141959	  0	  0	  0	  1	  0
20181103-142004	  0	  0	  0	  1	  0
20181103-142009	  0	  0	  1	  1	  0
20181103-142014	  2	  0	  0	  1	  1
20181103-142019	  0	  0	  1	  1	  1
20181103-142024	  0	  0	  0	  1	  1
20181103-142029	  0	  0	  0	  1	  1
20181103-142034	  0	  0	  0	  1	  0
20181103-142039	  0	  0	  0	  1	  0
20181103-142044	  0	  0	  1	  1	  1
20181103-142049	  0	  0	  2	  1	  1
20181103-142054	  0	  0	  0	  2	  1
20181103-142059	  0	  0	  0	  1	  1
20181103-142104	  0	  0	  1	  1	  1
20181103-142109	  1	  0	  1	  1	  1
20181103-142114	  0	  0	  1	  1	  1
20181103-142119	  0	  0	  1	  1	  1
20181103-142124	  0	  0	  0	  1	  0
20181103-142129	  0	  0	  0	  1	  1
20181103-142134	  0	  0	  0	  1	  1
20181103-142139	  0	  0	  1	  1	  0
20181103-142144	  0	  0	  1	  1	  2
20181103-142149	  0	  0	  1	  1	  1
20181103-142154	  0	  0	  1	  2	  1
20181103-142159	  0	  0	  1	  1	  0
20181103-142204	  0	  0	  1	  1	  1
20181103-142209	  0	  0	  1	  1	  0
20181103-142214	  0	  0	  1	  1	  0
20181103-142219	  0	  0	  1	  1	  1
20181103-142224	  0	  0	  0	  1	  1
20181103-142229	  0	  0	  1	  1	  0
20181103-142234	  0	  0	  0	  1	  1
20181103-142239	  0	  0	  0	  1	  0
20181103-142244	  0	  0	  1	  1	  2
20181103-142249	  0	  0	  2	  1	  1
20181103-142254	  0	  0	  0	  2	  0
20181103-142259	  0	  0	  0	  1	  0
20181103-142304	  0	  0	  0	  1	  1
20181103-142309	  0	  0	  1	  1	  0
20181103-142314	  0	  0	  0	  1	  1
20181103-142319	  0	  0	  1	  1	  1
20181103-142324	  0	  0	  0	  1	  1
20181103-142329	  0	  0	  0	  1	  0
20181103-142334	  0	  0	  0	  1	  0
20181103-142339	  0	  0	  0	  1	  0
20181103-142344	  0	  0	  1	  1	  2
20181103-142349	  0	  0	  2	  1	  1
20181103-142354	  0	  0	  1	  2	  0
20181103-142359	  0	  0	  1	  1	  1
20181103-142404	  0	  0	  1	  1	  0
20181103-142409	  0	  0	  1	  1	  0
20181103-142414	  0	  0	  1	  1	  1
20181103-142419	  0	  0	  1	  1	  1
20181103-142424	  0	  0	  0	  1	  1
20181103-142429	  0	  0	  1	  1	  0
20181103-142434	  0	  0	  0	  1	  1
20181103-142439	  0	  0	  1	  1	  1
20181103-142444	  0	  0	  1	  1	  2
20181103-142449	  0	  0	  1	  1	  1
20181103-142454	  0	  0	  0	  2	  0
20181103-142459	  1	  0	  0	  1	  1
20181103-142504	  0	  0	  0	  1	  1
20181103-142509	  0	  0	  1	  1	  0
20181103-142514	  0	  0	  1	  1	  0
20181103-142519	  0	  0	  1	  1	  1
20181103-142524	  0	  0	  0	  1	  1
20181103-142529	  0	  0	  1	  1	  0
20181103-142534	  0	  0	  0	  1	  1
20181103-142539	  0	  0	  1	  1	  0
20181103-142544	  0	  0	  1	  1	  2
20181103-142549	  0	  0	  2	  1	  1
20181103-142554	  0	  0	  1	  2	  1
20181103-142559	  0	  0	  1	  1	  1
20181103-142604	  0	  0	  0	  1	  1
20181103-142609	  0	  0	  1	  1	  1
20181103-142614	  0	  0	  1	  1	  0
20181103-142619	  0	  0	  1	  1	  1
20181103-142624	  0	  0	  0	  1	  1
20181103-142629	  0	  0	  0	  1	  1
20181103-142634	  0	  0	  1	  1	  1
20181103-142639	  0	  0	  0	  1	  1
20181103-142644	  0	  0	  1	  1	  2
20181103-142649	  0	  0	  2	  1	  1
20181103-142654	  0	  0	  0	  2	  1
20181103-142659	  0	  0	  0	  1	  1
20181103-142704	  0	  0	  0	  1	  0
20181103-142709	  0	  0	  1	  1	  0
20181103-142714	  0	  0	  1	  1	  1
20181103-142719	  0	  0	  1	  1	  1
20181103-142724	  0	  0	  1	  1	  1
20181103-142729	  0	  0	  1	  1	  0
20181103-142734	  0	  0	  0	  1	  1
20181103-142739	  0	  0	  1	  1	  0
20181103-142744	  0	  0	  1	  1	  2
20181103-142749	  0	  2	  1	  1	  1
20181103-142754	  0	  0	  1	  2	  1
20181103-142759	  0	  0	  1	  1	  0
20181103-142804	  0	  0	  0	  1	  1
20181103-142809	  0	  0	  1	  1	  1
20181103-142814	  0	  9	  1	  1	  0
20181103-142819	  0	100	  5	  3	  1
20181103-142824	  0	  7	  1	  1	  3
20181103-142829	  0	  7	  1	  1	  0
20181103-142834	  0	  7	  1	  1	  1
20181103-142839	  0	  7	  1	  1	  1
20181103-142844	  0	100	  1	  1	  1
20181103-142849	  0	100	  2	  1	  1
20181103-142854	  0	100	  1	  2	  0
20181103-142859	  0	100	  3	  1	  1
20181103-142904	  0	  7	  0	  1	  1
20181103-142909	  0	  8	  1	  1	  1
20181103-142914	  0	  7	  1	  1	  1
20181103-142919	  0	100	  1	  1	  1
20181103-142924	  0	  7	  1	  1	  1
20181103-142929	  0	  7	  1	  1	  0
20181103-142934	  0	  7	  1	  1	  1
20181103-142939	  0	  7	  1	  1	  1
20181103-142944	  0	  7	  1	  1	  1
20181103-142949	  0	  8	  1	  1	  1
20181103-142954	  0	  8	  1	  2	  1
20181103-142959	  0	  7	  1	  1	  0
20181103-143004	  0	  7	  0	  1	  1
20181103-143009	  0	  7	  1	  1	  0
20181103-143014	  0	  7	  1	  1	  1
20181103-143019	  0	  7	  1	  1	  1
20181103-143024	  0	  7	  0	  1	  1
20181103-143029	  0	  7	  1	  1	  0
20181103-143034	  0	100	  0	  1	  1
20181103-143039	  0	100	  1	  1	  0
20181103-143044	  0	  7	  1	  1	  2
20181103-143049	  0	  7	  1	  1	  1
20181103-143054	  0	100	  1	  2	  0
20181103-143059	  0	  7	  1	  1	  1
20181103-143104	  0	  7	  1	  1	  1
20181103-143109	  0	  7	  1	  1	  0
20181103-143114	  0	  7	  1	  1	  1
20181103-143119	  0	100	  1	  1	  1
20181103-143124	  0	  7	  1	  1	  1
20181103-143129	  0	  7	  1	  1	  0
20181103-143134	  0	  7	  1	  1	  1
20181103-143139	  0	100	  1	  1	  1
20181103-143144	  0	  7	  1	  1	  2
20181103-143149	  0	  7	  1	  1	  1
20181103-143154	  0	  7	  1	  2	  1
20181103-143159	  0	  7	  1	  1	  1
20181103-143204	  0	  7	  1	  1	  0
20181103-143209	  0	  7	  1	  1	  1
20181103-143214	  0	  7	  1	  1	  1
20181103-143219	  0	  7	  1	  1	  1
20181103-143224	  0	  7	  1	  1	  1
20181103-143229	  0	  7	  1	  1	  1
20181103-143234	  0	  7	  1	  1	  1
20181103-143239	  0	  7	  1	  1	  1
20181103-143244	  0	  7	  1	  1	  2
20181103-143249	  0	  7	  2	  1	  1
20181103-143254	  0	100	  1	  1	  1
20181103-143259	  0	  7	  1	  1	  1
20181103-143304	  0	  7	  0	  1	  1
20181103-143309	  0	100	  1	  1	  0
20181103-143314	  0	  7	  0	  1	  1
20181103-143319	  0	  7	  1	  1	  1
20181103-143324	  0	  7	  1	  1	  1
20181103-143329	  0	  7	  1	  1	  0
20181103-143334	  0	  7	  0	  1	  1
20181103-143339	  0	  7	  1	  1	  1
20181103-143344	  0	100	  1	  1	  2
20181103-143349	  0	  7	  2	  1	  1
20181103-143354	  0	  7	  1	  2	  1
20181103-143359	  0	  7	  1	  1	  1
20181103-143404	  0	100	  1	  1	  1
20181103-143409	  0	100	  1	  1	  0
20181103-143414	  0	  7	  1	  1	  1
20181103-143419	  0	  7	  1	  1	  1
20181103-143424	  0	100	  0	  1	  0
20181103-143429	  0	100	  1	  1	  0
20181103-143434	  0	100	  1	  1	  1
20181103-143439	  0	100	  1	  1	  1
20181103-143444	  0	  7	  1	  1	  2
20181103-143449	  0	  7	  1	  1	  1
20181103-143454	  0	  7	  1	  2	  1
20181103-143459	  0	  7	  0	  1	  1
20181103-143504	  0	  7	  0	  1	  1
20181103-143509	  0	  7	  1	  1	  0
20181103-143514	  0	100	  1	  1	  1
20181103-143519	  0	100	  0	  1	  1
20181103-143524	  0	100	  0	  1	  1
20181103-143529	  0	100	  0	  1	  1
20181103-143534	  0	  7	  0	  1	  1
20181103-143539	  0	  7	  1	  1	  0
20181103-143544	  0	  7	  1	  1	  2
20181103-143549	  0	  7	  2	  1	  1
20181103-143554	  0	  7	  1	  2	  1
20181103-143559	  0	  7	  1	  1	  0
20181103-143604	  0	  7	  1	  1	  1
20181103-143609	  0	100	  1	  1	  1
20181103-143614	  0	  7	  1	  1	  1
20181103-143619	  0	  7	  1	  1	  1
20181103-143624	  0	  7	  1	  1	  1
20181103-143629	  0	  7	  1	  1	  0
20181103-143634	  0	100	  1	  1	  1
20181103-143639	  0	  7	  1	  1	  1
20181103-143644	  0	  7	  1	  1	  2
20181103-143649	  0	100	  2	  1	  1
20181103-143654	  0	  7	  1	  2	  1
20181103-143659	  0	  7	  0	  1	  1
20181103-143704	  0	  7	  1	  1	  1
20181103-143709	  0	  7	  1	  1	  1
20181103-143714	  0	  7	  1	  1	  0
20181103-143719	  0	100	  0	  1	  1
20181103-143724	  0	  7	  1	  1	  0
20181103-143729	  0	  7	  1	  1	  1
20181103-143734	  0	  7	  1	  1	  1
20181103-143739	  0	100	  1	  1	  0
20181103-143744	  0	100	  1	  1	  2
20181103-143749	  0	  7	  1	  1	  1
20181103-143754	  0	  7	  1	  2	  0
20181103-143759	  0	100	  1	  1	  0
20181103-143804	  0	  7	  1	  1	  1
20181103-143809	  1	  7	  1	  1	  1
20181103-143814	  0	  7	  0	  1	  1
20181103-143819	  0	  7	  1	  1	  1
20181103-143824	  0	  7	  1	  1	  0
20181103-143829	  0	  7	  1	  1	  0
20181103-143834	  0	100	  1	  1	  1
20181103-143839	  0	  7	  1	  1	  0
20181103-143844	  0	  7	  1	  1	  2
20181103-143849	 16	 34	 12	 34	  1
20181103-143854	 12	 31	 35	 71	  1
20181103-143859	 12	 30	 33	 72	  1
20181103-143904	 12	 29	 35	 75	  1
20181103-143909	 12	 29	 36	 78	  1
20181103-143914	 10	 29	 42	 83	  1
20181103-143919	 11	 29	 42	 82	  1
20181103-143924	 11	100	 41	 81	  1
20181103-143929	 11	 29	 45	 84	  1
20181103-143934	 11	100	 43	 82	  1
20181103-143939	 11	 29	 43	 83	  1
20181103-143944	 11	100	 39	 81	  2
20181103-143949	 13	100	 40	 79	  1
20181103-143954	 11	100	 42	 81	  1
20181103-143959	 11	 28	 36	 80	  1
20181103-144004	 11	 29	 38	 82	  1
20181103-144009	 13	100	 41	 81	  1
20181103-144014	 11	 28	 36	 80	  1
20181103-144019	 10	 28	 40	 82	  1
20181103-144024	 10	 28	 41	 82	  1
20181103-144029	  9	 21	 24	 50	  1
20181103-144034	  0	  8	  1	  1	  1
20181103-144039	  1	  8	  1	  1	  0
20181103-144044	  0	  7	  1	  1	  2
20181103-144049	  0	  7	  1	  1	  1
20181103-144054	  0	  7	  2	  1	  0
20181103-144059	  0	  7	  1	  2	  0
20181103-144104	  0	  8	  1	  1	  1
20181103-144109	  0	100	  1	  1	  1
20181103-144114	  0	100	  1	  1	  0
20181103-144119	  0	100	  1	  1	  1
20181103-144124	  0	  7	  1	  1	  1
20181103-144129	  0	  8	  1	  1	  1
20181103-144134	  0	  7	  1	  1	  1
20181103-144139	  0	  7	  1	  1	  1
20181103-144144	  0	  7	  1	  1	  2
20181103-144149	  0	  7	  1	  1	  1
20181103-144154	  0	  7	  2	  1	  1
20181103-144159	  0	  7	  1	  2	  0
20181103-144204	  0	  7	  1	  1	  1
20181103-144209	  0	  8	  1	  1	  1
20181103-144214	  0	  7	  1	  1	  1
20181103-144219	  0	  7	  1	  1	  1
20181103-144224	  0	  7	  1	  1	  1
20181103-144229	  0	100	  1	  1	  0
20181103-144234	  0	  7	  1	  1	  1
20181103-144239	  0	  7	  1	  1	  1
20181103-144244	  0	100	  1	  1	  1
20181103-144249	  0	  7	  1	  1	  2
20181103-144254	  0	100	  2	  1	  1
20181103-144259	  0	  8	  1	  2	  1
20181103-144304	  0	  7	  1	  1	  1
20181103-144309	  1	  8	  1	  1	  0
20181103-144314	  0	  7	  1	  1	  1
20181103-144319	  0	  7	  1	  1	  1
20181103-144324	  0	  7	  1	  1	  1
20181103-144329	  0	  8	  1	  1	  1
20181103-144334	  0	  7	  1	  1	  1
20181103-144339	  0	  7	  1	  1	  1
20181103-144344	  0	  7	  1	  1	  1
20181103-144349	  0	  7	  1	  1	  2
20181103-144354	  0	  7	  2	  1	  1
20181103-144359	  0	100	  1	  2	  1
20181103-144404	  0	  4	  1	  1	  1
20181103-144409	  0	  0	  1	  1	  1
20181103-144414	  0	  0	  1	  1	  0
20181103-144419	  0	  0	  1	  1	  1
20181103-144424	  0	  0	  1	  1	  1
20181103-144429	  0	  0	  1	  1	  0
20181103-144434	  0	  0	  1	  1	  1
20181103-144439	  0	  0	  1	  1	  1
20181103-144444	  0	  0	  1	  1	  0
20181103-144449	  0	  0	  1	  1	  2
20181103-144454	  0	  0	  2	  1	  1
20181103-144459	  0	  0	  1	  2	  0
20181103-144504	  0	  0	  1	  1	  1
20181103-144509	  0	  0	  1	  1	  1
20181103-144514	  0	  0	  1	  1	  1
20181103-144519	  0	  0	  1	  1	  1
20181103-144524	  0	  0	  1	  1	  1
20181103-144529	  0	  0	  1	  1	  1
20181103-144534	  0	  0	  1	  1	  1
20181103-144539	  0	  0	  1	  1	  1
20181103-144544	  0	  0	  1	  1	  1
20181103-144549	  0	  0	  1	  1	  2
20181103-144554	  0	  0	  2	  1	  1
20181103-144559	  0	  0	  1	  2	  1
20181103-144604	  0	  0	  1	  1	  1
20181103-144609	  1	  0	  1	  1	  0
20181103-144614	  0	  0	  1	  1	  0
20181103-144619	  0	  0	  1	  1	  1
20181103-144624	  0	  0	  1	  1	  1
20181103-144629	  0	  0	  1	  1	  0
20181103-144634	  0	  9	  1	  1	  1
20181103-144639	  0	  0	  1	  1	  0
20181103-144644	  0	  0	  1	  2	  1
20181103-144649	  0	  0	  1	  1	  2
20181103-144654	  0	  0	  4	 20	  1
20181103-144659	  0	  0	  1	  5	  2
20181103-144704	  0	  9	  1	  1	  1
20181103-144709	  1	 14	  1	  1	  1
20181103-144714	  0	  7	  1	  1	  1
20181103-144719	  0	  6	  1	  1	  1
20181103-144724	  0	 14	  1	  1	  1
20181103-144729	  0	 10	  1	  1	  1
20181103-144734	  0	  3	  1	  0	  1
20181103-144739	  0	  0	  1	  1	  1
20181103-144744	  0	  0	  1	  1	  1
20181103-144749	  0	  0	  1	  1	  2
20181103-144754	  0	 12	  2	  0	  1
20181103-144759	  0	 13	  1	  1	  1
20181103-144804	  0	  8	  1	  1	  1
20181103-144809	  1	100	  1	  1	  1
20181103-144814	  0	  7	  1	  1	  1
20181103-144819	  0	100	  1	  1	  1
20181103-144824	  0	  7	  1	  0	  1
20181103-144829	  0	  7	  1	  0	  1
20181103-144834	  0	100	  1	  1	  1
20181103-144839	  0	  7	  1	  1	  1
20181103-144844	  0	100	  2	  1	  1
20181103-144849	  0	  7	  1	  0	  2
20181103-144854	  0	  8	  7	  1	  1
20181103-144859	  0	  8	  3	  1	  1
20181103-144904	  0	100	  1	  0	  1
20181103-144909	  1	100	  1	  1	  0
20181103-144914	  0	  8	  3	  1	  1
20181103-144919	  0	  8	  1	  0	  1
20181103-144924	  0	  8	  1	  1	  1
20181103-144929	  0	100	  1	  1	  1
20181103-144934	  0	  8	  1	  1	  1
20181103-144939	  0	  8	  1	  1	  1
20181103-144944	 14	100	 25	  1	  0
20181103-144949	 10	  9	 48	  1	  2
20181103-144954	 10	  8	 51	  1	  1
20181103-144959	 12	  8	 50	  1	  1
20181103-145004	  9	  8	 51	  1	  1
20181103-145009	  8	  8	 51	  1	  1
20181103-145014	  9	100	 51	  1	  1
20181103-145019	  8	  8	 52	  1	  1
20181103-145024	 10	  7	 51	  1	  1
20181103-145029	  9	  8	 50	  1	  1
20181103-145034	  8	  7	 50	  1	  1
20181103-145039	  9	100	 50	  1	  1
20181103-145044	  9	  7	 48	  1	  1
20181103-145049	  9	  7	 49	  1	  2
20181103-145054	 13	  8	 45	  1	  1
20181103-145059	 11	100	 49	  1	  1
20181103-145104	 13	  8	 45	  1	  1
20181103-145109	 12	  8	 44	  1	  1
20181103-145114	 11	  8	 47	  1	  1
20181103-145119	 10	100	 48	  1	  1
20181103-145124	  9	  7	 29	  1	  1
20181103-145129	  0	100	  1	  1	  1
20181103-145134	  1	100	  1	  1	  1
20181103-145139	  0	  7	  1	  1	  1
20181103-145144	  0	  7	  1	  1	  1
20181103-145149	  0	  7	  1	  1	  2
20181103-145154	  0	  1	  2	  1	  1
20181103-145159	  0	  0	  1	  0	  1
20181103-145204	  0	  0	  1	  1	  1
20181103-145209	  1	  0	  1	  1	  1
20181103-145214	  0	  0	  1	  1	  1
20181103-145219	  0	  0	  1	  1	  1
20181103-145224	  0	  0	  1	  1	  1
20181103-145229	  0	  0	  1	  1	  1
20181103-145234	  0	  0	  1	  1	  1
20181103-145239	  0	  0	  0	  1	  1
20181103-145244	  0	  0	  1	  1	  1
20181103-145249	  0	  0	  1	  1	  2
20181103-145254	  0	  0	  2	  1	  1
20181103-145259	  0	  0	  1	  0	  1
20181103-145304	  0	  0	  1	  0	  1
20181103-145309	  1	  0	  1	  1	  1
20181103-145314	  0	  0	  1	  0	  1
20181103-145319	  0	  0	  1	  0	  1
20181103-145324	  0	  0	  1	  1	  1
20181103-145329	  0	  0	  1	  0	  1
20181103-145334	  0	  0	  1	  1	  1
20181103-145339	  0	  0	  1	  1	  1
20181103-145344	  0	  0	  1	  1	  1
20181103-145349	  0	  0	  1	  0	  2
20181103-145354	  0	  0	  2	  1	  1
20181103-145359	  0	  0	  1	  1	  1
20181103-145404	  0	  0	  1	  1	  1
20181103-145409	  1	  0	  1	  1	  1
20181103-145414	  0	  0	  0	  1	  1
20181103-145419	  0	  0	  1	  0	  1
20181103-145424	  0	  0	  1	  1	  1
20181103-145429	  0	  0	  1	  0	  1
20181103-145434	  0	  0	  1	  0	  1
20181103-145439	  0	  0	  0	  1	  1
20181103-145444	  0	  0	  1	  1	  1
20181103-145449	  0	  0	  0	  0	  2
20181103-145454	  0	  0	  2	  1	  1
20181103-145459	  0	  0	  1	  0	  1
20181103-145504	  0	  0	  0	  1	  1
20181103-145509	  1	  0	  1	  1	  1
20181103-145514	  0	  0	  1	  1	  1
20181103-145519	  0	  0	  1	  0	  1
20181103-145524	  0	  0	  1	  1	  1
20181103-145529	  0	  0	  1	  1	  1
20181103-145534	  0	  0	  0	  0	  1
20181103-145539	  0	  0	  1	  1	  1
20181103-145544	  0	  0	  1	  1	  1
20181103-145549	  0	  0	  1	  0	  2
20181103-145554	  0	  0	  2	  1	  1
20181103-145559	  0	  0	  1	  0	  1
20181103-145604	  0	  0	  1	  1	  1
20181103-145609	  0	  0	  1	  1	  1
20181103-145614	  0	  0	  1	  8	  1
20181103-145619	  0	  0	  8	 31	  1
20181103-145624	  0	  0	  1	  1	  8
20181103-145629	  0	  0	  1	  3	  0
20181103-145634	  0	  0	  1	  1	  1
20181103-145639	  0	  0	  1	  1	  1
20181103-145644	  0	  0	  1	  1	  0
20181103-145649	  0	  0	  1	  1	  2
20181103-145654	  0	  0	  2	  3	  1
20181103-145659	  0	  0	  0	  1	  0
20181103-145704	  0	  0	  1	  1	  0
20181103-145709	  1	  0	  1	  1	  0
20181103-145714	  0	  0	  1	  1	  1
20181103-145719	  0	  0	  1	  2	  1
20181103-145724	  0	  0	  1	  1	  0
20181103-145729	  0	  0	  1	  4	  1
20181103-145734	  0	  0	  1	  1	  1
20181103-145739	  0	  0	  1	  4	  1
20181103-145744	  0	  0	  1	  1	  1
20181103-145749	  0	  0	  1	  1	  2
20181103-145754	  0	  0	  2	  1	  0
20181103-145759	  0	  0	  1	  3	  0
20181103-145804	  0	  0	  1	  1	  1
20181103-145809	  0	  0	  1	  3	  0
20181103-145814	  0	  0	  1	  1	  1
20181103-145819	  0	  0	  1	  4	  1
20181103-145824	  0	  0	  1	  1	  1
20181103-145829	  0	  0	  1	  1	  0
20181103-145834	  0	  0	  1	  1	  0
20181103-145839	  0	  0	  0	  1	  0
20181103-145844	  0	  0	  1	  1	  0
20181103-145849	  0	  0	  1	  1	  2
20181103-145854	  0	  0	  1	  1	  1
20181103-145859	  0	  0	  0	  1	  0
20181103-145904	  0	  0	  1	  1	  0
20181103-145909	  1	  0	  1	  1	  0
20181103-145914	  0	  0	  0	  1	  1
20181103-145919	  0	  0	  1	  2	  1
20181103-145924	  0	  0	  1	  1	  1
20181103-145929	  0	  0	  1	  1	  0
20181103-145934	  0	  0	  0	  1	  1
20181103-145939	  0	  0	  1	  1	  1
20181103-145944	  0	  0	  2	  4	  1
20181103-145949	  0	  0	  0	  1	  2
20181103-145954	  0	  0	  1	  1	  1
20181103-145959	  0	  0	  0	  1	  1
20181103-150004	  0	  0	  1	  1	  0
20181103-150009	  1	  1	  1	  1	  0
20181103-150014	  0	  0	  1	  1	  1
20181103-150019	  0	  0	  0	  2	  1
20181103-150024	  0	  0	  1	  1	  1
20181103-150029	  0	  0	  1	  1	  0
20181103-150034	  0	  0	  1	  1	  1
20181103-150039	  0	  0	  1	  1	  1
20181103-150044	  0	  0	  1	  1	  1
20181103-150049	  0	  0	  0	  1	  2
20181103-150054	  0	  0	  2	  1	  1
20181103-150059	  0	  0	  1	  1	  1
20181103-150104	  0	  0	  1	  1	  1
20181103-150109	  1	  1	  1	  1	  1
20181103-150114	  0	  0	  1	  1	  1
20181103-150119	  0	  0	  1	  2	  1
20181103-150124	  0	  0	  1	  1	  1
20181103-150129	  0	  0	  1	  3	  1
20181103-150134	  0	  0	  1	  1	  1
20181103-150139	  0	  0	  1	  1	  1
20181103-150144	  0	  0	  1	  1	  1
20181103-150149	  0	  0	  1	  1	  2
20181103-150154	  0	  0	  2	  1	  1
20181103-150159	  0	  0	  1	  1	  0
20181103-150204	  0	  0	  1	  1	  0
20181103-150209	  0	  0	  1	  1	  0
20181103-150214	  0	  0	  0	  1	  0
20181103-150219	  0	  0	  1	  2	  1
20181103-150224	  0	  0	  1	  1	  1
20181103-150229	  0	  0	  1	  1	  0
20181103-150234	  0	  0	  1	  3	  1
20181103-150239	  0	  0	  1	  1	  1
20181103-150244	  0	  0	  1	  1	  0
20181103-150249	  0	  0	  1	  1	  2
20181103-150254	  0	  0	  2	  1	  1
20181103-150259	  0	  0	  1	  1	  1
20181103-150304	  0	  0	  1	  1	  0
20181103-150309	  0	  0	  1	  1	  1
20181103-150314	  0	  0	  1	  1	  1
20181103-150319	  0	  0	  1	  2	  1
20181103-150324	  0	  0	  1	  1	  1
20181103-150329	  0	  0	  1	  1	  0
20181103-150334	  0	  0	  1	  1	  1
20181103-150339	  0	  0	  1	  1	  1
20181103-150344	  0	  0	  1	  1	  0
20181103-150349	  0	  0	  1	  1	  2
20181103-150354	  0	  0	  1	  1	  1
20181103-150359	  0	  0	  1	  3	  0
20181103-150404	  0	  0	  1	  3	  0
20181103-150409	  0	  0	  1	  1	  1
20181103-150414	  0	  0	  1	  1	  1
20181103-150419	  0	  0	  1	  2	  1
20181103-150424	  0	  0	  1	  1	  0
20181103-150429	  0	  0	  1	  1	  0
20181103-150434	  0	  0	  1	  1	  1
20181103-150439	  0	  0	  0	  1	  0
20181103-150444	  0	  0	  1	  1	  1
20181103-150449	  0	  0	  1	  1	  2
20181103-150454	  0	  0	  2	  1	  1
20181103-150459	  0	  0	  1	  1	  1
20181103-150504	  0	  0	  0	  1	  1
20181103-150509	  0	  0	  1	  3	  1
20181103-150514	  0	  0	  1	  1	  0
20181103-150519	  0	  0	  0	  2	  1
20181103-150524	  0	  0	  1	  1	  1
20181103-150529	  0	  0	  1	  4	  1
20181103-150534	  0	  0	  1	  3	  1
20181103-150539	  0	  0	  1	  1	  1
20181103-150544	  0	  0	  1	  1	  1
20181103-150549	  0	  0	  1	  1	  2
20181103-150554	  0	  0	  2	  1	  1
20181103-150559	  0	  0	  1	  1	  1
20181103-150604	  0	  0	  1	  1	  1
20181103-150609	  0	  0	  1	  1	  1
20181103-150614	  0	  0	  1	  1	  1
20181103-150619	  0	  0	  1	  2	  1
20181103-150624	  0	  0	  1	  1	  1
20181103-150629	  0	  0	  1	  1	  0
20181103-150634	  0	  0	  1	  1	  1
20181103-150639	  0	  0	  1	  3	  0
20181103-150644	  0	  0	  1	  1	  1
20181103-150649	  0	  0	  1	  1	  2
20181103-150654	  0	  0	  2	  1	  1
20181103-150659	  0	  0	  1	  1	  0
20181103-150704	  0	  0	  0	  1	  1
20181103-150709	  0	  0	  1	  1	  0
20181103-150714	  0	  0	  1	  1	  1
20181103-150719	  0	  0	  1	  2	  1
20181103-150724	  0	  0	  1	  1	  0
20181103-150729	  0	  0	  0	  1	  1
20181103-150734	  0	  0	  1	  1	  1
20181103-150739	  0	  0	  1	  1	  1
20181103-150744	  0	  0	  1	  1	  1
20181103-150749	  0	  0	  1	  1	  2
20181103-150754	  0	  0	  2	  1	  1
20181103-150759	  0	  0	  0	  1	  1
20181103-150804	  0	  0	  1	  1	  1
20181103-150809	  0	  0	  1	  1	  1
20181103-150814	  0	  0	  1	  1	  0
20181103-150819	  0	  0	  1	  2	  1
20181103-150824	  0	  0	  1	  3	  1
20181103-150829	  0	  0	  1	  1	  1
20181103-150834	  0	  0	  1	  4	  1
20181103-150839	  0	  0	  1	  4	  1
20181103-150844	  0	  0	  1	  1	  1
20181103-150849	  0	  0	  1	  1	  2
20181103-150854	  0	  0	  1	  1	  1
20181103-150859	  0	  0	  1	  1	  1
20181103-150904	  0	  0	  1	  1	  0
20181103-150909	  0	  0	  1	  1	  1
20181103-150914	  0	  0	  1	  1	  0
20181103-150919	  0	  0	  1	  2	  1
20181103-150924	  0	  0	  1	  1	  1
20181103-150929	  0	  0	  1	  1	  0
20181103-150934	  0	  0	  1	  1	  1
20181103-150939	  0	  0	  0	  1	  1
20181103-150944	  0	  0	  1	  1	  1
20181103-150949	  0	  0	  1	  1	  2
20181103-150954	  0	  0	  1	  1	  1
20181103-150959	  0	  0	  2	  1	  1
20181103-151004	  0	  0	  1	  1	  0
20181103-151009	  0	  0	  1	  1	  1
20181103-151014	  0	  0	  1	  1	  1
20181103-151019	  0	  0	  0	  2	  1
20181103-151024	  0	  0	  1	  1	  0
20181103-151029	  0	  0	  1	  1	  1
20181103-151034	  0	  0	  1	  1	  1
20181103-151039	  0	  0	  1	  1	  0
20181103-151044	  0	  0	  1	  1	  1
20181103-151049	  0	  0	  1	  1	  2
20181103-151054	  0	  0	  1	  1	  1
20181103-151059	  0	  0	  2	  1	  1
20181103-151104	  0	  0	  1	  1	  0
20181103-151109	  0	  0	  1	  1	  0
20181103-151114	  0	  0	  1	  1	  1
20181103-151119	  0	  0	  1	  3	  1
20181103-151124	  0	  0	  1	  1	  1
20181103-151129	  0	  0	  1	  3	  1
20181103-151134	  0	  0	  1	  1	  1
20181103-151139	  0	  0	  1	  1	  0
20181103-151144	  0	  0	  1	  4	  1
20181103-151149	  0	  0	  1	  1	  2
20181103-151154	  0	  0	  1	  1	  1
20181103-151159	  0	  0	  2	  1	  1
20181103-151204	  0	  0	  0	  1	  0
20181103-151209	  0	  0	  1	  1	  1
20181103-151214	  0	  0	  1	  1	  1
20181103-151219	  0	  0	  0	  2	  1
20181103-151224	  0	  0	  1	  1	  1
20181103-151229	  0	  0	  1	  1	  1
20181103-151234	  0	  0	  0	  1	  1
20181103-151239	  0	  0	  1	  3	  1
20181103-151244	  0	  0	  2	  4	  2
20181103-151249	  0	  0	  1	  3	  3
20181103-151254	  0	  0	  1	  1	  1
20181103-151259	  0	  9	  2	  1	  1
20181103-151304	  0	100	  6	  9	  1
20181103-151309	  0	  8	  4	  7	 14
20181103-151314	  0	  7	  1	  1	  7
20181103-151319	  0	  8	  1	  2	  1
20181103-151324	  0	  7	  1	  1	  1
20181103-151329	  0	100	  1	  1	  0
20181103-151334	  0	  7	  0	  1	  1
20181103-151339	  0	  7	  0	  1	  1
20181103-151344	  0	  7	  1	  1	  1
20181103-151349	  0	  7	  0	  1	  2
20181103-151354	  0	  7	  1	  1	  1
20181103-151359	  0	  7	  2	  1	  0
20181103-151404	  0	  7	  1	  1	  1
20181103-151409	  0	  7	  1	  1	  0
20181103-151414	  0	100	  1	  1	  1
20181103-151419	  0	  7	  1	  2	  1
20181103-151424	  0	  7	  1	  1	  1
20181103-151429	  0	  7	  1	  1	  0
20181103-151434	  0	100	  0	  1	  1
20181103-151439	  0	100	  0	  1	  1
20181103-151444	  0	  7	  1	  1	  0
20181103-151449	  0	  7	  0	  1	  2
20181103-151454	  0	100	  1	  1	  0
20181103-151459	  0	  7	  2	  1	  1
20181103-151504	  0	100	  1	  1	  0
20181103-151509	  0	  7	  1	  1	  1
20181103-151514	  0	  7	  1	  1	  1
20181103-151519	  0	  7	  0	  2	  1
20181103-151524	  0	  7	  1	  1	  1
20181103-151529	  0	  7	  1	  1	  1
20181103-151534	  0	  7	  0	  1	  1
20181103-151539	  0	  7	  0	  1	  1
20181103-151544	  0	  7	  1	  1	  1
20181103-151549	  0	  7	  1	  1	  2
20181103-151554	  0	  7	  0	  1	  1
20181103-151559	  0	  7	  2	  1	  0
20181103-151604	  0	  7	  1	  1	  1
20181103-151609	  0	  8	  1	  1	  1
20181103-151614	  0	  7	  1	  1	  1
20181103-151619	  0	  7	  1	  2	  1
20181103-151624	  0	100	  1	  1	  1
20181103-151629	  0	  7	  0	  1	  1
20181103-151634	  0	  7	  1	  1	  1
20181103-151639	  0	  7	  0	  1	  1
20181103-151644	  0	  7	  1	  1	  0
20181103-151649	  0	  7	  0	  1	  2
20181103-151654	  0	100	  0	  1	  1
20181103-151659	  0	  7	  1	  1	  0
20181103-151704	  0	  7	  0	  1	  0
20181103-151709	  0	100	  1	  1	  0
20181103-151714	  0	  7	  0	  1	  0
20181103-151719	  1	  7	  1	  2	  1
20181103-151724	  0	  7	  1	  1	  0
20181103-151729	  0	  7	  0	  1	  0
20181103-151734	  0	  7	  1	  1	  1
20181103-151739	  0	  7	  1	  1	  1
20181103-151744	  0	  7	  1	  1	  0
20181103-151749	  0	100	  0	  1	  1
20181103-151754	  0	100	  1	  1	  1
20181103-151759	  0	  7	  2	  1	  0
20181103-151804	  0	  7	  1	  1	  0
20181103-151809	  0	  7	  1	  1	  0
20181103-151814	  0	  7	  1	  1	  0
20181103-151819	  0	  7	  1	  2	  1
20181103-151824	  0	  7	  1	  1	  0
20181103-151829	  0	  7	  1	  1	  0
20181103-151834	  0	  7	  1	  1	  1
20181103-151839	  0	  7	  0	  1	  0
20181103-151844	  0	100	  1	  1	  1
20181103-151849	  0	  7	  1	  1	  1
20181103-151854	  0	  7	  0	  1	  2
20181103-151859	  0	  7	  2	  1	  0
20181103-151904	  0	100	  1	  1	  1
20181103-151909	  0	  7	  1	  1	  0
20181103-151914	  0	  7	  1	  1	  0
20181103-151919	  0	  7	  0	  2	  1
20181103-151924	  0	  7	  1	  1	  1
20181103-151929	  0	  7	  1	  1	  0
20181103-151934	  0	  7	  1	  1	  1
20181103-151939	  0	  7	  1	  1	  0
20181103-151944	  0	  7	  1	  1	  1
20181103-151949	  0	100	  1	  1	  1
20181103-151954	  0	  7	  1	  1	  2
20181103-151959	  0	  7	  1	  1	  0
20181103-152004	  0	  7	  1	  1	  1
20181103-152009	  0	  7	  1	  1	  0
20181103-152014	  0	  7	  0	  1	  0
20181103-152019	  0	100	  1	  1	  1
20181103-152024	  0	  7	  1	  1	  1
20181103-152029	  0	  7	  1	  1	  1
20181103-152034	  0	100	  1	  1	  1
20181103-152039	  0	  7	  1	  1	  1
20181103-152044	  0	  7	  1	  1	  1
20181103-152049	  0	  7	  0	  1	  1
20181103-152054	  0	100	  1	  1	  2
20181103-152059	  0	  7	  2	  1	  0
20181103-152104	  0	  7	  0	  1	  1
20181103-152109	  0	  7	  1	  1	  0
20181103-152114	  0	  7	  1	  1	  1
20181103-152119	  0	100	  0	  1	  1
20181103-152124	  0	  7	  1	  2	  1
20181103-152129	  0	  7	  1	  1	  1
20181103-152134	  0	100	  0	  1	  1
20181103-152139	  0	  7	  0	  1	  1
20181103-152144	  0	  7	  1	  1	  1
20181103-152149	  0	  7	  0	  1	  1
20181103-152154	  0	  7	  0	  1	  2
20181103-152159	  0	  7	  2	  1	  1
20181103-152204	  0	  7	  1	  1	  1
20181103-152209	  0	  7	  1	  1	  1
20181103-152214	  0	100	  1	  1	  1
20181103-152219	  0	  7	  1	  3	  1
20181103-152224	  0	100	  1	  2	  1
20181103-152229	  0	  7	  1	  1	  1
20181103-152234	  0	  7	  1	  1	  1
20181103-152239	  0	100	  1	  1	  1
20181103-152244	  0	100	  1	  1	  1
20181103-152249	  0	100	  0	  1	  1
20181103-152254	  0	  7	  1	  4	  2
20181103-152259	  0	  7	  2	  1	  1
20181103-152304	  0	  7	  1	  1	  1
20181103-152309	  0	  7	  1	  1	  1
20181103-152314	  0	  7	  1	  1	  1
20181103-152319	  0	  7	  1	  1	  1
20181103-152324	  0	  7	  1	  2	  1
20181103-152329	  0	  7	  1	  1	  1
20181103-152334	  0	  7	  2	  2	  1
20181103-152339	  0	  7	  2	  2	  4
20181103-152344	  0	  9	  1	  1	  3
20181103-152349	  0	 16	 15	  8	  1
20181103-152354	  0	  8	  5	  3	  9
20181103-152359	  0	  7	  2	  1	  2
20181103-152404	  0	100	  1	  1	  1
20181103-152409	  0	  8	  1	  1	  1
20181103-152414	  0	100	  1	  1	  1
20181103-152419	  0	  7	  1	  1	  1
20181103-152424	  0	100	  1	  2	  1
20181103-152429	  2	  7	  1	  1	  0
20181103-152434	  0	100	  1	  1	  1
20181103-152439	  0	100	  1	  1	  1
20181103-152444	  0	  7	  1	  1	  1
20181103-152449	  0	  7	  1	  1	  1
20181103-152454	  0	  8	  1	  1	  1
20181103-152459	  0	  8	  2	  1	  1
20181103-152504	  0	100	  1	  1	  1
20181103-152509	  0	  8	  1	  1	  1
20181103-152514	  0	100	  1	  1	  1
20181103-152519	  0	  8	  0	  1	  1
20181103-152524	 18	 40	 58	 65	  1
20181103-152529	 10	 23	 89	 94	 55
20181103-152534	  9	 19	 61	 66	 77
20181103-152539	  9	 19	 49	 63	 61
20181103-152544	 11	 19	 47	 58	 59
20181103-152549	 10	 20	 50	 62	 59
20181103-152554	 11	100	 50	 62	 61
20181103-152559	 10	 19	 56	 50	 60
20181103-152604	  9	 18	 45	 47	 56
20181103-152609	  6	100	 46	 49	 53
20181103-152614	  7	 15	 35	 42	 54
20181103-152619	  7	 15	 35	 37	 51
20181103-152624	  6	 15	 34	 30	 47
20181103-152629	  9	100	 43	 42	 44
20181103-152634	  9	 17	 46	 49	 49
20181103-152639	 10	 17	 46	 47	 55
20181103-152644	  8	 18	 48	 49	 54
20181103-152649	  7	 18	 45	 48	 55
20181103-152654	  6	 14	 35	 48	 53
20181103-152659	  9	 18	 51	 62	 54
20181103-152704	 10	 18	 56	 65	 60
20181103-152709	 11	 23	 66	 75	 55
20181103-152714	 10	 19	 49	 61	 61
20181103-152719	  8	 19	 48	 64	 59
20181103-152724	  8	100	 46	 59	 59
20181103-152729	  8	 18	 47	 49	 58
20181103-152734	  1	 10	  9	 10	 54
20181103-152739	  0	  8	  1	  1	 23
20181103-152744	  0	100	  1	  1	  1
20181103-152749	  0	  7	  1	  1	  1
20181103-152754	  0	  7	  1	  1	  2
20181103-152759	  0	  8	  2	  1	  1
20181103-152804	  0	  8	  1	  1	  1
20181103-152809	  0	100	  1	  1	  1
20181103-152814	  0	100	  1	  1	  1
20181103-152819	  0	  7	  1	  1	  1
20181103-152824	  0	  7	  1	  2	  1
20181103-152829	  0	  7	  1	  1	  1
20181103-152834	  0	  7	  1	  1	  1
20181103-152839	  0	  7	  1	  2	  1
20181103-152844	  0	  7	  1	  1	  1
20181103-152849	  0	100	  1	  1	  1
20181103-152854	  0	  1	  4	  2	  2
20181103-152859	  0	  0	  4	  2	  3
20181103-152904	  0	  0	  1	  1	  1
20181103-152909	  0	  0	  1	  1	  1
20181103-152914	  0	  0	  1	  1	  1
20181103-152919	  0	  9	  1	  1	  1
20181103-152924	  0	 11	  6	  7	  1
20181103-152929	  0	  4	  1	  1	 11
20181103-152934	  0	  3	  1	  1	  1
20181103-152939	  0	  3	  1	  1	  1
20181103-152944	  0	  4	  1	  1	  1
20181103-152949	  0	  4	  1	  1	  1
20181103-152954	 16	 29	 48	  1	  3
20181103-152959	  7	 11	 51	  1	 36
20181103-153004	  6	 11	 53	  1	 37
20181103-153009	  5	 11	 53	  1	 40
20181103-153014	  4	 10	 55	  1	 39
20181103-153019	  5	 10	 57	  1	 42
20181103-153024	  4	 11	 65	  2	 43
20181103-153029	  4	 10	 65	  1	 52
20181103-153034	  4	 11	 67	  1	 52
20181103-153039	  4	 10	 67	  1	 55
20181103-153044	  4	 11	 70	  1	 53
20181103-153049	  4	 11	 69	  1	 57
20181103-153054	  4	 10	 69	  1	 56
20181103-153059	  4	 11	 70	  1	 55
20181103-153104	  4	 11	 69	  1	 54
20181103-153109	  4	 11	 69	  1	 56
20181103-153114	  4	 11	 70	  2	 54
20181103-153119	  4	 11	 69	  1	 56
20181103-153124	  4	 11	 69	  2	 55
20181103-153129	  4	 11	 70	  1	 56
20181103-153134	  2	  4	  6	  1	 55
20181103-153139	  0	  3	  1	  1	  1
20181103-153144	  1	100	  1	  1	  1
20181103-153149	  0	  3	  1	  1	  1
20181103-153154	  0	  3	  1	  1	  2
20181103-153159	  0	  3	  2	  1	  1
20181103-153204	  0	  1	  1	  1	  1
20181103-153209	  0	  0	  1	  1	  1
20181103-153214	  0	  0	  1	  1	  1
20181103-153219	  0	  0	  1	  1	  1
20181103-153224	  0	  0	  1	  2	  1
20181103-153229	  0	  0	  1	  1	  1
20181103-153234	  0	  0	  1	  1	  1
20181103-153239	  0	  0	  2	  2	  2
20181103-153244	  0	  5	  1	  1	  2
20181103-153249	  0	 14	  2	  6	  1
20181103-153254	  0	100	  9	 17	  4
20181103-153259	  0	  7	  2	  1	  8
20181103-153304	  0	100	  1	  1	  1
20181103-153309	  0	  7	  1	  1	  1
20181103-153314	 14	 20	 16	 23	  1
20181103-153319	 15	 32	 80	 89	 30
20181103-153324	 16	 21	 68	 72	 93
20181103-153329	 12	 19	 59	 52	 73
20181103-153334	  4	100	 41	 26	 53
20181103-153339	 11	 20	 68	 71	 31
20181103-153344	  9	 17	 54	 43	 77
20181103-153349	  8	 17	 55	 49	 44
20181103-153354	 12	100	 68	 69	 53
20181103-153359	  7	 11	 38	 15	 70
20181103-153404	  9	 21	 65	 67	 13
20181103-153409	 12	100	 67	 63	 72
20181103-153414	  3	  8	 32	 12	 63
20181103-153419	 15	 24	 73	 76	 17
20181103-153424	 12	 17	 55	 46	 76
20181103-153429	  7	100	 46	 36	 45
20181103-153434	 10	 21	 69	 71	 41
20181103-153439	  7	 13	 43	 27	 74
20181103-153444	 11	 19	 61	 61	 27
20181103-153449	 12	 21	 68	 71	 66
20181103-153454	  3	  9	 32	 10	 71
20181103-153459	 12	 24	 73	 74	 13
20181103-153504	  9	 17	 55	 46	 75
20181103-153509	  6	 14	 45	 34	 45
20181103-153514	 13	 20	 69	 69	 38
20181103-153519	  8	 14	 45	 30	 70
20181103-153524	  9	 19	 61	 59	 29
20181103-153529	  4	 10	 39	 13	 64
20181103-153534	  1	  8	  1	  1	 12
20181103-153539	  0	  8	  1	  1	  1
20181103-153544	  0	100	  1	  1	  1
20181103-153549	  0	  8	  1	  1	  1
20181103-153554	  0	  8	  1	  1	  2
20181103-153559	  0	100	  2	  1	  1
20181103-153604	  0	100	  1	  1	  1
20181103-153609	  0	  8	  1	  1	  1
20181103-153614	  0	  8	  1	  1	  1
20181103-153619	  0	  8	  1	  1	  1
20181103-153624	  0	  8	  1	  2	  1
20181103-153629	  0	  8	  0	  1	  1
20181103-153634	  0	  8	  3	  6	  1
20181103-153639	  0	  7	  0	  1	  3
20181103-153644	  0	  0	  1	  1	  1
20181103-153649	  0	  0	  0	  1	  1
20181103-153654	  0	  8	  0	  1	  2
20181103-153659	  0	 14	  7	  3	  0
20181103-153704	  0	  4	  5	  2	  4
20181103-153709	  0	  4	  1	  1	  2
20181103-153714	  0	  3	  0	  3	  1
20181103-153719	  0	  3	  0	  2	  1
20181103-153724	  0	  3	  1	  5	  1
20181103-153729	  0	  3	  0	  3	  1
20181103-153734	  0	  3	  1	  1	  1
20181103-153739	  0	  3	  1	  1	  1
20181103-153744	  0	  3	  1	  1	  1
20181103-153749	  0	  3	  0	  1	  1
20181103-153754	  0	  4	  0	  1	  2
20181103-153759	  0	  3	  1	  1	  1
20181103-153804	  0	100	  1	  1	  1
20181103-153809	  0	  4	  1	  1	  1
20181103-153814	  0	  3	  1	  1	  1
20181103-153819	  0	  3	  2	  1	  1
20181103-153824	  0	  3	  1	  2	  1
20181103-153829	  0	  3	  1	  1	  1
20181103-153834	  0	  3	  0	  1	  1
20181103-153839	  0	  3	  1	  1	  1
20181103-153844	  0	  3	  1	  1	  1
20181103-153849	  7	  9	  8	 12	  1
20181103-153854	 10	 25	 53	 60	  9
20181103-153859	  6	 12	 53	 61	 39
20181103-153904	  6	100	 55	 61	 39
20181103-153909	  6	 11	 55	 62	 39
20181103-153914	  6	 10	 53	 62	 39
20181103-153919	  6	 11	 52	 62	 41
20181103-153924	  5	100	 54	 62	 40
20181103-153929	  6	 10	 50	 64	 39
20181103-153934	  5	  3	  1	 68	 40
20181103-153939	  5	 15	  1	 72	 44
20181103-153944	  5	 12	 30	 67	 63
20181103-153949	  5	 11	 13	 66	 47
20181103-153954	  5	 10	  1	 66	 49
20181103-153959	  5	 10	  1	 66	 47
20181103-154004	  5	 10	  1	 66	 47
20181103-154009	  5	 11	  1	 66	 47
20181103-154014	  5	 10	  1	 66	 47
20181103-154019	  5	100	  1	 66	 48
20181103-154024	  5	  9	  1	 67	 48
20181103-154029	  6	100	  1	 59	 48
20181103-154034	  0	  3	  0	  1	 39
20181103-154039	  1	  3	  1	  1	  1
20181103-154044	  0	  3	  1	  1	  1
20181103-154049	  0	  3	  2	  1	  1
20181103-154054	  0	  3	  0	  1	  2
20181103-154059	  0	  3	  1	  1	  1
20181103-154104	  0	  3	  0	  1	  1
20181103-154109	  0	100	  1	  1	  0
20181103-154114	  0	  3	  1	  1	  0
20181103-154119	  0	  3	  1	  1	  1
20181103-154124	  0	  3	  1	  2	  0
20181103-154129	  0	  2	  1	  1	  1
20181103-154134	  0	  0	  0	  1	  1
20181103-154139	  0	  0	  1	  1	  0
20181103-154144	  0	  0	  1	  1	  0
20181103-154149	  0	  0	  2	  1	  1
20181103-154154	  0	  0	  1	  1	  2
20181103-154159	  0	  0	  1	  1	  1
20181103-154204	  0	  0	  0	  1	  0
20181103-154209	  0	  0	  1	  1	  0
20181103-154214	  0	  0	  0	  1	  0
20181103-154219	  0	  0	  1	  1	  1
20181103-154224	  0	  0	  1	  2	  1
20181103-154229	  0	  0	  1	  1	  0
20181103-154234	  0	  0	  1	  1	  0
20181103-154239	  0	  0	  2	  2	  1
20181103-154244	  0	  0	  1	  1	  3
20181103-154249	  0	  0	  1	  1	  1
20181103-154254	  0	  2	  1	  1	  2
20181103-154259	  0	 16	  2	  5	  0
20181103-154304	  0	  4	  4	  7	  3
20181103-154309	  0	  4	  1	  1	  3
20181103-154314	  0	  3	  1	  1	  1
20181103-154319	  0	  3	  1	  1	  1
20181103-154324	  0	  3	  1	  2	  1
20181103-154329	  0	  3	  1	  1	  1
20181103-154334	 14	 27	  1	 39	  1
20181103-154339	  6	 11	  1	 48	 53
20181103-154344	  5	100	  1	 48	 63
20181103-154349	  5	 11	  2	 48	 64
20181103-154354	  5	 10	  1	 48	 65
20181103-154359	  5	 11	  1	 48	 65
20181103-154404	  5	100	  1	 54	 67
20181103-154409	  5	 11	  1	 56	 70
20181103-154414	  5	 10	  1	 56	 71
20181103-154419	  5	 11	  1	 57	 70
20181103-154424	  7	  9	  1	 46	 73
20181103-154429	  1	  3	  2	  1	 59
20181103-154434	  0	  3	  1	  1	  1
20181103-154439	  0	  3	  1	  2	  3
20181103-154444	  0	  3	  1	  1	 28
20181103-154449	  0	  3	  2	  1	  2
20181103-154454	  0	  3	  1	  1	  0
20181103-154459	  0	  3	  1	  1	  1
20181103-154504	  0	  3	  1	  1	  0
20181103-154509	  0	100	  1	  1	  0
20181103-154514	  0	  3	  1	  1	  1
20181103-154519	  0	  3	  1	  1	  1
20181103-154524	  0	  3	  1	  2	  0
20181103-154529	  0	  3	  1	  1	  0
20181103-154534	  0	  3	  1	  1	  1
20181103-154539	  0	  3	  1	  1	  0
20181103-154544	  0	  3	  1	  1	  2
20181103-154549	  0	100	  2	  1	  1
20181103-154554	  0	  3	  0	  1	  0
20181103-154559	  0	100	  1	  1	  0
20181103-154604	  1	  3	  1	  1	  1
20181103-154609	  0	  3	  1	  1	  0
20181103-154614	  0	  3	  1	  1	  0
20181103-154619	  0	  3	  1	  1	  1
20181103-154624	  0	  3	  1	  2	  0
20181103-154629	  0	  3	  1	  1	  0
20181103-154634	  0	  3	  1	  1	  0
20181103-154639	  0	  3	  1	  1	  0
20181103-154644	  0	  3	  1	  1	  1
20181103-154649	  0	  3	  2	  1	  1
20181103-154654	  0	  3	  0	  1	  1
20181103-154659	  0	  3	  0	  1	  0
20181103-154704	  0	  3	  1	  1	  0
20181103-154709	  0	  3	  1	  1	  0
20181103-154714	  0	  3	  1	  1	  0
20181103-154719	  0	  3	  1	  1	  1
20181103-154724	  0	100	  1	  2	  1
20181103-154729	  0	  3	  1	  1	  0
20181103-154734	  0	  3	  1	  1	  0
20181103-154739	  0	  3	  0	  1	  1
20181103-154744	  0	  3	  1	  1	  2
20181103-154749	  0	  3	  2	  1	  1
20181103-154754	  0	  3	  1	  1	  0
20181103-154759	  0	  3	  0	  1	  1
20181103-154804	  0	  3	  1	  1	  0
20181103-154809	  1	  3	  1	  1	  1
20181103-154814	  0	  3	  1	  1	  1
20181103-154819	  0	  3	 12	  1	  1
20181103-154824	  0	  3	  1	  1	  0
20181103-154829	  0	  3	  1	  2	  0
20181103-154834	  0	  1	  1	  1	  1
20181103-154839	  0	  0	  1	  1	  0
20181103-154844	  0	  0	  1	  1	  1
20181103-154849	  0	  0	  2	  1	  1
20181103-154854	  0	  8	  0	  1	  0
20181103-154859	  0	 27	  1	  1	  0
20181103-154904	  0	100	  1	  1	  2
20181103-154909	  1	 17	  1	  1	 14
20181103-154914	  6	 20	  1	  1	 22
20181103-154919	  0	 26	  1	  1	 12
20181103-154924	  0	100	  1	  1	 12
20181103-154929	  0	100	  1	  2	 21
20181103-154934	  0	 16	  1	  1	 16
20181103-154939	  0	 15	  1	  1	 12
20181103-154944	  0	 15	  1	  1	 17
20181103-154949	  0	 14	  2	  1	 21
20181103-154954	  0	 17	  1	  1	 12
20181103-154959	  0	 15	  1	  1	 12
20181103-155004	  0	 14	  1	  1	 25
20181103-155009	  0	 14	  1	  1	 12
20181103-155014	  0	 14	  1	  1	 13
20181103-155019	  0	 14	  1	  1	 20
20181103-155024	  0	 16	  1	  1	 16
20181103-155029	  0	 14	  1	  2	 12
20181103-155034	  0	 14	  1	  1	 13
20181103-155039	  0	 14	  1	  1	 17
20181103-155044	  0	100	  1	  1	 12
20181103-155049	  0	 14	  2	  1	 14
20181103-155054	  0	 13	  1	  1	 25
20181103-155059	  0	100	  1	  1	 12
20181103-155104	  0	 14	  1	  1	 12
20181103-155109	  0	 14	  1	  1	 20
20181103-155114	  0	 14	  1	  1	 17
20181103-155119	  0	 14	  1	  1	 13
20181103-155124	  0	100	  1	  1	 17
20181103-155129	  0	 14	  1	  2	 21
20181103-155134	  0	 14	  1	  1	 13
20181103-155139	  0	 14	  1	  1	 12
20181103-155144	  0	 14	  1	  1	 21
20181103-155149	  0	100	  2	  1	 18
20181103-155154	  0	 13	  1	  1	 13
20181103-155159	  0	 13	  1	  1	 21
20181103-155204	  0	 13	  1	  1	 16
20181103-155209	  0	 14	  2	  1	 13
20181103-155214	  0	 13	  1	  1	 16
20181103-155219	  0	 13	  1	  1	 17
20181103-155224	  0	 13	  1	  1	 17
20181103-155229	  0	 13	  1	  2	 12
20181103-155234	  0	 13	  1	  1	 21
20181103-155239	  0	100	  1	  1	 15
20181103-155244	  0	 14	  1	  1	 14
20181103-155249	  0	100	  2	  1	 22
20181103-155254	  0	100	  1	  1	 12
20181103-155259	  0	 14	  1	  1	 17
20181103-155304	  0	 13	  1	  1	 15
20181103-155309	  0	 14	  1	  1	 18
20181103-155314	  0	 13	  1	  1	 14
20181103-155319	  0	 13	  1	  1	 16
20181103-155324	  0	 13	  1	  1	 21
20181103-155329	  0	100	  1	  2	 12
20181103-155334	  0	 13	  1	  1	 17
20181103-155339	  0	 14	  1	  1	 21
20181103-155344	  0	 14	  1	  1	 12
20181103-155349	  0	 14	  2	  1	 14
20181103-155354	  0	 14	  1	  1	 20
20181103-155359	  0	 14	  1	  1	 18
20181103-155404	  0	 15	  1	  1	 13
20181103-155409	  0	 14	  1	  1	 17
20181103-155414	  0	100	  1	  1	 21
20181103-155419	  0	 14	  1	  1	 12
20181103-155424	  0	100	  1	  1	 13
20181103-155429	  0	 13	  1	  2	 25
20181103-155434	  0	 14	  1	  1	 13
20181103-155439	  0	100	  1	  1	 13
20181103-155444	  0	 13	  1	  1	 19
20181103-155449	  0	 14	  2	  1	 20
20181103-155454	  0	 14	  1	  1	 12
20181103-155459	  0	 15	  1	  1	 12
20181103-155504	  0	 14	  1	  1	 25
20181103-155509	  0	 14	  1	  1	 12
20181103-155514	  0	100	  1	  1	 12
20181103-155519	  0	 14	  1	  1	 17
20181103-155524	  0	 13	  1	  1	 12
20181103-155529	  0	 14	  1	  2	 12
20181103-155534	  0	 14	  1	  1	 20
20181103-155539	  0	 13	  1	  1	 16
20181103-155544	  0	 13	  1	  1	 12
20181103-155549	  0	100	  2	  1	 16
20181103-155554	  0	 14	  1	  1	 23
20181103-155559	  0	 14	  1	  1	 12
20181103-155604	  0	 13	  1	  1	 12
20181103-155609	  0	 14	  1	  1	 20
20181103-155614	  0	 13	  1	  1	 16
20181103-155619	  0	 13	  1	  1	 12
20181103-155624	  0	100	  1	  1	 20
20181103-155629	  0	 13	  1	  2	 16
20181103-155634	  0	 13	  1	  1	 13
20181103-155639	  0	 14	  1	  1	 15
20181103-155644	  0	 13	  1	  1	 18
20181103-155649	  0	 13	  2	  1	 17
20181103-155654	  0	 13	  1	  1	 13
20181103-155659	  0	 14	  1	  1	 20
20181103-155704	  0	 14	  1	  1	 17
20181103-155709	  0	100	  1	  1	 12
20181103-155714	  0	 13	  1	  1	 20
20181103-155719	  0	 13	  1	  1	 12
20181103-155724	  0	100	  1	  1	 17
20181103-155729	  0	 14	  1	  2	 16
20181103-155734	  0	 13	  1	  1	 17
20181103-155739	  0	 14	  1	  1	 17
20181103-155744	  0	 14	  1	  1	 13
20181103-155749	  0	100	  2	  1	 22
20181103-155754	  0	 14	  1	  2	 12
20181103-155759	  0	 14	  1	  1	 17
20181103-155804	  0	 14	  1	  1	 20
20181103-155809	  0	 16	  1	  1	 13
20181103-155814	  0	 14	  1	  1	 16
20181103-155819	  0	 13	  1	  1	 18
20181103-155824	  0	 13	  1	  1	 17
20181103-155829	  0	100	  1	  2	 12
20181103-155834	  0	100	  1	  1	 16
20181103-155839	  0	 14	  1	  1	 20
20181103-155844	  0	100	  1	  2	 12
20181103-155849	  0	 14	  2	  1	 15
20181103-155854	  0	100	  1	  1	 23
20181103-155859	  0	 13	  1	  1	 12
20181103-155904	  0	 14	  1	  1	 12
20181103-155909	  0	 14	  1	  1	 22
20181103-155914	  0	 13	  1	  1	 17
20181103-155919	  0	 13	  1	  1	 12
20181103-155924	  0	 13	  1	  1	 12
20181103-155929	  0	 14	  1	  2	 24
20181103-155934	  0	 13	  1	  1	 12
20181103-155939	  0	 14	  1	  1	 12
20181103-155944	  0	100	  2	  2	 24
20181103-155949	  0	 14	  2	  1	 14
20181103-155954	  0	100	  1	  1	 12
20181103-155959	  0	 13	  1	  1	 12
20181103-160004	  0	 13	  1	  1	 17
20181103-160009	  1	 15	  1	  1	 12
20181103-160014	  0	 14	  1	  1	 16
20181103-160019	  0	 14	  1	  1	 22
20181103-160024	  0	 14	  1	  1	 12
20181103-160029	  0	100	  1	  2	 12
20181103-160034	  0	 14	  2	  1	 20
20181103-160039	  0	 14	  1	  2	 16
20181103-160044	  0	100	  1	  1	 12
20181103-160049	  0	 13	  2	  1	 22
20181103-160054	  0	 14	  1	  1	 16
20181103-160059	  0	 13	  1	  1	 12
20181103-160104	  0	 13	  1	  1	 15
20181103-160109	  1	 14	  1	  1	 18
20181103-160114	  0	 14	  1	  1	 16
20181103-160119	  0	 14	  1	  1	 12
20181103-160124	  0	 13	  1	  1	 20
20181103-160129	  0	 14	  1	  2	 16
20181103-160134	  0	100	  1	  1	 12
20181103-160139	  0	 13	  1	  1	 20
20181103-160144	  0	 14	  1	  1	 12
20181103-160149	  0	 14	  2	  1	 18
20181103-160154	  0	 13	  1	  1	 15
20181103-160159	  0	 14	  1	  1	 18
20181103-160204	  0	 13	  1	  1	 16
20181103-160209	  0	 14	  1	  1	 12
20181103-160214	  0	 13	  1	  1	 20
20181103-160219	  0	 14	  1	  1	 12
20181103-160224	  0	 14	  1	  1	 17
20181103-160229	  0	 15	  1	  2	 20
20181103-160234	  0	 13	  1	  1	 12
20181103-160239	  0	100	  1	  1	 16
20181103-160244	  0	 13	  1	  1	 14
20181103-160249	  0	 13	  2	  1	 20
20181103-160254	  0	 15	  1	  1	 12
20181103-160259	  0	 15	  1	  1	 16
20181103-160304	  0	 14	  1	  1	 20
20181103-160309	  0	100	  1	  1	 12
20181103-160314	  0	100	  1	  1	 16
20181103-160319	  0	 13	  1	  1	 21
20181103-160324	  0	 16	  1	  1	 12
20181103-160329	  0	100	  1	  2	 12
20181103-160334	  0	 14	  1	  1	 18
20181103-160339	  0	 17	  1	  1	 18
20181103-160344	  0	 13	  1	  1	 12
20181103-160349	  0	100	  2	  1	 16
20181103-160354	  0	 13	  1	  1	 21
20181103-160359	  0	100	  1	  1	 12
20181103-160404	  0	 14	  1	  1	 12
20181103-160409	  0	 14	  1	  1	 24
20181103-160414	  0	 13	  1	  1	 11
20181103-160419	  0	 13	  1	  1	 12
20181103-160424	  0	 13	  1	  1	 14
20181103-160429	  0	 14	  1	  2	 14
20181103-160434	  0	 14	  1	  1	 12
20181103-160439	  0	 14	  1	  1	 14
20181103-160444	  0	 13	  1	  1	 22
20181103-160449	  0	 13	  2	  1	 13
20181103-160454	  0	 14	  1	  1	 12
20181103-160459	  0	 13	  1	  1	 20
20181103-160504	  0	 13	  1	  1	 16
20181103-160509	  1	100	  1	  1	 13
20181103-160514	  0	 13	  1	  1	 20
20181103-160519	  0	 13	  1	  1	 19
20181103-160524	  0	 13	  1	  1	 12
20181103-160529	  0	 14	  1	  2	 14
20181103-160534	  0	 13	  1	  1	 18
20181103-160539	  0	100	  1	  1	 16
20181103-160544	  0	 13	  1	  1	 11
20181103-160549	  0	 14	  1	  1	 22
20181103-160554	  0	100	  2	  1	 16
20181103-160559	  0	 13	  1	  1	 12
20181103-160604	  0	 14	  1	  1	 19
20181103-160609	  0	 14	  1	  1	 12
20181103-160614	  0	100	  1	  1	 16
20181103-160619	  0	100	  1	  1	 13
20181103-160624	  0	 14	  1	  1	 18
20181103-160629	  0	 14	  1	  2	 16
20181103-160634	  0	 13	  1	  1	 12
20181103-160639	  0	 14	  1	  1	 19
20181103-160644	  0	100	  1	  1	 11
20181103-160649	  0	 13	  1	  1	 18
20181103-160654	  0	 14	  2	  1	 20
20181103-160659	  0	 13	  1	  1	 11
20181103-160704	  0	 14	  1	  1	 16
20181103-160709	  0	100	  1	  1	 13
20181103-160714	  0	 14	  1	  1	 18
20181103-160719	  0	100	  1	  1	 12
20181103-160724	  0	 14	  1	  1	 16
20181103-160729	  0	 14	  1	  2	 20
20181103-160734	  0	100	  1	  1	 12
20181103-160739	  0	 14	  1	  1	 17
20181103-160744	  0	 14	  1	  1	 20
20181103-160749	  0	 14	  1	  1	 13
20181103-160754	  0	 14	  2	  1	 12
20181103-160759	  0	 14	  1	  1	 18
20181103-160804	  0	 14	  1	  1	 18
20181103-160809	  0	100	  1	  1	 12
20181103-160814	  0	 13	  1	  1	 16
20181103-160819	  0	100	  1	  1	 20
20181103-160824	  0	100	  1	  1	 12
20181103-160829	  0	 13	  1	  2	 12
20181103-160834	  0	 14	  1	  1	 24
20181103-160839	  0	 14	  1	  1	 12
20181103-160844	  0	 13	  1	  1	 13
20181103-160849	  0	 14	  1	  1	 18
20181103-160854	  0	100	  2	  1	 18
20181103-160859	  0	 13	  1	  1	 12
20181103-160904	  0	 14	  1	  1	 12
20181103-160909	  0	 13	  1	  1	 16
20181103-160914	  0	 13	  1	  1	 12
20181103-160919	  0	 13	  1	  1	 12
20181103-160924	  0	 13	  1	  1	 24
20181103-160929	  0	 14	  1	  2	 12
20181103-160934	  0	 14	  1	  1	 12
20181103-160939	  0	 14	  1	  1	 20
20181103-160944	  0	 13	  1	  1	 16
20181103-160949	  0	 14	  1	  1	 13
20181103-160954	  0	 13	  2	  1	 14
20181103-160959	  0	 13	  1	  1	 21
20181103-161004	  0	100	  1	  1	 14
20181103-161009	  0	100	  1	  1	 12
20181103-161014	  0	 13	  1	  1	 21
20181103-161019	  0	 14	  1	  1	 18
20181103-161024	  0	 13	  1	  1	 12
20181103-161029	  0	 14	  1	  2	 21
20181103-161034	  0	 11	  1	  1	 14
20181103-161039	  0	  0	  1	  1	 11
20181103-161044	  0	  0	  1	  1	  3
20181103-161049	  0	  5	  1	  1	  8
20181103-161054	  0	 23	  2	  1	  0
20181103-161059	  0	100	  1	  1	  2
20181103-161104	  0	  8	  1	  1	  7
20181103-161109	  0	100	  1	  1	  7
20181103-161114	  0	 14	  1	  1	  7
20181103-161119	 22	  7	  1	  1	  7
20181103-161124	 64	 58	 38	 39	  8
20181103-161129	 62	 34	 43	 51	 44
20181103-161134	 37	 23	 42	 55	 59
20181103-161139	 41	 29	 42	 55	 59
20181103-161144	 41	 31	 43	 54	 59
20181103-161149	 42	 31	 42	 58	 57
20181103-161154	 40	 28	 40	 55	 59
20181103-161159	 40	100	 46	 63	 58
20181103-161204	 39	 29	 44	 56	 67
20181103-161209	100	 32	 44	 55	100
20181103-161214	 38	100	 45	 56	 58
20181103-161219	 39	 31	 46	 58	 61
20181103-161224	 40	 32	 47	 57	 61
20181103-161229	 39	 30	 48	 66	 59
20181103-161234	 38	 30	 45	 58	 63
20181103-161239	 39	 30	 46	 58	 60
20181103-161244	 39	 29	 44	 55	 59
20181103-161249	 38	 28	 44	 55	 60
20181103-161254	 38	 29	 46	 55	 65
20181103-161259	 38	 28	 50	 62	 61
20181103-161304	 34	 26	 38	 46	 61
20181103-161309	  3	 12	  4	  5	 53
20181103-161314	  0	100	  1	  1	 14
20181103-161319	  0	  6	  1	  1	  7
20181103-161324	  0	  6	  1	  1	 15
20181103-161329	  0	  4	  1	  3	  7
20181103-161334	  0	  0	  1	  1	  4
20181103-161339	  0	  0	  0	  1	  1
20181103-161344	  0	  9	  1	  1	  0
20181103-161349	  0	 27	  1	  1	  2
20181103-161354	  0	 28	  2	  1	  3
20181103-161359	  0	 15	  1	  1	 12
20181103-161404	  0	 20	  1	  1	 14
20181103-161409	  1	 22	  1	  1	 18
20181103-161414	  0	100	  1	  1	 16
20181103-161419	  0	 15	  1	  1	 16
20181103-161424	  0	 14	  1	  1	 13
20181103-161429	 31	 22	  3	  6	 20
20181103-161434	 31	 75	 33	 50	 17
20181103-161439	100	100	 47	 62	 70
20181103-161444	100	 60	 50	 65	 79
20181103-161449	100	 48	 49	 64	 73
20181103-161454	100	100	 52	100	 72
20181103-161459	100	100	 55	 68	 76
20181103-161504	100	 47	 50	 68	 80
20181103-161509	 84	100	 51	 73	 78
20181103-161514	 72	 45	 51	 68	 99
20181103-161519	100	 46	 52	 70	 76
20181103-161524	 73	 45	 52	 68	 77
20181103-161529	100	 45	 56	 70	 76
20181103-161534	 73	100	 52	 69	 83
20181103-161539	 73	 45	 52	 74	 76
20181103-161544	100	 45	 51	 69	 81
20181103-161549	100	100	 51	 68	100
20181103-161554	 72	100	 53	 68	 85
20181103-161559	 71	 45	 55	 68	 76
20181103-161604	 72	100	 60	 69	 80
20181103-161609	100	 46	 51	 71	 85
20181103-161614	 75	 44	 50	 69	100
20181103-161619	 37	 36	 36	 48	 76
20181103-161624	  1	 15	  1	  2	 59
20181103-161629	  1	 15	  2	  2	 21
20181103-161634	  0	 14	  8	  1	 14
20181103-161639	  0	 14	  1	  1	 21
20181103-161644	  0	 14	  1	  5	 24
20181103-161649	  0	 14	  1	  1	 13
20181103-161654	  0	 15	  2	  1	 14
20181103-161659	  0	100	  1	  1	 21
20181103-161704	  0	 14	  1	  1	 17
20181103-161709	  1	100	  1	  1	 13
20181103-161714	  0	100	  1	  1	 12
20181103-161719	  0	 14	  1	  1	 26
20181103-161724	  0	100	  1	  1	 12
20181103-161729	  0	 14	  1	  1	 13
20181103-161734	  0	 14	  1	  2	 17
20181103-161739	  0	 14	  1	  1	 13
20181103-161744	  0	 14	  1	  1	 12
20181103-161749	  0	 10	  1	  1	 21
20181103-161754	  0	100	  2	  1	 12
20181103-161759	  0	 30	  1	  1	  1
20181103-161804	  0	100	  1	  1	  8
20181103-161809	 20	 18	  1	  1	 17
20181103-161814	 63	 57	 20	 25	 12
20181103-161819	100	 80	 39	100	 41
20181103-161824	100	 70	 49	 61	 75
20181103-161829	100	 47	 51	 65	 73
20181103-161834	100	100	 51	 66	 75
20181103-161839	100	 48	 52	 66	 75
20181103-161844	100	 49	 51	 68	 77
20181103-161849	100	 48	 54	 99	 78
20181103-161854	 81	 48	 52	 70	 82
20181103-161859	100	100	 54	100	 84
20181103-161904	100	100	 52	 67	 76
20181103-161909	100	 48	 52	 67	 76
20181103-161914	100	 49	 51	 69	 79
20181103-161919	100	 52	 52	 70	 83
20181103-161924	100	 47	 56	 67	 77
20181103-161929	 79	100	 55	 69	 75
20181103-161934	100	 46	 54	 67	 83
20181103-161939	100	 56	 52	 66	 77
20181103-161944	100	100	 51	 68	 78
20181103-161949	 79	 46	 53	 67	 99
20181103-161954	100	 46	 56	 68	 83
20181103-161959	100	100	 52	 63	 75
20181103-162004	 31	 36	 42	 53	 74
20181103-162009	  8	 24	 18	 21	 73
20181103-162014	  0	 15	  1	  1	 36
20181103-162019	  1	 15	  1	  1	 12
20181103-162024	  0	 15	  1	  2	 16
20181103-162029	  0	 14	  2	  2	 20
20181103-162034	  0	 14	  1	  2	 12
20181103-162039	  0	 15	  1	  1	 16
20181103-162044	  0	100	  1	  1	 19
20181103-162049	  0	 14	  1	  1	 13
20181103-162054	  0	 14	  2	  1	 13
20181103-162059	  0	 14	  1	  1	 21
20181103-162104	  0	100	  1	  1	 14
20181103-162109	  0	100	  1	  1	 12
20181103-162114	  0	 14	  1	  1	 16
20181103-162119	 11	100	  1	  1	 20
20181103-162124	 58	 24	 13	 18	 12
20181103-162129	 79	 37	 41	 53	 33
20181103-162134	100	100	 55	 65	 76
20181103-162139	100	 44	 66	 71	 61
20181103-162144	100	100	 66	 72	 59
20181103-162149	 85	 45	 97	 73	 60
20181103-162154	100	100	 66	 71	 64
20181103-162159	100	 48	 66	 73	 65
20181103-162204	 83	100	 66	 71	 60
20181103-162209	 83	 47	 66	 69	 67
20181103-162214	 81	 45	 66	 69	 62
20181103-162219	100	 47	 98	 72	 63
20181103-162224	100	100	 68	 72	 70
20181103-162229	100	100	 68	 75	 64
20181103-162234	100	100	 67	 72	 62
20181103-162239	 80	100	 67	 70	 67
20181103-162244	100	 45	 70	 71	 67
20181103-162249	100	 45	 71	 71	 66
20181103-162254	100	100	 72	 71	 63
20181103-162259	100	100	 67	 73	 70
20181103-162304	 81	 45	 66	 69	 63
20181103-162309	 71	 42	 60	 64	 62
20181103-162314	 33	 35	 52	 53	 66
20181103-162319	  8	 22	 15	 14	 54
20181103-162324	  0	 14	  6	  1	 22
20181103-162329	  0	 14	  1	  1	 16
20181103-162334	  0	 14	  1	  6	 20
20181103-162339	  0	 14	  1	  1	 12
20181103-162344	  0	100	  2	  2	 12
20181103-162349	  0	 14	  1	  1	 27
20181103-162354	  0	 14	  3	  1	 13
20181103-162359	  0	 14	  1	  1	 12
20181103-162404	  0	 14	  1	  1	 21
20181103-162409	  1	 15	  1	  1	 15
20181103-162414	  0	 15	  1	  1	 12
20181103-162419	  0	 14	  1	  1	 12
20181103-162424	  0	 14	  1	  1	 16
20181103-162429	  0	 15	  1	  1	 12
20181103-162434	  6	100	  1	  2	 12
20181103-162439	100	 23	 13	 14	 24
20181103-162444	100	 37	 50	 50	 21
20181103-162449	 90	100	 59	 60	 51
20181103-162454	100	100	 66	 67	 69
20181103-162459	100	 45	 66	 67	 65
20181103-162504	100	100	 66	 68	 62
20181103-162509	100	100	 66	 71	 64
20181103-162514	100	 47	 70	 68	 75
20181103-162519	100	 47	 69	 68	 63
20181103-162524	100	 47	 66	 66	 61
20181103-162529	100	100	 64	 68	 69
20181103-162534	100	 46	 68	 70	 65
20181103-162539	 82	 46	 69	 72	 69
20181103-162544	100	 45	 66	 68	 65
20181103-162549	 81	 46	 69	 69	 66
20181103-162554	100	 46	 97	 68	100
20181103-162559	100	 45	 67	 68	 68
20181103-162604	 81	100	 69	 68	 70
20181103-162609	 81	 46	 68	 70	 61
20181103-162614	 81	100	 66	 74	 63
20181103-162619	100	 45	 68	 69	 94
20181103-162624	 73	 42	 62	 60	 67
20181103-162629	 37	100	 45	 48	 58
20181103-162634	  8	 22	 16	 17	 54
20181103-162639	  1	 15	  1	  1	 34
20181103-162644	  0	 14	  1	  5	 16
20181103-162649	  0	 14	  2	  1	 16
20181103-162654	  0	100	  1	  1	 35
20181103-162659	  0	 15	  2	  1	 12
20181103-162704	  0	 12	  1	  1	 12
20181103-162709	  0	 14	  1	  1	  9
20181103-162714	  0	 27	  1	  1	  0
20181103-162719	  0	 29	  1	  1	  7
20181103-162724	  0	 15	  1	  1	 17
20181103-162729	  0	 26	  1	  1	 16
20181103-162734	  0	 16	  1	  2	 12
20181103-162739	  0	 16	  1	  1	 17
20181103-162744	  0	 14	  1	  1	 21
20181103-162749	  0	 14	  1	  1	 13
20181103-162754	  0	 14	  1	  1	 15
20181103-162759	  0	100	  2	  1	 23
20181103-162804	 28	 19	  1	  2	 12
20181103-162809	 74	 76	 44	 44	 14
20181103-162814	 82	 59	 63	 61	 98
20181103-162819	 56	 40	 60	 57	 83
20181103-162824	100	 38	 54	 53	 74
20181103-162829	 42	 36	 57	 43	 56
20181103-162834	 42	 36	 57	 42	 76
20181103-162839	100	100	 57	 44	 65
20181103-162844	 43	100	 59	 40	 68
20181103-162849	 43	100	 59	 45	 70
20181103-162854	 43	 37	 57	 44	 76
20181103-162859	100	100	 58	 44	 69
20181103-162904	 41	 36	 57	 44	 66
20181103-162909	 42	 37	 56	 47	 76
20181103-162914	 41	100	 60	 47	 67
20181103-162919	 42	 37	 56	 45	 68
20181103-162924	 42	 38	 58	 45	 68
20181103-162929	100	 37	 55	 45	 75
20181103-162934	 40	100	 55	 44	 65
20181103-162939	 41	100	 54	 44	 64
20181103-162944	 41	 36	 98	 45	 77
20181103-162949	 40	 34	 50	 41	 68
20181103-162954	  4	100	  8	  5	 60
20181103-162959	  0	100	  2	  1	 21
20181103-163004	  0	 13	  1	  1	 26
20181103-163009	  1	 14	  1	  1	 13
20181103-163014	  0	 14	  3	  2	 13
20181103-163019	  0	 14	  1	  1	 20
20181103-163024	  0	 13	  1	  1	 13
20181103-163029	  1	 13	  1	  1	 13
20181103-163034	  0	 14	  1	  2	 21
20181103-163039	  0	 13	  1	  1	 17
20181103-163044	  0	100	  1	  1	 12
20181103-163049	  0	 14	  1	  1	 19
20181103-163054	  0	 14	  1	  1	 19
20181103-163059	  0	 13	  2	  1	 14
20181103-163104	  0	 14	  1	  1	 13
20181103-163109	  1	 13	  1	  1	 21
20181103-163114	  0	 13	  1	  1	 17
20181103-163119	 55	100	 19	 17	 13
20181103-163124	 73	 37	 56	 47	 42
20181103-163129	 61	100	 68	 56	 71
20181103-163134	 45	 51	 69	 57	 80
20181103-163139	 45	 42	 68	 55	 82
20181103-163144	 44	100	 68	 57	 85
20181103-163149	 44	100	 67	 57	 83
20181103-163154	 44	 45	 70	 55	 78
20181103-163159	 43	 44	 69	 55	 84
20181103-163204	100	100	 68	 54	 77
20181103-163209	 44	100	 65	 55	 81
20181103-163214	100	 48	 66	 55	100
20181103-163219	 41	 45	 66	 59	 85
20181103-163224	 42	 42	 67	 54	 78
20181103-163229	 42	 43	 69	 54	 98
20181103-163234	100	 44	 64	 57	 81
20181103-163239	 42	 44	 63	 56	 79
20181103-163244	 41	100	 67	 55	 76
20181103-163249	 41	 44	 65	 60	 81
20181103-163254	 41	 46	 66	 55	 83
20181103-163259	 43	100	 69	 54	 78
20181103-163304	 28	 40	 58	 47	 77
20181103-163309	  5	 23	 21	 17	 74
20181103-163314	  0	 14	  1	  1	 39
20181103-163319	  1	 15	  1	  3	 14
20181103-163324	  0	 14	  1	  3	 13
20181103-163329	  0	 14	  1	  1	 25
20181103-163334	  0	 14	  2	  2	 13
20181103-163339	  0	 14	  1	  1	 14
20181103-163344	  0	 14	  1	  1	 17
20181103-163349	  0	100	  1	  1	 13
20181103-163354	  0	 14	  1	  1	 13
20181103-163359	  0	 14	  3	  1	 22
20181103-163404	  0	 15	  1	  1	 17
20181103-163409	  0	 15	  8	  1	 13
20181103-163414	  0	 14	  8	  1	 13
20181103-163419	  0	 14	  1	  1	 25
20181103-163424	  0	100	  1	  1	 12
20181103-163429	  0	 14	  1	  1	 12
20181103-163434	  0	 12	  1	  2	 20
20181103-163439	  0	 14	  1	  1	  2
20181103-163444	  0	 34	  1	  1	  1
20181103-163449	  0	 15	  1	  1	 22
20181103-163454	 23	 26	  2	  1	 13
20181103-163459	 63	100	 39	 34	 13
20181103-163504	 80	 64	 65	 62	 53
20181103-163509	 59	 34	 72	 70	 69
20181103-163514	 47	100	 70	 68	 65
20181103-163519	 47	100	 69	 69	 66
20181103-163524	 50	 33	100	 68	 67
20181103-163529	 49	 34	 70	 69	 68
20181103-163534	100	 33	 71	 73	100
20181103-163539	 51	 35	 76	 71	 72
20181103-163544	 51	 34	 71	 68	 67
20181103-163549	100	 33	 70	 68	 65
20181103-163554	100	 33	 69	 67	 66
20181103-163559	 49	100	 72	 69	 73
20181103-163604	 49	100	 71	 74	 66
20181103-163609	 47	100	 73	 70	 63
20181103-163614	 46	 33	 71	 69	 71
20181103-163619	 45	 34	 70	100	 67
20181103-163624	 47	 34	 69	 69	 67
20181103-163629	 49	 33	 68	 68	 69
20181103-163634	100	 32	 69	 73	 65
20181103-163639	 46	100	 66	 67	 72
20181103-163644	 18	100	 53	 49	 67
20181103-163649	  0	100	  2	  1	 55
20181103-163654	  1	 16	  1	  1	 17
20181103-163659	  0	 14	  2	  1	 13
20181103-163704	  0	100	  1	  3	 20
20181103-163709	  1	 14	  1	  1	 12
20181103-163714	  0	 14	  1	  1	 22
20181103-163719	  0	 13	  1	  1	 15
20181103-163724	  0	 13	  1	  1	 16
20181103-163729	  0	 14	  1	  1	 16
20181103-163734	  0	 13	  1	  1	 12
20181103-163739	  0	 14	  1	  2	 19
20181103-163744	  0	 10	  1	  1	 11
20181103-163749	  0	  9	  1	  1	 12
20181103-163754	  0	100	  1	  3	  8
20181103-163759	  0	100	  2	  8	  5
20181103-163804	  0	 15	  1	  1	 12
20181103-163809	  1	 23	  1	  1	 12
20181103-163814	  0	 16	  1	  1	 12
20181103-163819	  0	100	  1	  1	 19
20181103-163824	  0	 15	  1	  1	 17
20181103-163829	  0	100	  1	  1	 15
20181103-163834	  0	 14	  1	  1	 16
20181103-163839	  0	100	  1	  2	 12
20181103-163844	  0	100	  1	  1	 20
20181103-163849	100	 14	  1	  1	 12
20181103-163854	 49	 25	100	 12	 16
20181103-163859	100	 68	 43	 54	 31
20181103-163904	100	100	 67	 74	 67
20181103-163909	100	 36	 80	 81	 84
20181103-163914	100	 35	 79	 80	 89
20181103-163919	100	 39	 71	 74	 86
20181103-163924	 72	 38	 73	 73	 74
20181103-163929	100	 34	 74	100	 76
20181103-163934	100	 33	 70	100	 75
20181103-163939	 70	 32	 69	 71	 72
20181103-163944	 69	 32	 70	 71	 71
20181103-163949	100	 32	 70	 97	 71
20181103-163954	 75	 32	 68	 69	100
20181103-163959	100	100	 71	 67	 71
20181103-164004	 68	 32	 75	 70	 69
20181103-164009	 68	 33	 68	 69	 75
20181103-164014	100	 33	 68	 69	 70
20181103-164019	100	 33	 69	 74	 68
20181103-164024	 66	 33	 71	 69	 73
20181103-164029	 67	100	 68	 68	 80
20181103-164034	100	100	 72	 69	 67
20181103-164039	 59	 32	 59	 62	 69
20181103-164044	 29	 28	 43	 47	 68
20181103-164049	  6	 18	 13	 10	 59
20181103-164054	  1	 15	  1	  9	 23
20181103-164059	  0	 14	  2	  1	 19
20181103-164104	  0	 14	  4	  1	 22
20181103-164109	  0	100	  1	  2	 14
20181103-164114	  0	100	  1	  1	 13
20181103-164119	  0	 13	  1	  1	 29
20181103-164124	  0	 14	  1	  1	 13
20181103-164129	  0	 14	  1	  1	 12
20181103-164134	  0	 13	  1	  1	 17
20181103-164139	  0	 14	  1	  2	 21
20181103-164144	  0	 14	  1	  1	 13
20181103-164149	  0	100	  1	  1	 13
20181103-164154	  0	100	  1	 22	 25
20181103-164159	  0	 13	  3	 17	 14
20181103-164204	  0	 13	  1	  1	 13
20181103-164209	  0	 14	  1	  2	 17
20181103-164214	  0	 14	  1	  1	 13
20181103-164219	  0	 14	  1	  1	 13
20181103-164224	  0	 12	  1	  1	 21
20181103-164229	  0	 19	  1	  1	 15
20181103-164234	  0	 18	  1	  1	  1
20181103-164239	 12	100	  1	  2	  2
20181103-164244	100	100	 18	 20	 21
20181103-164249	 75	 72	 51	 46	 38
20181103-164254	100	100	 63	 54	 69
20181103-164259	 75	 35	 69	 56	 85
20181103-164304	100	 36	 68	 55	 78
20181103-164309	100	 37	 68	 55	 77
20181103-164314	100	 37	 68	 57	 81
20181103-164319	 52	 40	 57	 24	 78
20181103-164324	 35	 29	 80	  3	 68
20181103-164329	 34	 25	 55	  1	100
20181103-164334	 34	 32	 52	  0	 86
20181103-164339	 32	100	 48	  2	 77
20181103-164344	 39	100	 45	  1	 66
20181103-164349	 42	100	 45	  0	 69
20181103-164354	 41	 32	 44	  0	 76
20181103-164359	 40	 33	 52	  0	 61
20181103-164404	 42	 31	 46	  0	 64
20181103-164409	 43	 32	 46	  0	 65
20181103-164414	 43	100	 44	  0	 65
20181103-164419	 43	 32	 47	  0	100
20181103-164424	100	 31	 45	  0	 61
20181103-164429	 38	 31	 44	  0	 64
20181103-164434	 21	 30	 37	  0	 57
20181103-164439	  6	 22	 14	  2	 53
20181103-164444	  0	 15	  1	  1	 44
20181103-164449	  0	 14	  1	  0	 14
20181103-164454	  0	 14	  1	  0	 13
20181103-164459	  0	 14	  2	  0	 22
20181103-164504	  0	 14	  2	  0	 18
20181103-164509	  1	 14	  1	  0	 13
20181103-164514	  0	100	  1	  0	 13
20181103-164519	  0	 14	  1	  0	 22
20181103-164524	  0	100	  1	  0	 14
20181103-164529	  0	100	  1	  0	 13
20181103-164534	  0	 14	  1	  0	 21
20181103-164539	  0	 14	  1	  2	 17
20181103-164544	  0	 14	  1	  1	 12
20181103-164549	  0	 14	  1	  0	 22
20181103-164554	  0	 14	  1	  0	 13
20181103-164559	  0	 14	  1	  0	 18
20181103-164604	  0	100	  2	  0	 14
20181103-164609	  1	 14	  1	  0	 20
20181103-164614	  0	 14	  1	  0	 17
20181103-164619	  0	 14	  1	  1	 13
20181103-164624	  0	100	  1	  0	 21
20181103-164629	  1	100	  1	  0	 13
20181103-164634	  0	100	  1	  0	 17
20181103-164639	  0	 14	  1	 18	 21
20181103-164644	  0	 14	  1	 36	 13
20181103-164649	  0	 14	  1	 26	 18
20181103-164654	  0	100	  1	 26	 13
20181103-164659	  0	 14	  1	 26	100
20181103-164704	  0	 14	  2	 26	 13
20181103-164709	  1	100	  1	 26	 18
20181103-164714	  0	 14	  1	 25	 21
20181103-164719	  0	 14	  1	 25	 13
20181103-164724	  0	 14	  1	 26	 17
20181103-164729	  0	100	  2	 26	 21
20181103-164734	  0	 14	  1	 25	 13
20181103-164739	  0	 14	  1	 27	 13
20181103-164744	  0	 14	  1	 26	 17
20181103-164749	  0	 14	  1	 26	 21
20181103-164754	  0	100	  1	 25	 13
20181103-164759	  0	 14	  1	 27	 17
20181103-164804	  0	100	  2	 26	 22
20181103-164809	  1	 14	  1	 25	 13
20181103-164814	  0	100	  1	 26	 13
20181103-164819	  0	 14	  1	 25	 26
20181103-164824	  0	 14	  1	 27	 13
20181103-164829	  0	100	  1	 26	 13
20181103-164834	  0	 14	  1	 26	 17
20181103-164839	  0	 14	  1	 29	 21
20181103-164844	  0	 14	  1	 27	 13
20181103-164849	  0	 14	  1	 26	 13
20181103-164854	  0	 14	  1	 26	 17
20181103-164859	  0	 14	  1	 25	 13
20181103-164904	  0	 14	  2	 25	 15
20181103-164909	  1	 14	  1	 26	 27
20181103-164914	  0	 14	  1	 26	 18
20181103-164919	  0	 14	  1	 26	 15
20181103-164924	  0	 14	  1	 25	 21
20181103-164929	  0	 14	  1	 29	 18
20181103-164934	  0	100	  1	 26	 13
20181103-164939	  0	 14	  1	 27	 13
20181103-164944	  0	 14	  1	 27	 20
20181103-164949	  0	 14	  1	 25	 17
20181103-164954	  0	 14	  2	 45	 13
20181103-164959	  0	 14	  7	 38	 25
20181103-165004	  0	 14	  2	  1	 27
20181103-165009	  1	 14	  1	  1	 14
20181103-165014	  0	 14	  1	  1	 20
20181103-165019	  0	 14	  1	  7	 14
20181103-165024	  0	 14	  1	  1	 17
20181103-165029	  0	 14	  1	  1	 13
20181103-165034	  0	 14	  2	  0	 21
20181103-165039	  0	 14	  1	  2	 17
20181103-165044	  0	 14	  1	  1	 13
20181103-165049	  0	 14	  1	  1	 21
20181103-165054	  1	 14	  1	  1	 13
20181103-165059	  0	 14	  1	  1	 17
20181103-165104	  0	 14	  2	  1	 21
20181103-165109	  1	 14	  1	  1	 15
20181103-165114	  0	 14	  2	  1	 17
20181103-165119	  0	 14	  1	  1	 13
20181103-165124	  0	 14	  1	  1	 22
20181103-165129	  0	 14	  1	  1	 13
20181103-165134	  0	100	  1	  1	 18
20181103-165139	  0	 14	  1	  2	 21
20181103-165144	  0	 14	  1	  1	 13
20181103-165149	  0	 14	  1	  1	 17
20181103-165154	  0	 14	  1	  1	 19
20181103-165159	  0	 14	  1	  1	 14
20181103-165204	  0	 14	  2	  1	 14
20181103-165209	  1	 14	  1	  0	 18
20181103-165214	  0	 14	  1	  1	 21
20181103-165219	  0	100	  1	  1	 12
20181103-165224	  0	 14	  1	  1	 15
20181103-165229	  0	 14	  1	  0	 23
20181103-165234	  0	 14	  1	  1	 12
20181103-165239	  0	100	  1	  2	 13
20181103-165244	  0	 14	  2	  1	 24
20181103-165249	  0	 14	  1	  1	 14
20181103-165254	  0	 14	  1	  1	 12
20181103-165259	  0	 14	  1	  3	 14
20181103-165304	  0	 14	  2	  1	 26
20181103-165309	  1	 14	  1	  1	 13
20181103-165314	  0	 14	  1	  1	 12
20181103-165319	  0	 14	  1	  1	 17
20181103-165324	  0	100	  1	  1	 12
20181103-165329	  0	100	  2	  1	 12
20181103-165334	  0	 28	 13	 17	 20
20181103-165339	  0	 14	  1	  5	 46
20181103-165344	  0	100	  1	  3	 13
20181103-165349	  0	 14	  2	  1	 21
20181103-165354	  0	 14	  1	  1	 16
20181103-165359	  0	 14	  1	  1	 12
20181103-165404	  0	100	  2	  1	 13
20181103-165409	  1	100	  1	  1	 20
20181103-165414	  0	 14	  1	  1	 15
20181103-165419	  0	 14	  1	  1	 12
20181103-165424	  0	 14	  1	  1	 20
20181103-165429	  0	 14	  1	  1	 16
20181103-165434	  0	 14	  1	  1	 12
20181103-165439	  0	 14	  1	  2	 20
20181103-165444	  0	 14	  1	  1	 12
20181103-165449	  0	 14	  1	  1	 16
20181103-165454	  0	 14	  1	  1	 12
20181103-165459	  0	 14	  1	  1	 19
20181103-165504	  0	 14	  2	  1	 17
20181103-165509	  1	 14	  1	  1	 13
20181103-165514	  0	 14	  1	  1	 20
20181103-165519	  0	 14	  1	  1	 12
20181103-165524	  0	100	  1	  1	 17
20181103-165529	  0	 14	  1	  1	 20
20181103-165534	  0	 14	  1	  1	 12
20181103-165539	  0	 14	  1	  3	 16
20181103-165544	  0	 14	  2	  1	 12
20181103-165549	  0	 14	  1	  1	 19
20181103-165554	  0	 14	  1	  1	 11
20181103-165559	  0	 14	  1	  1	 17
20181103-165604	  0	 14	  2	  1	 21
20181103-165609	  1	 14	  1	  1	 12
20181103-165614	  0	 14	  1	  1	 14
20181103-165619	  0	 14	  1	  1	 23
20181103-165624	  0	 14	  1	  1	 11
20181103-165629	  0	 14	  1	  1	 12
20181103-165634	  0	 14	  1	  1	 19
20181103-165639	  0	100	  2	  2	 18
20181103-165644	  0	100	  1	  1	 12
20181103-165649	  0	100	  1	  1	 13
20181103-165654	  0	 14	  1	  1	 23
20181103-165659	  0	100	  1	  1	 12
20181103-165704	  0	 14	  2	  1	 13
20181103-165709	  1	 15	  1	  1	 23
20181103-165714	  0	100	  1	  1	 12
20181103-165719	  0	 14	  1	  1	 12
20181103-165724	  0	 14	  1	  1	 12
20181103-165729	  0	 14	  1	  1	 17
20181103-165734	  0	100	  1	  1	 12
20181103-165739	  0	 14	  1	  1	 14
20181103-165744	  0	 13	  1	  2	 24
20181103-165749	  0	 14	  1	  1	 13
20181103-165754	  0	 14	  1	  1	 12
20181103-165759	  0	 14	  1	  1	 20
20181103-165804	  0	 14	  2	  1	 17
20181103-165809	  1	 14	  1	  1	 12
20181103-165814	  0	 14	  1	  1	 26
20181103-165819	  0	 14	  1	  1	 17
20181103-165824	  0	100	  1	  1	 12
20181103-165829	  0	 14	  1	  1	 13
20181103-165834	  0	100	  1	  1	 20
20181103-165839	  0	 14	  1	  1	 16
20181103-165844	  0	100	  1	  3	 12
20181103-165849	  0	 14	  1	  1	 21
20181103-165854	  0	 14	  1	  1	 17
20181103-165859	  0	 14	  1	  1	 12
20181103-165904	  0	 14	  2	  1	 22
20181103-165909	  0	100	  1	  1	 12
20181103-165914	  0	 14	  1	  1	 17
20181103-165919	  0	 14	  1	  1	 12
20181103-165924	  0	100	  2	  1	 21
20181103-165929	  0	 14	  1	  1	 18
20181103-165934	  0	 14	  1	  1	 13
20181103-165939	  0	 14	  1	  1	 21
20181103-165944	  0	 14	  7	  7	 13
20181103-165949	  0	 14	  1	  1	 22
20181103-165954	  0	 14	  1	  1	 21
20181103-165959	  0	 14	  1	  1	 13
20181103-170004	  0	 14	  2	  1	 16
20181103-170009	  1	 15	 10	  2	 15
20181103-170014	  0	100	  1	  2	 22
20181103-170019	  0	100	  1	  1	 19
20181103-170024	  0	 14	  1	 14	 18
20181103-170029	  0	 14	  1	  4	 21
20181103-170034	  0	 14	  1	  1	 12
20181103-170039	  0	 14	  1	  2	 14
20181103-170044	  0	 14	  1	  3	 24
20181103-170049	  0	 14	  1	  1	 14
20181103-170054	  0	 14	  1	  9	 12
20181103-170059	  0	 14	  1	  1	 18
20181103-170104	  0	 14	  2	  1	 20
20181103-170109	  1	 14	  5	  1	 12
20181103-170114	  0	 14	  1	  2	 12
20181103-170119	  0	100	  1	  1	 28
20181103-170124	  0	 14	  1	  5	 12
20181103-170129	  0	 14	  1	  2	 12
20181103-170134	  0	 14	  1	  1	 26
20181103-170139	  0	100	  1	  1	 12
20181103-170144	  0	 14	  1	  2	 12
20181103-170149	  0	 14	  2	  1	 13
20181103-170154	  0	 14	  1	  1	 16
20181103-170159	  0	 14	  1	  1	 12
20181103-170204	  0	 14	  2	  1	 14
20181103-170209	  0	 14	  1	  1	 25
20181103-170214	  0	100	  1	  1	 12
20181103-170219	  0	 14	  1	  1	 13
20181103-170224	  0	 14	  1	  1	 21
20181103-170229	  0	 14	  1	  1	 16
20181103-170234	  0	100	  1	  1	 12
20181103-170239	  0	 14	  1	  1	 20
20181103-170244	  0	100	  1	  2	 17
20181103-170249	  0	 14	  1	  1	 12
20181103-170254	  0	100	  1	  1	 15
20181103-170259	  0	 14	  1	  1	 19
20181103-170304	  0	 14	  2	  1	 18
20181103-170309	  1	100	  1	  1	 12
20181103-170314	  0	100	  1	  1	 20
20181103-170319	  1	 14	  1	  1	 16
20181103-170324	  0	 14	  1	  1	 13
20181103-170329	  0	 14	  1	  1	 20
20181103-170334	  0	 14	  1	  1	 12
20181103-170339	  0	 14	  1	  1	 16
20181103-170344	  0	 14	  1	  2	 13
20181103-170349	  0	 14	  1	  1	 18
20181103-170354	  0	 14	  1	  1	 13
20181103-170359	  0	 14	  1	  1	 15
20181103-170404	  0	 14	  2	  1	 21
20181103-170409	  0	 14	  1	  1	 11
20181103-170414	  0	 14	  1	  1	 19
20181103-170419	  0	 14	  1	  1	 20
20181103-170424	  0	 14	  1	  1	 12
20181103-170429	  0	100	  1	  1	 12
20181103-170434	  0	 14	  1	  1	 18
20181103-170439	  0	 14	  1	  1	 17
20181103-170444	  0	 14	  1	  2	 12
20181103-170449	  0	 14	  1	  1	 16
20181103-170454	  0	100	  1	  1	 20
20181103-170459	  0	 14	  1	  1	 12
20181103-170504	  0	 14	  2	  1	 12
20181103-170509	  1	 15	  1	  1	 24
20181103-170514	  0	 15	  1	  1	 12
20181103-170519	  0	 15	  1	  1	 12
20181103-170524	  0	 14	  1	  1	 19
20181103-170529	  0	 14	  1	  1	 17
20181103-170534	  0	100	  1	  1	 12
20181103-170539	  0	 14	  1	  1	 12
20181103-170544	  0	 14	  1	  2	 23
20181103-170549	  0	 14	  1	  1	 13
20181103-170554	  0	 14	  1	  1	 12
20181103-170559	  0	 14	  1	  1	 16
20181103-170604	  0	 14	  2	  1	 13
20181103-170609	  0	 15	  1	  1	 11
20181103-170614	  0	 14	  1	  1	 20
20181103-170619	  0	 14	  1	  1	 17
20181103-170624	  0	 14	  1	  1	 11
20181103-170629	  0	 14	  1	  1	 16
20181103-170634	  0	 14	  1	  1	 20
20181103-170639	  0	 14	  1	  4	 12
20181103-170644	  0	 14	  1	  2	 12
20181103-170649	  0	 14	  1	  1	 20
20181103-170654	  0	 15	  1	  1	 17
20181103-170659	  0	100	  1	  1	 12
20181103-170704	  0	100	  2	  2	 21
20181103-170709	  0	 15	  1	  1	 17
20181103-170714	  0	 14	  1	  1	 14
20181103-170719	  0	 14	  1	  1	 15
20181103-170724	  0	 14	  1	  1	 16
20181103-170729	  0	 14	  1	  1	 17
20181103-170734	  0	 14	  1	  1	 12
20181103-170739	  0	100	  2	  1	 20
20181103-170744	  0	 14	  1	  2	 13
20181103-170749	  0	 14	  1	  1	 16
20181103-170754	  0	 14	  1	  2	 20
20181103-170759	  0	 14	  1	  1	 12
20181103-170804	  0	100	  2	  1	 18
20181103-170809	 58	100	 36	 63	 15
20181103-170814	 27	 29	 38	 55	 52
20181103-170819	  9	 27	 34	 42	 48
20181103-170824	  9	 27	 35	 34	 47
20181103-170829	  9	 27	 36	 37	 55
20181103-170834	  9	 28	 38	 39	 46
20181103-170839	  9	100	 38	 35	 48
20181103-170844	  9	 29	 41	 40	 57
20181103-170849	  9	 28	 38	 36	 48
20181103-170854	  8	100	 38	 36	 46
20181103-170859	  9	 29	 37	 38	 51
20181103-170904	  9	 29	 42	 38	 53
20181103-170909	  9	 29	 41	 35	 48
20181103-170914	  8	 29	 40	 37	 53
20181103-170919	  8	 30	 40	 35	 55
20181103-170924	  8	100	 40	 41	 51
20181103-170929	  8	 31	 42	 38	 48
20181103-170934	  8	 29	 40	 36	 55
20181103-170939	  8	 30	 39	 33	 55
20181103-170944	  1	 14	  1	  3	 48
20181103-170949	  0	 14	  1	  1	 18
20181103-170954	  0	 14	  1	  1	 20
20181103-170959	  6	 15	  1	  1	 12
20181103-171004	  1	 15	  2	  1	 14
20181103-171009	  0	100	  1	  1	 24
20181103-171014	  0	 14	  1	  1	 12
20181103-171019	  0	100	  1	  1	 13
20181103-171024	  0	 14	  1	  1	 21
20181103-171029	  0	 14	  1	  1	 15
20181103-171034	  0	100	  1	  1	 12
20181103-171039	  0	 14	  1	  1	 12
20181103-171044	  0	100	  1	  2	 25
20181103-171049	  0	100	  1	  1	 12
20181103-171054	  0	 14	  1	  1	 12
20181103-171059	  0	100	  1	  1	 16
20181103-171104	  0	 14	  2	  1	 13
20181103-171109	  0	 14	  1	  1	 12
20181103-171114	  0	 14	  1	  1	 20
20181103-171119	  0	100	  1	  1	 17
20181103-171124	  0	 14	  1	  1	 12
20181103-171129	  0	 15	  1	  1	 17
20181103-171134	  0	100	  1	  1	 19
20181103-171139	  0	100	  1	  1	 12
20181103-171144	  0	 14	  1	  2	 12
20181103-171149	  0	 14	  1	  1	 21
20181103-171154	  0	100	  1	  2	 16
20181103-171159	  0	 14	  1	  1	 12
20181103-171204	  0	 14	  2	  1	 21
20181103-171209	  0	 14	  1	  1	 17
20181103-171214	  0	 14	  1	  1	 12
20181103-171219	  0	100	  1	  1	 19
20181103-171224	  0	 14	  1	  1	 14
20181103-171229	  0	  6	  1	  1	 16
20181103-171234	  0	  0	  1	  1	  5
20181103-171239	  0	  0	  1	  1	  9
20181103-171244	  0	  0	  1	  2	  1
20181103-171249	  0	  0	  1	  1	  1
20181103-171254	  0	  0	  1	  1	  1
20181103-171259	  0	  0	  1	  1	  1
20181103-171304	  0	  0	  2	  1	  2
20181103-171309	  0	  0	  1	  1	  1
20181103-171314	  0	  0	  1	  1	  1
20181103-171319	  0	  0	  1	  1	  1
20181103-171324	  0	  0	  1	  1	  1
20181103-171329	  0	  0	  1	  1	  1
20181103-171334	  0	  0	  1	  1	  1
20181103-171339	  0	  0	  1	  1	  1
20181103-171344	  0	  0	  1	  2	  1
20181103-171349	  0	  0	  1	  1	  1
20181103-171354	  0	  0	  1	  1	  1
20181103-171359	  0	  0	  1	  1	  1
20181103-171404	  0	  0	  2	  1	  2
20181103-171409	  0	  0	  1	  1	  1
20181103-171414	  0	  0	  1	  1	  1
20181103-171419	  0	  0	  1	  1	  1
20181103-171424	  0	  0	  1	  1	  1
20181103-171429	  0	  0	  1	  1	  1
20181103-171434	  0	  0	  1	  1	  1
20181103-171439	  0	  0	  1	  1	  1
20181103-171444	  0	  0	  1	  2	  1
20181103-171449	  0	  0	  1	  1	  1
20181103-171454	  0	  0	  1	  1	  1
20181103-171459	  0	  0	  1	  1	  0
20181103-171504	  0	  0	  2	  1	  2
20181103-171509	  0	  0	  1	  1	  1
20181103-171514	 54	  0	 24	 22	  1
20181103-171519	 22	  0	 26	 25	 26
20181103-171524	  4	  0	 14	 16	 26
20181103-171529	  0	  0	  1	  1	 11
20181103-171534	  0	  0	  1	  1	  1
20181103-171539	  0	  0	  1	  1	  1
20181103-171544	  0	  0	  1	  2	  1
20181103-171549	  0	  0	  1	  1	  1
20181103-171554	  9	  0	  2	  2	  1
20181103-171559	  3	  0	  3	  4	  3
20181103-171604	  3	  0	  2	  1	  5
20181103-171609	 32	  0	  1	  2	  3
20181103-171614	 32	  0	 45	 44	  2
20181103-171619	100	  0	 56	 57	 43
20181103-171624	100	  0	 48	 62	 48
20181103-171629	100	  0	 48	 58	 55
20181103-171634	 64	  0	 37	 38	 53
20181103-171639	 24	  0	 37	 33	 32
20181103-171644	100	  0	 33	 34	 35
20181103-171649	 23	  0	 32	 31	 34
20181103-171654	 21	  0	 38	 35	 29
20181103-171659	 22	  0	 42	 34	 31
20181103-171704	 20	  0	 40	 37	 38
20181103-171709	 10	  0	 32	 25	 34
20181103-171714	  2	  0	  9	  6	 22
20181103-171719	  0	  0	  1	  1	  6
20181103-171724	  0	  0	  1	  1	  2
20181103-171729	  0	  0	  1	  1	  1
20181103-171734	  0	  0	  1	  1	  1
20181103-171739	  1	  0	  1	  1	  1
20181103-171744	  0	  0	  1	  2	  1
20181103-171749	  0	  0	  1	  1	  1
20181103-171754	  0	  0	  1	  1	  1
20181103-171759	  1	  0	  1	  1	  1
20181103-171804	  6	  0	  1	  1	  1
20181103-171809	  1	  0	  2	  1	  2
20181103-171814	  0	  0	  1	  1	  0
20181103-171819	  0	  0	  1	  1	  1
20181103-171824	  0	  0	  1	  1	  1
20181103-171829	  0	  0	  1	  1	  1
20181103-171834	  0	  0	  1	  1	  1
20181103-171839	  0	  0	  1	  1	  1
20181103-171844	  0	  0	  1	  2	  1
20181103-171849	  0	  0	  1	  1	  1
20181103-171854	  0	  0	  1	  1	  1
20181103-171859	  0	  0	  1	  1	  1
20181103-171904	  0	  0	  0	  1	  1
20181103-171909	  0	  0	  2	  1	  2
20181103-171914	  0	  0	  1	  1	  1
20181103-171919	  0	  0	  0	  1	  1
20181103-171924	  0	  0	  1	  1	  0
20181103-171929	  0	  0	  1	  1	  1
20181103-171934	  0	  0	  1	  1	  1
20181103-171939	  0	  0	  1	  1	  1
20181103-171944	  0	  0	  1	  2	  1
20181103-171949	  6	  0	  1	  1	  1
20181103-171954	  1	  0	  1	  1	  1
20181103-171959	  0	  0	  1	  1	  1
20181103-172004	  0	  0	  1	  1	  1
20181103-172009	  0	  0	  2	  1	  2
20181103-172014	  0	  0	  1	  1	  0
20181103-172019	  0	  0	  1	  1	  1
20181103-172024	  0	  0	  1	  1	  1
20181103-172029	  0	  0	  1	  1	  1
20181103-172034	  0	  0	  1	  1	  1
20181103-172039	  0	  0	  1	  1	  1
20181103-172044	  0	  0	  1	  2	  1
20181103-172049	  0	  0	  1	  1	  1
20181103-172054	  0	  0	  0	  1	  1
20181103-172059	  0	  0	  1	  1	  1
20181103-172104	  0	  0	  1	  1	  1
20181103-172109	  0	  0	  2	  1	  2
20181103-172114	  0	  0	  1	  1	  1
20181103-172119	  0	  0	  1	  1	  1
20181103-172124	  0	  0	  1	  1	  1
20181103-172129	  0	  0	  1	  1	  1
20181103-172134	  0	  0	  1	  1	  1
20181103-172139	  0	  0	  1	  1	  1
20181103-172144	  0	  0	  1	  2	  1
20181103-172149	  0	  0	  1	  1	  1
20181103-172154	  0	  0	  1	  1	  1
20181103-172159	  0	  0	  1	  1	  1
20181103-172204	  0	  0	  1	  1	  1
20181103-172209	  0	  0	  2	  1	  2
20181103-172214	  0	  0	  1	  1	  1
20181103-172219	  0	  0	  1	  1	  1
20181103-172224	  0	  0	  1	  1	  1
20181103-172229	  0	  0	  1	  1	  1
20181103-172234	  0	  0	  1	  1	  1
20181103-172239	  0	  0	  1	  1	  1
20181103-172244	  0	  0	  1	  2	  1
20181103-172249	  0	  0	  1	  1	  1
20181103-172254	  0	  0	  1	  1	  1
20181103-172259	  0	  0	  1	  1	  1
20181103-172304	  0	  0	  1	  1	  1
20181103-172309	  0	  0	  2	  1	  1
20181103-172314	  0	  0	  1	  1	  0
20181103-172319	  0	  0	  1	  1	  1
20181103-172324	  0	  0	  1	  1	  1
20181103-172329	  0	  0	  1	  1	  1
20181103-172334	  0	  0	  1	  1	  0
20181103-172339	  0	  0	  1	  1	  1
20181103-172344	  0	  0	  1	  2	  1
20181103-172349	  0	  0	  1	  1	  1
20181103-172354	  0	  0	  1	  1	  1
20181103-172359	  0	  0	  1	  1	  1
20181103-172404	  0	  0	  1	  1	  1
20181103-172409	  0	  0	  2	  1	  1
20181103-172414	  0	  0	  1	  1	  1
20181103-172419	  0	  0	  1	  1	  1
20181103-172424	  0	  0	  2	  1	  1
20181103-172429	  0	  0	  1	  1	  1
20181103-172434	  0	  0	  1	  1	  0
20181103-172439	  0	  0	  1	  1	  1
20181103-172444	  0	  0	  1	  2	  1
20181103-172449	  0	  0	  0	  1	  1
20181103-172454	  0	  0	  1	  1	  0
20181103-172459	  0	  0	  1	  1	  1
20181103-172504	  0	  0	  1	  1	  1
20181103-172509	  1	  0	  2	  1	  2
20181103-172514	  0	  0	  1	  1	  1
20181103-172519	  0	  0	  1	  1	  1
20181103-172524	  1	  0	  1	  2	  0
20181103-172529	  0	  0	  1	  1	  1
