TIME	CPU	WCPU	IO	MEM
20181103-140229	  1	  0	        10	56.40
20181103-140234	  0	  0	         9	56.40
20181103-140239	  0	  0	        13	56.41
20181103-140244	  1	  0	        15	56.39
20181103-140249	  1	  0	         5	56.40
20181103-140254	  1	  0	         8	56.40
20181103-140259	  1	  0	         8	56.40
20181103-140304	  0	  0	        14	56.40
20181103-140309	  1	  0	        48	56.40
20181103-140314	  0	  0	        17	56.40
20181103-140319	  1	  0	         5	56.40
20181103-140324	  0	  0	         8	56.40
20181103-140329	  1	  0	         8	56.40
20181103-140334	  0	  0	         8	56.41
20181103-140339	  0	  0	         8	56.41
20181103-140344	  1	  0	        17	56.40
20181103-140349	  2	  0	         5	56.40
20181103-140354	  0	  0	         9	56.40
20181103-140359	  0	  0	         7	56.40
20181103-140404	  1	  0	         9	56.40
20181103-140409	  1	  0	        15	56.41
20181103-140414	  1	  0	        21	56.40
20181103-140419	  1	  0	         5	56.41
20181103-140424	  0	  0	         8	56.41
20181103-140429	  1	  0	         7	56.41
20181103-140434	  1	  0	         7	56.41
20181103-140439	  1	  0	         9	56.41
20181103-140444	  1	  0	        15	56.40
20181103-140449	  2	  0	         8	56.41
20181103-140454	  1	  0	         5	56.41
20181103-140459	  1	  0	         7	56.41
20181103-140504	  1	  0	         6	56.41
20181103-140509	  1	  0	        15	56.42
20181103-140514	  1	  0	        17	56.41
20181103-140519	  1	  0	         5	56.41
20181103-140524	  1	  0	         7	56.42
20181103-140529	  1	  0	         8	56.42
20181103-140534	  1	  0	         6	56.42
20181103-140539	  1	  0	         7	56.42
20181103-140544	  1	  0	        10	56.41
20181103-140549	  1	  0	         8	56.41
20181103-140554	  0	  0	         5	56.41
20181103-140559	  1	  0	         7	56.41
20181103-140604	  0	  0	         6	56.41
20181103-140609	  1	  0	        15	56.41
20181103-140614	  1	  0	        24	56.41
20181103-140619	  1	  0	        10	56.42
20181103-140624	  1	  0	         5	56.42
20181103-140629	  1	  0	         7	56.41
20181103-140634	  0	  0	         6	56.41
20181103-140639	  0	  0	         7	56.41
20181103-140644	  1	  0	        16	56.41
20181103-140649	  2	  0	         8	56.42
20181103-140654	  0	  0	         6	56.42
20181103-140659	  1	  0	         7	56.42
20181103-140704	  1	  0	         6	56.42
20181103-140709	  1	  0	        15	56.42
20181103-140714	  1	  0	        14	56.41
20181103-140719	  1	  0	         7	56.41
20181103-140724	  0	  0	         5	56.41
20181103-140729	  1	  0	        11	56.42
20181103-140734	  0	  0	         6	56.41
20181103-140739	  1	  0	         7	56.42
20181103-140744	  1	  0	        13	56.41
20181103-140749	  2	  0	         5	56.42
20181103-140754	  0	  0	         5	56.43
20181103-140759	  1	  0	         7	56.43
20181103-140804	  0	  0	         9	56.43
20181103-140809	  1	  0	        15	56.42
20181103-140814	  1	  0	        23	56.43
20181103-140819	  1	  0	         5	56.43
20181103-140824	  1	  0	         5	56.42
20181103-140829	  1	  0	         7	56.42
20181103-140834	  1	  0	         6	56.43
20181103-140839	  1	  0	        11	56.43
20181103-140844	  1	  0	         8	56.42
20181103-140849	  2	  0	         5	56.42
20181103-140854	  1	  0	         5	56.42
20181103-140859	  1	  0	         7	56.42
20181103-140904	  0	  0	         6	56.43
20181103-140909	  1	  0	        15	56.43
20181103-140914	  1	  0	        22	56.43
20181103-140919	  1	  0	         5	56.42
20181103-140924	  0	  0	         5	56.42
20181103-140929	  0	  0	         8	56.42
20181103-140934	  0	  0	         7	56.42
20181103-140939	  1	  0	         8	56.42
20181103-140944	  1	  0	        18	56.42
20181103-140949	  2	  0	         5	56.42
20181103-140954	  0	  0	         5	56.43
20181103-140959	  1	  0	         7	56.42
20181103-141004	  0	  0	         7	56.43
20181103-141009	  1	  0	        22	56.43
20181103-141014	  0	  0	        24	56.43
20181103-141019	  1	  0	         6	56.43
20181103-141024	  0	  0	         5	56.42
20181103-141029	  0	  0	         7	56.42
20181103-141034	  0	  0	         6	56.43
20181103-141039	  0	  0	        12	56.42
20181103-141044	  1	  0	        10	56.41
20181103-141049	  2	  0	         5	56.42
20181103-141054	  0	  0	         7	56.42
20181103-141059	  0	  0	         7	56.42
20181103-141104	  0	  0	         6	56.42
20181103-141109	  1	  0	        17	56.43
20181103-141114	  1	  0	        21	56.42
20181103-141119	  1	  0	         5	56.42
20181103-141124	  0	  0	         5	56.42
20181103-141129	  1	  0	        11	56.42
20181103-141134	  0	  0	         6	56.42
20181103-141139	  1	  0	         8	56.43
20181103-141144	  1	  0	         8	56.42
20181103-141149	  1	  0	         5	56.43
20181103-141154	  1	  0	         5	56.43
20181103-141159	  1	  0	         7	56.43
20181103-141204	  0	  0	        10	56.43
20181103-141209	  1	  0	        17	56.43
20181103-141214	  1	  0	        24	56.42
20181103-141219	  1	  0	         5	56.43
20181103-141224	  1	  0	         5	56.43
20181103-141229	  1	  0	         7	56.43
20181103-141234	  1	  0	         7	56.43
20181103-141239	  1	  0	        12	56.43
20181103-141244	  1	  0	        16	56.42
20181103-141249	  2	  0	         5	56.43
20181103-141254	  1	  0	         5	56.43
20181103-141259	  0	  0	         7	56.43
20181103-141304	  0	  0	         7	56.42
20181103-141309	  1	  0	        14	56.42
20181103-141314	  1	  0	        19	56.42
20181103-141319	  1	  0	         5	56.42
20181103-141324	  1	  0	         5	56.43
20181103-141329	  1	  0	         9	56.43
20181103-141334	  0	  0	         8	56.43
20181103-141339	  1	  0	         9	56.43
20181103-141344	  1	  0	        10	56.42
20181103-141349	  1	  0	         5	56.42
20181103-141354	  0	  0	         5	56.43
20181103-141359	  0	  0	         7	56.42
20181103-141404	  0	  0	        10	56.42
20181103-141409	  1	  0	        13	56.43
20181103-141414	  0	  0	        25	56.42
20181103-141419	  1	  0	         6	56.43
20181103-141424	  0	  0	         5	56.42
20181103-141429	  1	  0	         7	56.43
20181103-141434	  0	  0	        10	56.43
20181103-141439	  1	  0	         5	56.43
20181103-141444	  1	  0	        12	56.42
20181103-141449	  1	  0	         5	56.43
20181103-141454	  1	  0	         7	56.42
20181103-141459	  1	  0	         7	56.43
20181103-141504	  0	  0	         8	56.43
20181103-141509	  1	  0	        11	56.43
20181103-141514	  0	  0	        18	56.42
20181103-141519	  1	  0	         5	56.42
20181103-141524	  0	  0	         5	56.43
20181103-141529	  0	  0	        11	56.43
20181103-141534	  1	  0	         9	56.43
20181103-141539	  0	  0	         5	56.43
20181103-141544	  1	  0	        12	56.42
20181103-141549	  1	  0	         5	56.43
20181103-141554	  0	  0	         5	56.43
20181103-141559	  0	  0	        10	56.43
20181103-141604	  0	  0	         7	56.42
20181103-141609	  1	  0	        11	56.42
20181103-141614	  0	  0	        25	56.42
20181103-141619	  1	  0	         5	56.42
20181103-141624	  0	  0	         5	56.43
20181103-141629	  0	  0	         7	56.42
20181103-141634	  0	  0	        11	56.42
20181103-141639	  0	  0	         6	56.43
20181103-141644	  1	  0	        14	56.42
20181103-141649	  1	  0	         5	56.42
20181103-141654	  0	  0	         5	56.42
20181103-141659	  0	  0	        10	56.42
20181103-141704	  0	  0	         7	56.43
20181103-141709	  1	  0	        11	56.43
20181103-141714	  0	  0	        16	56.42
20181103-141719	  0	  0	         5	56.42
20181103-141724	  0	  0	         5	56.42
20181103-141729	  0	  0	        11	56.43
20181103-141734	  1	  0	         7	56.42
20181103-141739	  0	  0	         5	56.46
20181103-141744	  1	  0	        11	56.44
20181103-141749	  1	  0	         5	56.44
20181103-141754	  1	  0	         5	56.44
20181103-141759	  0	  0	         9	56.45
20181103-141804	  0	  0	         7	56.45
20181103-141809	  1	  0	        11	56.45
20181103-141814	  0	  0	        24	56.45
20181103-141819	  1	  0	         8	56.44
20181103-141824	  0	  0	         5	56.44
20181103-141829	  0	  0	         8	56.44
20181103-141834	  0	  0	         6	56.43
20181103-141839	  1	  0	         5	56.44
20181103-141844	  1	  0	        12	56.44
20181103-141849	  1	  0	         5	56.44
20181103-141854	  1	  0	         8	56.44
20181103-141859	  0	  0	         5	56.44
20181103-141904	  1	  0	         8	56.44
20181103-141909	  1	  0	        11	56.44
20181103-141914	  0	  0	        19	56.45
20181103-141919	  1	  0	         5	56.44
20181103-141924	  0	  0	         5	56.44
20181103-141929	  1	  0	        10	56.44
20181103-141934	  0	  0	         8	56.44
20181103-141939	  0	  0	         5	56.44
20181103-141944	  1	  0	        11	56.42
20181103-141949	  1	  0	         5	56.43
20181103-141954	  0	  0	         7	56.42
20181103-141959	  0	  0	         5	56.42
20181103-142004	  0	  0	        10	56.42
20181103-142009	  1	  0	        11	56.43
20181103-142014	  0	  0	        25	56.42
20181103-142019	  1	  0	         5	56.42
20181103-142024	  0	  0	         8	56.42
20181103-142029	  0	  0	         5	56.43
20181103-142034	  0	  0	         8	56.43
20181103-142039	  0	  0	         7	56.43
20181103-142044	  1	  0	        16	56.42
20181103-142049	  2	  0	         5	56.42
20181103-142054	  0	  0	         7	56.43
20181103-142059	  0	  0	         5	56.43
20181103-142104	  1	  0	         8	56.43
20181103-142109	  1	  0	        11	56.43
20181103-142114	  1	  0	        17	56.44
20181103-142119	  1	  0	         5	56.43
20181103-142124	  0	  0	         7	56.43
20181103-142129	  0	  0	         5	56.44
20181103-142134	  0	  0	         8	56.43
20181103-142139	  1	  0	         5	56.42
20181103-142144	  1	  0	        14	56.42
20181103-142149	  1	  0	         6	56.42
20181103-142154	  1	  0	         5	56.42
20181103-142159	  1	  0	         5	56.42
20181103-142204	  1	  0	         8	56.42
20181103-142209	  1	  0	        11	56.43
20181103-142214	  1	  0	        25	56.43
20181103-142219	  1	  0	         9	56.42
20181103-142224	  0	  0	         5	56.43
20181103-142229	  1	  0	         5	56.43
20181103-142234	  0	  0	         5	56.43
20181103-142239	  0	  0	         8	56.43
20181103-142244	  1	  0	        13	56.43
20181103-142249	  2	  0	         8	56.43
20181103-142254	  0	  0	         6	56.43
20181103-142259	  0	  0	         5	56.43
20181103-142304	  0	  0	         5	56.43
20181103-142309	  1	  0	        15	56.43
20181103-142314	  0	  0	        19	56.44
20181103-142319	  1	  0	         8	56.43
20181103-142324	  0	  0	         5	56.43
20181103-142329	  0	  0	         6	56.42
20181103-142334	  0	  0	         5	56.42
20181103-142339	  0	  0	         8	56.43
20181103-142344	  1	  0	        13	56.43
20181103-142349	  2	  0	         5	56.43
20181103-142354	  1	  0	         5	56.42
20181103-142359	  1	  0	         5	56.43
20181103-142404	  1	  0	         7	56.43
20181103-142409	  1	  0	        14	56.43
20181103-142414	  1	  0	        25	56.43
20181103-142419	  1	  0	         7	56.42
20181103-142424	  0	  0	         5	56.42
20181103-142429	  1	  0	         5	56.42
20181103-142434	  0	  0	         5	56.42
20181103-142439	  1	  0	        10	56.43
20181103-142444	  1	  0	        14	56.41
20181103-142449	  1	  0	         5	56.43
20181103-142454	  0	  0	         5	56.43
20181103-142459	  0	  0	         5	56.43
20181103-142504	  0	  0	         5	56.43
20181103-142509	  1	  0	        15	56.42
20181103-142514	  1	  0	        18	56.42
20181103-142519	  1	  0	         5	56.43
20181103-142524	  0	  0	         5	56.42
20181103-142529	  1	  0	         5	56.43
20181103-142534	  0	  0	         5	56.42
20181103-142539	  1	  0	         8	56.43
20181103-142544	  1	  0	        14	56.42
20181103-142549	  2	  0	         5	56.43
20181103-142554	  1	  0	         5	56.44
20181103-142559	  1	  0	         5	56.43
20181103-142604	  0	  0	         5	56.42
20181103-142609	  1	  0	        14	56.43
20181103-142614	  1	  0	        31	56.43
20181103-142619	  1	  0	         5	56.43
20181103-142624	  0	  0	         5	56.42
20181103-142629	  0	  0	         5	56.42
20181103-142634	  1	  0	         5	56.43
20181103-142639	  0	  0	         9	56.43
20181103-142644	  1	  0	        23	56.42
20181103-142649	  2	  0	         5	56.42
20181103-142654	  0	  0	         6	56.42
20181103-142659	  0	  0	         5	56.42
20181103-142704	  0	  0	         5	56.42
20181103-142709	  1	  0	        14	56.42
20181103-142714	  1	  0	        17	56.42
20181103-142719	  1	  0	         5	56.42
20181103-142724	  1	  0	         5	56.42
20181103-142729	  1	  0	         6	56.42
20181103-142734	  0	  0	         5	56.43
20181103-142739	  1	  0	         8	56.43
20181103-142744	  1	  0	        15	56.42
20181103-142749	  1	  0	         5	56.43
20181103-142754	  1	  0	         5	56.44
20181103-142759	  1	  0	         5	56.43
20181103-142804	  0	  0	         8	56.43
20181103-142809	  1	  0	        16	56.43
20181103-142814	  1	  0	        20	56.42
20181103-142819	  5	  0	         5	56.42
20181103-142824	  1	  0	         5	56.42
20181103-142829	  1	  0	         5	56.44
20181103-142834	  1	  0	        11	56.45
20181103-142839	  1	  0	       147	56.46
20181103-142844	  1	  0	        18	56.46
20181103-142849	  2	  0	        10	56.45
20181103-142854	  1	  0	         5	56.45
20181103-142859	  3	  0	         7	56.47
20181103-142904	  0	  0	        10	56.47
20181103-142909	  1	  0	        14	56.47
20181103-142914	  1	  0	        45	56.48
20181103-142919	  1	  0	        18	56.47
20181103-142924	  1	  0	         6	56.48
20181103-142929	  1	  0	         5	56.48
20181103-142934	  1	  0	         5	56.48
20181103-142939	  1	  0	        10	56.48
20181103-142944	  1	  0	        13	56.48
20181103-142949	  1	  0	        11	56.49
20181103-142954	  1	  0	         6	56.49
20181103-142959	  1	  0	         5	56.48
20181103-143004	  0	  0	         5	56.49
20181103-143009	  1	  0	        14	56.49
20181103-143014	  1	  0	        19	56.49
20181103-143019	  1	  0	        10	56.48
20181103-143024	  0	  0	        10	56.47
20181103-143029	  1	  0	         5	56.48
20181103-143034	  0	  0	         5	56.49
20181103-143039	  1	  0	         9	56.48
20181103-143044	  1	  0	         9	56.47
20181103-143049	  1	  0	        10	56.48
20181103-143054	  1	  0	         5	56.47
20181103-143059	  1	  0	         6	56.47
20181103-143104	  1	  0	         5	56.47
20181103-143109	  1	  0	        14	56.47
20181103-143114	  1	  0	        14	56.47
20181103-143119	  1	  0	         9	56.47
20181103-143124	  1	  0	         7	56.47
20181103-143129	  1	  0	         5	56.47
20181103-143134	  1	  0	         7	56.46
20181103-143139	  1	  0	         8	56.48
20181103-143144	  1	  0	         8	56.46
20181103-143149	  1	  0	         9	56.47
20181103-143154	  1	  0	         5	56.48
20181103-143159	  1	  0	         5	56.47
20181103-143204	  1	  0	         5	56.47
20181103-143209	  1	  0	        17	56.47
20181103-143214	  1	  0	        15	56.47
20181103-143219	  1	  0	        11	56.47
20181103-143224	  1	  0	         5	56.47
20181103-143229	  1	  0	         5	56.47
20181103-143234	  1	  0	         5	56.50
20181103-143239	  1	  0	         9	56.50
20181103-143244	  1	  0	        12	56.50
20181103-143249	  2	  0	         9	56.50
20181103-143254	  1	  0	         5	56.50
20181103-143259	  1	  0	         5	56.51
20181103-143304	  0	  0	         7	56.50
20181103-143309	  1	  0	        16	56.50
20181103-143314	  0	  0	         9	56.50
20181103-143319	  1	  0	        13	56.50
20181103-143324	  1	  0	         5	56.50
20181103-143329	  1	  0	         5	56.49
20181103-143334	  0	  0	         5	56.50
20181103-143339	  1	  0	         9	56.50
20181103-143344	  1	  0	        17	56.50
20181103-143349	  2	  0	        15	56.50
20181103-143354	  1	  0	         6	56.51
20181103-143359	  1	  0	         5	56.50
20181103-143404	  1	  0	         5	56.50
20181103-143409	  1	  0	        15	56.51
20181103-143414	  1	  0	        17	56.51
20181103-143419	  1	  0	         7	56.50
20181103-143424	  0	  0	         5	56.50
20181103-143429	  1	  0	         6	56.50
20181103-143434	  1	  0	         5	56.50
20181103-143439	  1	  0	         9	56.49
20181103-143444	  1	  0	        12	56.49
20181103-143449	  1	  0	        13	56.49
20181103-143454	  1	  0	         5	56.50
20181103-143459	  0	  0	         5	56.50
20181103-143504	  0	  0	         7	56.50
20181103-143509	  1	  0	        14	56.50
20181103-143514	  1	  0	        15	56.50
20181103-143519	  0	  0	         5	56.50
20181103-143524	  0	  0	         5	56.51
20181103-143529	  0	  0	         5	56.50
20181103-143534	  0	  0	         5	56.50
20181103-143539	  1	  0	        10	56.51
20181103-143544	  1	  0	        12	56.49
20181103-143549	  2	  0	        17	56.50
20181103-143554	  1	  0	         5	56.50
20181103-143559	  1	  0	         5	56.50
20181103-143604	  1	  0	         5	56.49
20181103-143609	  1	  0	        14	56.50
20181103-143614	  1	  0	        20	56.50
20181103-143619	  1	  0	        15	56.50
20181103-143624	  1	  0	         5	56.50
20181103-143629	  1	  0	         5	56.50
20181103-143634	  1	  0	         5	56.50
20181103-143639	  1	  0	         9	56.51
20181103-143644	  1	  0	        12	56.76
20181103-143649	  2	  0	         8	56.49
20181103-143654	  1	  0	         5	56.51
20181103-143659	  0	  0	         5	56.50
20181103-143704	  1	  0	         5	56.50
20181103-143709	  1	  0	        18	56.50
20181103-143714	  1	  0	        15	56.50
20181103-143719	  0	  0	         7	56.50
20181103-143724	  1	  0	         5	56.50
20181103-143729	  1	  0	         5	56.50
20181103-143734	  1	  0	         5	56.50
20181103-143739	  1	  0	         8	56.50
20181103-143744	  1	  0	        12	56.50
20181103-143749	  1	  0	        15	56.49
20181103-143754	  1	  0	         6	56.50
20181103-143759	  1	  0	         5	56.50
20181103-143804	  1	  0	         5	56.49
20181103-143809	  1	  0	        17	56.50
20181103-143814	  0	  0	        15	56.50
20181103-143819	  1	  0	         6	56.50
20181103-143824	  1	  0	         5	56.50
20181103-143829	  1	  0	         7	56.50
20181103-143834	  1	  0	         5	56.50
20181103-143839	  1	  0	        11	56.50
20181103-143844	  1	  0	        12	56.52
20181103-143849	 12	  0	         8	56.54
20181103-143854	 35	  0	         5	56.54
20181103-143859	 33	  0	         5	56.54
20181103-143904	 35	  0	         7	56.54
20181103-143909	 36	  0	        15	56.55
20181103-143914	 42	  0	        14	56.55
20181103-143919	 42	  0	         5	56.55
20181103-143924	 41	  0	         5	56.57
20181103-143929	 45	  0	         5	56.56
20181103-143934	 43	  0	         5	56.56
20181103-143939	 43	  0	        15	56.55
20181103-143944	 39	  0	        11	56.57
20181103-143949	 40	  0	         6	56.55
20181103-143954	 42	  0	         5	56.56
20181103-143959	 36	  0	         5	56.55
20181103-144004	 38	  0	         8	56.55
20181103-144009	 41	  0	        16	56.56
20181103-144014	 36	  0	        19	56.55
20181103-144019	 40	  0	        10	56.55
20181103-144024	 41	  0	         5	56.55
20181103-144029	 24	  0	         5	56.54
20181103-144034	  1	  0	         8	56.53
20181103-144039	  1	  0	         8	56.54
20181103-144044	  1	  0	        11	56.53
20181103-144049	  1	  0	         7	56.53
20181103-144054	  2	  0	         5	56.53
20181103-144059	  1	  0	         5	56.53
20181103-144104	  1	  0	         7	56.53
20181103-144109	  1	  0	        15	56.53
20181103-144114	  1	  0	        14	56.53
20181103-144119	  1	  0	        11	56.52
20181103-144124	  1	  0	         5	56.53
20181103-144129	  1	  0	         5	56.53
20181103-144134	  1	  0	         7	56.53
20181103-144139	  1	  0	         8	56.53
20181103-144144	  1	  0	         9	56.53
20181103-144149	  1	  0	         7	56.52
20181103-144154	  2	  0	         8	56.52
20181103-144159	  1	  0	         6	56.52
20181103-144204	  1	  0	         5	56.52
20181103-144209	  1	  0	        14	56.53
20181103-144214	  1	  0	        15	56.53
20181103-144219	  1	  0	        10	56.52
20181103-144224	  1	  0	         5	56.52
20181103-144229	  1	  0	         8	56.53
20181103-144234	  1	  0	         6	56.53
20181103-144239	  1	  0	         8	56.53
20181103-144244	  1	  0	         8	56.53
20181103-144249	  1	  0	         8	56.51
20181103-144254	  2	  0	         5	56.52
20181103-144259	  1	  0	         8	56.52
20181103-144304	  1	  0	         7	56.52
20181103-144309	  1	  0	        14	56.53
20181103-144314	  1	  0	        14	56.52
20181103-144319	  1	  0	         5	56.53
20181103-144324	  1	  0	         5	56.53
20181103-144329	  1	  0	         7	56.52
20181103-144334	  1	  0	         5	56.53
20181103-144339	  1	  0	        10	56.53
20181103-144344	  1	  0	         9	56.53
20181103-144349	  1	  0	         6	56.52
20181103-144354	  2	  0	         5	56.53
20181103-144359	  1	  0	         7	56.52
20181103-144404	  1	  0	         5	56.52
20181103-144409	  1	  0	        15	56.52
20181103-144414	  1	  0	        17	56.51
20181103-144419	  1	  0	        10	56.52
20181103-144424	  1	  0	         5	56.52
20181103-144429	  1	  0	         7	56.52
20181103-144434	  1	  0	         5	56.51
20181103-144439	  1	  0	         9	56.51
20181103-144444	  1	  0	         7	56.52
20181103-144449	  1	  0	        14	56.51
20181103-144454	  2	  0	         7	56.51
20181103-144459	  1	  0	         5	56.51
20181103-144504	  1	  0	         5	56.51
20181103-144509	  1	  0	        16	56.51
20181103-144514	  1	  0	        10	56.51
20181103-144519	  1	  0	        11	56.52
20181103-144524	  1	  0	         7	56.52
20181103-144529	  1	  0	         7	56.51
20181103-144534	  1	  0	         5	56.52
20181103-144539	  1	  0	         9	56.51
20181103-144544	  1	  0	         6	56.51
20181103-144549	  1	  0	         8	56.52
20181103-144554	  2	  0	         9	56.51
20181103-144559	  1	  0	         5	56.51
20181103-144604	  1	  0	         5	56.52
20181103-144609	  1	  0	        14	56.52
20181103-144614	  1	  0	        10	56.51
20181103-144619	  1	  0	        16	56.51
20181103-144624	  1	  0	         8	56.51
20181103-144629	  1	  0	         6	56.51
20181103-144634	  1	  0	         5	56.50
20181103-144639	  1	  0	         8	56.52
20181103-144644	  1	  0	         7	56.52
20181103-144649	  1	  0	        11	56.60
20181103-144654	  4	  0	        12	56.53
20181103-144659	  1	  0	         5	56.53
20181103-144704	  1	  0	         7	56.53
20181103-144709	  1	  0	        15	56.53
20181103-144714	  1	  0	        11	56.53
20181103-144719	  1	  0	        19	56.54
20181103-144724	  1	  0	         8	56.52
20181103-144729	  1	  0	         6	56.52
20181103-144734	  1	  0	         5	56.52
20181103-144739	  1	  0	        10	56.52
20181103-144744	  1	  0	         6	56.52
20181103-144749	  1	  0	        13	56.51
20181103-144754	  2	  0	         5	56.52
20181103-144759	  1	  0	         6	56.52
20181103-144804	  1	  0	         5	56.52
20181103-144809	  1	  0	        15	56.52
20181103-144814	  1	  0	        13	56.52
20181103-144819	  1	  0	        16	56.52
20181103-144824	  1	  0	         5	56.51
20181103-144829	  1	  0	         5	56.51
20181103-144834	  1	  0	         5	56.54
20181103-144839	  1	  0	         8	56.55
20181103-144844	  2	  0	        13	56.54
20181103-144849	  1	  0	        23	57.21
20181103-144854	  7	  0	         5	56.55
20181103-144859	  3	  0	         8	56.56
20181103-144904	  1	  0	         5	56.56
20181103-144909	  1	  0	        15	56.55
20181103-144914	  3	  0	        11	56.56
20181103-144919	  1	  0	        43	56.55
20181103-144924	  1	  0	         8	56.52
20181103-144929	  1	  0	         7	56.51
20181103-144934	  1	  0	         6	56.52
20181103-144939	  1	  0	         8	56.79
20181103-144944	 25	  0	         7	57.00
20181103-144949	 48	  0	        18	57.08
20181103-144954	 51	  0	         8	57.14
20181103-144959	 50	  0	        10	57.21
20181103-145004	 51	  0	         5	57.14
20181103-145009	 51	  0	        15	57.10
20181103-145014	 51	  0	         7	57.20
20181103-145019	 52	  0	        23	57.26
20181103-145024	 51	  0	         8	57.18
20181103-145029	 50	  0	         5	57.25
20181103-145034	 50	  0	         6	57.49
20181103-145039	 50	  0	         9	57.35
20181103-145044	 48	  0	         6	57.30
20181103-145049	 49	  0	        15	57.19
20181103-145054	 45	  0	         5	57.16
20181103-145059	 49	  0	         5	57.17
20181103-145104	 45	  0	         7	57.12
20181103-145109	 44	  0	        15	57.11
20181103-145114	 47	  0	        10	57.10
20181103-145119	 48	  0	        20	57.15
20181103-145124	 29	  0	         5	57.07
20181103-145129	  1	  0	         5	56.95
20181103-145134	  1	  0	         5	56.83
20181103-145139	  1	  0	        11	56.71
20181103-145144	  1	  0	         6	56.64
20181103-145149	  1	  0	        13	56.61
20181103-145154	  2	  0	         5	56.60
20181103-145159	  1	  0	         5	56.61
20181103-145204	  1	  0	         6	56.61
20181103-145209	  1	  0	        14	56.60
20181103-145214	  1	  0	        13	56.59
20181103-145219	  1	  0	        10	56.59
20181103-145224	  1	  0	         5	56.60
20181103-145229	  1	  0	         6	56.59
20181103-145234	  1	  0	         5	56.59
20181103-145239	  0	  0	        10	56.59
20181103-145244	  1	  0	        11	56.58
20181103-145249	  1	  0	        25	56.57
20181103-145254	  2	  0	         5	56.57
20181103-145259	  1	  0	         5	56.57
20181103-145304	  1	  0	         5	56.57
20181103-145309	  1	  0	        15	56.57
20181103-145314	  1	  0	        10	56.57
20181103-145319	  1	  0	        14	56.56
20181103-145324	  1	  0	         6	56.57
20181103-145329	  1	  0	         5	56.56
20181103-145334	  1	  0	         5	56.56
20181103-145339	  1	  0	         9	56.56
20181103-145344	  1	  0	         8	56.57
20181103-145349	  1	  0	        16	56.56
20181103-145354	  2	  0	         5	56.55
20181103-145359	  1	  0	         7	56.57
20181103-145404	  1	  0	         5	56.56
20181103-145409	  1	  0	        15	56.56
20181103-145414	  0	  0	        11	56.57
20181103-145419	  1	  0	        11	56.56
20181103-145424	  1	  0	         5	56.56
20181103-145429	  1	  0	         5	56.57
20181103-145434	  1	  0	         7	56.56
20181103-145439	  0	  0	         9	56.57
20181103-145444	  1	  0	         9	56.57
20181103-145449	  0	  0	        18	56.55
20181103-145454	  2	  0	         5	56.57
20181103-145459	  1	  0	         5	56.57
20181103-145504	  0	  0	         5	56.56
20181103-145509	  1	  0	        18	56.56
20181103-145514	  1	  0	        11	56.57
20181103-145519	  1	  0	        14	56.56
20181103-145524	  1	  0	         5	56.57
20181103-145529	  1	  0	         5	56.56
20181103-145534	  0	  0	         5	56.56
20181103-145539	  1	  0	         8	56.56
20181103-145544	  1	  0	        11	56.56
20181103-145549	  1	  0	        17	56.56
20181103-145554	  2	  0	         5	56.56
20181103-145559	  1	  0	         5	56.57
20181103-145604	  1	  0	         5	56.57
20181103-145609	  1	  0	        15	56.57
20181103-145614	  1	  0	        12	56.55
20181103-145619	  8	  0	        17	56.55
20181103-145624	  1	  0	         5	56.55
20181103-145629	  1	  0	         5	56.55
20181103-145634	  1	  0	         5	56.54
20181103-145639	  1	  0	         9	56.55
20181103-145644	  1	  0	        10	56.54
20181103-145649	  1	  0	        20	56.53
20181103-145654	  2	  0	         5	56.54
20181103-145659	  0	  0	         7	56.55
20181103-145704	  1	  0	         5	56.55
20181103-145709	  1	  0	        17	56.55
20181103-145714	  1	  0	         5	56.55
20181103-145719	  1	  0	        21	56.54
20181103-145724	  1	  0	         5	56.54
20181103-145729	  1	  0	         5	56.55
20181103-145734	  1	  0	         7	56.54
20181103-145739	  1	  0	        11	56.55
20181103-145744	  1	  0	         6	56.55
20181103-145749	  1	  0	        11	56.54
20181103-145754	  2	  0	         5	56.53
20181103-145759	  1	  0	         5	56.53
20181103-145804	  1	  0	         8	56.54
20181103-145809	  1	  0	        16	56.55
20181103-145814	  1	  0	        10	56.54
20181103-145819	  1	  0	         9	56.54
20181103-145824	  1	  0	         5	56.55
20181103-145829	  1	  0	         5	56.55
20181103-145834	  1	  0	         5	56.55
20181103-145839	  0	  0	        12	56.55
20181103-145844	  1	  0	         6	56.55
20181103-145849	  1	  0	         9	56.54
20181103-145854	  1	  0	         5	56.54
20181103-145859	  0	  0	         5	56.54
20181103-145904	  1	  0	         8	56.54
20181103-145909	  1	  0	        14	56.54
20181103-145914	  0	  0	        12	56.55
20181103-145919	  1	  0	        14	56.54
20181103-145924	  1	  0	         5	56.54
20181103-145929	  1	  0	         5	56.54
20181103-145934	  0	  0	         5	56.54
20181103-145939	  1	  0	        12	56.55
20181103-145944	  2	  0	        11	56.54
20181103-145949	  0	  0	         9	56.53
20181103-145954	  1	  0	         5	56.53
20181103-145959	  0	  0	         7	56.53
20181103-150004	  1	  0	         5	56.53
20181103-150009	  1	  0	        15	56.54
20181103-150014	  1	  0	        18	56.54
20181103-150019	  0	  0	        15	56.54
20181103-150024	  1	  0	        10	56.54
20181103-150029	  1	  0	         7	56.53
20181103-150034	  1	  0	         5	56.53
20181103-150039	  1	  0	        11	56.56
20181103-150044	  1	  0	         9	56.56
20181103-150049	  0	  0	         8	56.56
20181103-150054	  2	  0	        11	56.57
20181103-150059	  1	  0	         5	56.57
20181103-150104	  1	  0	         5	56.57
20181103-150109	  1	  0	        13	56.57
20181103-150114	  1	  0	        17	56.56
20181103-150119	  1	  0	         9	56.56
20181103-150124	  1	  0	        12	56.56
20181103-150129	  1	  0	         6	56.57
20181103-150134	  1	  0	         5	56.56
20181103-150139	  1	  0	         5	56.57
20181103-150144	  1	  0	         8	56.56
20181103-150149	  1	  0	         7	56.56
20181103-150154	  2	  0	         9	56.57
20181103-150159	  1	  0	         5	56.57
20181103-150204	  1	  0	         7	56.56
20181103-150209	  1	  0	        13	56.57
20181103-150214	  0	  0	        14	56.56
20181103-150219	  1	  0	         9	56.56
20181103-150224	  1	  0	        11	56.56
20181103-150229	  1	  0	         5	56.56
20181103-150234	  1	  0	         5	56.57
20181103-150239	  1	  0	         7	56.56
20181103-150244	  1	  0	         8	56.56
20181103-150249	  1	  0	         9	56.56
20181103-150254	  2	  0	        13	56.57
20181103-150259	  1	  0	         5	56.57
20181103-150304	  1	  0	         5	56.56
20181103-150309	  1	  0	        11	56.56
20181103-150314	  1	  0	        16	56.57
20181103-150319	  1	  0	        11	56.57
20181103-150324	  1	  0	        11	56.57
20181103-150329	  1	  0	         5	56.57
20181103-150334	  1	  0	         5	56.57
20181103-150339	  1	  0	         5	56.57
20181103-150344	  1	  0	        11	56.57
20181103-150349	  1	  0	         9	56.56
20181103-150354	  1	  0	        15	56.57
20181103-150359	  1	  0	         5	56.57
20181103-150404	  1	  0	         5	56.56
20181103-150409	  1	  0	        13	56.57
20181103-150414	  1	  0	        14	56.57
20181103-150419	  1	  0	        14	56.56
20181103-150424	  1	  0	        13	56.56
20181103-150429	  1	  0	         5	56.56
20181103-150434	  1	  0	         5	56.56
20181103-150439	  0	  0	         5	56.56
20181103-150444	  1	  0	        12	56.56
20181103-150449	  1	  0	         7	56.56
20181103-150454	  2	  0	        11	56.56
20181103-150459	  1	  0	         5	56.57
20181103-150504	  0	  0	         5	56.56
20181103-150509	  1	  0	        11	56.57
20181103-150514	  1	  0	        14	56.57
20181103-150519	  0	  0	        12	56.57
20181103-150524	  1	  0	        10	56.56
20181103-150529	  1	  0	         6	56.57
20181103-150534	  1	  0	         5	56.57
20181103-150539	  1	  0	         5	56.57
20181103-150544	  1	  0	        12	56.56
20181103-150549	  1	  0	         7	56.56
20181103-150554	  2	  0	        15	56.56
20181103-150559	  1	  0	         5	56.57
20181103-150604	  1	  0	         7	56.56
20181103-150609	  1	  0	        13	56.56
20181103-150614	  1	  0	        18	56.56
20181103-150619	  1	  0	         9	56.57
20181103-150624	  1	  0	         6	56.57
20181103-150629	  1	  0	         5	56.56
20181103-150634	  1	  0	         5	56.56
20181103-150639	  1	  0	         7	56.57
20181103-150644	  1	  0	        10	56.56
20181103-150649	  1	  0	         7	56.56
20181103-150654	  2	  0	        13	56.56
20181103-150659	  1	  0	         5	56.56
20181103-150704	  0	  0	         5	56.56
20181103-150709	  1	  0	        13	56.56
20181103-150714	  1	  0	        19	56.56
20181103-150719	  1	  0	         9	56.56
20181103-150724	  1	  0	        10	56.57
20181103-150729	  0	  0	         5	56.56
20181103-150734	  1	  0	         5	56.56
20181103-150739	  1	  0	         5	56.56
20181103-150744	  1	  0	        14	56.56
20181103-150749	  1	  0	         7	56.78
20181103-150754	  2	  0	        15	56.56
20181103-150759	  0	  0	         5	56.56
20181103-150804	  1	  0	         5	56.56
20181103-150809	  1	  0	        11	56.56
20181103-150814	  1	  0	        16	56.56
20181103-150819	  1	  0	        12	56.56
20181103-150824	  1	  0	         6	56.55
20181103-150829	  1	  0	         5	56.55
20181103-150834	  1	  0	         5	56.56
20181103-150839	  1	  0	         5	56.56
20181103-150844	  1	  0	         9	56.55
20181103-150849	  1	  0	         9	56.56
20181103-150854	  1	  0	        13	56.55
20181103-150859	  1	  0	         5	56.56
20181103-150904	  1	  0	         5	56.56
20181103-150909	  1	  0	        15	56.56
20181103-150914	  1	  0	        13	56.56
20181103-150919	  1	  0	        11	56.55
20181103-150924	  1	  0	         5	56.55
20181103-150929	  1	  0	         7	56.55
20181103-150934	  1	  0	         5	56.56
20181103-150939	  0	  0	         7	56.56
20181103-150944	  1	  0	         8	56.56
20181103-150949	  1	  0	        10	56.56
20181103-150954	  1	  0	         6	56.56
20181103-150959	  2	  0	         5	56.56
20181103-151004	  1	  0	         7	56.56
20181103-151009	  1	  0	        12	56.56
20181103-151014	  1	  0	        14	56.56
20181103-151019	  0	  0	        23	56.56
20181103-151024	  1	  0	        10	56.56
20181103-151029	  1	  0	         5	56.56
20181103-151034	  1	  0	         5	56.56
20181103-151039	  1	  0	        10	56.56
20181103-151044	  1	  0	         6	56.56
20181103-151049	  1	  0	         9	56.56
20181103-151054	  1	  0	         8	56.55
20181103-151059	  2	  0	         5	56.56
20181103-151104	  1	  0	         7	56.55
20181103-151109	  1	  0	        13	56.55
20181103-151114	  1	  0	        14	56.55
20181103-151119	  1	  0	        12	56.56
20181103-151124	  1	  0	         5	56.55
20181103-151129	  1	  0	         5	56.56
20181103-151134	  1	  0	         5	56.55
20181103-151139	  1	  0	         8	56.56
20181103-151144	  1	  0	         9	56.55
20181103-151149	  1	  0	        10	56.56
20181103-151154	  1	  0	         6	56.55
20181103-151159	  2	  0	         5	56.55
20181103-151204	  0	  0	         8	56.56
20181103-151209	  1	  0	        11	56.55
20181103-151214	  1	  0	        14	56.55
20181103-151219	  0	  0	        15	56.55
20181103-151224	  1	  0	        10	56.55
20181103-151229	  1	  0	         5	56.56
20181103-151234	  0	  0	         7	56.56
20181103-151239	  1	  0	         5	56.72
20181103-151244	  2	  0	         6	56.63
20181103-151249	  1	  0	        13	56.62
20181103-151254	  1	  0	        11	56.61
20181103-151259	  2	  0	         5	56.56
20181103-151304	  6	  0	         6	56.56
20181103-151309	  4	  0	        13	56.56
20181103-151314	  1	  0	        12	56.55
20181103-151319	  1	  0	        11	56.55
20181103-151324	  1	  0	         5	56.56
20181103-151329	  1	  0	         8	56.57
20181103-151334	  0	  0	         6	56.56
20181103-151339	  0	  0	         5	56.56
20181103-151344	  1	  0	         6	56.56
20181103-151349	  0	  0	         9	56.56
20181103-151354	  1	  0	         6	56.56
20181103-151359	  2	  0	         8	56.56
20181103-151404	  1	  0	         6	56.56
20181103-151409	  1	  0	        11	56.57
20181103-151414	  1	  0	        13	56.55
20181103-151419	  1	  0	        11	56.56
20181103-151424	  1	  0	        10	56.55
20181103-151429	  1	  0	         5	56.56
20181103-151434	  0	  0	         7	56.55
20181103-151439	  0	  0	         7	56.55
20181103-151444	  1	  0	         6	56.56
20181103-151449	  0	  0	         9	56.55
20181103-151454	  1	  0	         8	56.56
20181103-151459	  2	  0	         7	56.56
20181103-151504	  1	  0	         5	56.56
20181103-151509	  1	  0	        13	56.56
20181103-151514	  1	  0	        14	56.56
20181103-151519	  0	  0	        11	56.56
20181103-151524	  1	  0	         5	56.56
20181103-151529	  1	  0	         7	56.56
20181103-151534	  0	  0	         5	56.56
20181103-151539	  0	  0	         5	56.56
20181103-151544	  1	  0	         9	56.56
20181103-151549	  1	  0	         9	56.56
20181103-151554	  0	  0	         6	56.55
20181103-151559	  2	  0	         7	56.55
20181103-151604	  1	  0	        12	56.55
20181103-151609	  1	  0	        11	56.56
20181103-151614	  1	  0	        10	56.56
20181103-151619	  1	  0	        10	56.55
20181103-151624	  1	  0	        12	56.56
20181103-151629	  0	  0	         7	56.56
20181103-151634	  1	  0	         5	56.56
20181103-151639	  0	  0	         7	56.56
20181103-151644	  1	  0	         6	56.56
20181103-151649	  0	  0	        13	56.56
20181103-151654	  0	  0	        13	56.56
20181103-151659	  1	  0	         6	56.56
20181103-151704	  0	  0	         5	56.56
20181103-151709	  1	  0	        15	56.56
20181103-151714	  0	  0	         7	56.56
20181103-151719	  1	  0	         9	56.56
20181103-151724	  1	  0	        19	56.56
20181103-151729	  0	  0	         5	56.56
20181103-151734	  1	  0	         5	56.56
20181103-151739	  1	  0	         7	56.56
20181103-151744	  1	  0	         6	56.56
20181103-151749	  0	  0	        18	56.56
20181103-151754	  1	  0	        11	56.55
20181103-151759	  2	  0	         6	56.56
20181103-151804	  1	  0	         5	56.55
20181103-151809	  1	  0	        12	56.55
20181103-151814	  1	  0	         8	56.56
20181103-151819	  1	  0	         9	56.56
20181103-151824	  1	  0	        23	56.56
20181103-151829	  1	  0	         6	56.55
20181103-151834	  1	  0	         5	56.56
20181103-151839	  0	  0	         7	56.56
20181103-151844	  1	  0	         6	56.56
20181103-151849	  1	  0	        14	56.57
20181103-151854	  0	  0	        14	56.56
20181103-151859	  2	  0	         6	56.56
20181103-151904	  1	  0	         5	56.56
20181103-151909	  1	  0	        13	56.56
20181103-151914	  1	  0	         7	56.56
20181103-151919	  0	  0	         8	56.56
20181103-151924	  1	  0	        12	56.56
20181103-151929	  1	  0	         5	56.56
20181103-151934	  1	  0	         6	56.56
20181103-151939	  1	  0	         5	56.56
20181103-151944	  1	  0	        15	56.55
20181103-151949	  1	  0	         9	56.55
20181103-151954	  1	  0	        19	56.55
20181103-151959	  1	  0	         6	56.55
20181103-152004	  1	  0	         5	56.55
20181103-152009	  1	  0	        13	56.55
20181103-152014	  0	  0	         9	56.56
20181103-152019	  1	  0	         8	56.55
20181103-152024	  1	  0	        16	56.55
20181103-152029	  1	  0	         5	56.56
20181103-152034	  1	  0	         6	56.56
20181103-152039	  1	  0	         5	56.55
20181103-152044	  1	  0	        14	56.55
20181103-152049	  0	  0	         8	56.56
20181103-152054	  1	  0	        21	56.56
20181103-152059	  2	  0	         5	56.56
20181103-152104	  0	  0	         6	56.56
20181103-152109	  1	  0	        11	56.56
20181103-152114	  1	  0	         9	56.55
20181103-152119	  0	  0	         8	56.55
20181103-152124	  1	  0	        13	56.55
20181103-152129	  1	  0	         5	56.56
20181103-152134	  0	  0	         6	56.56
20181103-152139	  0	  0	         5	56.56
20181103-152144	  1	  0	        15	56.56
20181103-152149	  0	  0	         6	56.55
20181103-152154	  0	  0	        14	56.54
20181103-152159	  2	  0	         5	56.58
20181103-152204	  1	  0	         6	56.57
20181103-152209	  1	  0	        13	56.58
20181103-152214	  1	  0	        10	56.58
20181103-152219	  1	  0	         8	56.58
20181103-152224	  1	  0	        20	56.58
20181103-152229	  1	  0	         5	56.57
20181103-152234	  1	  0	         6	56.57
20181103-152239	  1	  0	         5	56.58
20181103-152244	  1	  0	        15	56.58
20181103-152249	  0	  0	         7	56.58
20181103-152254	  1	  0	         8	56.58
20181103-152259	  2	  0	         5	56.58
20181103-152304	  1	  0	         6	56.57
20181103-152309	  1	  0	        11	56.58
20181103-152314	  1	  0	        12	56.58
20181103-152319	  1	  0	         7	56.58
20181103-152324	  1	  0	        15	56.58
20181103-152329	  1	  0	         5	56.59
20181103-152334	  2	  0	         6	56.64
20181103-152339	  2	  0	         5	56.63
20181103-152344	  1	  0	        17	56.65
20181103-152349	 15	  0	        10	56.64
20181103-152354	  5	  0	        15	56.62
20181103-152359	  2	  0	         6	56.63
20181103-152404	  1	  0	         6	56.63
20181103-152409	  1	  0	        11	56.63
20181103-152414	  1	  0	        11	56.57
20181103-152419	  1	  0	        12	56.57
20181103-152424	  1	  0	        20	56.57
20181103-152429	  1	  0	         6	56.57
20181103-152434	  1	  0	         6	56.57
20181103-152439	  1	  0	         6	56.57
20181103-152444	  1	  0	        13	56.57
20181103-152449	  1	  0	         8	56.57
20181103-152454	  1	  0	        15	56.56
20181103-152459	  2	  0	         6	56.57
20181103-152504	  1	  0	         5	56.57
20181103-152509	  1	  0	        13	56.57
20181103-152514	  1	  0	         9	56.57
20181103-152519	  0	  0	         6	56.91
20181103-152524	 58	  0	        21	56.97
20181103-152529	 89	  0	         5	56.99
20181103-152534	 61	  0	         5	56.97
20181103-152539	 49	  0	         7	56.89
20181103-152544	 47	  0	         7	56.86
20181103-152549	 50	  0	        14	56.85
20181103-152554	 50	  0	        11	58.03
20181103-152559	 56	  0	         6	57.86
20181103-152604	 45	  0	         6	57.47
20181103-152609	 46	  0	        14	57.44
20181103-152614	 35	  0	         8	57.34
20181103-152619	 35	  0	         6	58.02
20181103-152624	 34	  0	        26	57.27
20181103-152629	 43	  0	         5	57.50
20181103-152634	 46	  0	         8	57.69
20181103-152639	 46	  0	         6	57.43
20181103-152644	 48	  0	         7	57.38
20181103-152649	 45	  0	         6	57.32
20181103-152654	 35	  0	         8	57.22
20181103-152659	 51	  0	         5	57.18
20181103-152704	 56	  0	         8	57.12
20181103-152709	 66	  0	        11	57.04
20181103-152714	 49	  0	        12	56.92
20181103-152719	 48	  0	         8	56.92
20181103-152724	 46	  0	        11	57.46
20181103-152729	 47	  0	         5	57.35
20181103-152734	  9	  0	         7	57.22
20181103-152739	  1	  0	         5	57.08
20181103-152744	  1	  0	         7	56.91
20181103-152749	  1	  0	         8	56.81
20181103-152754	  1	  0	        10	56.68
20181103-152759	  2	  0	         7	56.57
20181103-152804	  1	  0	         5	56.56
20181103-152809	  1	  0	        11	56.56
20181103-152814	  1	  0	        14	56.56
20181103-152819	  1	  0	         6	56.56
20181103-152824	  1	  0	        18	56.56
20181103-152829	  1	  0	         5	56.56
20181103-152834	  1	  0	         7	56.55
20181103-152839	  1	  0	         5	56.55
20181103-152844	  1	  0	         7	56.55
20181103-152849	  1	  0	         6	56.60
20181103-152854	  4	  0	        13	56.63
20181103-152859	  4	  0	         6	56.58
20181103-152904	  1	  0	         5	56.57
20181103-152909	  1	  0	        11	56.56
20181103-152914	  1	  0	        12	56.56
20181103-152919	  1	  0	         6	56.52
20181103-152924	  6	  0	        12	56.53
20181103-152929	  1	  0	         8	56.52
20181103-152934	  1	  0	         5	56.51
20181103-152939	  1	  0	         5	56.52
20181103-152944	  1	  0	         8	56.52
20181103-152949	  1	  0	         6	57.16
20181103-152954	 48	  0	         9	57.18
20181103-152959	 51	  0	         8	56.99
20181103-153004	 53	  0	         6	56.93
20181103-153009	 53	  0	        11	56.85
20181103-153014	 55	  0	        14	56.90
20181103-153019	 57	  0	         6	56.93
20181103-153024	 65	  0	        20	56.88
20181103-153029	 65	  0	         8	56.76
20181103-153034	 67	  0	         5	56.83
20181103-153039	 67	  0	         6	56.85
20181103-153044	 70	  0	         7	56.84
20181103-153049	 69	  0	         6	56.86
20181103-153054	 69	  0	        23	56.93
20181103-153059	 70	  0	         5	56.91
20181103-153104	 69	  0	         5	56.83
20181103-153109	 69	  0	        13	56.78
20181103-153114	 70	  0	        15	56.79
20181103-153119	 69	  0	         6	56.85
20181103-153124	 69	  0	        10	56.79
20181103-153129	 70	  0	         8	56.58
20181103-153134	  6	  0	         5	56.52
20181103-153139	  1	  0	         5	56.47
20181103-153144	  1	  0	         9	56.43
20181103-153149	  1	  0	         8	56.37
20181103-153154	  1	  0	        22	56.32
20181103-153159	  2	  0	         5	56.28
20181103-153204	  1	  0	         5	56.28
20181103-153209	  1	  0	        11	56.29
20181103-153214	  1	  0	        14	56.28
20181103-153219	  1	  0	        10	56.27
20181103-153224	  1	  0	        12	56.28
20181103-153229	  1	  0	        14	56.28
20181103-153234	  1	  0	         5	56.31
20181103-153239	  2	  0	         5	56.31
20181103-153244	  1	  0	        15	56.30
20181103-153249	  2	  0	         7	56.49
20181103-153254	  9	  0	         9	56.47
20181103-153259	  2	  0	        10	56.48
20181103-153304	  1	  0	         5	56.47
20181103-153309	  1	  0	        11	56.79
20181103-153314	 16	  0	        10	64.76
20181103-153319	 80	  0	        11	74.79
20181103-153324	 68	  0	        10	85.44
20181103-153329	 59	  0	       520	74.32
20181103-153334	 41	  0	         5	82.02
20181103-153339	 68	  0	         5	87.61
20181103-153344	 54	  0	         7	74.50
20181103-153349	 55	  0	        11	83.10
20181103-153354	 68	  0	        11	84.82
20181103-153359	 38	  0	        15	76.61
20181103-153404	 65	  0	         5	82.18
20181103-153409	 67	  0	        11	77.93
20181103-153414	 32	  0	        15	80.95
20181103-153419	 73	  0	        11	86.37
20181103-153424	 55	  0	         9	73.87
20181103-153429	 46	  0	        16	81.00
20181103-153434	 69	  0	         5	86.85
20181103-153439	 43	  0	         5	76.51
20181103-153444	 61	  0	         7	82.17
20181103-153449	 68	  0	        11	74.91
20181103-153454	 32	  0	         8	80.26
20181103-153459	 73	  0	        10	87.73
20181103-153504	 55	  0	         7	73.52
20181103-153509	 45	  0	        11	82.36
20181103-153514	 69	  0	        14	87.98
20181103-153519	 45	  0	         9	79.70
20181103-153524	 61	  0	        13	69.05
20181103-153529	 39	  0	        10	66.72
20181103-153534	  1	  0	         5	62.81
20181103-153539	  1	  0	         7	59.92
20181103-153544	  1	  0	         9	58.49
20181103-153549	  1	  0	         7	57.17
20181103-153554	  1	  0	         8	56.79
20181103-153559	  2	  0	        16	56.71
20181103-153604	  1	  0	         5	56.68
20181103-153609	  1	  0	        11	56.68
20181103-153614	  1	  0	        15	56.67
20181103-153619	  1	  0	        11	56.68
20181103-153624	  1	  0	        11	56.68
20181103-153629	  0	  0	        13	56.83
20181103-153634	  3	  0	         5	56.71
20181103-153639	  0	  0	         5	56.70
20181103-153644	  1	  0	        11	56.70
20181103-153649	  0	  0	         7	56.71
20181103-153654	  0	  0	         9	56.81
20181103-153659	  7	  0	        10	56.71
20181103-153704	  5	  0	         5	56.70
20181103-153709	  1	  0	        11	56.70
20181103-153714	  0	  0	        16	56.69
20181103-153719	  0	  0	         8	56.72
20181103-153724	  1	  0	        11	56.71
20181103-153729	  0	  0	         8	56.72
20181103-153734	  1	  0	         5	56.71
20181103-153739	  1	  0	         5	56.71
20181103-153744	  1	  0	        11	56.71
20181103-153749	  0	  0	         8	56.72
20181103-153754	  0	  0	         9	56.72
20181103-153759	  1	  0	        17	56.71
20181103-153804	  1	  0	         5	56.72
20181103-153809	  1	  0	        11	56.72
20181103-153814	  1	  0	        16	56.76
20181103-153819	  2	  1	       151	56.76
20181103-153824	  1	  0	        16	56.76
20181103-153829	  1	  0	        14	56.76
20181103-153834	  0	  0	         7	56.75
20181103-153839	  1	  0	         5	56.76
20181103-153844	  1	  0	        14	56.77
20181103-153849	  8	  0	         7	56.73
20181103-153854	 53	  0	        39	56.75
20181103-153859	 53	  0	         9	56.76
20181103-153904	 55	  0	         6	56.77
20181103-153909	 55	  0	        12	56.79
20181103-153914	 53	  0	        11	56.79
20181103-153919	 52	  0	         8	56.78
20181103-153924	 54	  0	        16	55.92
20181103-153929	 50	  0	        32	55.27
20181103-153934	  1	  0	        24	55.26
20181103-153939	  1	  0	         7	56.10
20181103-153944	 30	 11	      3404	56.26
20181103-153949	 13	  2	      1285	56.22
20181103-153954	  1	  0	       168	56.20
20181103-153959	  1	  0	        70	56.19
20181103-154004	  1	  0	         5	56.16
20181103-154009	  1	  0	        11	56.16
20181103-154014	  1	  0	        12	56.16
20181103-154019	  1	  0	        10	56.16
20181103-154024	  1	  0	        16	56.15
20181103-154029	  1	  0	         7	56.16
20181103-154034	  0	  0	         6	56.16
20181103-154039	  1	  0	         5	56.16
20181103-154044	  1	  0	         7	56.16
20181103-154049	  2	  0	        10	56.16
20181103-154054	  0	  0	        10	56.16
20181103-154059	  1	  0	        17	56.17
20181103-154104	  0	  0	         5	56.16
20181103-154109	  1	  0	        11	56.16
20181103-154114	  1	  0	        13	56.16
20181103-154119	  1	  0	         6	56.16
20181103-154124	  1	  0	        15	56.15
20181103-154129	  1	  0	        14	56.15
20181103-154134	  0	  0	         5	56.13
20181103-154139	  1	  0	         5	56.13
20181103-154144	  1	  0	         7	56.11
20181103-154149	  2	  0	        11	56.14
20181103-154154	  1	  0	         8	56.15
20181103-154159	  1	  0	        22	56.15
20181103-154204	  0	  0	         5	56.14
20181103-154209	  1	  0	        14	56.15
20181103-154214	  0	  0	        11	56.14
20181103-154219	  1	  0	        11	56.14
20181103-154224	  1	  0	        15	56.14
20181103-154229	  1	  0	        14	56.15
20181103-154234	  1	  0	         6	56.26
20181103-154239	  2	  0	         5	56.21
20181103-154244	  1	  0	         7	56.20
20181103-154249	  1	  0	         9	56.20
20181103-154254	  1	  0	        11	56.19
20181103-154259	  2	  0	        10	56.17
20181103-154304	  4	  0	         5	56.18
20181103-154309	  1	  0	        14	56.18
20181103-154314	  1	  0	        12	56.18
20181103-154319	  1	  0	        10	56.17
20181103-154324	  1	  0	         9	56.18
20181103-154329	  1	  0	        12	56.18
20181103-154334	  1	  0	         5	56.18
20181103-154339	  1	  0	         5	56.18
20181103-154344	  1	  0	        11	56.17
20181103-154349	  2	  0	        10	56.18
20181103-154354	  1	  0	         8	56.17
20181103-154359	  1	  0	        17	56.18
20181103-154404	  1	  0	         5	56.18
20181103-154409	  1	  0	        11	56.18
20181103-154414	  1	  0	        15	56.17
20181103-154419	  1	  0	        10	56.18
20181103-154424	  1	  0	        14	56.26
20181103-154429	  2	  0	        15	56.29
20181103-154434	  1	  0	         5	56.31
20181103-154439	  1	  0	         8	56.32
20181103-154444	  1	  0	         9	56.31
20181103-154449	  2	  0	         6	56.32
20181103-154454	  1	  0	        11	56.32
20181103-154459	  1	  0	        21	56.32
20181103-154504	  1	  0	         5	56.37
20181103-154509	  1	  0	        11	56.36
20181103-154514	  1	  0	        15	56.36
20181103-154519	  1	  0	         6	56.36
20181103-154524	  1	  0	        14	56.36
20181103-154529	  1	  0	        11	56.37
20181103-154534	  1	  0	         7	56.37
20181103-154539	  1	  0	         5	56.37
20181103-154544	  1	  0	         8	56.38
20181103-154549	  2	  0	         6	56.37
20181103-154554	  0	  0	        11	56.37
20181103-154559	  1	  0	        17	56.37
20181103-154604	  1	  0	         7	56.33
20181103-154609	  1	  0	        11	56.32
20181103-154614	  1	  0	        13	56.32
20181103-154619	  1	  0	         6	56.32
20181103-154624	  1	  0	        13	56.32
20181103-154629	  1	  0	         7	56.37
20181103-154634	  1	  0	         5	56.37
20181103-154639	  1	  0	        10	56.37
20181103-154644	  1	  0	         6	56.36
20181103-154649	  2	  0	         6	56.36
20181103-154654	  0	  0	        11	56.37
20181103-154659	  0	  0	        13	56.37
20181103-154704	  1	  0	         5	56.36
20181103-154709	  1	  0	        14	56.36
20181103-154714	  1	  0	        11	56.36
20181103-154719	  1	  0	         6	56.36
20181103-154724	  1	  0	        16	56.36
20181103-154729	  1	  0	         5	56.36
20181103-154734	  1	  0	         5	56.37
20181103-154739	  0	  0	         8	56.38
20181103-154744	  1	  0	         7	56.36
20181103-154749	  2	  0	         6	56.37
20181103-154754	  1	  0	         8	56.37
20181103-154759	  0	  0	         8	56.40
20181103-154804	  1	  0	         8	56.41
20181103-154809	  1	  0	        13	56.41
20181103-154814	  1	  0	        16	56.46
20181103-154819	 12	  0	       167	56.47
20181103-154824	  1	  0	        26	56.47
20181103-154829	  1	  0	        21	56.47
20181103-154834	  1	  0	         5	56.47
20181103-154839	  1	  0	         8	56.47
20181103-154844	  1	  0	         5	56.46
20181103-154849	  2	  0	         5	56.47
20181103-154854	  0	  0	        53	56.47
20181103-154859	  1	  0	        23	56.47
20181103-154904	  1	  0	         5	56.48
20181103-154909	  1	  0	        11	56.48
20181103-154914	  1	  0	        12	56.47
20181103-154919	  1	  0	         5	56.47
20181103-154924	  1	  0	        11	56.52
20181103-154929	  1	  0	        22	56.53
20181103-154934	  1	  0	         5	56.53
20181103-154939	  1	  0	         5	56.53
20181103-154944	  1	  0	         7	56.52
20181103-154949	  2	  0	         5	56.52
20181103-154954	  1	  0	        11	56.53
20181103-154959	  1	  0	        15	56.52
20181103-155004	  1	  0	         6	56.53
20181103-155009	  1	  0	        11	56.52
20181103-155014	  1	  0	        11	56.53
20181103-155019	  1	  0	         5	56.52
20181103-155024	  1	  0	        14	56.52
20181103-155029	  1	  0	        14	56.52
20181103-155034	  1	  0	         7	56.53
20181103-155039	  1	  0	         6	56.53
20181103-155044	  1	  0	         5	56.51
20181103-155049	  2	  0	         8	56.52
20181103-155054	  1	  0	         7	56.52
20181103-155059	  1	  0	        19	56.52
20181103-155104	  1	  0	         6	56.52
20181103-155109	  1	  0	        12	56.52
20181103-155114	  1	  0	        15	56.52
20181103-155119	  1	  0	         8	56.52
20181103-155124	  1	  0	         6	56.52
20181103-155129	  1	  0	        18	56.52
20181103-155134	  1	  0	        10	56.52
20181103-155139	  1	  0	         5	56.52
20181103-155144	  1	  0	        11	56.51
20181103-155149	  2	  0	         6	56.52
20181103-155154	  1	  0	         5	56.52
20181103-155159	  1	  0	        18	56.52
20181103-155204	  1	  0	         7	56.77
20181103-155209	  2	  0	        11	56.77
20181103-155214	  1	  0	         7	56.77
20181103-155219	  1	  0	        10	56.77
20181103-155224	  1	  0	         5	56.77
20181103-155229	  1	  0	        11	56.77
20181103-155234	  1	  0	         8	56.77
20181103-155239	  1	  0	         5	56.78
20181103-155244	  1	  0	         9	56.77
20181103-155249	  2	  0	         5	56.78
20181103-155254	  1	  0	         6	56.78
20181103-155259	  1	  0	        21	56.78
20181103-155304	  1	  0	         6	56.78
20181103-155309	  1	  0	        11	56.78
20181103-155314	  1	  0	        13	56.77
20181103-155319	  1	  0	         8	56.77
20181103-155324	  1	  0	         5	56.78
20181103-155329	  1	  0	        23	56.78
20181103-155334	  1	  0	         8	56.78
20181103-155339	  1	  0	         5	56.78
20181103-155344	  1	  0	         7	56.77
20181103-155349	  2	  0	         5	56.78
20181103-155354	  1	  0	         5	56.78
20181103-155359	  1	  0	        18	56.78
20181103-155404	  1	  0	         9	56.78
20181103-155409	  1	  0	        11	56.78
20181103-155414	  1	  0	        14	56.77
20181103-155419	  1	  0	         5	56.77
20181103-155424	  1	  0	         5	56.77
20181103-155429	  1	  0	        11	56.77
20181103-155434	  1	  0	         8	56.78
20181103-155439	  1	  0	         8	56.78
20181103-155444	  1	  0	         7	56.77
20181103-155449	  2	  0	         5	56.77
20181103-155454	  1	  0	         5	56.78
20181103-155459	  1	  0	        21	56.95
20181103-155504	  1	  0	         6	56.96
20181103-155509	  1	  0	        12	56.96
20181103-155514	  1	  0	        16	56.96
20181103-155519	  1	  0	         5	56.96
20181103-155524	  1	  0	         5	56.96
20181103-155529	  1	  0	        19	56.96
20181103-155534	  1	  0	         8	56.96
20181103-155539	  1	  0	         5	56.97
20181103-155544	  1	  0	        10	56.95
20181103-155549	  2	  0	         5	56.96
20181103-155554	  1	  0	         5	57.00
20181103-155559	  1	  0	        15	57.01
20181103-155604	  1	  0	        10	57.01
20181103-155609	  1	  0	        11	57.01
20181103-155614	  1	  0	        14	57.00
20181103-155619	  1	  0	         7	57.00
20181103-155624	  1	  0	         5	57.00
20181103-155629	  1	  0	        11	57.01
20181103-155634	  1	  0	         7	57.01
20181103-155639	  1	  0	         5	57.01
20181103-155644	  1	  0	         8	57.00
20181103-155649	  2	  0	         5	57.00
20181103-155654	  1	  0	         7	57.01
20181103-155659	  1	  0	        21	57.01
20181103-155704	  1	  0	         9	57.01
20181103-155709	  1	  0	        13	57.01
20181103-155714	  1	  0	        11	57.01
20181103-155719	  1	  0	         5	57.01
20181103-155724	  1	  0	         5	57.02
20181103-155729	  1	  0	        14	57.02
20181103-155734	  1	  0	         6	57.02
20181103-155739	  1	  0	         7	57.02
20181103-155744	  1	  0	         5	57.00
20181103-155749	  2	  0	         5	57.06
20181103-155754	  1	  0	         6	57.07
20181103-155759	  1	  0	        15	57.06
20181103-155804	  1	  0	        12	57.06
20181103-155809	  1	  0	        12	57.06
20181103-155814	  1	  0	        10	57.07
20181103-155819	  1	  0	         5	57.06
20181103-155824	  1	  0	         5	57.07
20181103-155829	  1	  0	        15	57.09
20181103-155834	  1	  0	         7	57.09
20181103-155839	  1	  0	         9	57.09
20181103-155844	  1	  0	         5	57.08
20181103-155849	  2	  0	         5	57.09
20181103-155854	  1	  0	         5	57.09
20181103-155859	  1	  0	        11	57.09
20181103-155904	  1	  0	        10	57.09
20181103-155909	  1	  0	        11	57.08
20181103-155914	  1	  0	        14	57.08
20181103-155919	  1	  0	         5	57.08
20181103-155924	  1	  0	         5	57.09
20181103-155929	  1	  0	        16	57.08
20181103-155934	  1	  0	         9	57.09
20181103-155939	  1	  0	         8	57.08
20181103-155944	  2	  1	        77	57.07
20181103-155949	  2	  0	         6	57.08
20181103-155954	  1	  0	         5	57.07
20181103-155959	  1	  0	        12	57.08
20181103-160004	  1	  0	         7	57.08
20181103-160009	  1	  0	        13	57.08
20181103-160014	  1	  0	        17	57.08
20181103-160019	  1	  0	        13	57.08
20181103-160024	  1	  0	         5	57.08
20181103-160029	  1	  0	        22	57.34
20181103-160034	  2	  0	         7	57.34
20181103-160039	  1	  0	         5	57.34
20181103-160044	  1	  0	         6	57.33
20181103-160049	  2	  0	         5	57.33
20181103-160054	  1	  0	        11	57.33
20181103-160059	  1	  0	        19	57.34
20181103-160104	  1	  0	         8	57.35
20181103-160109	  1	  0	        11	57.34
20181103-160114	  1	  0	        11	57.34
20181103-160119	  1	  0	         7	57.34
20181103-160124	  1	  0	         8	57.34
20181103-160129	  1	  0	        23	57.35
20181103-160134	  1	  0	         5	57.35
20181103-160139	  1	  0	        10	57.34
20181103-160144	  1	  0	         6	57.34
20181103-160149	  2	  0	         5	57.35
20181103-160154	  1	  0	         8	57.35
20181103-160159	  1	  0	        20	57.34
20181103-160204	  1	  0	         7	57.34
20181103-160209	  1	  0	        13	57.34
20181103-160214	  1	  0	        10	57.35
20181103-160219	  1	  0	         5	57.34
20181103-160224	  1	  0	         7	57.34
20181103-160229	  1	  0	        21	57.34
20181103-160234	  1	  0	         5	57.35
20181103-160239	  1	  0	        11	57.35
20181103-160244	  1	  0	         6	57.75
20181103-160249	  2	  0	         7	57.35
20181103-160254	  1	  0	         5	57.35
20181103-160259	  1	  0	        14	57.35
20181103-160304	  1	  0	         5	57.35
20181103-160309	  1	  0	        15	57.35
20181103-160314	  1	  0	        11	57.35
20181103-160319	  1	  0	         9	57.34
20181103-160324	  1	  0	         5	57.39
20181103-160329	  1	  0	        18	57.39
20181103-160334	  1	  0	         5	57.39
20181103-160339	  1	  0	         8	57.40
20181103-160344	  1	  0	         9	57.40
20181103-160349	  2	  0	         7	57.39
20181103-160354	  1	  0	         5	57.40
20181103-160359	  1	  0	         9	57.39
20181103-160404	  1	  0	        15	57.39
20181103-160409	  1	  0	        13	57.40
20181103-160414	  1	  0	        10	57.40
20181103-160419	  1	  0	        10	57.39
20181103-160424	  1	  0	         5	57.40
20181103-160429	  1	  0	        12	57.40
20181103-160434	  1	  0	        13	57.40
20181103-160439	  1	  0	         7	57.40
20181103-160444	  1	  0	        10	57.40
20181103-160449	  2	  0	         5	57.40
20181103-160454	  1	  0	         6	57.40
20181103-160459	  1	  0	         9	57.40
20181103-160504	  1	  0	        10	57.39
20181103-160509	  1	  0	        13	57.39
20181103-160514	  1	  0	        10	57.40
20181103-160519	  1	  0	         9	57.40
20181103-160524	  1	  0	         5	57.39
20181103-160529	  1	  0	        13	57.39
20181103-160534	  1	  0	        11	57.41
20181103-160539	  1	  0	         9	57.40
20181103-160544	  1	  0	         9	57.39
20181103-160549	  1	  0	         5	57.39
20181103-160554	  2	  0	         5	57.40
20181103-160559	  1	  0	         9	57.40
20181103-160604	  1	  0	        18	57.39
20181103-160609	  1	  0	        12	57.40
20181103-160614	  1	  0	        12	57.40
20181103-160619	  1	  0	         5	57.39
20181103-160624	  1	  0	         5	57.39
20181103-160629	  1	  0	        15	57.40
20181103-160634	  1	  0	         5	57.44
20181103-160639	  1	  0	        10	57.45
20181103-160644	  1	  0	         9	57.46
20181103-160649	  1	  0	         5	57.45
20181103-160654	  2	  0	         5	57.45
20181103-160659	  1	  0	         9	57.45
20181103-160704	  1	  0	        13	57.45
20181103-160709	  1	  0	        11	57.45
20181103-160714	  1	  0	        16	57.45
20181103-160719	  1	  0	         7	57.45
20181103-160724	  1	  0	         5	57.45
20181103-160729	  1	  0	        12	57.45
20181103-160734	  1	  0	        10	57.44
20181103-160739	  1	  0	         5	57.45
20181103-160744	  1	  0	        13	57.45
20181103-160749	  1	  0	         5	57.45
20181103-160754	  2	  0	         5	57.45
20181103-160759	  1	  0	         9	57.45
20181103-160804	  1	  0	        15	57.45
20181103-160809	  1	  0	        10	57.45
20181103-160814	  1	  0	        15	57.45
20181103-160819	  1	  0	         8	57.44
20181103-160824	  1	  0	         5	57.45
20181103-160829	  1	  0	        11	57.44
20181103-160834	  1	  0	         6	57.45
20181103-160839	  1	  0	         6	57.45
20181103-160844	  1	  0	        12	57.44
20181103-160849	  1	  0	         5	57.43
20181103-160854	  2	  0	         7	57.44
20181103-160859	  1	  0	         9	57.44
20181103-160904	  1	  0	        11	57.44
20181103-160909	  1	  0	        12	57.44
20181103-160914	  1	  0	        11	57.44
20181103-160919	  1	  0	         5	57.45
20181103-160924	  1	  0	         5	57.45
20181103-160929	  1	  0	        15	57.45
20181103-160934	  1	  0	         5	57.45
20181103-160939	  1	  0	         7	57.45
20181103-160944	  1	  0	        10	57.45
20181103-160949	  1	  0	         5	57.44
20181103-160954	  2	  0	         6	57.44
20181103-160959	  1	  0	        10	57.45
20181103-161004	  1	  0	         9	57.45
20181103-161009	  1	  0	        12	57.45
20181103-161014	  1	  0	        14	57.45
20181103-161019	  1	  0	         7	57.45
20181103-161024	  1	  0	         5	57.45
20181103-161029	  1	  0	        22	57.45
20181103-161034	  1	  0	        10	57.44
20181103-161039	  1	  0	         9	57.45
20181103-161044	  1	  0	         8	57.45
20181103-161049	  1	  0	         5	57.44
20181103-161054	  2	  0	         5	57.45
20181103-161059	  1	  0	         9	57.44
20181103-161104	  1	  0	        12	57.44
20181103-161109	  1	  0	        11	57.45
20181103-161114	  1	  0	        15	57.45
20181103-161119	  1	  0	         5	57.63
20181103-161124	 38	  0	      1976	57.75
20181103-161129	 43	  0	       435	57.75
20181103-161134	 42	  0	        21	57.75
20181103-161139	 42	  0	        22	57.93
20181103-161144	 43	  0	        27	57.96
20181103-161149	 42	  0	      6130	57.97
20181103-161154	 40	  0	        20	57.97
20181103-161159	 46	  4	     16652	57.96
20181103-161204	 44	  0	        24	57.96
20181103-161209	 44	  0	        40	57.97
20181103-161214	 45	  0	        34	57.99
20181103-161219	 46	  0	        24	58.12
20181103-161224	 47	  1	      7675	58.12
20181103-161229	 48	  4	     16909	58.12
20181103-161234	 45	  0	        28	58.11
20181103-161239	 46	  0	        20	58.13
20181103-161244	 44	  0	        30	58.12
20181103-161249	 44	  0	        20	58.12
20181103-161254	 46	  0	      7736	58.14
20181103-161259	 50	  5	     17187	58.19
20181103-161304	 38	  0	        48	58.19
20181103-161309	  4	  0	        24	58.19
20181103-161314	  1	  0	        13	58.19
20181103-161319	  1	  0	         8	58.18
20181103-161324	  1	  0	      2309	58.19
20181103-161329	  1	  1	      3759	58.19
20181103-161334	  1	  0	       161	58.18
20181103-161339	  0	  0	         5	58.19
20181103-161344	  1	  0	         9	58.18
20181103-161349	  1	  0	         5	58.18
20181103-161354	  2	  0	         5	58.18
20181103-161359	  1	  0	       223	58.18
20181103-161404	  1	  0	        19	58.18
20181103-161409	  1	  0	        11	58.18
20181103-161414	  1	  0	        14	58.19
20181103-161419	  1	  0	         7	58.19
20181103-161424	  1	  0	         5	58.19
20181103-161429	  3	  0	       193	58.31
20181103-161434	 33	  2	      1185	58.36
20181103-161439	 47	  0	       859	58.36
20181103-161444	 50	  0	        32	58.36
20181103-161449	 49	  0	      5180	58.35
20181103-161454	 52	  0	        36	58.35
20181103-161459	 55	  5	     25483	58.36
20181103-161504	 50	  0	        43	58.46
20181103-161509	 51	  0	        71	58.46
20181103-161514	 51	  0	        41	58.45
20181103-161519	 52	  0	        37	58.56
20181103-161524	 52	  1	      9366	58.61
20181103-161529	 56	  4	     40088	58.66
20181103-161534	 52	  0	        37	58.71
20181103-161539	 52	  0	        37	58.77
20181103-161544	 51	  0	        39	58.80
20181103-161549	 51	  0	        31	58.83
20181103-161554	 53	  1	      9489	58.90
20181103-161559	 55	  3	     20435	58.95
20181103-161604	 60	  9	     20417	59.01
20181103-161609	 51	  0	        86	59.06
20181103-161614	 50	  0	        41	59.05
20181103-161619	 36	  0	        37	59.04
20181103-161624	  1	  0	        19	59.04
20181103-161629	  2	  1	      6475	59.04
20181103-161634	  8	  7	     21997	59.04
20181103-161639	  1	  0	        34	59.04
20181103-161644	  1	  0	        10	59.04
20181103-161649	  1	  0	         5	59.03
20181103-161654	  2	  0	         9	59.04
20181103-161659	  1	  0	       365	59.04
20181103-161704	  1	  0	        11	59.04
20181103-161709	  1	  0	        10	59.04
20181103-161714	  1	  0	        11	59.04
20181103-161719	  1	  0	         4	59.03
20181103-161724	  1	  0	         7	59.04
20181103-161729	  1	  0	        11	59.03
20181103-161734	  1	  0	        11	59.04
20181103-161739	  1	  0	         4	59.04
20181103-161744	  1	  0	         7	59.03
20181103-161749	  1	  0	         4	59.04
20181103-161754	  2	  0	         8	59.03
20181103-161759	  1	  0	         7	59.04
20181103-161804	  1	  0	        19	59.03
20181103-161809	  1	  0	        10	59.37
20181103-161814	 20	  0	       576	59.57
20181103-161819	 39	  0	        30	59.51
20181103-161824	 49	  0	        44	59.52
20181103-161829	 51	  0	       534	59.55
20181103-161834	 51	  0	        39	59.58
20181103-161839	 52	  0	        31	59.60
20181103-161844	 51	  0	      7319	59.62
20181103-161849	 54	  3	     22267	59.71
20181103-161854	 52	  0	      5576	59.76
20181103-161859	 54	  1	     10116	59.86
20181103-161904	 52	  0	      4028	59.91
20181103-161909	 52	  0	        60	59.95
20181103-161914	 51	  0	        38	59.97
20181103-161919	 52	  0	      7900	60.02
20181103-161924	 56	  2	     22130	60.07
20181103-161929	 55	  3	     15574	60.18
20181103-161934	 54	  0	      3826	60.25
20181103-161939	 52	  0	        37	60.28
20181103-161944	 51	  0	        40	60.31
20181103-161949	 53	  0	      7911	60.33
20181103-161954	 56	  2	     22388	60.34
20181103-161959	 52	  5	     15828	60.48
20181103-162004	 42	  0	      4059	60.65
20181103-162009	 18	  0	        53	60.65
20181103-162014	  1	  0	        18	60.65
20181103-162019	  1	  0	         5	60.65
20181103-162024	  1	  0	      1880	60.65
20181103-162029	  2	  1	      4750	60.65
20181103-162034	  1	  1	      3420	60.65
20181103-162039	  1	  0	       444	60.65
20181103-162044	  1	  0	        11	60.65
20181103-162049	  1	  0	         5	60.64
20181103-162054	  2	  0	         4	60.65
20181103-162059	  1	  0	        12	60.65
20181103-162104	  1	  0	       239	60.65
20181103-162109	  1	  0	        10	60.65
20181103-162114	  1	  0	        15	60.65
20181103-162119	  1	  0	         4	60.65
20181103-162124	 13	  0	         4	60.86
20181103-162129	 41	  0	       992	60.89
20181103-162134	 55	  0	       426	60.88
20181103-162139	 66	  0	        50	60.92
20181103-162144	 66	  0	      5235	60.95
20181103-162149	 97	  0	     43117	60.99
20181103-162154	 66	  0	        49	61.02
20181103-162159	 66	  0	        49	61.06
20181103-162204	 66	  0	       565	61.09
20181103-162209	 66	  0	        79	61.12
20181103-162214	 66	  0	     10950	61.16
20181103-162219	 98	  0	     61785	61.24
20181103-162224	 68	  0	       636	61.30
20181103-162229	 68	  0	        49	61.35
20181103-162234	 67	  0	       563	61.36
20181103-162239	 67	  0	       563	61.36
20181103-162244	 70	  1	     11167	61.48
20181103-162249	 71	  2	      9614	61.51
20181103-162254	 72	  4	     29662	61.54
20181103-162259	 67	  0	        56	61.55
20181103-162304	 66	  0	       671	61.57
20181103-162309	 60	  0	       118	61.65
20181103-162314	 52	  0	        42	61.68
20181103-162319	 15	  1	      7335	61.67
20181103-162324	  6	  6	     26332	61.67
20181103-162329	  1	  0	        33	61.67
20181103-162334	  1	  0	       381	61.67
20181103-162339	  1	  0	         4	61.67
20181103-162344	  2	  1	        79	61.67
20181103-162349	  1	  0	         5	61.88
20181103-162354	  3	  1	        58	61.88
20181103-162359	  1	  0	         5	61.88
20181103-162404	  1	  0	        15	61.88
20181103-162409	  1	  0	        12	61.89
20181103-162414	  1	  0	         9	61.88
20181103-162419	  1	  0	         8	61.88
20181103-162424	  1	  0	         5	61.88
20181103-162429	  1	  0	         7	61.89
20181103-162434	  1	  0	        10	61.89
20181103-162439	 13	  0	         6	62.13
20181103-162444	 50	  0	      2166	62.13
20181103-162449	 59	  0	       242	62.53
20181103-162454	 66	  0	       178	62.20
20181103-162459	 66	  0	       119	62.22
20181103-162504	 66	  0	       514	62.24
20181103-162509	 66	  0	       107	62.31
20181103-162514	 70	  1	     23194	62.37
20181103-162519	 69	  1	     18601	62.39
20181103-162524	 66	  0	      6905	62.40
20181103-162529	 64	  0	        71	62.42
20181103-162534	 68	  0	       574	62.49
20181103-162539	 69	  0	        76	62.55
20181103-162544	 66	  0	      8962	62.57
20181103-162549	 69	  1	     15564	62.59
20181103-162554	 97	  0	     42263	62.61
20181103-162559	 67	  0	      6539	62.66
20181103-162604	 69	  0	       578	62.73
20181103-162609	 68	  0	       101	62.76
20181103-162614	 66	  0	        82	62.78
20181103-162619	 68	  1	     24932	62.81
20181103-162624	 62	  1	     18640	62.90
20181103-162629	 45	  1	      6523	63.10
20181103-162634	 16	  0	       538	63.10
20181103-162639	  1	  0	         7	63.10
20181103-162644	  1	  0	        16	63.11
20181103-162649	  2	  1	      4332	63.10
20181103-162654	  1	  1	      3046	63.10
20181103-162659	  2	  0	       757	63.10
20181103-162704	  1	  0	       392	63.10
20181103-162709	  1	  0	        10	63.11
20181103-162714	  1	  0	        10	63.11
20181103-162719	  1	  0	         9	63.10
20181103-162724	  1	  0	         5	63.11
20181103-162729	  1	  0	         4	63.12
20181103-162734	  1	  0	       108	63.12
20181103-162739	  1	  0	         5	63.12
20181103-162744	  1	  0	         5	63.12
20181103-162749	  1	  0	         7	63.12
20181103-162754	  1	  0	         7	63.11
20181103-162759	  2	  0	         6	63.12
20181103-162804	  1	  0	        17	63.39
20181103-162809	 44	  0	        98	63.41
20181103-162814	 63	  0	      2326	63.49
20181103-162819	 60	  0	       353	63.62
20181103-162824	 54	  0	        16	63.65
20181103-162829	 57	  0	        54	63.77
20181103-162834	 57	  0	       425	63.91
20181103-162839	 57	  0	        31	63.93
20181103-162844	 59	  2	     22121	63.99
20181103-162849	 59	  0	      1481	64.10
20181103-162854	 57	  0	        17	64.20
20181103-162859	 58	  0	        61	64.22
20181103-162904	 57	  0	       389	64.23
20181103-162909	 56	  0	        54	64.30
20181103-162914	 60	  3	     22914	64.37
20181103-162919	 56	  0	      1511	64.40
20181103-162924	 58	  0	        21	64.42
20181103-162929	 55	  0	        59	64.50
20181103-162934	 55	  0	       459	64.52
20181103-162939	 54	  0	        68	64.58
20181103-162944	 98	  0	     43356	64.75
20181103-162949	 50	  0	      1481	64.75
20181103-162954	  8	  0	        16	64.75
20181103-162959	  2	  0	         8	64.77
20181103-163004	  1	  0	       441	64.76
20181103-163009	  1	  0	        14	64.76
20181103-163014	  3	  2	      4853	64.77
20181103-163019	  1	  0	       160	64.77
20181103-163024	  1	  0	         6	64.77
20181103-163029	  1	  0	         7	64.77
20181103-163034	  1	  0	       281	64.77
20181103-163039	  1	  0	         6	64.76
20181103-163044	  1	  0	         8	64.76
20181103-163049	  1	  0	         6	64.76
20181103-163054	  1	  0	         8	64.75
20181103-163059	  2	  0	         5	64.76
20181103-163104	  1	  0	        23	64.76
20181103-163109	  1	  0	        12	64.77
20181103-163114	  1	  0	         9	64.77
20181103-163119	 19	  0	        12	64.93
20181103-163124	 56	  0	        30	64.98
20181103-163129	 68	  0	       141	65.00
20181103-163134	 69	  0	       775	65.07
20181103-163139	 68	  0	       230	65.11
20181103-163144	 68	  0	        89	65.16
20181103-163149	 67	  0	      6586	65.22
20181103-163154	 70	  2	     24232	65.25
20181103-163159	 69	  1	      7824	65.31
20181103-163204	 68	  1	     12965	65.35
20181103-163209	 65	  0	        96	65.42
20181103-163214	 66	  0	        71	65.52
20181103-163219	 66	  0	        71	65.59
20181103-163224	 67	  0	      6828	65.61
20181103-163229	 69	  4	     31444	65.67
20181103-163234	 64	  1	     11905	65.67
20181103-163239	 63	  0	        78	65.72
20181103-163244	 67	  0	        70	65.77
20181103-163249	 65	  0	       103	65.82
20181103-163254	 66	  1	      7009	65.86
20181103-163259	 69	  3	     31803	65.90
20181103-163304	 58	  1	      9585	65.91
20181103-163309	 21	  1	      2691	65.91
20181103-163314	  1	  0	         8	65.91
20181103-163319	  1	  0	        15	65.91
20181103-163324	  1	  0	         7	65.90
20181103-163329	  1	  0	      1460	65.91
20181103-163334	  2	  1	      5424	65.91
20181103-163339	  1	  0	      1008	65.91
20181103-163344	  1	  0	        15	65.91
20181103-163349	  1	  0	        10	65.91
20181103-163354	  1	  0	         5	65.91
20181103-163359	  3	  1	       144	65.91
20181103-163404	  1	  0	       170	65.93
20181103-163409	  8	  6	      1875	66.00
20181103-163414	  8	  5	      2495	66.00
20181103-163419	  1	  0	        11	65.94
20181103-163424	  1	  0	         5	65.94
20181103-163429	  1	  0	         5	65.94
20181103-163434	  1	  0	        33	65.94
20181103-163439	  1	  0	         9	65.93
20181103-163444	  1	  0	        10	65.93
20181103-163449	  1	  0	         9	66.01
20181103-163454	  2	  0	         9	66.13
20181103-163459	 39	  0	        10	66.25
20181103-163504	 65	  0	      1495	66.28
20181103-163509	 72	  0	      4933	66.34
20181103-163514	 70	  0	        70	66.35
20181103-163519	 69	  0	        73	66.40
20181103-163524	100	  0	     22269	66.42
20181103-163529	 70	  0	       112	66.48
20181103-163534	 71	  1	     12296	66.53
20181103-163539	 76	  4	     38055	66.57
20181103-163544	 71	  0	       161	66.60
20181103-163549	 70	  0	       325	66.64
20181103-163554	 69	  0	       271	66.67
20181103-163559	 72	  0	       142	66.70
20181103-163604	 71	  0	      7845	66.73
20181103-163609	 73	  2	     39779	66.77
20181103-163614	 71	  1	      3374	66.82
20181103-163619	 70	  0	        97	66.86
20181103-163624	 69	  0	        75	66.89
20181103-163629	 68	  0	        82	66.93
20181103-163634	 69	  0	       637	66.97
20181103-163639	 66	  0	      7318	67.03
20181103-163644	 53	  5	     40931	67.05
20181103-163649	  2	  0	        19	67.06
20181103-163654	  1	  0	         5	67.05
20181103-163659	  2	  0	        33	67.06
20181103-163704	  1	  0	       455	67.05
20181103-163709	  1	  0	       622	67.05
20181103-163714	  1	  1	      2394	67.06
20181103-163719	  1	  0	        17	67.06
20181103-163724	  1	  0	         5	67.06
20181103-163729	  1	  0	         5	67.06
20181103-163734	  1	  0	       298	67.06
20181103-163739	  1	  0	         9	67.06
20181103-163744	  1	  0	         6	67.06
20181103-163749	  1	  0	         9	67.06
20181103-163754	  1	  0	         5	67.05
20181103-163759	  2	  0	         5	67.06
20181103-163804	  1	  0	        10	67.05
20181103-163809	  1	  0	        23	67.06
20181103-163814	  1	  0	        10	67.06
20181103-163819	  1	  0	         8	67.06
20181103-163824	  1	  0	         7	67.06
20181103-163829	  1	  0	         5	67.05
20181103-163834	  1	  0	        13	67.06
20181103-163839	  1	  0	        14	67.06
20181103-163844	  1	  0	         5	67.06
20181103-163849	  1	  0	         7	67.10
20181103-163854	100	  0	      4757	67.26
20181103-163859	 43	  0	      1725	67.38
20181103-163904	 67	  0	       455	67.40
20181103-163909	 80	  0	       137	67.41
20181103-163914	 79	  0	       347	67.47
20181103-163919	 71	  0	       636	67.60
20181103-163924	 73	  0	      8693	67.65
20181103-163929	 74	  2	     34800	67.69
20181103-163934	 70	  0	       632	67.72
20181103-163939	 69	  0	        79	67.76
20181103-163944	 70	  0	       105	67.79
20181103-163949	 70	  0	        71	67.84
20181103-163954	 68	  0	      9912	67.84
20181103-163959	 71	  2	     12655	67.90
20181103-164004	 75	  4	     27219	67.93
20181103-164009	 68	  0	       114	67.95
20181103-164014	 68	  0	        69	67.97
20181103-164019	 69	  0	       164	68.77
20181103-164024	 71	  0	     10563	68.78
20181103-164029	 68	  0	      8346	68.79
20181103-164034	 72	  2	     29921	68.77
20181103-164039	 59	  0	       207	68.76
20181103-164044	 43	  0	        52	68.75
20181103-164049	 13	  0	        14	68.74
20181103-164054	  1	  0	        10	68.75
20181103-164059	  2	  0	      3645	68.75
20181103-164104	  4	  3	     15245	68.75
20181103-164109	  1	  0	        16	68.75
20181103-164114	  1	  0	        12	68.75
20181103-164119	  1	  0	         4	68.74
20181103-164124	  1	  0	         9	68.74
20181103-164129	  1	  0	         8	68.75
20181103-164134	  1	  0	       445	68.75
20181103-164139	  1	  0	        10	68.75
20181103-164144	  1	  0	         9	68.75
20181103-164149	  1	  0	         5	68.75
20181103-164154	  1	  0	        12	68.83
20181103-164159	  3	  0	        18	68.83
20181103-164204	  1	  0	        19	68.83
20181103-164209	  1	  0	        23	68.83
20181103-164214	  1	  0	        14	68.83
20181103-164219	  1	  0	         5	68.83
20181103-164224	  1	  0	         7	68.83
20181103-164229	  1	  0	        10	68.83
20181103-164234	  1	  0	        11	68.83
20181103-164239	  1	  0	        13	68.83
20181103-164244	 18	  0	        12	68.84
20181103-164249	 51	  0	        30	68.84
20181103-164254	 63	  0	        46	69.17
20181103-164259	 69	  0	       222	68.84
20181103-164304	 68	  0	       549	68.83
20181103-164309	 68	  0	        86	68.84
20181103-164314	 68	  0	      1511	68.83
20181103-164319	 57	  2	      5852	68.91
20181103-164324	 80	 10	     38780	68.94
20181103-164329	 55	  0	       676	68.98
20181103-164334	 52	  1	      1981	68.97
20181103-164339	 48	  0	        39	68.97
20181103-164344	 45	  0	       206	68.96
20181103-164349	 45	  0	      3420	68.96
20181103-164354	 44	  0	      9596	68.97
20181103-164359	 52	  2	     15870	68.96
20181103-164404	 46	  0	       558	68.96
20181103-164409	 46	  0	        58	68.96
20181103-164414	 44	  0	        29	68.96
20181103-164419	 47	  0	       167	68.94
20181103-164424	 45	  0	      2839	68.95
20181103-164429	 44	  4	     23033	68.95
20181103-164434	 37	  0	       424	68.94
20181103-164439	 14	  0	        19	68.95
20181103-164444	  1	  0	        14	68.95
20181103-164449	  1	  0	         7	68.94
20181103-164454	  1	  0	       543	68.95
20181103-164459	  2	  1	      5208	68.94
20181103-164504	  2	  0	       407	68.94
20181103-164509	  1	  0	        22	68.94
20181103-164514	  1	  0	        10	68.94
20181103-164519	  1	  0	         5	68.94
20181103-164524	  1	  0	        10	68.94
20181103-164529	  1	  0	        92	68.94
20181103-164534	  1	  0	        11	68.94
20181103-164539	  1	  0	        12	68.93
20181103-164544	  1	  0	         9	68.93
20181103-164549	  1	  0	         7	68.94
20181103-164554	  1	  0	         7	68.94
20181103-164559	  1	  0	         5	68.93
20181103-164604	  2	  0	         9	68.93
20181103-164609	  1	  0	        22	68.94
20181103-164614	  1	  0	        14	68.94
20181103-164619	  1	  0	         7	68.93
20181103-164624	  1	  0	         7	68.93
20181103-164629	  1	  0	         5	68.93
20181103-164634	  1	  0	        11	68.91
20181103-164639	  1	  0	        13	68.93
20181103-164644	  1	  0	        24	68.93
20181103-164649	  1	  0	         6	68.93
20181103-164654	  1	  0	        11	68.94
20181103-164659	  1	  0	         5	68.94
20181103-164704	  2	  0	         9	68.93
20181103-164709	  1	  0	        17	68.94
20181103-164714	  1	  0	        12	68.94
20181103-164719	  1	  0	         9	68.94
20181103-164724	  1	  0	         7	68.94
20181103-164729	  2	  0	         5	68.94
20181103-164734	  1	  0	        11	68.94
20181103-164739	  1	  0	        10	68.94
20181103-164744	  1	  0	        11	68.94
20181103-164749	  1	  0	        61	68.94
20181103-164754	  1	  0	        10	68.95
20181103-164759	  1	  0	         6	68.94
20181103-164804	  2	  0	       377	68.93
20181103-164809	  1	  0	        23	68.93
20181103-164814	  1	  0	        14	68.94
20181103-164819	  1	  0	         5	68.94
20181103-164824	  1	  0	         7	68.94
20181103-164829	  1	  0	         7	68.94
20181103-164834	  1	  0	        16	68.94
20181103-164839	  1	  0	         6	68.94
20181103-164844	  1	  0	         9	68.94
20181103-164849	  1	  0	         5	68.95
20181103-164854	  1	  0	         8	68.94
20181103-164859	  1	  0	         5	68.93
20181103-164904	  2	  0	        10	68.93
20181103-164909	  1	  0	        19	68.94
20181103-164914	  1	  0	        13	68.93
20181103-164919	  1	  0	         5	68.93
20181103-164924	  1	  0	         8	68.93
20181103-164929	  1	  0	         5	68.94
20181103-164934	  1	  0	        10	68.94
20181103-164939	  1	  0	         8	68.95
20181103-164944	  1	  0	         9	68.94
20181103-164949	  1	  0	         5	68.94
20181103-164954	  2	  0	        16	68.99
20181103-164959	  7	  3	       873	68.99
20181103-165004	  2	  0	        28	69.00
20181103-165009	  1	  0	        25	69.00
20181103-165014	  1	  0	        60	69.00
20181103-165019	  1	  0	         5	69.00
20181103-165024	  1	  0	         9	69.00
20181103-165029	  1	  0	         5	69.00
20181103-165034	  2	  0	        15	69.00
20181103-165039	  1	  0	        14	69.00
20181103-165044	  1	  0	        11	69.00
20181103-165049	  1	  0	         5	69.00
20181103-165054	  1	  0	         8	69.00
20181103-165059	  1	  0	         5	68.99
20181103-165104	  2	  0	        11	69.00
20181103-165109	  1	  0	        21	69.00
20181103-165114	  2	  0	        11	69.00
20181103-165119	  1	  0	         8	68.99
20181103-165124	  1	  0	         8	68.99
20181103-165129	  1	  0	         5	69.00
20181103-165134	  1	  0	        11	69.00
20181103-165139	  1	  0	         5	69.00
20181103-165144	  1	  0	        12	69.00
20181103-165149	  1	  0	         5	69.00
20181103-165154	  1	  0	        11	69.01
20181103-165159	  1	  0	         5	69.00
20181103-165204	  2	  0	         6	69.00
20181103-165209	  1	  0	        30	69.00
20181103-165214	  1	  0	         6	69.00
20181103-165219	  1	  0	         7	68.99
20181103-165224	  1	  0	         9	69.00
20181103-165229	  1	  0	         5	69.00
20181103-165234	  1	  0	         8	69.01
20181103-165239	  1	  0	        18	69.01
20181103-165244	  2	  0	        11	69.01
20181103-165249	  1	  0	         7	69.01
20181103-165254	  1	  0	        10	69.00
20181103-165259	  1	  0	         5	69.00
20181103-165304	  2	  0	         7	69.00
20181103-165309	  1	  0	        23	69.00
20181103-165314	  1	  0	         5	69.00
20181103-165319	  1	  0	         7	69.00
20181103-165324	  1	  0	         8	69.00
20181103-165329	  2	  0	         5	69.03
20181103-165334	 13	  1	       443	69.04
20181103-165339	  1	  0	        26	69.04
20181103-165344	  1	  0	        13	69.04
20181103-165349	  2	  0	         8	69.04
20181103-165354	  1	  0	         9	69.03
20181103-165359	  1	  0	         6	69.02
20181103-165404	  2	  0	        43	69.03
20181103-165409	  1	  0	        27	69.04
20181103-165414	  1	  0	         5	69.04
20181103-165419	  1	  0	         7	69.03
20181103-165424	  1	  0	         9	69.04
20181103-165429	  1	  0	         8	69.04
20181103-165434	  1	  0	        11	69.04
20181103-165439	  1	  0	        12	69.04
20181103-165444	  1	  0	         6	69.04
20181103-165449	  1	  0	         6	69.04
20181103-165454	  1	  0	         8	69.04
20181103-165459	  1	  0	         5	69.03
20181103-165504	  2	  0	        11	69.04
20181103-165509	  1	  0	        20	69.04
20181103-165514	  1	  0	        10	69.04
20181103-165519	  1	  0	         7	69.03
20181103-165524	  1	  0	         8	69.04
20181103-165529	  1	  0	         5	69.04
20181103-165534	  1	  0	         8	69.05
20181103-165539	  1	  0	        17	69.04
20181103-165544	  2	  0	         7	69.04
20181103-165549	  1	  0	         6	69.04
20181103-165554	  1	  0	         8	69.04
20181103-165559	  1	  0	         8	69.03
20181103-165604	  2	  0	         5	69.04
20181103-165609	  1	  0	        25	69.04
20181103-165614	  1	  0	        14	69.04
20181103-165619	  1	  0	         6	69.03
20181103-165624	  1	  0	         8	69.04
20181103-165629	  1	  0	         5	69.03
20181103-165634	  1	  0	         8	69.03
20181103-165639	  2	  0	        18	69.03
20181103-165644	  1	  0	        14	69.03
20181103-165649	  1	  0	         6	69.03
20181103-165654	  1	  0	         8	69.03
20181103-165659	  1	  0	         7	69.02
20181103-165704	  2	  0	         5	69.03
20181103-165709	  1	  0	        25	69.03
20181103-165714	  1	  0	        10	69.03
20181103-165719	  1	  0	         9	69.03
20181103-165724	  1	  0	         8	69.03
20181103-165729	  1	  0	         7	69.03
20181103-165734	  1	  0	         5	69.03
20181103-165739	  1	  0	        14	69.03
20181103-165744	  1	  0	         6	69.04
20181103-165749	  1	  0	         6	69.04
20181103-165754	  1	  0	        12	69.04
20181103-165759	  1	  0	         7	69.03
20181103-165804	  2	  0	         6	69.03
20181103-165809	  1	  0	        28	69.03
20181103-165814	  1	  0	        11	69.04
20181103-165819	  1	  0	         6	69.03
20181103-165824	  1	  0	         7	69.03
20181103-165829	  1	  0	        10	69.03
20181103-165834	  1	  0	         5	69.03
20181103-165839	  1	  0	        25	69.03
20181103-165844	  1	  0	         6	69.03
20181103-165849	  1	  0	         6	69.04
20181103-165854	  1	  0	        12	69.04
20181103-165859	  1	  0	         6	69.02
20181103-165904	  2	  0	         7	69.03
20181103-165909	  1	  0	        21	69.04
20181103-165914	  1	  0	         9	69.03
20181103-165919	  1	  0	         6	69.03
20181103-165924	  2	  0	         9	69.03
20181103-165929	  1	  0	         8	69.03
20181103-165934	  1	  0	         5	69.04
20181103-165939	  1	  0	        16	69.03
20181103-165944	  7	  5	       747	69.03
20181103-165949	  1	  0	         9	69.03
20181103-165954	  1	  0	        10	69.04
20181103-165959	  1	  0	         6	69.03
20181103-170004	  2	  0	         5	69.09
20181103-170009	 10	  2	      5599	69.09
20181103-170014	  1	  0	        22	69.09
20181103-170019	  1	  0	         9	69.09
20181103-170024	  1	  0	         9	69.09
20181103-170029	  1	  0	      1444	69.10
20181103-170034	  1	  0	       220	69.09
20181103-170039	  1	  0	       737	69.10
20181103-170044	  1	  0	        29	69.09
20181103-170049	  1	  0	         6	69.09
20181103-170054	  1	  0	         8	69.10
20181103-170059	  1	  0	         7	69.07
20181103-170104	  2	  0	         5	69.11
20181103-170109	  5	  0	       990	69.11
20181103-170114	  1	  0	       212	69.11
20181103-170119	  1	  0	         7	69.11
20181103-170124	  1	  0	        10	69.11
20181103-170129	  1	  0	         6	69.11
20181103-170134	  1	  0	         6	69.12
20181103-170139	  1	  0	       899	69.12
20181103-170144	  1	  0	        10	69.12
20181103-170149	  2	  0	         7	69.12
20181103-170154	  1	  0	        11	69.11
20181103-170159	  1	  0	         6	69.11
20181103-170204	  2	  0	         6	69.12
20181103-170209	  1	  0	       497	69.11
20181103-170214	  1	  0	        16	69.11
20181103-170219	  1	  0	         7	69.11
20181103-170224	  1	  0	         8	69.10
20181103-170229	  1	  0	         8	69.11
20181103-170234	  1	  0	         6	69.11
20181103-170239	  1	  0	        11	69.12
20181103-170244	  1	  0	         8	69.12
20181103-170249	  1	  0	         7	69.11
20181103-170254	  1	  0	         9	69.11
20181103-170259	  1	  0	         8	69.10
20181103-170304	  2	  0	         8	69.10
20181103-170309	  1	  0	        66	69.10
20181103-170314	  1	  0	        12	69.11
20181103-170319	  1	  0	         7	69.10
20181103-170324	  1	  0	         8	69.10
20181103-170329	  1	  0	         6	69.11
20181103-170334	  1	  0	         6	69.10
20181103-170339	  1	  0	        18	69.10
20181103-170344	  1	  0	         7	69.11
20181103-170349	  1	  0	         7	69.11
20181103-170354	  1	  0	         9	69.11
20181103-170359	  1	  0	         6	69.11
20181103-170404	  2	  0	         6	69.11
20181103-170409	  1	  0	        32	69.10
20181103-170414	  1	  0	        14	69.10
20181103-170419	  1	  0	         7	69.11
20181103-170424	  1	  0	         8	69.10
20181103-170429	  1	  0	         6	69.10
20181103-170434	  1	  0	         6	69.10
20181103-170439	  1	  0	        13	69.11
20181103-170444	  1	  0	         7	69.10
20181103-170449	  1	  0	         7	69.10
20181103-170454	  1	  0	         9	69.10
20181103-170459	  1	  0	         8	69.09
20181103-170504	  2	  0	         7	69.09
20181103-170509	  1	  0	        25	69.10
20181103-170514	  1	  0	        11	69.10
20181103-170519	  1	  0	         9	69.10
20181103-170524	  1	  0	         8	69.10
20181103-170529	  1	  0	         6	69.10
20181103-170534	  1	  0	         6	69.09
20181103-170539	  1	  0	        17	69.09
20181103-170544	  1	  0	         6	69.09
20181103-170549	  1	  0	         7	69.10
20181103-170554	  1	  0	        11	69.09
20181103-170559	  1	  0	         7	69.09
20181103-170604	  2	  0	         9	69.09
20181103-170609	  1	  0	        29	69.10
20181103-170614	  1	  0	        13	69.09
20181103-170619	  1	  0	         7	69.09
20181103-170624	  1	  0	        10	69.09
20181103-170629	  1	  0	         9	69.09
20181103-170634	  1	  0	         7	69.10
20181103-170639	  1	  0	        19	69.10
20181103-170644	  1	  0	         6	69.10
20181103-170649	  1	  0	         7	69.10
20181103-170654	  1	  0	         9	69.09
20181103-170659	  1	  0	         8	69.09
20181103-170704	  2	  0	        10	69.10
20181103-170709	  1	  0	        23	69.10
20181103-170714	  1	  0	        13	69.08
20181103-170719	  1	  0	         7	69.09
20181103-170724	  1	  0	         8	69.09
20181103-170729	  1	  0	         6	69.10
20181103-170734	  1	  0	         9	69.10
20181103-170739	  2	  0	        16	69.10
20181103-170744	  1	  0	         6	69.10
20181103-170749	  1	  0	         7	69.10
20181103-170754	  1	  0	        10	69.10
20181103-170759	  1	  0	         9	69.09
20181103-170804	  2	  0	         6	69.09
20181103-170809	 36	  0	       674	69.09
20181103-170814	 38	  0	        34	69.10
20181103-170819	 34	  0	         9	69.09
20181103-170824	 35	  0	      2274	69.09
20181103-170829	 36	  0	        15	69.10
20181103-170834	 38	  0	        12	69.10
20181103-170839	 38	  0	       119	69.19
20181103-170844	 41	  0	        36	69.22
20181103-170849	 38	  0	      3674	69.26
20181103-170854	 38	  0	        17	69.33
20181103-170859	 37	  0	        13	69.41
20181103-170904	 42	  0	         9	69.41
20181103-170909	 41	  0	       133	69.49
20181103-170914	 40	  0	        32	69.55
20181103-170919	 40	  0	      4321	69.68
20181103-170924	 40	  0	        62	69.69
20181103-170929	 42	  0	        13	69.70
20181103-170934	 40	  0	         9	69.75
20181103-170939	 39	  0	       118	69.76
20181103-170944	  1	  0	        23	69.76
20181103-170949	  1	  0	      2768	69.77
20181103-170954	  1	  0	       186	69.77
20181103-170959	  1	  0	        53	69.76
20181103-171004	  2	  0	         6	69.76
20181103-171009	  1	  0	        95	69.76
20181103-171014	  1	  0	        23	69.76
20181103-171019	  1	  0	         7	69.76
20181103-171024	  1	  0	         8	69.76
20181103-171029	  1	  0	        17	69.77
20181103-171034	  1	  0	         7	69.77
20181103-171039	  1	  0	        13	69.77
20181103-171044	  1	  0	        14	69.77
20181103-171049	  1	  0	         7	69.77
20181103-171054	  1	  0	        13	69.77
20181103-171059	  1	  0	         8	69.76
20181103-171104	  2	  0	         7	69.76
20181103-171109	  1	  0	        23	69.77
20181103-171114	  1	  0	        16	69.77
20181103-171119	  1	  0	         7	69.77
20181103-171124	  1	  0	         9	69.76
20181103-171129	  1	  0	         9	69.77
20181103-171134	  1	  0	         6	69.77
20181103-171139	  1	  0	        13	69.76
20181103-171144	  1	  0	        11	69.76
20181103-171149	  1	  0	         7	69.76
20181103-171154	  1	  0	        12	69.77
20181103-171159	  1	  0	         6	69.78
20181103-171204	  2	  0	         6	69.78
20181103-171209	  1	  0	        20	69.78
20181103-171214	  1	  0	        25	69.78
20181103-171219	  1	  0	         7	69.78
20181103-171224	  1	  0	        12	69.78
20181103-171229	  1	  0	         6	69.78
20181103-171234	  1	  0	         7	69.78
20181103-171239	  1	  0	        10	69.77
20181103-171244	  1	  0	        16	69.78
20181103-171249	  1	  0	         7	69.79
20181103-171254	  1	  0	        10	69.78
20181103-171259	  1	  0	         8	69.78
20181103-171304	  2	  0	         6	69.78
20181103-171309	  1	  0	        18	69.78
20181103-171314	  1	  0	        16	69.78
20181103-171319	  1	  0	        14	69.77
20181103-171324	  1	  0	         9	69.77
20181103-171329	  1	  0	         6	69.77
20181103-171334	  1	  0	         6	69.77
20181103-171339	  1	  0	        87	69.78
20181103-171344	  1	  0	        11	69.78
20181103-171349	  1	  0	        10	69.78
20181103-171354	  1	  0	        11	69.78
20181103-171359	  1	  0	         6	69.92
20181103-171404	  2	  0	         7	69.77
20181103-171409	  1	  0	        18	69.77
20181103-171414	  1	  0	        24	69.77
20181103-171419	  1	  0	        10	69.77
20181103-171424	  1	  0	         7	69.78
20181103-171429	  1	  0	         8	69.78
20181103-171434	  1	  0	         6	69.77
20181103-171439	  1	  0	        11	69.78
20181103-171444	  1	  0	        14	69.78
20181103-171449	  1	  0	        11	69.78
20181103-171454	  1	  0	         7	69.78
20181103-171459	  1	  0	         8	69.78
20181103-171504	  2	  0	        22	69.78
20181103-171509	  1	  0	        18	69.80
20181103-171514	 24	  0	        20	69.86
20181103-171519	 26	  0	       726	69.86
20181103-171524	 14	  0	        13	69.87
20181103-171529	  1	  0	        14	69.86
20181103-171534	  1	  0	         6	69.85
20181103-171539	  1	  0	      1314	69.86
20181103-171544	  1	  0	        13	69.86
20181103-171549	  1	  0	         7	69.87
20181103-171554	  2	  0	        15	69.87
20181103-171559	  3	  0	         9	69.87
20181103-171604	  2	  0	         6	69.87
20181103-171609	  1	  0	        44	69.95
20181103-171614	 45	  0	       623	70.00
20181103-171619	 56	  0	       655	70.01
20181103-171624	 48	  0	      3735	70.02
20181103-171629	 48	  1	     12992	70.03
20181103-171634	 37	  0	        83	70.05
20181103-171639	 37	  0	       758	70.06
20181103-171644	 33	  0	        31	70.05
20181103-171649	 32	  0	        23	70.06
20181103-171654	 38	  0	      4630	70.08
20181103-171659	 42	  2	     14366	70.08
20181103-171704	 40	  0	      1171	70.06
20181103-171709	 32	  0	       573	70.07
20181103-171714	  9	  0	        13	70.07
20181103-171719	  1	  0	         8	70.08
20181103-171724	  1	  0	      1015	70.08
20181103-171729	  1	  1	      3826	70.08
20181103-171734	  1	  0	       338	70.07
20181103-171739	  1	  0	       278	70.07
20181103-171744	  1	  0	        15	70.07
20181103-171749	  1	  0	        14	70.08
20181103-171754	  1	  0	        11	70.08
20181103-171759	  1	  0	         8	70.08
20181103-171804	  1	  0	         6	70.07
20181103-171809	  2	  0	        23	70.08
20181103-171814	  1	  0	        12	70.08
20181103-171819	  1	  0	         8	70.07
20181103-171824	  1	  0	        10	70.08
20181103-171829	  1	  0	         8	70.08
20181103-171834	  1	  0	         6	70.08
20181103-171839	  1	  0	        21	70.09
20181103-171844	  1	  0	        16	70.08
20181103-171849	  1	  0	        13	70.09
20181103-171854	  1	  0	         8	70.08
20181103-171859	  1	  0	         8	70.08
20181103-171904	  0	  0	         7	70.08
20181103-171909	  2	  0	        21	70.08
20181103-171914	  1	  0	         9	70.08
20181103-171919	  0	  0	         8	70.08
20181103-171924	  1	  0	         9	70.08
20181103-171929	  1	  0	         6	70.08
20181103-171934	  1	  0	         6	70.08
20181103-171939	  1	  0	        11	70.08
20181103-171944	  1	  0	        16	70.08
20181103-171949	  1	  0	         8	70.08
20181103-171954	  1	  0	         7	70.08
20181103-171959	  1	  0	         6	70.08
20181103-172004	  1	  0	         6	70.08
20181103-172009	  2	  0	        24	70.08
20181103-172014	  1	  0	        23	70.08
20181103-172019	  1	  0	        49	70.08
20181103-172024	  1	  0	        22	70.08
20181103-172029	  1	  0	         6	70.08
20181103-172034	  1	  0	         6	70.08
20181103-172039	  1	  0	       448	70.08
20181103-172044	  1	  0	         9	70.08
20181103-172049	  1	  0	         7	70.08
20181103-172054	  0	  0	         8	70.09
20181103-172059	  1	  0	         8	70.08
20181103-172104	  1	  0	         6	70.08
20181103-172109	  2	  0	        20	70.08
20181103-172114	  1	  0	        17	70.09
20181103-172119	  1	  0	         7	70.09
20181103-172124	  1	  0	        10	70.08
20181103-172129	  1	  0	         6	70.09
20181103-172134	  1	  0	         8	70.08
20181103-172139	  1	  0	        12	70.08
20181103-172144	  1	  0	         7	70.08
20181103-172149	  1	  0	         8	70.08
20181103-172154	  1	  0	         8	70.08
20181103-172159	  1	  0	         6	70.08
20181103-172204	  1	  0	         9	70.07
20181103-172209	  2	  0	        20	70.08
20181103-172214	  1	  0	        23	70.08
20181103-172219	  1	  0	         7	70.08
20181103-172224	  1	  0	         8	70.08
20181103-172229	  1	  0	         6	70.08
20181103-172234	  1	  0	         6	70.08
20181103-172239	  1	  0	        14	70.09
20181103-172244	  1	  0	        11	70.08
20181103-172249	  1	  0	         7	70.08
20181103-172254	  1	  0	         9	70.08
20181103-172259	  1	  0	         6	70.08
20181103-172304	  1	  0	         8	70.08
20181103-172309	  2	  0	        18	70.08
20181103-172314	  1	  0	        17	70.08
20181103-172319	  1	  0	         8	70.07
20181103-172324	  1	  0	         8	70.08
20181103-172329	  1	  0	         6	70.07
20181103-172334	  1	  0	         9	70.08
20181103-172339	  1	  0	        11	70.08
20181103-172344	  1	  0	         7	70.09
20181103-172349	  1	  0	         7	70.09
20181103-172354	  1	  0	        11	70.08
20181103-172359	  1	  0	         6	70.09
20181103-172404	  1	  0	         7	70.07
20181103-172409	  2	  0	        13	70.08
20181103-172414	  1	  0	        28	70.08
20181103-172419	  1	  0	         7	70.08
20181103-172424	  2	  0	         8	70.08
20181103-172429	  1	  0	         9	70.08
20181103-172434	  1	  0	         8	70.08
20181103-172439	  1	  0	         6	70.09
20181103-172444	  1	  0	        14	70.08
20181103-172449	  0	  0	         8	70.08
20181103-172454	  1	  0	         9	70.08
20181103-172459	  1	  0	         9	70.08
20181103-172504	  1	  0	         7	70.08
20181103-172509	  2	  0	        13	70.09
20181103-172514	  1	  0	        22	70.08
20181103-172519	  1	  0	         7	70.08
20181103-172524	  1	  0	         8	70.08
20181103-172529	  1	  0	         6	70.08
