TIME	CPU	WCPU	IO	MEM
20181103-140229	-	-	-	56.26
20181103-140234	  0	  0	         9	56.28
20181103-140239	  2	  0	         9	56.28
20181103-140244	  1	  0	        12	56.29
20181103-140249	  1	  0	         5	56.28
20181103-140254	  1	  0	        10	56.29
20181103-140259	  0	  0	         5	56.29
20181103-140304	  1	  0	        14	56.29
20181103-140309	  0	  0	        12	56.29
20181103-140314	  1	  0	        34	56.29
20181103-140319	  1	  0	        13	56.29
20181103-140324	  0	  0	         9	56.29
20181103-140329	  1	  0	         5	56.29
20181103-140334	  1	  0	        18	56.28
20181103-140339	  1	  0	         9	56.29
20181103-140344	  1	  0	        13	56.29
20181103-140349	  1	  0	         4	56.29
20181103-140354	  0	  0	         9	56.29
20181103-140359	  1	  0	         5	56.29
20181103-140404	  1	  0	        12	56.29
20181103-140409	  1	  0	         6	56.28
20181103-140414	  1	  0	         7	56.29
20181103-140419	  1	  0	        15	56.29
20181103-140424	  1	  0	         9	56.29
20181103-140429	  1	  0	         5	56.29
20181103-140434	  1	  0	         8	56.28
20181103-140439	  1	  0	         5	56.29
20181103-140444	  0	  0	        10	56.30
20181103-140449	  1	  0	         5	56.29
20181103-140454	  1	  0	        10	56.30
20181103-140459	  0	  0	         5	56.29
20181103-140504	  0	  0	         8	56.30
20181103-140509	  0	  0	         5	56.30
20181103-140514	  1	  0	         7	56.29
20181103-140519	  1	  0	        17	56.29
20181103-140524	  0	  0	         9	56.29
20181103-140529	  1	  0	         5	56.29
20181103-140534	  1	  0	        14	56.29
20181103-140539	  2	  0	         5	56.29
20181103-140544	  1	  0	         8	56.29
20181103-140549	  1	  0	         7	56.30
20181103-140554	  1	  0	         9	56.30
20181103-140559	  0	  0	         7	56.29
20181103-140604	  1	  0	        12	56.29
20181103-140609	  0	  0	         5	56.30
20181103-140614	  1	  0	         7	56.29
20181103-140619	  1	  0	        15	56.30
20181103-140624	  1	  0	        11	56.29
20181103-140629	  1	  0	         5	56.29
20181103-140634	  1	  0	        10	56.52
20181103-140639	  1	  0	         5	56.29
20181103-140644	  1	  0	         8	56.30
20181103-140649	  1	  0	         5	56.29
20181103-140654	  1	  0	         9	56.30
20181103-140659	  0	  0	        10	56.29
20181103-140704	  1	  0	        17	56.29
20181103-140709	  0	  0	         5	56.29
20181103-140714	  0	  0	         7	56.29
20181103-140719	  1	  0	        15	56.28
20181103-140724	  1	  0	         9	56.29
20181103-140729	  1	  0	         8	56.29
20181103-140734	  1	  0	        17	56.29
20181103-140739	  1	  0	         5	56.28
20181103-140744	  1	  0	         8	56.29
20181103-140749	  1	  0	         5	56.29
20181103-140754	  1	  0	         9	56.29
20181103-140759	  0	  0	         7	56.29
20181103-140804	  1	  0	        10	56.29
20181103-140809	  1	  0	         7	56.29
20181103-140814	  1	  0	         7	56.29
20181103-140819	  1	  0	        15	56.29
20181103-140824	  1	  0	         9	56.28
20181103-140829	  1	  0	         7	56.29
20181103-140834	  1	  0	        10	56.30
20181103-140839	  1	  0	         5	56.29
20181103-140844	  2	  0	        10	56.29
20181103-140849	  1	  0	         5	56.30
20181103-140854	  0	  0	        12	56.30
20181103-140859	  0	  0	         5	56.29
20181103-140904	  0	  0	        17	56.30
20181103-140909	  0	  0	         5	56.30
20181103-140914	  0	  0	         7	56.30
20181103-140919	  1	  0	        18	56.29
20181103-140924	  0	  0	         7	56.30
20181103-140929	  1	  0	         9	56.29
20181103-140934	  1	  0	        15	56.29
20181103-140939	  0	  0	         5	56.29
20181103-140944	  2	  0	         8	56.30
20181103-140949	  1	  0	         8	56.29
20181103-140954	  1	  0	         8	56.29
20181103-140959	  0	  0	         7	56.29
20181103-141004	  1	  0	        10	56.29
20181103-141009	  0	  0	         5	56.29
20181103-141014	  1	  0	         7	56.29
20181103-141019	  1	  0	        17	56.29
20181103-141024	  1	  0	        11	56.30
20181103-141029	  1	  0	         6	56.29
20181103-141034	  1	  0	        10	56.29
20181103-141039	  1	  0	         5	56.29
20181103-141044	  1	  0	         9	56.29
20181103-141049	  1	  0	         4	56.29
20181103-141054	  0	  0	        13	56.29
20181103-141059	  1	  0	         8	56.30
20181103-141104	  1	  0	        16	56.30
20181103-141109	  0	  0	         5	56.30
20181103-141114	  1	  0	        10	56.30
20181103-141119	  1	  0	        16	56.30
20181103-141124	  1	  0	        10	56.30
20181103-141129	  1	  0	         6	56.30
20181103-141134	  0	  0	        16	56.30
20181103-141139	  1	  0	         5	56.29
20181103-141144	  2	  0	         9	56.30
20181103-141149	  1	  0	         7	56.29
20181103-141154	  0	  0	         7	56.30
20181103-141159	  1	  0	         6	56.29
20181103-141204	  1	  0	        10	56.30
20181103-141209	  1	  0	         7	56.29
20181103-141214	  1	  0	         7	56.29
20181103-141219	  1	  0	        17	56.29
20181103-141224	  1	  0	         8	56.29
20181103-141229	  1	  0	         6	56.29
20181103-141234	  1	  0	         5	56.29
20181103-141239	  1	  0	         5	56.28
20181103-141244	  2	  0	        11	56.29
20181103-141249	  1	  0	         7	56.28
20181103-141254	  1	  0	         8	56.29
20181103-141259	  0	  0	         6	56.29
20181103-141304	  1	  0	         5	56.28
20181103-141309	  0	  0	        17	56.28
20181103-141314	  1	  0	         7	56.29
20181103-141319	  1	  0	        21	56.30
20181103-141324	  1	  0	         7	56.29
20181103-141329	  1	  0	         6	56.29
20181103-141334	  0	  0	         7	56.28
20181103-141339	  1	  0	        13	56.28
20181103-141344	  2	  0	         8	56.29
20181103-141349	  1	  0	         9	56.29
20181103-141354	  0	  0	         7	56.29
20181103-141359	  1	  0	         5	56.28
20181103-141404	  1	  0	         6	56.29
20181103-141409	  0	  0	        10	56.30
20181103-141414	  0	  0	         7	56.29
20181103-141419	  1	  0	        19	56.30
20181103-141424	  1	  0	         9	56.30
20181103-141429	  1	  0	         5	56.29
20181103-141434	  1	  0	         6	56.29
20181103-141439	  0	  0	         7	56.28
20181103-141444	  2	  0	         8	56.29
20181103-141449	  1	  0	         8	56.29
20181103-141454	  0	  0	         9	56.28
20181103-141459	  1	  0	         6	56.29
20181103-141504	  1	  0	         6	56.29
20181103-141509	  0	  0	        16	56.29
20181103-141514	  1	  0	         9	56.28
20181103-141519	  1	  0	        16	56.29
20181103-141524	  1	  0	         8	56.29
20181103-141529	  1	  0	         5	56.28
20181103-141534	  1	  0	        11	56.28
20181103-141539	  1	  0	         5	56.29
20181103-141544	  1	  0	         8	56.29
20181103-141549	  1	  0	         6	56.29
20181103-141554	  1	  0	         8	56.29
20181103-141559	  1	  0	         5	56.29
20181103-141604	  0	  0	         6	56.29
20181103-141609	  1	  0	        14	56.29
20181103-141614	  1	  0	         9	56.29
20181103-141619	  1	  0	        16	56.29
20181103-141624	  1	  0	         8	56.29
20181103-141629	  1	  0	         5	56.29
20181103-141634	  1	  0	         6	56.29
20181103-141639	  1	  0	         5	56.28
20181103-141644	  2	  0	        14	56.29
20181103-141649	  1	  0	         5	56.28
20181103-141654	  1	  0	         8	56.29
20181103-141659	  1	  0	         5	56.29
20181103-141704	  1	  0	         6	56.30
20181103-141709	  0	  0	         6	56.29
20181103-141714	  0	  0	        10	56.29
20181103-141719	  1	  0	        18	56.29
20181103-141724	  1	  0	         9	56.29
20181103-141729	  0	  0	         5	56.29
20181103-141734	  1	  0	         8	56.29
20181103-141739	  0	  0	        11	56.28
20181103-141744	  1	  0	        13	56.29
20181103-141749	  1	  0	         7	56.29
20181103-141754	  0	  0	         7	56.29
20181103-141759	  0	  0	         5	56.29
20181103-141804	  1	  0	         6	56.30
20181103-141809	  0	  0	        10	56.29
20181103-141814	  0	  0	        11	56.30
20181103-141819	  1	  0	        14	56.29
20181103-141824	  1	  0	         9	56.29
20181103-141829	  1	  0	         5	56.28
20181103-141834	  1	  0	         5	56.29
20181103-141839	  0	  0	         9	56.28
20181103-141844	  2	  0	         9	56.29
20181103-141849	  1	  0	         4	56.28
20181103-141854	  1	  0	         8	56.28
20181103-141859	  0	  0	         8	56.29
20181103-141904	  1	  0	         5	56.29
20181103-141909	  1	  0	         8	56.29
20181103-141914	  0	  0	         9	56.29
20181103-141919	  1	  0	        17	56.29
20181103-141924	  1	  0	         7	56.29
20181103-141929	  1	  0	         5	56.29
20181103-141934	  1	  0	         8	56.29
20181103-141939	  1	  0	        12	56.28
20181103-141944	  2	  0	        10	56.28
20181103-141949	  1	  0	        12	56.28
20181103-141954	  0	  0	         7	56.29
20181103-141959	  0	  0	         6	56.29
20181103-142004	  0	  0	         6	56.29
20181103-142009	  0	  0	        16	56.29
20181103-142014	  1	  0	         9	56.30
20181103-142019	  1	  0	        13	56.29
20181103-142024	  1	  0	         9	56.29
20181103-142029	  1	  0	         5	56.29
20181103-142034	  0	  0	         5	56.29
20181103-142039	  0	  0	         9	56.28
20181103-142044	  1	  0	        11	56.29
20181103-142049	  1	  0	        12	56.29
20181103-142054	  1	  0	         8	56.29
20181103-142059	  1	  0	         5	56.29
20181103-142104	  1	  0	         8	56.30
20181103-142109	  1	  0	        18	56.30
20181103-142114	  1	  0	        10	56.30
20181103-142119	  1	  0	        13	56.29
20181103-142124	  0	  0	         8	56.30
20181103-142129	  1	  0	         5	56.29
20181103-142134	  1	  0	         7	56.30
20181103-142139	  0	  0	        19	56.30
20181103-142144	  2	  0	        12	56.29
20181103-142149	  1	  0	        12	56.29
20181103-142154	  1	  0	         8	56.29
20181103-142159	  0	  0	         6	56.29
20181103-142204	  1	  0	         6	56.28
20181103-142209	  0	  0	        17	56.29
20181103-142214	  0	  0	         9	56.29
20181103-142219	  1	  0	        13	56.28
20181103-142224	  1	  0	         8	56.28
20181103-142229	  0	  0	         5	56.29
20181103-142234	  1	  0	         7	56.29
20181103-142239	  0	  0	         8	56.29
20181103-142244	  2	  0	        14	56.29
20181103-142249	  1	  0	        12	56.29
20181103-142254	  0	  0	         9	56.29
20181103-142259	  0	  0	         7	56.30
20181103-142304	  1	  0	         5	56.29
20181103-142309	  0	  0	        20	56.29
20181103-142314	  1	  0	         7	56.30
20181103-142319	  1	  0	        13	56.30
20181103-142324	  1	  0	         8	56.30
20181103-142329	  0	  0	         6	56.29
20181103-142334	  0	  0	         6	56.29
20181103-142339	  0	  0	         8	56.29
20181103-142344	  2	  0	        11	56.30
20181103-142349	  1	  0	        10	56.30
20181103-142354	  0	  0	         8	56.30
20181103-142359	  1	  0	         7	56.29
20181103-142404	  0	  0	         5	56.30
20181103-142409	  0	  0	        13	56.30
20181103-142414	  1	  0	         7	56.29
20181103-142419	  1	  0	        12	56.28
20181103-142424	  1	  0	         8	56.30
20181103-142429	  0	  0	         7	56.29
20181103-142434	  1	  0	         5	56.30
20181103-142439	  1	  0	         8	56.29
20181103-142444	  2	  0	        10	56.30
20181103-142449	  1	  0	        12	56.29
20181103-142454	  0	  0	         8	56.29
20181103-142459	  1	  0	         8	56.30
20181103-142504	  1	  0	         5	56.30
20181103-142509	  0	  0	        20	56.30
20181103-142514	  0	  0	         7	56.29
20181103-142519	  1	  0	        12	56.29
20181103-142524	  1	  0	         7	56.29
20181103-142529	  0	  0	         7	56.29
20181103-142534	  1	  0	         5	56.30
20181103-142539	  0	  0	         8	56.28
20181103-142544	  2	  0	         9	56.29
20181103-142549	  1	  0	        11	56.29
20181103-142554	  1	  0	         8	56.30
20181103-142559	  1	  0	         6	56.29
20181103-142604	  1	  0	         5	56.30
20181103-142609	  1	  0	        11	56.30
20181103-142614	  0	  0	         9	56.30
20181103-142619	  1	  0	        12	56.29
20181103-142624	  1	  0	         9	56.29
20181103-142629	  1	  0	         6	56.29
20181103-142634	  1	  0	         5	56.30
20181103-142639	  1	  0	        15	56.29
20181103-142644	  2	  0	        10	56.29
20181103-142649	  1	  0	        12	56.29
20181103-142654	  1	  0	        10	56.30
20181103-142659	  1	  0	         6	56.30
20181103-142704	  0	  0	         5	56.29
20181103-142709	  0	  0	        21	56.30
20181103-142714	  1	  0	         9	56.30
20181103-142719	  1	  0	        12	56.29
20181103-142724	  1	  0	         9	56.30
20181103-142729	  0	  0	         6	56.29
20181103-142734	  1	  0	         5	56.30
20181103-142739	  0	  0	         7	56.31
20181103-142744	  2	  0	        11	56.32
20181103-142749	  1	  0	        11	56.33
20181103-142754	  1	  0	         8	56.32
20181103-142759	  0	  0	         5	56.32
20181103-142804	  1	  0	         5	56.32
20181103-142809	  1	  0	         5	56.32
20181103-142814	  0	  0	         9	56.32
20181103-142819	  1	  0	        10	56.32
20181103-142824	  3	  0	        11	56.32
20181103-142829	  0	  0	         5	56.31
20181103-142834	  1	  0	         5	56.31
20181103-142839	  1	  0	        10	56.30
20181103-142844	  1	  0	        10	56.31
20181103-142849	  1	  0	         8	56.31
20181103-142854	  0	  0	         8	56.31
20181103-142859	  1	  0	         6	56.31
20181103-142904	  1	  0	         5	56.32
20181103-142909	  1	  0	        17	56.31
20181103-142914	  1	  0	         9	56.31
20181103-142919	  1	  0	        18	56.31
20181103-142924	  1	  0	         7	56.31
20181103-142929	  0	  0	         5	56.31
20181103-142934	  1	  0	         6	56.31
20181103-142939	  1	  0	         6	56.31
20181103-142944	  1	  0	        12	56.30
20181103-142949	  1	  0	         7	56.31
20181103-142954	  1	  0	         7	56.31
20181103-142959	  0	  0	         5	56.31
20181103-143004	  1	  0	         5	56.30
20181103-143009	  0	  0	        15	56.30
20181103-143014	  1	  0	         9	56.31
20181103-143019	  1	  0	        21	56.31
20181103-143024	  1	  0	         9	56.31
20181103-143029	  0	  0	         5	56.31
20181103-143034	  1	  0	         5	56.31
20181103-143039	  0	  0	         5	56.31
20181103-143044	  2	  0	        15	56.31
20181103-143049	  1	  0	         6	56.31
20181103-143054	  0	  0	         8	56.31
20181103-143059	  1	  0	         5	56.31
20181103-143104	  1	  0	         5	56.31
20181103-143109	  0	  0	        17	56.31
20181103-143114	  1	  0	        14	56.31
20181103-143119	  1	  0	        20	56.31
20181103-143124	  1	  0	         7	56.31
20181103-143129	  0	  0	         5	56.31
20181103-143134	  1	  0	         5	56.32
20181103-143139	  1	  0	        13	56.30
20181103-143144	  2	  0	        11	56.31
20181103-143149	  1	  0	         9	56.31
20181103-143154	  1	  0	         7	56.31
20181103-143159	  1	  0	         5	56.31
20181103-143204	  0	  0	         5	56.31
20181103-143209	  1	  0	         8	56.31
20181103-143214	  1	  0	        12	56.31
20181103-143219	  1	  0	        16	56.30
20181103-143224	  1	  0	         9	56.31
20181103-143229	  1	  0	         5	56.31
20181103-143234	  1	  0	         5	56.31
20181103-143239	  1	  0	         5	56.30
20181103-143244	  2	  0	        13	56.31
20181103-143249	  1	  0	         6	56.31
20181103-143254	  1	  0	         8	56.31
20181103-143259	  1	  0	         6	56.31
20181103-143304	  1	  0	         5	56.32
20181103-143309	  0	  0	         6	56.32
20181103-143314	  1	  0	         9	56.32
20181103-143319	  1	  0	        20	56.31
20181103-143324	  1	  0	         7	56.31
20181103-143329	  0	  0	         5	56.31
20181103-143334	  1	  0	         7	56.31
20181103-143339	  1	  0	        10	56.31
20181103-143344	  2	  0	         8	56.31
20181103-143349	  1	  0	        10	56.31
20181103-143354	  1	  0	         7	56.31
20181103-143359	  1	  0	         5	56.31
20181103-143404	  1	  0	         5	56.31
20181103-143409	  0	  0	        13	56.31
20181103-143414	  1	  0	         6	56.31
20181103-143419	  1	  0	        18	56.31
20181103-143424	  0	  0	         8	56.31
20181103-143429	  0	  0	         5	56.31
20181103-143434	  1	  0	         5	56.31
20181103-143439	  1	  0	         5	56.31
20181103-143444	  2	  0	        11	56.32
20181103-143449	  1	  0	        10	56.31
20181103-143454	  1	  0	         9	56.31
20181103-143459	  1	  0	         5	56.31
20181103-143504	  1	  0	         5	56.31
20181103-143509	  0	  0	         8	56.31
20181103-143514	  1	  0	         6	56.31
20181103-143519	  1	  0	        20	56.31
20181103-143524	  1	  0	         5	56.31
20181103-143529	  1	  0	         6	56.31
20181103-143534	  1	  0	         5	56.31
20181103-143539	  0	  0	        12	56.31
20181103-143544	  2	  0	         6	56.32
20181103-143549	  1	  0	        16	56.31
20181103-143554	  1	  0	         5	56.31
20181103-143559	  0	  0	         6	56.31
20181103-143604	  1	  0	         5	56.31
20181103-143609	  1	  0	        10	56.32
20181103-143614	  1	  0	         5	56.32
20181103-143619	  1	  0	        21	56.31
20181103-143624	  1	  0	         8	56.32
20181103-143629	  0	  0	         5	56.31
20181103-143634	  1	  0	         6	56.32
20181103-143639	  1	  0	         8	56.31
20181103-143644	  2	  0	         5	56.32
20181103-143649	  1	  0	         9	56.31
20181103-143654	  1	  0	         8	56.32
20181103-143659	  1	  0	         8	56.31
20181103-143704	  1	  0	        10	56.31
20181103-143709	  1	  0	        17	56.32
20181103-143714	  0	  0	         5	56.32
20181103-143719	  1	  0	        23	56.32
20181103-143724	  0	  0	         7	56.32
20181103-143729	  1	  0	         5	56.31
20181103-143734	  1	  0	         9	56.32
20181103-143739	  0	  0	         6	56.31
20181103-143744	  2	  0	         5	56.32
20181103-143749	  1	  0	        10	56.31
20181103-143754	  0	  0	         7	56.32
20181103-143759	  0	  0	         5	56.31
20181103-143804	  1	  0	        11	56.32
20181103-143809	  1	  0	        15	56.31
20181103-143814	  1	  0	         5	56.31
20181103-143819	  1	  0	        21	56.31
20181103-143824	  0	  0	         7	56.32
20181103-143829	  0	  0	         5	56.31
20181103-143834	  1	  0	         9	56.32
20181103-143839	  0	  0	        10	56.31
20181103-143844	  2	  0	         6	56.32
20181103-143849	  1	  0	        10	56.32
20181103-143854	  1	  0	         8	56.32
20181103-143859	  1	  0	         5	56.31
20181103-143904	  1	  0	        10	56.32
20181103-143909	  1	  0	        17	56.32
20181103-143914	  1	  0	         5	56.31
20181103-143919	  1	  0	        22	56.31
20181103-143924	  1	  0	         7	56.32
20181103-143929	  1	  0	         5	56.31
20181103-143934	  1	  0	         9	56.32
20181103-143939	  1	  0	        13	56.31
20181103-143944	  2	  0	         5	56.31
20181103-143949	  1	  0	        13	56.31
20181103-143954	  1	  0	         7	56.32
20181103-143959	  1	  0	         7	56.32
20181103-144004	  1	  0	         6	56.32
20181103-144009	  1	  0	        10	56.32
20181103-144014	  1	  0	         5	56.33
20181103-144019	  1	  0	        20	56.32
20181103-144024	  1	  0	         9	56.32
20181103-144029	  1	  0	         7	56.31
20181103-144034	  1	  0	         6	56.32
20181103-144039	  0	  0	        10	56.71
20181103-144044	  2	  0	         5	56.31
20181103-144049	  1	  0	        12	56.32
20181103-144054	  0	  0	        16	56.32
20181103-144059	  0	  0	         6	56.31
20181103-144104	  1	  0	         8	56.31
20181103-144109	  1	  0	        17	56.32
20181103-144114	  0	  0	         5	56.32
20181103-144119	  1	  0	        16	56.31
20181103-144124	  1	  0	         7	56.32
20181103-144129	  1	  0	         8	56.32
20181103-144134	  1	  0	         7	56.32
20181103-144139	  1	  0	        13	56.35
20181103-144144	  2	  0	         6	56.35
20181103-144149	  1	  0	         9	56.34
20181103-144154	  1	  0	        16	56.34
20181103-144159	  0	  0	         5	56.34
20181103-144204	  1	  0	         8	56.34
20181103-144209	  1	  0	        12	56.33
20181103-144214	  1	  0	         5	56.33
20181103-144219	  1	  0	        16	56.34
20181103-144224	  1	  0	         9	56.34
20181103-144229	  0	  0	         6	56.34
20181103-144234	  1	  0	         7	56.33
20181103-144239	  1	  0	         7	56.34
20181103-144244	  1	  0	         6	56.33
20181103-144249	  2	  0	         8	56.34
20181103-144254	  1	  0	        16	56.34
20181103-144259	  1	  0	         5	56.35
20181103-144304	  1	  0	         8	56.35
20181103-144309	  0	  0	        17	56.34
20181103-144314	  1	  0	         6	56.34
20181103-144319	  1	  0	        14	56.34
20181103-144324	  1	  0	         9	56.34
20181103-144329	  1	  0	         5	56.34
20181103-144334	  1	  0	         8	56.34
20181103-144339	  1	  0	         5	56.34
20181103-144344	  1	  0	         6	56.33
20181103-144349	  2	  0	         8	56.33
20181103-144354	  1	  0	        15	56.34
20181103-144359	  1	  0	         5	56.34
20181103-144404	  1	  0	         8	56.34
20181103-144409	  1	  0	        12	56.33
20181103-144414	  0	  0	         6	56.34
20181103-144419	  1	  0	        17	56.34
20181103-144424	  1	  0	        10	56.35
20181103-144429	  0	  0	         5	56.35
20181103-144434	  1	  0	         6	56.34
20181103-144439	  1	  0	         5	56.35
20181103-144444	  0	  0	         5	56.33
20181103-144449	  2	  0	        12	56.34
20181103-144454	  1	  0	         7	56.34
20181103-144459	  0	  0	         5	56.34
20181103-144504	  1	  0	         6	56.34
20181103-144509	  1	  0	         5	56.34
20181103-144514	  1	  0	        17	56.34
20181103-144519	  1	  0	        20	56.34
20181103-144524	  1	  0	        12	56.34
20181103-144529	  1	  0	         5	56.34
20181103-144534	  1	  0	         6	56.34
20181103-144539	  1	  0	         5	56.34
20181103-144544	  1	  0	        13	56.33
20181103-144549	  2	  0	        14	56.33
20181103-144554	  1	  0	         7	56.34
20181103-144559	  1	  0	         7	56.33
20181103-144604	  1	  0	         7	56.34
20181103-144609	  0	  0	         5	56.34
20181103-144614	  0	  0	        10	56.34
20181103-144619	  1	  0	        20	56.33
20181103-144624	  1	  0	         8	56.33
20181103-144629	  0	  0	         5	56.33
20181103-144634	  1	  0	         9	56.34
20181103-144639	  0	  0	         5	56.34
20181103-144644	  1	  0	         7	56.34
20181103-144649	  2	  0	        11	56.33
20181103-144654	  1	  0	         7	56.41
20181103-144659	  2	  0	        10	56.37
20181103-144704	  1	  0	         6	56.37
20181103-144709	  1	  0	         8	56.38
20181103-144714	  1	  0	        17	56.38
20181103-144719	  1	  0	        23	56.37
20181103-144724	  1	  0	         7	56.37
20181103-144729	  1	  0	         5	56.37
20181103-144734	  1	  0	         5	56.37
20181103-144739	  1	  0	        11	56.36
20181103-144744	  1	  0	        20	56.36
20181103-144749	  2	  0	         9	56.37
20181103-144754	  1	  0	         7	56.37
20181103-144759	  1	  0	         6	56.36
20181103-144804	  1	  0	         5	56.36
20181103-144809	  1	  0	         9	56.36
20181103-144814	  1	  0	        20	56.36
20181103-144819	  1	  0	        22	56.35
20181103-144824	  1	  0	         8	56.38
20181103-144829	  1	  0	         5	56.38
20181103-144834	  1	  0	         5	56.38
20181103-144839	  1	  0	         6	56.38
20181103-144844	  1	  0	         8	56.38
20181103-144849	  2	  0	        13	56.37
20181103-144854	  1	  0	         7	56.38
20181103-144859	  1	  0	         6	56.38
20181103-144904	  1	  0	         5	56.38
20181103-144909	  0	  0	         6	56.38
20181103-144914	  1	  0	        18	56.38
20181103-144919	  1	  0	        15	56.38
20181103-144924	  1	  0	        12	56.38
20181103-144929	  1	  0	         5	56.38
20181103-144934	  1	  0	         7	56.39
20181103-144939	  1	  0	         7	56.38
20181103-144944	  0	  0	         7	56.38
20181103-144949	  2	  0	        10	56.38
20181103-144954	  1	  0	         7	56.38
20181103-144959	  1	  0	         5	56.38
20181103-145004	  1	  0	         7	56.38
20181103-145009	  1	  0	         7	56.38
20181103-145014	  1	  0	        10	56.38
20181103-145019	  1	  0	        22	56.39
20181103-145024	  1	  0	         8	56.38
20181103-145029	  1	  0	         6	56.38
20181103-145034	  1	  0	         5	56.38
20181103-145039	  1	  0	         7	56.38
20181103-145044	  1	  0	         8	56.38
20181103-145049	  2	  0	        12	56.38
20181103-145054	  1	  0	         7	56.38
20181103-145059	  1	  0	         7	56.38
20181103-145104	  1	  0	         5	56.38
20181103-145109	  1	  0	         9	56.38
20181103-145114	  1	  0	        17	56.38
20181103-145119	  1	  0	        19	56.39
20181103-145124	  1	  0	         7	56.38
20181103-145129	  1	  0	         5	56.39
20181103-145134	  1	  0	         7	56.38
20181103-145139	  1	  0	         6	56.38
20181103-145144	  1	  0	         7	56.39
20181103-145149	  2	  0	         7	56.39
20181103-145154	  1	  0	         7	56.39
20181103-145159	  1	  0	         5	56.40
20181103-145204	  1	  0	         5	56.39
20181103-145209	  1	  0	        11	56.38
20181103-145214	  1	  0	        15	56.38
20181103-145219	  1	  0	        19	56.38
20181103-145224	  1	  0	         8	56.38
20181103-145229	  1	  0	         5	56.38
20181103-145234	  1	  0	         5	56.38
20181103-145239	  1	  0	        11	56.39
20181103-145244	  1	  0	        12	56.38
20181103-145249	  2	  0	         7	56.39
20181103-145254	  1	  0	         7	56.38
20181103-145259	  1	  0	         5	56.38
20181103-145304	  1	  0	         5	56.38
20181103-145309	  1	  0	        11	56.38
20181103-145314	  1	  0	        19	56.38
20181103-145319	  1	  0	        21	56.38
20181103-145324	  1	  0	         7	56.38
20181103-145329	  1	  0	         5	56.38
20181103-145334	  1	  0	         5	56.38
20181103-145339	  1	  0	        10	56.38
20181103-145344	  1	  0	        13	56.37
20181103-145349	  2	  0	         9	56.37
20181103-145354	  1	  0	         7	56.37
20181103-145359	  1	  0	         5	56.38
20181103-145404	  1	  0	         7	56.38
20181103-145409	  1	  0	         7	56.37
20181103-145414	  1	  0	        10	56.38
20181103-145419	  1	  0	        19	56.38
20181103-145424	  1	  0	        10	56.38
20181103-145429	  1	  0	         5	56.38
20181103-145434	  1	  0	         7	56.37
20181103-145439	  1	  0	         7	56.38
20181103-145444	  1	  0	        10	56.38
20181103-145449	  2	  0	         7	56.38
20181103-145454	  1	  0	         7	56.38
20181103-145459	  1	  0	         7	56.38
20181103-145504	  1	  0	         6	56.38
20181103-145509	  1	  0	         7	56.38
20181103-145514	  1	  0	        17	56.38
20181103-145519	  1	  0	        20	56.38
20181103-145524	  1	  0	         7	56.38
20181103-145529	  1	  0	         4	56.38
20181103-145534	  1	  0	        10	56.38
20181103-145539	  1	  0	         6	56.38
20181103-145544	  1	  0	        13	56.36
20181103-145549	  2	  0	         7	56.36
20181103-145554	  1	  0	         7	56.37
20181103-145559	  1	  0	         7	56.37
20181103-145604	  1	  0	         5	56.37
20181103-145609	  1	  0	         9	56.37
20181103-145614	  1	  0	        10	56.37
20181103-145619	  1	  0	        21	56.35
20181103-145624	  8	  0	        13	56.33
20181103-145629	  0	  0	         4	56.32
20181103-145634	  1	  0	         8	56.33
20181103-145639	  1	  0	        12	56.32
20181103-145644	  0	  0	        18	56.32
20181103-145649	  2	  0	         7	56.33
20181103-145654	  1	  0	        10	56.33
20181103-145659	  0	  0	         7	56.33
20181103-145704	  0	  0	         5	56.33
20181103-145709	  0	  0	         9	56.33
20181103-145714	  1	  0	        20	56.33
20181103-145719	  1	  0	        28	56.32
20181103-145724	  0	  0	         8	56.33
20181103-145729	  1	  0	         7	56.33
20181103-145734	  1	  0	         5	56.33
20181103-145739	  1	  0	         6	56.33
20181103-145744	  1	  0	        13	56.32
20181103-145749	  2	  0	         7	56.32
20181103-145754	  0	  0	        10	56.33
20181103-145759	  0	  0	         6	56.32
20181103-145804	  1	  0	         5	56.32
20181103-145809	  0	  0	         7	56.33
20181103-145814	  1	  0	        10	56.36
20181103-145819	  1	  0	        22	56.37
20181103-145824	  1	  0	         8	56.36
20181103-145829	  0	  0	         9	56.35
20181103-145834	  0	  0	         5	56.36
20181103-145839	  0	  0	         7	56.36
20181103-145844	  0	  0	        10	56.35
20181103-145849	  2	  0	         7	56.34
20181103-145854	  1	  0	        11	56.35
20181103-145859	  0	  0	         5	56.35
20181103-145904	  0	  0	         6	56.35
20181103-145909	  0	  0	         7	56.35
20181103-145914	  1	  0	        16	56.35
20181103-145919	  1	  0	        22	56.35
20181103-145924	  1	  0	         7	56.35
20181103-145929	  0	  0	         8	56.35
20181103-145934	  1	  0	         5	56.35
20181103-145939	  1	  0	         9	56.34
20181103-145944	  1	  0	        13	56.36
20181103-145949	  2	  0	        13	56.36
20181103-145954	  1	  0	        12	56.35
20181103-145959	  1	  0	         5	56.35
20181103-150004	  0	  0	         5	56.36
20181103-150009	  0	  0	         7	56.35
20181103-150014	  1	  0	        21	56.35
20181103-150019	  1	  0	        33	56.36
20181103-150024	  1	  0	         7	56.35
20181103-150029	  0	  0	         5	56.36
20181103-150034	  1	  0	         5	56.35
20181103-150039	  1	  0	         6	56.35
20181103-150044	  1	  0	        13	56.35
20181103-150049	  2	  0	        18	56.36
20181103-150054	  1	  0	         8	56.36
20181103-150059	  1	  0	         5	56.35
20181103-150104	  1	  0	         5	56.36
20181103-150109	  1	  0	         6	56.35
20181103-150114	  1	  0	        19	56.35
20181103-150119	  1	  0	        23	56.36
20181103-150124	  1	  0	         8	56.36
20181103-150129	  1	  0	         5	56.35
20181103-150134	  1	  0	         5	56.36
20181103-150139	  1	  0	         6	56.35
20181103-150144	  1	  0	        10	56.36
20181103-150149	  2	  0	        11	56.36
20181103-150154	  1	  0	         7	56.36
20181103-150159	  0	  0	         7	56.36
20181103-150204	  0	  0	         5	56.36
20181103-150209	  0	  0	         6	56.36
20181103-150214	  0	  0	         8	56.36
20181103-150219	  1	  0	        23	56.36
20181103-150224	  1	  0	         7	56.36
20181103-150229	  0	  0	         5	56.36
20181103-150234	  1	  0	         7	56.36
20181103-150239	  1	  0	        10	56.37
20181103-150244	  0	  0	        19	56.35
20181103-150249	  2	  0	         7	56.35
20181103-150254	  1	  0	         8	56.36
20181103-150259	  1	  0	         5	56.36
20181103-150304	  0	  0	         5	56.37
20181103-150309	  1	  0	        13	56.36
20181103-150314	  1	  0	        17	56.36
20181103-150319	  1	  0	        21	56.37
20181103-150324	  1	  0	         7	56.36
20181103-150329	  0	  0	         5	56.35
20181103-150334	  1	  0	         5	56.36
20181103-150339	  1	  0	         6	56.37
20181103-150344	  0	  0	        10	56.36
20181103-150349	  2	  0	         8	56.36
20181103-150354	  1	  0	         7	56.36
20181103-150359	  0	  0	         9	56.35
20181103-150404	  0	  0	         8	56.36
20181103-150409	  1	  0	        12	56.36
20181103-150414	  1	  0	        20	56.36
20181103-150419	  1	  0	        24	56.35
20181103-150424	  0	  0	        12	56.36
20181103-150429	  0	  0	         8	56.36
20181103-150434	  1	  0	         8	56.36
20181103-150439	  0	  0	        11	56.35
20181103-150444	  1	  0	        16	56.36
20181103-150449	  2	  0	         8	56.36
20181103-150454	  1	  0	        13	56.36
20181103-150459	  1	  0	         8	56.35
20181103-150504	  1	  0	         8	56.35
20181103-150509	  1	  0	        10	56.36
20181103-150514	  0	  0	        13	56.35
20181103-150519	  1	  0	        18	56.35
20181103-150524	  1	  0	        12	56.35
20181103-150529	  1	  0	        11	56.35
20181103-150534	  1	  0	         8	56.35
20181103-150539	  1	  0	         9	56.35
20181103-150544	  1	  0	        15	56.33
20181103-150549	  2	  0	         5	56.35
20181103-150554	  1	  0	         8	56.36
20181103-150559	  1	  0	         5	56.35
20181103-150604	  1	  0	         9	56.35
20181103-150609	  1	  0	         5	56.35
20181103-150614	  1	  0	        21	56.35
20181103-150619	  1	  0	        17	56.35
20181103-150624	  1	  0	         9	56.35
20181103-150629	  0	  0	         4	56.35
20181103-150634	  1	  0	         9	56.36
20181103-150639	  0	  0	         6	56.36
20181103-150644	  1	  0	        16	56.34
20181103-150649	  2	  0	         5	56.35
20181103-150654	  1	  0	         8	56.35
20181103-150659	  0	  0	         5	56.35
20181103-150704	  1	  0	         7	56.36
20181103-150709	  0	  0	         5	56.36
20181103-150714	  1	  0	        15	56.35
20181103-150719	  1	  0	        15	56.35
20181103-150724	  0	  0	         9	56.35
20181103-150729	  1	  0	         5	56.34
20181103-150734	  1	  0	         7	56.35
20181103-150739	  1	  0	         5	56.35
20181103-150744	  1	  0	        15	56.34
20181103-150749	  2	  0	         7	56.34
20181103-150754	  1	  0	         8	56.35
20181103-150759	  1	  0	         7	56.35
20181103-150804	  1	  0	         5	56.35
20181103-150809	  1	  0	         5	56.35
20181103-150814	  0	  0	        20	56.36
20181103-150819	  1	  0	        15	56.35
20181103-150824	  1	  0	        12	56.36
20181103-150829	  1	  0	         5	56.36
20181103-150834	  1	  0	         6	56.36
20181103-150839	  1	  0	         5	56.36
20181103-150844	  1	  0	        16	56.34
20181103-150849	  2	  0	         5	56.35
20181103-150854	  1	  0	         8	56.35
20181103-150859	  1	  0	         9	56.34
20181103-150904	  0	  0	         5	56.35
20181103-150909	  1	  0	         5	56.35
20181103-150914	  0	  0	        13	56.35
20181103-150919	  1	  0	        15	56.35
20181103-150924	  1	  0	         9	56.35
20181103-150929	  0	  0	         8	56.35
20181103-150934	  1	  0	         6	56.36
20181103-150939	  1	  0	         5	56.35
20181103-150944	  1	  0	        16	56.35
20181103-150949	  2	  0	         5	56.35
20181103-150954	  1	  0	         8	56.35
20181103-150959	  1	  0	         8	56.35
20181103-151004	  0	  0	         5	56.35
20181103-151009	  1	  0	         6	56.36
20181103-151014	  1	  0	        23	56.36
20181103-151019	  1	  0	        18	56.35
20181103-151024	  0	  0	         9	56.35
20181103-151029	  1	  0	         8	56.36
20181103-151034	  1	  0	         5	56.35
20181103-151039	  0	  0	         5	56.36
20181103-151044	  1	  0	        19	56.36
20181103-151049	  2	  0	         5	56.36
20181103-151054	  1	  0	        14	56.36
20181103-151059	  1	  0	         5	56.36
20181103-151104	  0	  0	         5	56.36
20181103-151109	  0	  0	         5	56.35
20181103-151114	  1	  0	        14	56.36
20181103-151119	  1	  0	        17	56.36
20181103-151124	  1	  0	        10	56.36
20181103-151129	  1	  0	         7	56.35
20181103-151134	  1	  0	         5	56.36
20181103-151139	  0	  0	         5	56.35
20181103-151144	  1	  0	        22	56.34
20181103-151149	  2	  0	         8	56.36
20181103-151154	  1	  0	        10	56.35
20181103-151159	  1	  0	         5	56.36
20181103-151204	  0	  0	         5	56.36
20181103-151209	  1	  0	         5	56.35
20181103-151214	  1	  0	        21	56.36
20181103-151219	  1	  0	        16	56.36
20181103-151224	  1	  0	        14	56.36
20181103-151229	  1	  0	         4	56.35
20181103-151234	  1	  0	         5	56.35
20181103-151239	  1	  0	         5	56.35
20181103-151244	  2	  0	        20	56.41
20181103-151249	  3	  0	         5	56.42
20181103-151254	  1	  0	        12	56.43
20181103-151259	  1	  0	         6	56.43
20181103-151304	  1	  0	         5	56.43
20181103-151309	 14	  0	       325	56.42
20181103-151314	  7	  0	        17	56.42
20181103-151319	  1	  0	        15	56.43
20181103-151324	  1	  0	        12	56.43
20181103-151329	  0	  0	         5	56.42
20181103-151334	  1	  0	         6	56.43
20181103-151339	  1	  0	         5	56.43
20181103-151344	  1	  0	        15	56.42
20181103-151349	  2	  0	         8	56.42
20181103-151354	  1	  0	         8	56.43
20181103-151359	  0	  0	         5	56.42
20181103-151404	  1	  0	         5	56.43
20181103-151409	  0	  0	         7	56.43
20181103-151414	  1	  0	        23	56.43
20181103-151419	  1	  0	        17	56.43
20181103-151424	  1	  0	         9	56.43
20181103-151429	  0	  0	         4	56.42
20181103-151434	  1	  0	         5	56.42
20181103-151439	  1	  0	        10	56.40
20181103-151444	  0	  0	        16	56.40
20181103-151449	  2	  0	         8	56.40
20181103-151454	  0	  0	         8	56.40
20181103-151459	  1	  0	         5	56.40
20181103-151504	  0	  0	         5	56.40
20181103-151509	  1	  0	         5	56.39
20181103-151514	  1	  0	        23	56.40
20181103-151519	  1	  0	        14	56.41
20181103-151524	  1	  0	        16	56.40
20181103-151529	  1	  0	         5	56.40
20181103-151534	  1	  0	         5	56.40
20181103-151539	  1	  0	         5	56.39
20181103-151544	  1	  0	        14	56.78
20181103-151549	  2	  0	         8	56.40
20181103-151554	  1	  0	         9	56.40
20181103-151559	  0	  0	         5	56.40
20181103-151604	  1	  0	         5	56.40
20181103-151609	  1	  0	         5	56.41
20181103-151614	  1	  0	        17	56.40
20181103-151619	  1	  0	        23	56.40
20181103-151624	  1	  0	        10	56.40
20181103-151629	  1	  0	         7	56.40
20181103-151634	  1	  0	         5	56.40
20181103-151639	  1	  0	         5	56.40
20181103-151644	  0	  0	         5	56.40
20181103-151649	  2	  0	        11	56.40
20181103-151654	  1	  0	        10	56.41
20181103-151659	  0	  0	         5	56.41
20181103-151704	  0	  0	         7	56.40
20181103-151709	  0	  0	         5	56.41
20181103-151714	  0	  0	         7	56.41
20181103-151719	  1	  0	        31	56.41
20181103-151724	  0	  0	         9	56.41
20181103-151729	  0	  0	         5	56.40
20181103-151734	  1	  0	         5	56.41
20181103-151739	  1	  0	         8	56.41
20181103-151744	  0	  0	         6	56.41
20181103-151749	  1	  0	        10	56.40
20181103-151754	  1	  0	         8	56.40
20181103-151759	  0	  0	         5	56.41
20181103-151804	  0	  0	         5	56.40
20181103-151809	  0	  0	         5	56.41
20181103-151814	  0	  0	        10	56.41
20181103-151819	  1	  0	        36	56.40
20181103-151824	  0	  0	        11	56.41
20181103-151829	  0	  0	         5	56.41
20181103-151834	  1	  0	         5	56.41
20181103-151839	  0	  0	         5	56.41
20181103-151844	  1	  0	         9	56.41
20181103-151849	  1	  0	        18	56.40
20181103-151854	  2	  0	         8	56.41
20181103-151859	  0	  0	         5	56.41
20181103-151904	  1	  0	         5	56.41
20181103-151909	  0	  0	         5	56.41
20181103-151914	  0	  0	         8	56.42
20181103-151919	  1	  0	        23	56.41
20181103-151924	  1	  0	        13	56.41
20181103-151929	  0	  0	         4	56.41
20181103-151934	  1	  0	         5	56.41
20181103-151939	  0	  0	         5	56.41
20181103-151944	  1	  0	         8	56.42
20181103-151949	  1	  0	        12	56.40
20181103-151954	  2	  0	         9	56.41
20181103-151959	  0	  0	         7	56.41
20181103-152004	  1	  0	         5	56.41
20181103-152009	  0	  0	         7	56.41
20181103-152014	  0	  0	         5	56.40
20181103-152019	  1	  0	        32	56.40
20181103-152024	  1	  0	        11	56.40
20181103-152029	  1	  0	         5	56.41
20181103-152034	  1	  0	         7	56.41
20181103-152039	  1	  0	         7	56.40
20181103-152044	  1	  0	         5	56.41
20181103-152049	  1	  0	        15	56.40
20181103-152054	  2	  0	        13	56.40
20181103-152059	  0	  0	         5	56.40
20181103-152104	  1	  0	         5	56.40
20181103-152109	  0	  0	         9	56.41
20181103-152114	  1	  0	         5	56.41
20181103-152119	  1	  0	        22	56.39
20181103-152124	  1	  0	        11	56.40
20181103-152129	  1	  0	         4	56.39
20181103-152134	  1	  0	         5	56.40
20181103-152139	  1	  0	         9	56.40
20181103-152144	  1	  0	         5	56.40
20181103-152149	  1	  0	        18	56.40
20181103-152154	  2	  0	        12	56.40
20181103-152159	  1	  0	         4	56.41
20181103-152204	  1	  0	         9	56.41
20181103-152209	  1	  0	         5	56.40
20181103-152214	  1	  0	         5	56.40
20181103-152219	  1	  0	        33	56.39
20181103-152224	  1	  0	        11	56.40
20181103-152229	  1	  0	         8	56.40
20181103-152234	  1	  0	         5	56.40
20181103-152239	  1	  0	         8	56.40
20181103-152244	  1	  0	         5	56.41
20181103-152249	  1	  0	        18	56.40
20181103-152254	  2	  0	         9	56.40
20181103-152259	  1	  0	         9	56.40
20181103-152304	  1	  0	         7	56.41
20181103-152309	  1	  0	         5	56.40
20181103-152314	  1	  0	         5	56.40
20181103-152319	  1	  0	        23	56.40
20181103-152324	  1	  0	        12	56.40
20181103-152329	  1	  0	        10	56.40
20181103-152334	  1	  0	         7	56.42
20181103-152339	  4	  0	        12	56.54
20181103-152344	  3	  0	       322	56.48
20181103-152349	  1	  0	        16	56.40
20181103-152354	  9	  0	        12	56.39
20181103-152359	  2	  0	        10	56.38
20181103-152404	  1	  0	         6	56.38
20181103-152409	  1	  0	         7	56.38
20181103-152414	  1	  0	         5	56.39
20181103-152419	  1	  0	        31	56.39
20181103-152424	  1	  0	         9	56.39
20181103-152429	  0	  0	         8	56.38
20181103-152434	  1	  0	         8	56.38
20181103-152439	  1	  0	         5	56.37
20181103-152444	  1	  0	         5	56.38
20181103-152449	  1	  0	        15	56.38
20181103-152454	  1	  0	         9	56.38
20181103-152459	  1	  0	        11	56.38
20181103-152504	  1	  0	         5	56.39
20181103-152509	  1	  0	         6	56.39
20181103-152514	  1	  0	         5	56.39
20181103-152519	  1	  0	        20	56.38
20181103-152524	  1	  0	        11	57.27
20181103-152529	 55	  0	         8	59.84
20181103-152534	 77	  0	         7	66.70
20181103-152539	 61	  0	         5	67.89
20181103-152544	 59	  0	         7	67.24
20181103-152549	 59	  0	        10	66.98
20181103-152554	 61	  0	         8	67.77
20181103-152559	 60	  0	        10	67.56
20181103-152604	 56	  0	         5	70.41
20181103-152609	 53	  0	         5	67.92
20181103-152614	 54	  0	         5	65.95
20181103-152619	 51	  0	        32	64.35
20181103-152624	 47	  0	        12	63.90
20181103-152629	 44	  0	        11	67.43
20181103-152634	 49	  0	         5	68.80
20181103-152639	 55	  0	        10	69.02
20181103-152644	 54	  0	         5	70.76
20181103-152649	 55	  0	        19	68.06
20181103-152654	 53	  0	         8	63.37
20181103-152659	 54	  0	        10	64.30
20181103-152704	 60	  0	         5	61.81
20181103-152709	 55	  0	         8	65.36
20181103-152714	 61	  0	         5	66.13
20181103-152719	 59	  0	        27	67.54
20181103-152724	 59	  0	        14	68.67
20181103-152729	 58	  0	        10	70.85
20181103-152734	 54	  0	         4	63.53
20181103-152739	 23	  0	         5	62.15
20181103-152744	  1	  0	         5	60.13
20181103-152749	  1	  0	        16	59.60
20181103-152754	  2	  0	        12	58.43
20181103-152759	  1	  0	        10	57.03
20181103-152804	  1	  0	         5	56.67
20181103-152809	  1	  0	         5	56.57
20181103-152814	  1	  0	         5	56.56
20181103-152819	  1	  0	        29	56.56
20181103-152824	  1	  0	        15	56.56
20181103-152829	  1	  0	        10	56.55
20181103-152834	  1	  0	         6	56.55
20181103-152839	  1	  0	         5	56.54
20181103-152844	  1	  0	         5	56.54
20181103-152849	  1	  0	        13	56.55
20181103-152854	  2	  0	        10	56.57
20181103-152859	  3	  0	         9	56.64
20181103-152904	  1	  0	         5	56.63
20181103-152909	  1	  0	         7	56.63
20181103-152914	  1	  0	         5	56.62
20181103-152919	  1	  0	        22	56.62
20181103-152924	  1	  0	        13	56.61
20181103-152929	 11	  0	       332	56.59
20181103-152934	  1	  0	         6	56.61
20181103-152939	  1	  0	        10	56.59
20181103-152944	  1	  0	         7	56.59
20181103-152949	  1	  0	        14	56.57
20181103-152954	  3	  0	         8	56.65
20181103-152959	 36	  0	        10	56.66
20181103-153004	 37	  0	         5	56.69
20181103-153009	 40	  0	         8	56.75
20181103-153014	 39	  0	         5	56.76
20181103-153019	 42	  0	        35	56.75
20181103-153024	 43	  0	        14	56.76
20181103-153029	 52	  0	         8	56.77
20181103-153034	 52	  0	         5	56.76
20181103-153039	 55	  0	         5	56.77
20181103-153044	 53	  0	         5	56.75
20181103-153049	 57	  0	        14	56.76
20181103-153054	 56	  0	        13	56.75
20181103-153059	 55	  0	         8	56.76
20181103-153104	 54	  0	         5	56.74
20181103-153109	 56	  0	         5	56.73
20181103-153114	 54	  0	         5	56.74
20181103-153119	 56	  0	        25	56.75
20181103-153124	 55	  0	        10	56.74
20181103-153129	 56	  0	        10	56.74
20181103-153134	 55	  0	         4	56.69
20181103-153139	  1	  0	         5	56.63
20181103-153144	  1	  0	         5	56.59
20181103-153149	  1	  0	         9	56.54
20181103-153154	  2	  0	         9	56.51
20181103-153159	  1	  0	         6	56.47
20181103-153204	  1	  0	         9	56.45
20181103-153209	  1	  0	         5	56.45
20181103-153214	  1	  0	         5	56.45
20181103-153219	  1	  0	        34	56.45
20181103-153224	  1	  0	         9	56.45
20181103-153229	  1	  0	         6	56.45
20181103-153234	  1	  0	         6	56.45
20181103-153239	  2	  0	        10	56.49
20181103-153244	  2	  0	       166	56.47
20181103-153249	  1	  0	        21	56.44
20181103-153254	  4	  0	         8	56.41
20181103-153259	  8	  0	         6	56.40
20181103-153304	  1	  0	         6	56.40
20181103-153309	  1	  0	         6	56.40
20181103-153314	  1	  0	         8	57.15
20181103-153319	 30	  0	        19	58.06
20181103-153324	 93	  0	        11	58.45
20181103-153329	 73	  0	         6	58.58
20181103-153334	 53	  0	         6	57.61
20181103-153339	 31	  0	         5	57.88
20181103-153344	 77	  0	         5	58.08
20181103-153349	 44	  0	        18	58.63
20181103-153354	 53	  0	         9	58.74
20181103-153359	 70	  0	         6	58.78
20181103-153404	 13	  0	         6	59.25
20181103-153409	 72	  0	         5	59.33
20181103-153414	 63	  0	         8	59.45
20181103-153419	 17	  0	        26	57.53
20181103-153424	 76	  0	        17	57.76
20181103-153429	 45	  0	         8	58.40
20181103-153434	 41	  0	         6	58.57
20181103-153439	 74	  0	         5	58.64
20181103-153444	 27	  0	         8	59.08
20181103-153449	 66	  0	         8	59.28
20181103-153454	 71	  0	         8	59.47
20181103-153459	 13	  0	         8	59.67
20181103-153504	 75	  0	         8	59.71
20181103-153509	 45	  0	         5	59.81
20181103-153514	 38	  0	         7	59.86
20181103-153519	 70	  0	        21	59.94
20181103-153524	 29	  0	        11	60.10
20181103-153529	 64	  0	         6	56.99
20181103-153534	 12	  0	        10	56.93
20181103-153539	  1	  0	        11	56.87
20181103-153544	  1	  0	         7	56.82
20181103-153549	  1	  0	        13	56.75
20181103-153554	  2	  0	         9	56.72
20181103-153559	  1	  0	         6	56.66
20181103-153604	  1	  0	         7	56.63
20181103-153609	  1	  0	        11	56.60
20181103-153614	  1	  0	         5	56.59
20181103-153619	  1	  0	        20	56.59
20181103-153624	  1	  0	         8	56.59
20181103-153629	  1	  0	         9	56.58
20181103-153634	  1	  0	         7	56.72
20181103-153639	  3	  0	         5	56.68
20181103-153644	  1	  0	         9	56.67
20181103-153649	  1	  0	        17	56.66
20181103-153654	  2	  0	         5	56.67
20181103-153659	  0	  0	         9	56.66
20181103-153704	  4	  0	       326	56.65
20181103-153709	  2	  0	         7	56.65
20181103-153714	  1	  0	         5	56.63
20181103-153719	  1	  0	        19	56.64
20181103-153724	  1	  0	         7	56.64
20181103-153729	  1	  0	        10	56.64
20181103-153734	  1	  0	         6	56.64
20181103-153739	  1	  0	         7	56.63
20181103-153744	  1	  0	         5	56.63
20181103-153749	  1	  0	         8	56.62
20181103-153754	  2	  0	         9	56.63
20181103-153759	  1	  0	         8	56.63
20181103-153804	  1	  0	         7	56.63
20181103-153809	  1	  0	         6	56.63
20181103-153814	  1	  0	         5	56.63
20181103-153819	  1	  0	        29	56.62
20181103-153824	  1	  0	         5	56.63
20181103-153829	  1	  0	        12	56.63
20181103-153834	  1	  0	         8	56.62
20181103-153839	  1	  0	        13	56.61
20181103-153844	  1	  0	         5	56.61
20181103-153849	  1	  0	        13	56.69
20181103-153854	  9	  0	         5	56.81
20181103-153859	 39	  0	        10	56.96
20181103-153904	 39	  0	        10	56.98
20181103-153909	 39	  0	         8	57.00
20181103-153914	 39	  0	         5	57.00
20181103-153919	 41	  0	        21	56.99
20181103-153924	 40	  0	         5	56.99
20181103-153929	 39	  0	        10	57.58
20181103-153934	 40	  0	        14	61.55
20181103-153939	 44	  0	        10	58.39
20181103-153944	 63	  0	         5	58.05
20181103-153949	 47	  0	        10	57.85
20181103-153954	 49	  0	        12	57.61
20181103-153959	 47	  0	        13	57.42
20181103-154004	 47	  0	        10	57.24
20181103-154009	 47	  0	         6	56.96
20181103-154014	 47	  0	         6	56.94
20181103-154019	 48	  0	        33	56.94
20181103-154024	 48	  0	         8	56.95
20181103-154029	 48	  0	        10	56.94
20181103-154034	 39	  0	         9	56.90
20181103-154039	  1	  0	         5	56.84
20181103-154044	  1	  0	         5	56.78
20181103-154049	  1	  0	        16	56.71
20181103-154054	  2	  0	         5	56.68
20181103-154059	  1	  0	        12	56.63
20181103-154104	  1	  0	         9	56.61
20181103-154109	  0	  0	         5	56.61
20181103-154114	  0	  0	         5	56.60
20181103-154119	  1	  0	        16	56.60
20181103-154124	  0	  0	         9	56.60
20181103-154129	  1	  0	        14	56.59
20181103-154134	  1	  0	         9	56.60
20181103-154139	  0	  0	         8	56.60
20181103-154144	  0	  0	         5	56.60
20181103-154149	  1	  0	        12	56.59
20181103-154154	  2	  0	         6	56.60
20181103-154159	  1	  0	        13	56.60
20181103-154204	  0	  0	         8	56.60
20181103-154209	  0	  0	         7	56.60
20181103-154214	  0	  0	         5	56.60
20181103-154219	  1	  0	        31	56.60
20181103-154224	  1	  0	         5	56.60
20181103-154229	  0	  0	        16	56.60
20181103-154234	  0	  0	         8	56.60
20181103-154239	  1	  0	         5	56.70
20181103-154244	  3	  0	       166	56.63
20181103-154249	  1	  0	        13	57.01
20181103-154254	  2	  0	         5	56.60
20181103-154259	  0	  0	        12	56.55
20181103-154304	  3	  0	        10	56.48
20181103-154309	  3	  0	         6	56.48
20181103-154314	  1	  0	         5	56.48
20181103-154319	  1	  0	        23	56.48
20181103-154324	  1	  0	         5	56.48
20181103-154329	  1	  0	        15	56.48
20181103-154334	  1	  0	         7	57.12
20181103-154339	 53	  0	         5	57.28
20181103-154344	 63	  0	         6	57.41
20181103-154349	 64	  0	         6	57.42
20181103-154354	 65	  0	         9	57.49
20181103-154359	 65	  0	        10	57.53
20181103-154404	 67	  0	         9	57.57
20181103-154409	 70	  0	         5	57.60
20181103-154414	 71	  0	         8	57.64
20181103-154419	 70	  0	        32	57.60
20181103-154424	 73	  0	         5	55.18
20181103-154429	 59	  0	        55	55.18
20181103-154434	  1	  0	         9	55.56
20181103-154439	  3	  0	        71	56.35
20181103-154444	 28	  9	      3742	56.25
20181103-154449	  2	  0	       996	56.22
20181103-154454	  0	  0	         5	56.20
20181103-154459	  1	  0	       221	56.18
20181103-154504	  0	  0	         5	56.16
20181103-154509	  0	  0	         7	56.15
20181103-154514	  1	  0	        19	56.16
20181103-154519	  1	  0	        57	56.15
20181103-154524	  0	  0	         8	56.15
20181103-154529	  0	  0	        18	56.15
20181103-154534	  1	  0	         4	56.15
20181103-154539	  0	  0	         7	56.15
20181103-154544	  2	  0	         7	56.15
20181103-154549	  1	  0	         5	56.15
20181103-154554	  0	  0	         5	56.15
20181103-154559	  0	  0	        11	56.15
20181103-154604	  1	  0	         5	56.16
20181103-154609	  0	  0	         9	56.15
20181103-154614	  0	  0	         5	56.16
20181103-154619	  1	  0	        22	56.15
20181103-154624	  0	  0	         5	56.16
20181103-154629	  0	  0	        12	56.16
20181103-154634	  0	  0	         7	56.16
20181103-154639	  0	  0	        10	56.15
20181103-154644	  1	  0	         5	56.16
20181103-154649	  1	  0	        10	56.15
20181103-154654	  1	  0	         5	56.15
20181103-154659	  0	  0	         8	56.15
20181103-154704	  0	  0	         5	56.15
20181103-154709	  0	  0	        11	56.15
20181103-154714	  0	  0	         5	56.15
20181103-154719	  1	  0	        28	56.16
20181103-154724	  1	  0	         6	56.16
20181103-154729	  0	  0	        12	56.15
20181103-154734	  0	  0	         5	56.15
20181103-154739	  1	  0	        10	56.15
20181103-154744	  2	  0	        10	56.16
20181103-154749	  1	  0	         8	56.15
20181103-154754	  0	  0	         5	56.11
20181103-154759	  1	  0	         9	56.11
20181103-154804	  0	  0	         8	56.11
20181103-154809	  1	  0	         7	56.11
20181103-154814	  1	  0	         7	56.11
20181103-154819	  1	  0	        33	56.12
20181103-154824	  0	  0	         7	56.12
20181103-154829	  0	  0	        19	56.11
20181103-154834	  1	  0	         7	56.11
20181103-154839	  0	  0	         7	56.43
20181103-154844	  1	  0	         5	56.11
20181103-154849	  1	  0	         5	56.11
20181103-154854	  0	  0	        18	56.11
20181103-154859	  0	  0	        13	56.12
20181103-154904	  2	  0	         5	56.10
20181103-154909	 14	  1	      3910	56.37
20181103-154914	 22	  0	        34	56.38
20181103-154919	 12	  0	        13	56.39
20181103-154924	 12	  0	        12	56.39
20181103-154929	 21	  4	     20528	56.39
20181103-154934	 16	  0	        32	56.39
20181103-154939	 12	  0	        11	56.39
20181103-154944	 17	  4	     20499	56.39
20181103-154949	 21	  0	        31	56.38
20181103-154954	 12	  0	         7	56.40
20181103-154959	 12	  0	        31	56.38
20181103-155004	 25	  4	     20523	56.38
20181103-155009	 12	  0	         8	56.39
20181103-155014	 13	  0	         6	56.37
20181103-155019	 20	  3	     20526	56.38
20181103-155024	 16	  0	        29	56.38
20181103-155029	 12	  0	        26	56.37
20181103-155034	 13	  0	         6	56.39
20181103-155039	 17	  4	     20502	56.37
20181103-155044	 12	  0	         4	56.37
20181103-155049	 14	  0	        10	56.38
20181103-155054	 25	  4	     20535	56.37
20181103-155059	 12	  0	        26	56.37
20181103-155104	 12	  0	         3	56.40
20181103-155109	 20	  0	        38	56.42
20181103-155114	 17	  4	     20499	56.41
20181103-155119	 13	  0	        16	56.44
20181103-155124	 17	  0	        12	56.43
20181103-155129	 21	  4	     20541	56.45
20181103-155134	 13	  0	         4	56.48
20181103-155139	 12	  0	        13	56.54
20181103-155144	 21	  0	        32	56.57
20181103-155149	 18	  4	     20500	56.58
20181103-155154	 13	  0	         9	56.62
20181103-155159	 21	  0	        44	56.65
20181103-155204	 16	  3	     20487	56.67
20181103-155209	 13	  1	        20	56.69
20181103-155214	 16	  0	        11	56.72
20181103-155219	 17	  0	        46	56.75
20181103-155224	 17	  4	     20510	56.74
20181103-155229	 12	  0	        21	56.78
20181103-155234	 21	  0	        33	56.80
20181103-155239	 15	  2	     20492	56.82
20181103-155244	 14	  2	        18	56.83
20181103-155249	 22	  0	        37	56.82
20181103-155254	 12	  0	        13	56.82
20181103-155259	 17	  5	     20507	56.83
20181103-155304	 15	  0	         6	56.83
20181103-155309	 18	  0	        37	56.84
20181103-155314	 14	  2	     19669	56.81
20181103-155319	 16	  4	       851	56.84
20181103-155324	 21	  0	        44	56.86
20181103-155329	 12	  0	        18	56.84
20181103-155334	 17	  4	     20499	56.85
20181103-155339	 21	  0	        36	56.85
20181103-155344	 12	  0	         4	56.84
20181103-155349	 14	  0	     16397	56.89
20181103-155354	 20	  5	      4127	56.89
20181103-155359	 18	  0	        50	56.89
20181103-155404	 13	  0	         4	56.87
20181103-155409	 17	  4	     20504	56.91
20181103-155414	 21	  0	        33	56.91
20181103-155419	 12	  0	        17	56.92
20181103-155424	 13	  0	        16	56.98
20181103-155429	 25	  4	     20537	57.05
20181103-155434	 13	  0	         7	57.04
20181103-155439	 13	  0	         8	57.04
20181103-155444	 19	  4	     20504	57.08
20181103-155449	 20	  0	        34	57.12
20181103-155454	 12	  0	        12	57.11
20181103-155459	 12	  0	        25	57.13
20181103-155504	 25	  4	     20521	57.15
20181103-155509	 12	  0	        10	57.17
20181103-155514	 12	  0	         6	57.20
20181103-155519	 17	  4	     20518	57.21
20181103-155524	 12	  0	        10	57.19
20181103-155529	 12	  0	        18	57.21
20181103-155534	 20	  0	        38	57.20
20181103-155539	 16	  3	     20500	57.20
20181103-155544	 12	  0	         6	57.20
20181103-155549	 16	  0	        12	57.20
20181103-155554	 23	  5	     20537	57.23
20181103-155559	 12	  0	        17	57.21
20181103-155604	 12	  0	         6	57.22
20181103-155609	 20	  0	        44	57.21
20181103-155614	 16	  4	     20495	57.22
20181103-155619	 12	  0	        22	57.23
20181103-155624	 20	  0	        36	57.22
20181103-155629	 16	  4	     20512	57.25
20181103-155634	 13	  0	         6	57.26
20181103-155639	 15	  0	         9	57.28
20181103-155644	 18	  0	        33	57.26
20181103-155649	 17	  4	     20502	57.27
20181103-155654	 13	  0	        17	57.28
20181103-155659	 20	  0	        52	57.33
20181103-155704	 17	  4	     20499	57.33
20181103-155709	 12	  0	        12	57.33
20181103-155714	 20	  0	        39	57.35
20181103-155719	 12	  0	        16	57.35
20181103-155724	 17	  4	     20498	57.35
20181103-155729	 16	  0	        21	57.36
20181103-155734	 17	  0	        32	57.41
20181103-155739	 17	  4	     20492	57.41
20181103-155744	 13	  0	        26	57.41
20181103-155749	 22	  0	        39	57.46
20181103-155754	 12	  0	        12	57.49
20181103-155759	 17	  4	     20515	57.49
20181103-155804	 20	  0	        32	57.53
20181103-155809	 13	  0	         6	57.51
20181103-155814	 16	  4	     20495	57.53
20181103-155819	 18	  3	        32	57.52
20181103-155824	 17	  0	        39	57.55
20181103-155829	 12	  0	        19	57.54
20181103-155834	 16	  4	     20499	57.55
20181103-155839	 20	  0	        31	57.54
20181103-155844	 12	  0	        13	57.53
20181103-155849	 15	  1	     19672	57.54
20181103-155854	 23	  3	       873	57.55
20181103-155859	 12	  0	        16	57.54
20181103-155904	 12	  0	         4	57.57
20181103-155909	 22	  6	     20499	57.57
20181103-155914	 17	  0	        40	57.57
20181103-155919	 12	  0	        17	57.55
20181103-155924	 12	  1	     16397	57.57
20181103-155929	 24	  4	      4159	57.56
20181103-155934	 12	  0	         4	57.62
20181103-155939	 12	  0	         5	57.62
20181103-155944	 24	  3	     20534	57.63
20181103-155949	 14	  0	         8	57.66
20181103-155954	 12	  0	        12	57.67
20181103-155959	 12	  0	        23	57.70
20181103-160004	 17	  4	     20498	57.73
20181103-160009	 12	  0	         4	57.72
20181103-160014	 16	  0	        15	57.75
20181103-160019	 22	  4	     20539	57.76
20181103-160024	 12	  0	        18	57.75
20181103-160029	 12	  0	        18	57.78
20181103-160034	 20	  0	        33	57.78
20181103-160039	 16	  4	     20498	57.81
20181103-160044	 12	  0	        11	57.80
20181103-160049	 22	  0	        42	57.81
20181103-160054	 16	  4	     20501	57.87
20181103-160059	 12	  0	        27	57.86
20181103-160104	 15	  0	         4	57.86
20181103-160109	 18	  0	        32	57.86
20181103-160114	 16	  4	     20499	57.86
20181103-160119	 12	  0	        20	57.86
20181103-160124	 20	  0	        45	57.85
20181103-160129	 16	  4	     20507	57.86
20181103-160134	 12	  0	         6	57.86
20181103-160139	 20	  0	        41	57.87
20181103-160144	 12	  0	        10	57.87
20181103-160149	 18	  4	     20496	57.87
20181103-160154	 15	  0	        12	57.89
20181103-160159	 18	  0	        49	57.92
20181103-160204	 16	  4	     20497	57.91
20181103-160209	 12	  0	         9	57.92
20181103-160214	 20	  0	        36	57.95
20181103-160219	 12	  0	        27	57.96
20181103-160224	 17	  4	     20501	57.97
20181103-160229	 20	  0	        54	57.99
20181103-160234	 12	  0	         3	57.98
20181103-160239	 16	  4	     20497	57.98
20181103-160244	 14	  0	         7	57.98
20181103-160249	 20	  0	        40	57.99
20181103-160254	 12	  0	        16	58.06
20181103-160259	 16	  3	     20507	58.07
20181103-160304	 20	  0	        31	58.09
20181103-160309	 12	  0	         4	58.09
20181103-160314	 16	  4	     20501	58.09
20181103-160319	 21	  0	        53	58.09
20181103-160324	 12	  0	        14	58.12
20181103-160329	 12	  0	        20	58.17
20181103-160334	 18	  4	     20495	58.17
20181103-160339	 18	  0	        32	58.20
20181103-160344	 12	  0	         4	58.21
20181103-160349	 16	  3	     20497	58.23
20181103-160354	 21	  2	        54	58.24
20181103-160359	 12	  0	        18	58.22
20181103-160404	 12	  0	         8	58.23
20181103-160409	 24	  4	     20525	58.23
20181103-160414	 11	  0	         4	58.23
20181103-160419	 12	  0	        23	58.26
20181103-160424	 14	  3	     19676	58.26
20181103-160429	 14	  3	       848	58.26
20181103-160434	 12	  0	         6	58.25
20181103-160439	 14	  0	         9	58.24
20181103-160444	 22	  4	     20526	58.25
20181103-160449	 13	  0	         8	58.24
20181103-160454	 12	  0	        13	58.25
20181103-160459	 20	  0	     16434	58.29
20181103-160504	 16	  4	      4109	58.29
20181103-160509	 13	  0	         9	58.27
20181103-160514	 20	  0	        38	58.30
20181103-160519	 19	  7	     20512	58.36
20181103-160524	 12	  0	        15	58.36
20181103-160529	 14	  0	        16	58.40
20181103-160534	 18	  0	        34	58.42
20181103-160539	 16	  4	     20496	58.44
20181103-160544	 11	  0	        11	58.51
20181103-160549	 22	  0	        45	58.54
20181103-160554	 16	  4	     20507	58.53
20181103-160559	 12	  0	        16	58.57
20181103-160604	 19	  0	        33	58.57
20181103-160609	 12	  0	         8	58.56
20181103-160614	 16	  4	     20496	58.59
20181103-160619	 13	  0	        30	58.59
20181103-160624	 18	  0	        41	58.62
20181103-160629	 16	  4	     20517	58.61
20181103-160634	 12	  0	         5	58.62
20181103-160639	 19	  0	        32	58.62
20181103-160644	 11	  0	         8	58.63
20181103-160649	 18	  4	     20503	58.65
20181103-160654	 20	  0	        54	58.65
20181103-160659	 11	  0	        20	58.64
20181103-160704	 16	  4	     20497	58.65
20181103-160709	 13	  0	         5	58.64
20181103-160714	 18	  0	        32	58.65
20181103-160719	 12	  0	        28	58.64
20181103-160724	 16	  4	     20509	58.64
20181103-160729	 20	  0	        46	58.67
20181103-160734	 12	  0	        10	58.67
20181103-160739	 17	  4	     20502	58.67
20181103-160744	 20	  0	        34	58.66
20181103-160749	 13	  0	        15	58.72
20181103-160754	 12	  0	        11	58.72
20181103-160759	 18	  4	     20507	58.72
20181103-160804	 18	  0	        31	58.71
20181103-160809	 12	  0	         7	58.77
20181103-160814	 16	  4	     20503	58.78
20181103-160819	 20	  0	        54	58.78
20181103-160824	 12	  0	         8	58.83
20181103-160829	 12	  0	         7	58.83
20181103-160834	 24	  4	     20534	58.84
20181103-160839	 12	  0	         4	58.83
20181103-160844	 13	  0	         6	58.84
20181103-160849	 18	  3	     20513	58.86
20181103-160854	 18	  0	        43	58.86
20181103-160859	 12	  0	         6	58.90
20181103-160904	 12	  0	        19	58.91
20181103-160909	 16	  4	     20496	58.91
20181103-160914	 12	  0	         6	58.91
20181103-160919	 12	  0	        24	58.93
20181103-160924	 24	  3	     20523	58.95
20181103-160929	 12	  1	        18	58.95
20181103-160934	 12	  0	        19	58.96
20181103-160939	 20	  0	        35	58.95
20181103-160944	 16	  4	     20496	58.96
20181103-160949	 13	  0	        10	58.97
20181103-160954	 14	  0	        15	58.99
20181103-160959	 21	  2	     20518	59.01
20181103-161004	 14	  2	        22	59.00
20181103-161009	 12	  0	         7	58.99
20181103-161014	 21	  0	        38	58.99
20181103-161019	 18	  5	     20512	59.00
20181103-161024	 12	  0	         8	59.01
20181103-161029	 21	  0	        38	59.01
20181103-161034	 14	  2	     20502	59.02
20181103-161039	 11	  2	        16	59.02
20181103-161044	  3	  0	         9	59.01
20181103-161049	  8	  0	        41	59.01
20181103-161054	  0	  0	         7	59.01
20181103-161059	  2	  0	         7	59.04
20181103-161104	  7	  0	        18	59.10
20181103-161109	  7	  0	      9190	59.10
20181103-161114	  7	  0	         8	59.11
20181103-161119	  7	  0	        25	59.14
20181103-161124	  8	  0	        12	59.41
20181103-161129	 44	  2	     11332	59.50
20181103-161134	 59	  0	       281	59.63
20181103-161139	 59	  0	        24	59.79
20181103-161144	 59	  0	        20	59.82
20181103-161149	 57	  0	        28	59.90
20181103-161154	 59	  0	        25	60.05
20181103-161159	 58	  3	     33517	60.08
20181103-161204	 67	  0	     11689	60.18
20181103-161209	100	  0	     20635	60.24
20181103-161214	 58	  0	        36	60.32
20181103-161219	 61	  0	        47	60.36
20181103-161224	 61	  0	        25	60.40
20181103-161229	 59	  1	     15133	60.46
20181103-161234	 63	  1	     23420	60.56
20181103-161239	 60	  1	      6091	60.56
20181103-161244	 59	  0	        21	60.61
20181103-161249	 60	  0	        40	60.65
20181103-161254	 65	  0	        87	60.66
20181103-161259	 61	  0	        21	60.70
20181103-161304	 61	  2	     15632	60.77
20181103-161309	 53	  1	      8894	60.77
20181103-161314	 14	  4	     20513	60.77
20181103-161319	  7	  0	        30	60.80
20181103-161324	 15	  0	        40	60.80
20181103-161329	  7	  0	         4	60.79
20181103-161334	  4	  1	      4019	60.78
20181103-161339	  1	  0	      1378	60.80
20181103-161344	  0	  0	         4	60.79
20181103-161349	  2	  0	     11931	60.79
20181103-161354	  3	  0	        14	60.79
20181103-161359	 12	  0	         5	60.80
20181103-161404	 14	  1	      8824	60.83
20181103-161409	 18	  0	        35	60.86
20181103-161414	 16	  0	        31	60.96
20181103-161419	 16	  4	     20503	61.01
20181103-161424	 13	  0	        22	61.04
20181103-161429	 20	  0	        40	61.06
20181103-161434	 17	  0	       485	61.12
20181103-161439	 70	 13	     22260	61.19
20181103-161444	 79	  0	       471	61.53
20181103-161449	 73	  0	        32	61.24
20181103-161454	 72	  0	        63	61.36
20181103-161459	 76	  0	     19688	61.38
20181103-161504	 80	  0	      1394	61.43
20181103-161509	 78	  1	     20567	61.52
20181103-161514	 99	  0	     47106	61.55
20181103-161519	 76	  0	       134	61.58
20181103-161524	 77	  1	     20577	61.70
20181103-161529	 76	  0	        37	61.78
20181103-161534	 83	  0	      6071	61.84
20181103-161539	 76	  0	     14648	61.92
20181103-161544	 81	  3	     45099	61.97
20181103-161549	100	  0	     21425	62.04
20181103-161554	 85	  0	       147	62.08
20181103-161559	 76	  0	      7499	62.17
20181103-161604	 80	  1	     25867	62.23
20181103-161609	 85	  2	     27507	62.29
20181103-161614	100	  0	     21461	62.34
20181103-161619	 76	  0	        95	62.36
20181103-161624	 59	  1	     20542	62.39
20181103-161629	 21	  0	        40	62.41
20181103-161634	 14	  1	      6286	62.41
20181103-161639	 21	  8	     37014	62.41
20181103-161644	 24	  4	      4173	62.42
20181103-161649	 13	  0	         8	62.42
20181103-161654	 14	  0	        11	62.45
20181103-161659	 21	  4	     20505	62.46
20181103-161704	 17	  0	       400	62.48
20181103-161709	 13	  0	         4	62.47
20181103-161714	 12	  0	         7	62.48
20181103-161719	 26	  4	     20547	62.50
20181103-161724	 12	  0	        14	62.53
20181103-161729	 13	  0	        14	62.53
20181103-161734	 17	  4	     20522	62.54
20181103-161739	 13	  0	         4	62.54
20181103-161744	 12	  0	         4	62.57
20181103-161749	 21	  0	        40	62.57
20181103-161754	 12	  3	     20504	62.56
20181103-161759	  1	  0	         8	62.55
20181103-161804	  8	  0	        22	62.57
20181103-161809	 17	  0	        38	62.59
20181103-161814	 12	  0	         4	62.70
20181103-161819	 41	  2	     20530	62.88
20181103-161824	 75	  0	        92	62.98
20181103-161829	 73	  0	        40	63.03
20181103-161834	 75	  0	       449	63.07
20181103-161839	 75	  1	     20511	63.13
20181103-161844	 77	  0	        86	63.16
20181103-161849	 78	  0	     10660	63.24
20181103-161854	 82	  0	      5405	63.27
20181103-161859	 84	  3	     51104	63.29
20181103-161904	 76	  0	      3628	63.36
20181103-161909	 76	  0	        35	63.39
20181103-161914	 79	  0	        67	63.45
20181103-161919	 83	  2	     46636	63.51
20181103-161924	 77	  0	      9048	63.53
20181103-161929	 75	  0	        37	63.58
20181103-161934	 83	  0	       619	63.66
20181103-161939	 77	  0	      5651	63.67
20181103-161944	 78	  2	     26606	63.75
20181103-161949	 99	  0	     51066	63.79
20181103-161954	 83	  2	      1556	63.79
20181103-161959	 75	  0	        60	63.83
20181103-162004	 74	  3	     24779	63.92
20181103-162009	 73	  3	     28148	64.06
20181103-162014	 36	  0	       251	64.04
20181103-162019	 12	  0	        68	64.05
20181103-162024	 16	  4	     20501	64.05
20181103-162029	 20	  0	        36	64.06
20181103-162034	 12	  0	       522	64.06
20181103-162039	 16	  5	     22126	64.06
20181103-162044	 19	  0	        35	64.05
20181103-162049	 13	  1	        86	64.04
20181103-162054	 13	  1	       103	64.04
20181103-162059	 21	  4	     20524	64.05
20181103-162104	 14	  0	       259	64.05
20181103-162109	 12	  0	         5	64.04
20181103-162114	 16	  4	     20504	64.06
20181103-162119	 20	  0	        45	64.08
20181103-162124	 12	  0	        12	64.31
20181103-162129	 33	  0	        17	64.42
20181103-162134	 76	  2	     20709	64.49
20181103-162139	 61	  0	        33	64.50
20181103-162144	 59	  0	       199	64.52
20181103-162149	 60	  0	        55	64.55
20181103-162154	 64	  3	     24392	64.64
20181103-162159	 65	  2	     30008	64.68
20181103-162204	 60	  0	       513	64.71
20181103-162209	 67	  0	       159	64.72
20181103-162214	 62	  2	     20606	64.82
20181103-162219	 63	  0	      4953	64.88
20181103-162224	 70	  2	     22461	64.90
20181103-162229	 64	  3	     31725	64.91
20181103-162234	 62	  1	      5651	64.97
20181103-162239	 67	  0	        34	65.05
20181103-162244	 67	  0	      5261	65.09
20181103-162249	 66	  3	     48217	65.10
20181103-162254	 63	  1	      4700	65.10
20181103-162259	 70	  0	       246	65.21
20181103-162304	 63	  0	       604	65.27
20181103-162309	 62	  1	     33666	65.29
20181103-162314	 66	  2	     11714	65.34
20181103-162319	 54	  2	     12647	65.56
20181103-162324	 22	  0	        38	65.55
20181103-162329	 16	  4	     20506	65.55
20181103-162334	 20	  0	       499	65.54
20181103-162339	 12	  0	         6	65.54
20181103-162344	 12	  1	      3541	65.55
20181103-162349	 27	  7	     23801	65.54
20181103-162354	 13	  0	         5	65.55
20181103-162359	 12	  0	        22	65.56
20181103-162404	 21	  4	     20861	65.57
20181103-162409	 15	  0	        23	65.56
20181103-162414	 12	  0	        59	65.54
20181103-162419	 12	  0	        24	65.56
20181103-162424	 16	  4	     20502	65.57
20181103-162429	 12	  0	        10	65.57
20181103-162434	 12	  0	       375	65.57
20181103-162439	 24	  4	     20535	65.58
20181103-162444	 21	  0	         4	65.87
20181103-162449	 51	  0	        37	65.97
20181103-162454	 69	  0	       207	66.02
20181103-162459	 65	  4	     20888	66.01
20181103-162504	 62	  0	       745	66.03
20181103-162509	 64	  0	      4301	66.11
20181103-162514	 75	  3	     49494	66.17
20181103-162519	 63	  0	      2403	66.19
20181103-162524	 61	  0	        66	66.19
20181103-162529	 69	  0	       229	66.28
20181103-162534	 65	  2	     23723	66.35
20181103-162539	 69	  6	     31150	66.37
20181103-162544	 65	  0	        96	66.38
20181103-162549	 66	  0	       131	66.42
20181103-162554	100	  0	     37130	66.53
20181103-162559	 68	  4	     45137	66.58
20181103-162604	 70	  0	       732	66.58
20181103-162609	 61	  0	       156	66.61
20181103-162614	 63	  2	     27617	66.69
20181103-162619	 94	  0	     42690	66.79
20181103-162624	 67	  0	      7931	66.80
20181103-162629	 58	  0	       155	66.92
20181103-162634	 54	  3	     21048	67.16
20181103-162639	 34	  0	        45	67.90
20181103-162644	 16	  0	      1000	67.90
20181103-162649	 16	  2	      7175	67.90
20181103-162654	 35	 13	     34870	67.89
20181103-162659	 12	  0	        21	67.89
20181103-162704	 12	  0	       617	67.90
20181103-162709	  9	  0	        25	67.90
20181103-162714	  0	  0	         7	67.89
20181103-162719	  7	  4	     20541	67.90
20181103-162724	 17	  0	        12	67.89
20181103-162729	 16	  0	        66	67.89
20181103-162734	 12	  0	        21	67.89
20181103-162739	 17	  4	     20508	67.89
20181103-162744	 21	  0	        38	67.89
20181103-162749	 13	  0	         5	68.23
20181103-162754	 15	  2	     20492	67.89
20181103-162759	 23	  2	        64	67.90
20181103-162804	 12	  0	        24	67.90
20181103-162809	 14	  0	         9	67.91
20181103-162814	 98	  0	     40199	67.90
20181103-162819	 83	  0	       146	67.90
20181103-162824	 74	  0	        44	67.90
20181103-162829	 56	  0	        26	67.89
20181103-162834	 76	  2	     20937	67.89
20181103-162839	 65	  0	        76	67.88
20181103-162844	 68	  1	     14262	67.88
20181103-162849	 70	  2	     30865	67.87
20181103-162854	 76	  0	       187	67.87
20181103-162859	 69	  0	       454	67.88
20181103-162904	 66	  0	       556	67.87
20181103-162909	 76	  2	     20660	67.87
20181103-162914	 67	  1	     14286	67.87
20181103-162919	 68	  1	      9823	67.87
20181103-162924	 68	  1	     20516	67.87
20181103-162929	 75	  0	       133	67.86
20181103-162934	 65	  0	       586	67.87
20181103-162939	 64	  0	        24	67.86
20181103-162944	 77	  2	     34667	67.87
20181103-162949	 68	  1	      9553	67.88
20181103-162954	 60	  0	       319	67.87
20181103-162959	 21	  1	     16408	67.87
20181103-163004	 26	  5	      4567	67.87
20181103-163009	 13	  0	         8	67.86
20181103-163014	 13	  0	         9	67.87
20181103-163019	 20	  7	     24158	67.87
20181103-163024	 13	  0	      1772	67.87
20181103-163029	 13	  0	        38	67.86
20181103-163034	 21	  0	       307	67.87
20181103-163039	 17	  4	     20504	67.87
20181103-163044	 12	  0	         4	67.86
20181103-163049	 19	  0	        20	67.87
20181103-163054	 19	  4	     20537	67.86
20181103-163059	 14	  0	         7	67.86
20181103-163104	 13	  0	        32	67.87
20181103-163109	 21	  0	        37	67.87
20181103-163114	 17	  4	     20501	67.87
20181103-163119	 13	  0	        16	67.87
20181103-163124	 42	  0	        98	67.87
20181103-163129	 71	  1	     20627	67.86
20181103-163134	 80	  0	       600	67.86
20181103-163139	 82	  0	       259	67.86
20181103-163144	 85	  0	      8894	67.84
20181103-163149	 83	  2	     42859	67.86
20181103-163154	 78	  0	        41	67.86
20181103-163159	 84	  0	       110	67.85
20181103-163204	 77	  2	      7076	67.85
20181103-163209	 81	  3	     44547	67.86
20181103-163214	100	  0	     21180	67.85
20181103-163219	 85	  0	       178	67.84
20181103-163224	 78	  1	     10676	67.84
20181103-163229	 98	  0	     64493	67.85
20181103-163234	 81	  0	       555	67.84
20181103-163239	 79	  0	      1018	67.84
20181103-163244	 76	  0	      7177	67.84
20181103-163249	 81	  2	     43879	67.83
20181103-163254	 83	  0	       165	67.81
20181103-163259	 78	  0	        34	67.81
20181103-163304	 77	  0	      7102	67.83
20181103-163309	 74	  2	     45063	67.81
20181103-163314	 39	  0	        86	67.80
20181103-163319	 14	  0	        63	67.80
20181103-163324	 13	  0	        12	67.81
20181103-163329	 25	  4	     20547	67.80
20181103-163334	 13	  0	       501	67.79
20181103-163339	 14	  1	      4890	67.80
20181103-163344	 17	  4	     20504	67.80
20181103-163349	 13	  0	         8	67.80
20181103-163354	 13	  0	        12	67.80
20181103-163359	 22	  0	        28	67.81
20181103-163404	 17	  4	     20866	67.80
20181103-163409	 13	  0	         8	67.80
20181103-163414	 13	  0	         8	67.80
20181103-163419	 25	  4	     20606	67.81
20181103-163424	 12	  0	        10	67.81
20181103-163429	 12	  0	        12	67.80
20181103-163434	 20	  0	       435	67.81
20181103-163439	  2	  0	         5	67.81
20181103-163444	  1	  0	        10	67.80
20181103-163449	 22	  6	     20507	67.80
20181103-163454	 13	  0	        45	67.79
20181103-163459	 13	  0	        54	67.81
20181103-163504	 53	  0	     16608	67.81
20181103-163509	 69	  1	      4231	67.80
20181103-163514	 65	  0	        66	67.79
20181103-163519	 66	  0	       132	67.80
20181103-163524	 67	  2	     28955	67.79
20181103-163529	 68	  4	     24010	67.79
20181103-163534	100	  0	     24978	67.80
20181103-163539	 72	  0	      4557	67.79
20181103-163544	 67	  5	     20768	67.77
20181103-163549	 65	  2	     25391	67.78
20181103-163554	 66	  0	       314	67.78
20181103-163559	 73	  2	     25115	67.77
20181103-163604	 66	  2	     25921	67.77
20181103-163609	 63	  0	       163	67.77
20181103-163614	 71	  0	       196	67.75
20181103-163619	 67	  1	     24950	67.74
20181103-163624	 67	  2	     25042	67.73
20181103-163629	 69	  0	       173	67.73
20181103-163634	 65	  0	       811	67.71
20181103-163639	 72	  7	     24774	67.73
20181103-163644	 67	  4	     25126	67.73
20181103-163649	 55	  1	       178	67.71
20181103-163654	 17	  4	     20582	67.70
20181103-163659	 13	  0	        85	67.70
20181103-163704	 20	  0	       622	67.72
20181103-163709	 12	  0	      1605	67.71
20181103-163714	 22	 10	     28939	67.71
20181103-163719	 15	  0	        26	67.71
20181103-163724	 16	  0	        45	67.71
20181103-163729	 16	  4	     20504	67.70
20181103-163734	 12	  0	       390	67.71
20181103-163739	 19	  0	        32	67.71
20181103-163744	 11	  0	        11	67.70
20181103-163749	 12	  4	     20511	67.71
20181103-163754	  8	  0	        50	67.70
20181103-163759	  5	  0	        13	67.71
20181103-163804	 12	  0	        33	67.72
20181103-163809	 12	  0	         5	67.72
20181103-163814	 12	  0	     16416	67.72
20181103-163819	 19	  6	      4119	67.71
20181103-163824	 17	  0	        24	67.72
20181103-163829	 15	  0	        35	67.73
20181103-163834	 16	  4	     20535	67.72
20181103-163839	 12	  0	         6	67.72
20181103-163844	 20	  0	        34	67.73
20181103-163849	 12	  0	        15	67.73
20181103-163854	 16	  4	     20510	67.71
20181103-163859	 31	  0	        51	67.72
20181103-163904	 67	  0	       392	67.72
20181103-163909	 84	  1	     20535	67.73
20181103-163914	 89	  0	        97	67.72
20181103-163919	 86	  0	       510	67.69
20181103-163924	 74	  2	     37441	67.80
20181103-163929	 76	  2	     16712	67.81
20181103-163934	 75	  0	       280	67.81
20181103-163939	 72	  0	       753	67.79
20181103-163944	 71	  0	     14903	67.80
20181103-163949	 71	  3	     33890	67.79
20181103-163954	100	  0	     29315	67.78
20181103-163959	 71	  0	       120	67.78
20181103-164004	 69	  1	     31472	67.80
20181103-164009	 75	  2	     21492	67.79
20181103-164014	 70	  0	       195	67.78
20181103-164019	 68	  0	       113	67.78
20181103-164024	 73	  5	     25620	67.76
20181103-164029	 80	  4	     24915	67.73
20181103-164034	 67	  0	       101	67.73
20181103-164039	 69	  1	     14562	67.73
20181103-164044	 68	  3	     31229	67.73
20181103-164049	 59	  1	      4310	67.72
20181103-164054	 23	  0	        57	67.71
20181103-164059	 19	  4	     20556	67.73
20181103-164104	 22	  0	        41	67.74
20181103-164109	 14	  0	       566	67.72
20181103-164114	 13	  0	       462	67.74
20181103-164119	 29	  7	     23928	67.73
20181103-164124	 13	  0	        24	67.73
20181103-164129	 12	  0	        15	67.72
20181103-164134	 17	  4	     20504	67.77
20181103-164139	 21	  0	       360	67.77
20181103-164144	 13	  0	        21	67.77
20181103-164149	 13	  0	        14	67.78
20181103-164154	 25	  4	     20536	67.78
20181103-164159	 14	  0	         6	67.77
20181103-164204	 13	  0	        40	67.77
20181103-164209	 17	  4	     20535	67.79
20181103-164214	 13	  0	         5	67.78
20181103-164219	 13	  0	        14	67.79
20181103-164224	 21	  0	        26	67.78
20181103-164229	 15	  4	     20525	67.78
20181103-164234	  1	  0	         6	67.78
20181103-164239	  2	  0	        44	67.78
20181103-164244	 21	  0	        40	67.79
20181103-164249	 38	  0	         9	67.80
20181103-164254	 69	  1	     20527	67.78
20181103-164259	 85	  1	       107	67.79
20181103-164304	 78	  0	        86	67.79
20181103-164309	 77	  0	      5097	67.78
20181103-164314	 81	  2	     46338	67.76
20181103-164319	 78	  0	       981	67.79
20181103-164324	 68	  1	       142	67.84
20181103-164329	100	  0	     21992	68.01
20181103-164334	 86	  2	     26233	68.14
20181103-164339	 77	  3	     17155	68.15
20181103-164344	 66	  1	      3549	68.05
20181103-164349	 69	  0	       213	68.06
20181103-164354	 76	  3	     20736	68.05
20181103-164359	 61	  0	       340	68.09
20181103-164404	 64	  0	        94	68.12
20181103-164409	 65	  1	     24868	68.14
20181103-164414	 65	  0	     16841	68.17
20181103-164419	100	  0	     21777	68.21
20181103-164424	 61	  0	        69	68.21
20181103-164429	 64	  2	     20668	68.26
20181103-164434	 57	  0	        63	68.28
20181103-164439	 53	  0	      3675	68.31
20181103-164444	 44	  6	     34922	68.33
20181103-164449	 14	  0	         5	68.33
20181103-164454	 13	  0	        10	68.61
20181103-164459	 22	  0	        52	68.36
20181103-164504	 18	  5	     20500	68.38
20181103-164509	 13	  0	       280	68.38
20181103-164514	 13	  0	        71	68.39
20181103-164519	 22	  2	     20550	68.38
20181103-164524	 14	  1	        18	68.39
20181103-164529	 13	  0	        15	68.39
20181103-164534	 21	  0	        39	68.39
20181103-164539	 17	  4	     20556	68.39
20181103-164544	 12	  0	        13	68.41
20181103-164549	 22	  0	        39	68.40
20181103-164554	 13	  1	     16403	68.41
20181103-164559	 18	  4	      4168	68.37
20181103-164604	 14	  0	        26	68.39
20181103-164609	 20	  0	        70	68.40
20181103-164614	 17	  4	     20503	68.40
20181103-164619	 13	  0	        20	68.40
20181103-164624	 21	  0	        43	68.41
20181103-164629	 13	  0	        15	68.39
20181103-164634	 17	  4	     20505	68.40
20181103-164639	 21	  0	        74	68.45
20181103-164644	 13	  0	        75	68.51
20181103-164649	 18	  4	     20506	68.51
20181103-164654	 13	  0	         9	68.51
20181103-164659	100	  0	      2688	68.51
20181103-164704	 13	  0	         9	68.51
20181103-164709	 18	  5	     20536	68.53
20181103-164714	 21	  0	        39	68.53
20181103-164719	 13	  0	        21	68.52
20181103-164724	 17	  4	     20506	68.54
20181103-164729	 21	  0	        47	68.55
20181103-164734	 13	  0	         4	68.55
20181103-164739	 13	  0	        49	68.55
20181103-164744	 17	  4	     20501	68.55
20181103-164749	 21	  0	        37	68.58
20181103-164754	 13	  0	         6	68.59
20181103-164759	 17	  4	     20515	68.58
20181103-164804	 22	  0	        38	68.60
20181103-164809	 13	  0	        39	68.60
20181103-164814	 13	  0	        13	68.61
20181103-164819	 26	  4	     20539	68.62
20181103-164824	 13	  0	         7	68.61
20181103-164829	 13	  0	        12	68.60
20181103-164834	 17	  4	     20491	68.61
20181103-164839	 21	  0	        75	68.61
20181103-164844	 13	  0	         4	68.61
20181103-164849	 13	  0	        13	68.63
20181103-164854	 17	  4	     20498	68.63
20181103-164859	 13	  0	        11	68.62
20181103-164904	 15	  0	         8	68.67
20181103-164909	 27	  1	     19718	68.69
20181103-164914	 18	  3	       844	68.91
20181103-164919	 15	  0	        48	68.79
20181103-164924	 21	  0	        53	68.79
20181103-164929	 18	  6	     20512	68.79
20181103-164934	 13	  0	         7	68.80
20181103-164939	 13	  0	       291	68.81
20181103-164944	 20	  0	        42	68.81
20181103-164949	 17	  4	     20499	68.82
20181103-164954	 13	  0	         6	68.90
20181103-164959	 25	  0	        59	69.02
20181103-165004	 27	  6	     21507	69.01
20181103-165009	 14	  0	       117	69.02
20181103-165014	 20	  0	        17	69.02
20181103-165019	 14	  0	        41	69.03
20181103-165024	 17	  4	     20579	69.02
20181103-165029	 13	  0	        16	69.03
20181103-165034	 21	  0	        38	69.03
20181103-165039	 17	  4	     20531	69.03
20181103-165044	 13	  0	         7	69.05
20181103-165049	 21	  0	        38	69.05
20181103-165054	 13	  0	        10	69.06
20181103-165059	 17	  4	     20521	69.04
20181103-165104	 21	  0	        21	69.08
20181103-165109	 15	  0	        50	69.08
20181103-165114	 17	  4	     20500	69.08
20181103-165119	 13	  0	        19	69.08
20181103-165124	 22	  0	        40	69.09
20181103-165129	 13	  0	        26	69.12
20181103-165134	 18	  4	     20503	69.12
20181103-165139	 21	  0	        52	69.13
20181103-165144	 13	  0	         4	69.14
20181103-165149	 17	  4	     20486	69.16
20181103-165154	 19	  0	        33	69.16
20181103-165159	 14	  0	        40	69.18
20181103-165204	 14	  0	         9	69.19
20181103-165209	 18	  6	     20514	69.21
20181103-165214	 21	  0	        34	69.21
20181103-165219	 12	  0	        17	69.20
20181103-165224	 15	  2	     20492	69.21
20181103-165229	 23	  2	        56	69.20
20181103-165234	 12	  0	        17	69.21
20181103-165239	 13	  0	        24	69.22
20181103-165244	 24	  5	     20512	69.22
20181103-165249	 14	  0	        52	69.22
20181103-165254	 12	  0	         8	69.23
20181103-165259	 14	  1	     16394	69.24
20181103-165304	 26	  3	      4157	69.28
20181103-165309	 13	  0	        21	69.27
20181103-165314	 12	  0	        12	69.28
20181103-165319	 17	  4	     20515	69.27
20181103-165324	 12	  0	         6	69.29
20181103-165329	 12	  0	         7	69.30
20181103-165334	 20	  0	        55	69.38
20181103-165339	 46	  5	     21209	69.40
20181103-165344	 13	  0	         6	69.41
20181103-165349	 21	  0	        18	69.42
20181103-165354	 16	  4	     20519	69.43
20181103-165359	 12	  0	         4	69.43
20181103-165404	 13	  0	        19	69.44
20181103-165409	 20	  0	        60	69.44
20181103-165414	 15	  4	     20499	69.44
20181103-165419	 12	  0	        22	69.44
20181103-165424	 20	  0	        38	69.44
20181103-165429	 16	  4	     20500	69.43
20181103-165434	 12	  0	        55	69.43
20181103-165439	 20	  0	        53	69.45
20181103-165444	 12	  0	         5	69.44
20181103-165449	 16	  4	     20504	69.44
20181103-165454	 12	  0	        12	69.45
20181103-165459	 19	  0	        39	69.44
20181103-165504	 17	  4	     20514	69.45
20181103-165509	 13	  0	       127	69.46
20181103-165514	 20	  0	        35	69.46
20181103-165519	 12	  0	        20	69.47
20181103-165524	 17	  4	     20508	69.47
20181103-165529	 20	  0	        42	69.47
20181103-165534	 12	  0	        21	69.47
20181103-165539	 16	  4	     20518	69.46
20181103-165544	 12	  0	         4	69.47
20181103-165549	 19	  0	        39	69.47
20181103-165554	 11	  0	         6	69.47
20181103-165559	 17	  5	     20503	69.45
20181103-165604	 21	  0	        51	69.46
20181103-165609	 12	  0	        21	69.46
20181103-165614	 14	  2	     20488	69.47
20181103-165619	 23	  3	        60	69.46
20181103-165624	 11	  0	         8	69.48
20181103-165629	 12	  0	         5	69.47
20181103-165634	 19	  6	     20515	69.48
20181103-165639	 18	  0	        50	69.48
20181103-165644	 12	  0	         4	69.48
20181103-165649	 13	  1	     16405	69.48
20181103-165654	 23	  3	      4147	69.48
20181103-165659	 12	  0	         6	69.48
20181103-165704	 13	  0	        19	69.47
20181103-165709	 23	  4	     20538	69.48
20181103-165714	 12	  0	         9	69.48
20181103-165719	 12	  0	        15	69.47
20181103-165724	 12	  0	        14	69.50
20181103-165729	 17	  4	     20502	69.50
20181103-165734	 12	  0	        21	69.49
20181103-165739	 14	  0	        29	69.51
20181103-165744	 24	  4	     20533	69.52
20181103-165749	 13	  0	        14	69.51
20181103-165754	 12	  0	        19	69.51
20181103-165759	 20	  0	        46	69.50
20181103-165804	 17	  4	     20507	69.52
20181103-165809	 12	  0	        24	69.48
20181103-165814	 26	  0	       112	69.50
20181103-165819	 17	  4	     20513	69.50
20181103-165824	 12	  0	        16	69.49
20181103-165829	 13	  0	        11	69.49
20181103-165834	 20	  0	        54	69.48
20181103-165839	 16	  4	     20549	69.49
20181103-165844	 12	  0	         9	69.49
20181103-165849	 21	  0	        45	69.50
20181103-165854	 17	  4	     20501	69.50
20181103-165859	 12	  0	         9	69.49
20181103-165904	 22	  0	        50	69.50
20181103-165909	 12	  0	        21	69.50
20181103-165914	 17	  4	     20509	69.48
20181103-165919	 12	  0	        15	69.49
20181103-165924	 21	  0	        40	69.50
20181103-165929	 18	  5	     20500	69.48
20181103-165934	 13	  0	        22	69.49
20181103-165939	 21	  0	        57	69.49
20181103-165944	 13	  0	         5	69.48
20181103-165949	 22	  9	     21321	69.49
20181103-165954	 21	  0	        45	69.50
20181103-165959	 13	  0	         8	69.50
20181103-170004	 16	  3	     20500	69.49
20181103-170009	 15	  1	        35	69.50
20181103-170014	 22	  0	       555	69.56
20181103-170019	 19	  1	      4144	69.54
20181103-170024	 18	  4	     20748	69.56
20181103-170029	 21	  0	        40	69.55
20181103-170034	 12	  0	        24	69.56
20181103-170039	 14	  1	     17004	69.56
20181103-170044	 24	  3	      4146	69.55
20181103-170049	 14	  0	      1547	69.56
20181103-170054	 12	  0	        31	69.55
20181103-170059	 18	  4	     20507	69.55
20181103-170104	 20	  0	        47	69.57
20181103-170109	 12	  0	       402	69.54
20181103-170114	 12	  0	         8	69.53
20181103-170119	 28	  4	     21015	69.53
20181103-170124	 12	  0	       149	69.53
20181103-170129	 12	  0	        10	69.53
20181103-170134	 26	  5	     20556	69.54
20181103-170139	 12	  0	      1064	69.54
20181103-170144	 12	  0	         7	69.54
20181103-170149	 13	  0	         9	69.56
20181103-170154	 16	  4	     20501	69.54
20181103-170159	 12	  0	         5	69.53
20181103-170204	 14	  0	        22	69.52
20181103-170209	 25	  5	     20551	69.54
20181103-170214	 12	  0	         5	69.55
20181103-170219	 13	  0	        46	69.55
20181103-170224	 21	  0	        42	69.55
20181103-170229	 16	  4	     20501	69.54
20181103-170234	 12	  0	        18	69.54
20181103-170239	 20	  0	       476	69.55
20181103-170244	 17	  4	     20502	69.54
20181103-170249	 12	  0	         9	69.55
20181103-170254	 15	  0	         7	69.55
20181103-170259	 19	  0	        40	69.55
20181103-170304	 18	  5	     20514	69.56
20181103-170309	 12	  0	        23	69.56
20181103-170314	 20	  0	        36	69.55
20181103-170319	 16	  4	     20501	69.55
20181103-170324	 13	  1	        63	69.56
20181103-170329	 20	  0	        42	69.56
20181103-170334	 12	  0	        20	69.56
20181103-170339	 16	  4	     20533	69.55
20181103-170344	 13	  0	         5	69.55
20181103-170349	 18	  0	        33	69.55
20181103-170354	 13	  1	     19669	69.54
20181103-170359	 15	  3	       843	69.55
20181103-170404	 21	  0	        50	69.55
20181103-170409	 11	  0	        36	69.53
20181103-170414	 19	  8	     20505	69.55
20181103-170419	 20	  0	        45	69.56
20181103-170424	 12	  0	         4	69.56
20181103-170429	 12	  0	        12	69.55
20181103-170434	 18	  4	     20512	69.55
20181103-170439	 17	  0	        65	69.55
20181103-170444	 12	  0	         4	69.55
20181103-170449	 16	  4	     20501	69.56
20181103-170454	 20	  0	        35	69.55
20181103-170459	 12	  0	         4	69.55
20181103-170504	 12	  0	        21	69.55
20181103-170509	 24	  4	     20560	69.57
20181103-170514	 12	  0	         3	69.57
20181103-170519	 12	  0	        16	69.55
20181103-170524	 19	  4	     20505	69.57
20181103-170529	 17	  0	        34	69.56
20181103-170534	 12	  0	        16	69.55
20181103-170539	 12	  0	        37	69.56
20181103-170544	 23	  3	     20524	69.56
20181103-170549	 13	  0	         9	69.56
20181103-170554	 12	  0	         9	69.55
20181103-170559	 16	  4	     20503	69.56
20181103-170604	 13	  0	        18	69.56
20181103-170609	 11	  0	        23	69.56
20181103-170614	 20	  0	        36	69.56
20181103-170619	 17	  4	     20510	69.56
20181103-170624	 11	  0	         6	69.56
20181103-170629	 16	  0	         7	69.56
20181103-170634	 20	  4	     20538	69.57
20181103-170639	 12	  0	        31	69.54
20181103-170644	 12	  0	         5	69.56
20181103-170649	 20	  0	        43	69.57
20181103-170654	 17	  4	     20497	69.56
20181103-170659	 12	  0	         4	69.56
20181103-170704	 21	  0	        42	69.56
20181103-170709	 17	  5	     20506	69.57
20181103-170714	 14	  2	        18	69.56
20181103-170719	 15	  0	        19	69.57
20181103-170724	 16	  0	        41	69.55
20181103-170729	 17	  4	     20495	69.55
20181103-170734	 12	  0	        22	69.55
20181103-170739	 20	  0	        61	69.56
20181103-170744	 13	  1	     16388	69.56
20181103-170749	 16	  3	      4120	69.57
20181103-170754	 20	  0	        34	69.57
20181103-170759	 12	  0	         9	69.56
20181103-170804	 18	  5	     20509	69.56
20181103-170809	 15	  0	        28	69.57
20181103-170814	 52	  0	       121	69.58
20181103-170819	 48	  0	        24	69.57
20181103-170824	 47	  3	     20517	69.56
20181103-170829	 55	  0	        42	69.56
20181103-170834	 46	  0	        25	69.56
20181103-170839	 48	  3	     20684	69.57
20181103-170844	 57	  0	      5270	69.58
20181103-170849	 48	  0	        32	69.57
20181103-170854	 46	  0	     16391	69.57
20181103-170859	 51	  2	      4140	69.57
20181103-170904	 53	  0	        50	69.57
20181103-170909	 48	  0	        16	69.57
20181103-170914	 53	  3	     25348	69.56
20181103-170919	 55	  0	       119	69.57
20181103-170924	 51	  0	        10	69.56
20181103-170929	 48	  1	     19671	69.57
20181103-170934	 55	  2	       876	69.57
20181103-170939	 55	  0	        31	69.57
20181103-170944	 48	  0	      4846	69.55
20181103-170949	 18	  4	     20539	69.57
20181103-170954	 20	  0	        71	69.56
20181103-170959	 12	  0	         4	69.55
20181103-171004	 14	  0	     16404	69.56
20181103-171009	 24	  4	      4152	69.57
20181103-171014	 12	  0	       177	69.56
20181103-171019	 13	  0	        24	69.57
20181103-171024	 21	  4	     20507	69.57
20181103-171029	 15	  0	        22	69.56
20181103-171034	 12	  0	        16	69.56
20181103-171039	 12	  0	        10	69.55
20181103-171044	 25	  5	     20577	69.56
20181103-171049	 12	  0	        10	69.56
20181103-171054	 12	  0	        10	69.58
20181103-171059	 16	  4	     20503	69.57
20181103-171104	 13	  0	        12	69.57
20181103-171109	 12	  0	         9	69.57
20181103-171114	 20	  0	        55	69.57
20181103-171119	 17	  4	     20515	69.58
20181103-171124	 12	  0	        10	69.57
20181103-171129	 17	  0	        22	69.56
20181103-171134	 19	  4	     20521	69.56
20181103-171139	 12	  0	         8	69.55
20181103-171144	 12	  0	        33	69.58
20181103-171149	 21	  0	        43	69.58
20181103-171154	 16	  4	     20500	69.57
20181103-171159	 12	  0	        14	69.58
20181103-171204	 21	  0	        41	69.58
20181103-171209	 17	  4	     20501	69.57
20181103-171214	 12	  0	        38	69.58
20181103-171219	 19	  0	        31	69.58
20181103-171224	 14	  0	        31	69.58
20181103-171229	 16	  4	     20500	69.57
20181103-171234	  5	  0	        16	69.57
20181103-171239	  9	  0	        35	69.57
20181103-171244	  1	  0	        35	69.58
20181103-171249	  1	  0	         6	69.58
20181103-171254	  1	  0	         4	69.58
20181103-171259	  1	  0	      5900	69.91
20181103-171304	  2	  0	         8	69.56
20181103-171309	  1	  0	         9	69.56
20181103-171314	  1	  0	        30	69.56
20181103-171319	  1	  0	        19	69.57
20181103-171324	  1	  0	         5	69.54
20181103-171329	  1	  0	         9	69.56
20181103-171334	  1	  0	         4	69.57
20181103-171339	  1	  0	         5	69.57
20181103-171344	  1	  0	        25	69.58
20181103-171349	  1	  0	         8	69.58
20181103-171354	  1	  0	         3	69.58
20181103-171359	  1	  0	         9	69.58
20181103-171404	  2	  0	         6	69.56
20181103-171409	  1	  0	        13	69.57
20181103-171414	  1	  0	         5	69.57
20181103-171419	  1	  0	        16	69.58
20181103-171424	  1	  0	        10	69.58
20181103-171429	  1	  0	        10	69.57
20181103-171434	  1	  0	        12	69.58
20181103-171439	  1	  0	         4	69.58
20181103-171444	  1	  0	        95	69.58
20181103-171449	  1	  0	         6	69.57
20181103-171454	  1	  0	         3	69.58
20181103-171459	  0	  0	         8	69.58
20181103-171504	  2	  0	         7	69.57
20181103-171509	  1	  0	         6	69.58
20181103-171514	  1	  0	        17	69.58
20181103-171519	 26	  0	       806	69.57
20181103-171524	 26	  0	        15	69.57
20181103-171529	 11	  0	        12	69.58
20181103-171534	  1	  0	         4	69.58
20181103-171539	  1	  0	      1277	69.58
20181103-171544	  1	  0	       107	69.58
20181103-171549	  1	  0	         9	69.58
20181103-171554	  1	  0	         3	69.58
20181103-171559	  3	  0	        10	69.57
20181103-171604	  5	  0	         6	69.58
20181103-171609	  3	  0	         6	69.58
20181103-171614	  2	  0	       328	69.62
20181103-171619	 43	  0	       975	69.65
20181103-171624	 48	  0	      1430	69.65
20181103-171629	 55	  0	       334	69.65
20181103-171634	 53	  0	        37	69.66
20181103-171639	 32	  0	        28	69.65
20181103-171644	 35	  0	      5309	69.64
20181103-171649	 34	  2	     20191	69.64
20181103-171654	 29	  1	      4395	69.65
20181103-171659	 31	  0	        17	69.64
20181103-171704	 38	  0	        26	69.64
20181103-171709	 34	  0	        13	69.64
20181103-171714	 22	  0	       588	69.64
20181103-171719	  6	  0	      1940	69.64
20181103-171724	  2	  2	      9013	69.64
20181103-171729	  1	  0	         9	69.64
20181103-171734	  1	  0	        10	69.65
20181103-171739	  1	  0	         4	69.65
20181103-171744	  1	  0	       387	69.64
20181103-171749	  1	  0	         5	69.64
20181103-171754	  1	  0	         4	69.65
20181103-171759	  1	  0	         8	69.65
20181103-171804	  1	  0	         7	69.64
20181103-171809	  2	  0	         4	69.64
20181103-171814	  0	  0	         9	69.64
20181103-171819	  1	  0	        16	69.64
20181103-171824	  1	  0	         4	69.65
20181103-171829	  1	  0	         8	69.65
20181103-171834	  1	  0	        11	69.64
20181103-171839	  1	  0	         4	69.65
20181103-171844	  1	  0	        12	69.62
20181103-171849	  1	  0	         7	69.64
20181103-171854	  1	  0	         4	69.64
20181103-171859	  1	  0	         8	69.64
20181103-171904	  1	  0	        12	69.63
20181103-171909	  2	  0	        11	69.64
20181103-171914	  1	  0	         5	69.65
20181103-171919	  1	  0	        13	69.65
20181103-171924	  0	  0	         7	69.64
20181103-171929	  1	  0	         9	69.64
20181103-171934	  1	  0	        10	69.65
20181103-171939	  1	  0	         4	69.65
20181103-171944	  1	  0	         7	69.65
20181103-171949	  1	  0	         5	69.65
20181103-171954	  1	  0	         4	69.65
20181103-171959	  1	  0	        14	69.65
20181103-172004	  1	  0	        13	69.64
20181103-172009	  2	  0	         4	69.65
20181103-172014	  0	  0	        12	69.65
20181103-172019	  1	  0	        59	69.65
20181103-172024	  1	  0	         4	69.65
20181103-172029	  1	  0	        11	69.65
20181103-172034	  1	  0	        13	69.65
20181103-172039	  1	  0	         4	69.66
20181103-172044	  1	  0	       445	69.66
20181103-172049	  1	  0	         5	69.67
20181103-172054	  1	  0	         4	69.66
20181103-172059	  1	  0	        10	69.66
20181103-172104	  1	  0	         9	69.66
20181103-172109	  2	  0	         6	69.66
20181103-172114	  1	  0	         9	69.66
20181103-172119	  1	  0	        15	69.67
20181103-172124	  1	  0	         4	69.66
20181103-172129	  1	  0	        11	69.66
20181103-172134	  1	  0	        10	69.66
20181103-172139	  1	  0	         4	69.66
20181103-172144	  1	  0	        12	69.66
20181103-172149	  1	  0	         6	69.66
20181103-172154	  1	  0	         7	69.66
20181103-172159	  1	  0	         8	69.67
20181103-172204	  1	  0	         4	69.66
20181103-172209	  2	  0	        13	69.67
20181103-172214	  1	  0	         7	69.66
20181103-172219	  1	  0	        19	69.66
20181103-172224	  1	  0	         4	69.66
20181103-172229	  1	  0	        11	69.66
20181103-172234	  1	  0	         4	69.67
20181103-172239	  1	  0	        11	69.66
20181103-172244	  1	  0	         9	69.66
20181103-172249	  1	  0	         8	69.66
20181103-172254	  1	  0	         5	69.66
20181103-172259	  1	  0	         8	69.66
20181103-172304	  1	  0	         4	69.66
20181103-172309	  1	  0	         9	69.67
20181103-172314	  0	  0	         6	69.66
20181103-172319	  1	  0	        16	69.66
20181103-172324	  1	  0	         9	69.67
20181103-172329	  1	  0	        10	69.67
20181103-172334	  0	  0	         4	69.67
20181103-172339	  1	  0	         9	69.67
20181103-172344	  1	  0	         9	69.67
20181103-172349	  1	  0	         6	69.67
20181103-172354	  1	  0	         8	69.66
20181103-172359	  1	  0	         9	69.67
20181103-172404	  1	  0	         4	69.66
20181103-172409	  1	  0	        20	69.67
20181103-172414	  1	  0	         6	69.67
20181103-172419	  1	  0	        16	69.67
20181103-172424	  1	  0	         7	69.67
20181103-172429	  1	  0	         9	69.68
20181103-172434	  0	  0	         6	69.67
20181103-172439	  1	  0	        11	69.67
20181103-172444	  1	  0	        13	69.67
20181103-172449	  1	  0	         7	69.67
20181103-172454	  0	  0	         5	69.67
20181103-172459	  1	  0	         7	69.68
20181103-172504	  1	  0	         4	69.67
20181103-172509	  2	  0	        11	69.68
20181103-172514	  1	  0	         6	69.68
20181103-172519	  1	  0	        16	69.68
20181103-172524	  0	  0	         4	69.67
20181103-172529	  1	  0	         8	69.66
