TIME	CPU	WCPU	IO	MEM
20181103-140229	  0	  0	         8	59.12
20181103-140234	  1	  0	        14	59.11
20181103-140239	  1	  0	         8	59.11
20181103-140244	  1	  0	         8	59.12
20181103-140249	  2	  0	         9	59.12
20181103-140254	  1	  0	         7	59.11
20181103-140259	  1	  0	        10	59.11
20181103-140304	  1	  0	        35	59.11
20181103-140309	  1	  0	        13	59.11
20181103-140314	  1	  0	        20	59.12
20181103-140319	  1	  0	        15	59.12
20181103-140324	  1	  0	         7	59.12
20181103-140329	  1	  0	         6	59.12
20181103-140334	  1	  0	        14	59.12
20181103-140339	  1	  0	         5	59.12
20181103-140344	  1	  0	        12	59.11
20181103-140349	  2	  0	         9	59.11
20181103-140354	  1	  0	         7	59.12
20181103-140359	  1	  0	        10	59.11
20181103-140404	  1	  0	         7	59.12
20181103-140409	  1	  0	        12	59.12
20181103-140414	  1	  0	        19	59.12
20181103-140419	  1	  0	         6	59.11
20181103-140424	  1	  0	         7	59.12
20181103-140429	  1	  0	         5	59.12
20181103-140434	  1	  0	         8	59.12
20181103-140439	  1	  0	         7	59.12
20181103-140444	  1	  0	         9	59.46
20181103-140449	  2	  0	        14	59.12
20181103-140454	  1	  0	         7	59.13
20181103-140459	  1	  0	         8	59.13
20181103-140504	  1	  0	         6	59.13
20181103-140509	  1	  0	        12	59.13
20181103-140514	  1	  0	        23	59.12
20181103-140519	  1	  0	        10	59.12
20181103-140524	  1	  0	         8	59.12
20181103-140529	  1	  0	         8	59.12
20181103-140534	  1	  0	         9	59.12
20181103-140539	  1	  0	         5	59.11
20181103-140544	  1	  0	        13	59.12
20181103-140549	  1	  0	         9	59.11
20181103-140554	  1	  0	         7	59.12
20181103-140559	  1	  0	         9	59.13
20181103-140604	  1	  0	         6	59.12
20181103-140609	  1	  0	        12	59.12
20181103-140614	  1	  0	        19	59.12
20181103-140619	  1	  0	         8	59.12
20181103-140624	  1	  0	         7	59.13
20181103-140629	  1	  0	         8	59.12
20181103-140634	  1	  0	         6	59.13
20181103-140639	  1	  0	         5	59.12
20181103-140644	  1	  0	         9	59.11
20181103-140649	  1	  0	         6	59.12
20181103-140654	  2	  0	        10	59.12
20181103-140659	  0	  0	         7	59.13
20181103-140704	  1	  0	         5	59.12
20181103-140709	  1	  0	        12	59.12
20181103-140714	  1	  0	        23	59.12
20181103-140719	  1	  0	        10	59.12
20181103-140724	  1	  0	         7	59.12
20181103-140729	  1	  0	        10	59.12
20181103-140734	  1	  0	         5	59.12
20181103-140739	  1	  0	         5	59.12
20181103-140744	  1	  0	        11	59.12
20181103-140749	  1	  0	         9	59.12
20181103-140754	  2	  0	         9	59.13
20181103-140759	  1	  0	         5	59.12
20181103-140804	  1	  0	         7	59.13
20181103-140809	  1	  0	        12	59.12
20181103-140814	  1	  0	        19	59.12
20181103-140819	  1	  0	         5	59.12
20181103-140824	  1	  0	         9	59.12
20181103-140829	  1	  0	         6	59.12
20181103-140834	  1	  0	         5	59.12
20181103-140839	  1	  0	         8	59.12
20181103-140844	  1	  0	        10	59.12
20181103-140849	  1	  0	         6	59.11
20181103-140854	  2	  0	         9	59.12
20181103-140859	  1	  0	         7	59.12
20181103-140904	  1	  0	         5	59.12
20181103-140909	  1	  0	        12	59.11
20181103-140914	  1	  0	        23	59.12
20181103-140919	  1	  0	        10	59.12
20181103-140924	  1	  0	         9	59.12
20181103-140929	  1	  0	         5	59.12
20181103-140934	  1	  0	         5	59.11
20181103-140939	  1	  0	         5	59.11
20181103-140944	  1	  0	        17	59.12
20181103-140949	  1	  0	        16	59.10
20181103-140954	  2	  0	         7	59.11
20181103-140959	  1	  0	         5	59.11
20181103-141004	  1	  0	         7	59.11
20181103-141009	  1	  0	        12	59.11
20181103-141014	  1	  0	        18	59.11
20181103-141019	  1	  0	         9	59.12
20181103-141024	  1	  0	         7	59.12
20181103-141029	  1	  0	         5	59.12
20181103-141034	  1	  0	        15	59.11
20181103-141039	  1	  0	         5	59.12
20181103-141044	  1	  0	        10	59.12
20181103-141049	  1	  0	        10	59.12
20181103-141054	  2	  0	         8	59.12
20181103-141059	  1	  0	         7	59.11
20181103-141104	  1	  0	         6	59.12
20181103-141109	  1	  0	        11	59.12
20181103-141114	  1	  0	        19	59.12
20181103-141119	  1	  0	        21	59.11
20181103-141124	  1	  0	         7	59.11
20181103-141129	  1	  0	         7	59.12
20181103-141134	  1	  0	         6	59.12
20181103-141139	  1	  0	         5	59.11
20181103-141144	  1	  0	        20	59.12
20181103-141149	  1	  0	         8	59.10
20181103-141154	  2	  0	         7	59.11
20181103-141159	  1	  0	         7	59.11
20181103-141204	  1	  0	         5	59.11
20181103-141209	  1	  0	        14	59.12
20181103-141214	  1	  0	        14	59.12
20181103-141219	  1	  0	         8	59.12
20181103-141224	  1	  0	        18	59.12
20181103-141229	  1	  0	         7	59.12
20181103-141234	  1	  0	         5	59.12
20181103-141239	  1	  0	         7	59.11
20181103-141244	  1	  0	        12	59.12
20181103-141249	  1	  0	        11	59.11
20181103-141254	  2	  0	        12	59.12
20181103-141259	  1	  0	         7	59.12
20181103-141304	  1	  0	         5	59.12
20181103-141309	  1	  0	        12	59.12
20181103-141314	  1	  0	        19	59.12
20181103-141319	  1	  0	         6	59.12
20181103-141324	  1	  0	        18	59.12
20181103-141329	  1	  0	         5	59.12
20181103-141334	  1	  0	         5	59.13
20181103-141339	  1	  0	         5	59.12
20181103-141344	  1	  0	        15	59.13
20181103-141349	  1	  0	         5	59.11
20181103-141354	  2	  0	        15	59.11
20181103-141359	  1	  0	         5	59.11
20181103-141404	  1	  0	         5	59.10
20181103-141409	  1	  0	        12	59.11
20181103-141414	  1	  0	        23	59.12
20181103-141419	  1	  0	         6	59.12
20181103-141424	  1	  0	         7	59.12
20181103-141429	  1	  0	         7	59.12
20181103-141434	  0	  0	         5	59.12
20181103-141439	  1	  0	         5	59.12
20181103-141444	  1	  0	        12	59.12
20181103-141449	  1	  0	        12	59.12
20181103-141454	  2	  0	        22	59.12
20181103-141459	  0	  0	         7	59.12
20181103-141504	  1	  0	        10	59.12
20181103-141509	  1	  0	        12	59.13
20181103-141514	  1	  0	        22	59.12
20181103-141519	  1	  0	         5	59.12
20181103-141524	  1	  0	         8	59.12
20181103-141529	  1	  0	         5	59.13
20181103-141534	  1	  0	         7	59.11
20181103-141539	  1	  0	         9	59.12
20181103-141544	  1	  0	        12	59.12
20181103-141549	  1	  0	         5	59.11
20181103-141554	  2	  0	        14	59.12
20181103-141559	  1	  0	         5	59.12
20181103-141604	  1	  0	         5	59.12
20181103-141609	  1	  0	        16	59.12
20181103-141614	  1	  0	        22	59.12
20181103-141619	  1	  0	         5	59.12
20181103-141624	  1	  0	         7	59.12
20181103-141629	  0	  0	         6	59.12
20181103-141634	  1	  0	         9	59.12
20181103-141639	  1	  0	         6	59.13
20181103-141644	  1	  0	        17	59.13
20181103-141649	  1	  0	         5	59.11
20181103-141654	  2	  0	        10	59.11
20181103-141659	  1	  0	         7	59.12
20181103-141704	  1	  0	         7	59.12
20181103-141709	  1	  0	        14	59.12
20181103-141714	  1	  0	        17	59.11
20181103-141719	  1	  0	         5	59.12
20181103-141724	  1	  0	        24	59.12
20181103-141729	  1	  0	         6	59.12
20181103-141734	  1	  0	         5	59.12
20181103-141739	  1	  0	         7	59.12
20181103-141744	  1	  0	        17	59.12
20181103-141749	  1	  0	         5	59.10
20181103-141754	  2	  0	         9	59.11
20181103-141759	  1	  0	         7	59.12
20181103-141804	  1	  0	         6	59.12
20181103-141809	  1	  0	        14	59.13
20181103-141814	  1	  0	        15	59.12
20181103-141819	  1	  0	         5	59.12
20181103-141824	  1	  0	        16	59.12
20181103-141829	  1	  0	         7	59.12
20181103-141834	  1	  0	         5	59.12
20181103-141839	  1	  0	         8	59.12
20181103-141844	  1	  0	        10	59.12
20181103-141849	  1	  0	        11	59.12
20181103-141854	  2	  0	        10	59.12
20181103-141859	  1	  0	         7	59.12
20181103-141904	  1	  0	         6	59.12
20181103-141909	  1	  0	        14	59.12
20181103-141914	  1	  0	        16	59.12
20181103-141919	  1	  0	         5	59.11
20181103-141924	  1	  0	        23	59.12
20181103-141929	  1	  0	         7	59.12
20181103-141934	  1	  0	         6	59.12
20181103-141939	  1	  0	         7	59.12
20181103-141944	  1	  0	        13	59.12
20181103-141949	  1	  0	        17	59.11
20181103-141954	  2	  0	         9	59.12
20181103-141959	  1	  0	         7	59.12
20181103-142004	  1	  0	         6	59.12
20181103-142009	  1	  0	        14	59.11
20181103-142014	  1	  0	        15	59.11
20181103-142019	  1	  0	         5	59.12
20181103-142024	  1	  0	        15	59.12
20181103-142029	  1	  0	         5	59.12
20181103-142034	  1	  0	        11	59.12
20181103-142039	  1	  0	         5	59.12
20181103-142044	  1	  0	        10	59.12
20181103-142049	  1	  0	         5	59.11
20181103-142054	  2	  0	        11	59.12
20181103-142059	  1	  0	         6	59.12
20181103-142104	  1	  0	         6	59.12
20181103-142109	  1	  0	        12	59.11
20181103-142114	  1	  0	        20	59.12
20181103-142119	  1	  0	         5	59.12
20181103-142124	  1	  0	        12	59.11
20181103-142129	  1	  0	         9	59.12
20181103-142134	  1	  0	         6	59.11
20181103-142139	  1	  0	         6	59.12
20181103-142144	  1	  0	        11	59.12
20181103-142149	  1	  0	         5	59.12
20181103-142154	  2	  0	        11	59.12
20181103-142159	  1	  0	        11	59.12
20181103-142204	  1	  0	         7	59.12
20181103-142209	  1	  0	        12	59.12
20181103-142214	  1	  0	        20	59.12
20181103-142219	  1	  0	         5	59.12
20181103-142224	  1	  0	         7	59.12
20181103-142229	  1	  0	         8	59.12
20181103-142234	  1	  0	         5	59.12
20181103-142239	  1	  0	         7	59.13
20181103-142244	  1	  0	        10	59.12
20181103-142249	  1	  0	         5	59.11
20181103-142254	  2	  0	         8	59.11
20181103-142259	  1	  0	        10	59.12
20181103-142304	  1	  0	         5	59.11
20181103-142309	  1	  0	        13	59.12
20181103-142314	  1	  0	        23	59.11
20181103-142319	  1	  0	         5	59.11
20181103-142324	  1	  0	        12	59.12
20181103-142329	  1	  0	         8	59.11
20181103-142334	  1	  0	         5	59.12
20181103-142339	  1	  0	         5	59.12
20181103-142344	  1	  0	        14	59.12
20181103-142349	  1	  0	         5	59.11
20181103-142354	  2	  0	        12	59.12
20181103-142359	  1	  0	         5	59.12
20181103-142404	  1	  0	         5	59.12
20181103-142409	  1	  0	        13	59.12
20181103-142414	  1	  0	        22	59.12
20181103-142419	  1	  0	         5	59.12
20181103-142424	  1	  0	        10	59.12
20181103-142429	  1	  0	         6	59.12
20181103-142434	  1	  0	         5	59.12
20181103-142439	  1	  0	         7	59.11
20181103-142444	  1	  0	        17	59.12
20181103-142449	  1	  0	        12	59.12
20181103-142454	  2	  0	        11	59.12
20181103-142459	  1	  0	         5	59.13
20181103-142504	  1	  0	         6	59.13
20181103-142509	  1	  0	        15	59.12
20181103-142514	  1	  0	        17	59.13
20181103-142519	  1	  0	         5	59.12
20181103-142524	  1	  0	        22	59.11
20181103-142529	  1	  0	         6	59.11
20181103-142534	  1	  0	         7	59.12
20181103-142539	  1	  0	         7	59.12
20181103-142544	  1	  0	        18	59.12
20181103-142549	  1	  0	         8	59.12
20181103-142554	  2	  0	        14	59.12
20181103-142559	  1	  0	         5	59.12
20181103-142604	  1	  0	         7	59.12
20181103-142609	  1	  0	        13	59.12
20181103-142614	  1	  0	        16	59.12
20181103-142619	  1	  0	         5	59.12
20181103-142624	  1	  0	        10	59.12
20181103-142629	  1	  0	         5	59.12
20181103-142634	  1	  0	         7	59.11
20181103-142639	  1	  0	         6	59.12
20181103-142644	  1	  0	        18	59.12
20181103-142649	  1	  0	         7	59.11
20181103-142654	  2	  0	        21	59.11
20181103-142659	  1	  0	         5	59.12
20181103-142704	  1	  0	         7	59.12
20181103-142709	  1	  0	        12	59.12
20181103-142714	  1	  0	        18	59.12
20181103-142719	  1	  0	         7	59.12
20181103-142724	  1	  0	        18	59.12
20181103-142729	  1	  0	         5	59.12
20181103-142734	  1	  0	         7	59.12
20181103-142739	  1	  0	         5	59.12
20181103-142744	  1	  0	        18	59.12
20181103-142749	  1	  0	         6	59.11
20181103-142754	  2	  0	        18	59.12
20181103-142759	  1	  0	         5	59.12
20181103-142804	  1	  0	         9	59.12
20181103-142809	  1	  0	        12	59.12
20181103-142814	  1	  0	        16	59.12
20181103-142819	  3	  0	         6	59.12
20181103-142824	  1	  0	         9	59.13
20181103-142829	  1	  0	         5	59.13
20181103-142834	  1	  0	         7	59.12
20181103-142839	  1	  0	         5	59.13
20181103-142844	  1	  0	        17	59.13
20181103-142849	  1	  0	         5	59.11
20181103-142854	  2	  0	        13	59.12
20181103-142859	  1	  0	         5	59.11
20181103-142904	  1	  0	         9	59.12
20181103-142909	  1	  0	        12	59.12
20181103-142914	  1	  0	         9	59.12
20181103-142919	  1	  0	        12	59.11
20181103-142924	  1	  0	        17	59.11
20181103-142929	  1	  0	         5	59.11
20181103-142934	  1	  0	         5	59.12
20181103-142939	  1	  0	         6	59.12
20181103-142944	  1	  0	        12	59.12
20181103-142949	  1	  0	        17	59.12
20181103-142954	  2	  0	        12	59.12
20181103-142959	  1	  0	         7	59.12
20181103-143004	  1	  0	         5	59.12
20181103-143009	  1	  0	        12	59.12
20181103-143014	  1	  0	        14	59.12
20181103-143019	  1	  0	        11	59.12
20181103-143024	  1	  0	         7	59.12
20181103-143029	  1	  0	         7	59.12
20181103-143034	  1	  0	         5	59.13
20181103-143039	  1	  0	        10	59.12
20181103-143044	  1	  0	         9	59.13
20181103-143049	  1	  0	         9	59.12
20181103-143054	  2	  0	        18	59.13
20181103-143059	  1	  0	         9	59.13
20181103-143104	  1	  0	         5	59.12
20181103-143109	  1	  0	        12	59.13
20181103-143114	  1	  0	        13	59.13
20181103-143119	  1	  0	        13	59.12
20181103-143124	  1	  0	         6	59.12
20181103-143129	  1	  0	         7	59.13
20181103-143134	  1	  0	         8	59.12
20181103-143139	  1	  0	         6	59.13
20181103-143144	  1	  0	         7	59.13
20181103-143149	  1	  0	        12	59.12
20181103-143154	  2	  0	        13	59.12
20181103-143159	  1	  0	         7	59.12
20181103-143204	  1	  0	         5	59.12
20181103-143209	  1	  0	        16	59.12
20181103-143214	  1	  0	        12	59.12
20181103-143219	  1	  0	        13	59.13
20181103-143224	  1	  0	         6	59.13
20181103-143229	  1	  0	         8	59.13
20181103-143234	  1	  0	         5	59.12
20181103-143239	  1	  0	         5	59.12
20181103-143244	  1	  0	        10	59.12
20181103-143249	  1	  0	        10	59.12
20181103-143254	  1	  0	         9	59.12
20181103-143259	  1	  0	         7	59.13
20181103-143304	  1	  0	         5	59.13
20181103-143309	  1	  0	        15	59.12
20181103-143314	  1	  0	        12	59.13
20181103-143319	  1	  0	        15	59.13
20181103-143324	  1	  0	        12	59.12
20181103-143329	  1	  0	         7	59.12
20181103-143334	  1	  0	         5	59.11
20181103-143339	  1	  0	        10	59.12
20181103-143344	  1	  0	         5	59.12
20181103-143349	  1	  0	        13	59.12
20181103-143354	  2	  0	        11	59.13
20181103-143359	  1	  0	         7	59.12
20181103-143404	  1	  0	         7	59.12
20181103-143409	  1	  0	        19	59.13
20181103-143414	  1	  0	        12	59.12
20181103-143419	  1	  0	        13	59.12
20181103-143424	  1	  0	         6	59.13
20181103-143429	  1	  0	         9	59.13
20181103-143434	  1	  0	         6	59.12
20181103-143439	  1	  0	         7	59.13
20181103-143444	  1	  0	         5	59.13
20181103-143449	  1	  0	        17	59.12
20181103-143454	  2	  0	         6	59.12
20181103-143459	  1	  0	         7	59.12
20181103-143504	  1	  0	        10	59.12
20181103-143509	  1	  0	        13	59.13
20181103-143514	  1	  0	        11	59.12
20181103-143519	  1	  0	        15	59.13
20181103-143524	  1	  0	        10	59.13
20181103-143529	  1	  0	         7	59.13
20181103-143534	  1	  0	         5	59.13
20181103-143539	  1	  0	        15	59.13
20181103-143544	  1	  0	         5	59.13
20181103-143549	  1	  0	        11	59.13
20181103-143554	  2	  0	         9	59.12
20181103-143559	  1	  0	         7	59.12
20181103-143604	  1	  0	         9	59.12
20181103-143609	  1	  0	        12	59.13
20181103-143614	  1	  0	        12	59.13
20181103-143619	  1	  0	        13	59.13
20181103-143624	  1	  0	         7	59.13
20181103-143629	  1	  0	         7	59.12
20181103-143634	  1	  0	         9	59.12
20181103-143639	  1	  0	         6	59.13
20181103-143644	  1	  0	         7	59.13
20181103-143649	  1	  0	         9	59.12
20181103-143654	  2	  0	         6	59.13
20181103-143659	  1	  0	         7	59.12
20181103-143704	  1	  0	         8	59.12
20181103-143709	  1	  0	        12	59.12
20181103-143714	  1	  0	        12	59.12
20181103-143719	  1	  0	        16	59.13
20181103-143724	  1	  0	        10	59.12
20181103-143729	  1	  0	         7	59.12
20181103-143734	  1	  0	         8	59.12
20181103-143739	  1	  0	         5	59.12
20181103-143744	  1	  0	         5	59.12
20181103-143749	  1	  0	        12	59.11
20181103-143754	  2	  0	        12	59.13
20181103-143759	  1	  0	         9	59.13
20181103-143804	  1	  0	         5	59.13
20181103-143809	  1	  0	        13	59.12
20181103-143814	  1	  0	        12	59.12
20181103-143819	  1	  0	        13	59.12
20181103-143824	  1	  0	         6	59.12
20181103-143829	  1	  0	         9	59.13
20181103-143834	  1	  0	         5	59.12
20181103-143839	  1	  0	         5	59.13
20181103-143844	  1	  0	         5	59.91
20181103-143849	 34	  0	        10	60.16
20181103-143854	 71	  0	         6	60.15
20181103-143859	 72	  0	        11	60.29
20181103-143904	 75	  0	         7	60.32
20181103-143909	 78	  0	        12	60.42
20181103-143914	 83	  0	        12	60.40
20181103-143919	 82	  0	        17	60.28
20181103-143924	 81	  0	        10	60.12
20181103-143929	 84	  0	         9	60.34
20181103-143934	 82	  0	         6	60.27
20181103-143939	 83	  0	         8	60.28
20181103-143944	 81	  0	         7	60.07
20181103-143949	 79	  0	        18	60.26
20181103-143954	 81	  0	        13	60.23
20181103-143959	 80	  0	         7	60.22
20181103-144004	 82	  0	         7	60.19
20181103-144009	 81	  0	        12	60.39
20181103-144014	 80	  0	        14	60.27
20181103-144019	 82	  0	        11	60.13
20181103-144024	 82	  0	         6	59.81
20181103-144029	 50	  0	         9	59.71
20181103-144034	  1	  0	         6	59.60
20181103-144039	  1	  0	         9	59.52
20181103-144044	  1	  0	         8	59.44
20181103-144049	  1	  0	        10	59.34
20181103-144054	  1	  0	         9	59.25
20181103-144059	  2	  0	         7	59.18
20181103-144104	  1	  0	         7	59.18
20181103-144109	  1	  0	        13	59.17
20181103-144114	  1	  0	        12	59.17
20181103-144119	  1	  0	        17	59.17
20181103-144124	  1	  0	        11	59.17
20181103-144129	  1	  0	         7	59.17
20181103-144134	  1	  0	         5	59.17
20181103-144139	  1	  0	         6	59.17
20181103-144144	  1	  0	         5	59.17
20181103-144149	  1	  0	        12	59.18
20181103-144154	  1	  0	        15	59.15
20181103-144159	  2	  0	         5	59.15
20181103-144204	  1	  0	         7	59.16
20181103-144209	  1	  0	        12	59.16
20181103-144214	  1	  0	        12	59.16
20181103-144219	  1	  0	        10	59.16
20181103-144224	  1	  0	        10	59.17
20181103-144229	  1	  0	         7	59.16
20181103-144234	  1	  0	         7	59.16
20181103-144239	  1	  0	         5	59.16
20181103-144244	  1	  0	         5	59.15
20181103-144249	  1	  0	        12	59.15
20181103-144254	  1	  0	        20	59.15
20181103-144259	  2	  0	         5	59.16
20181103-144304	  1	  0	         9	59.16
20181103-144309	  1	  0	        12	59.16
20181103-144314	  1	  0	        12	59.16
20181103-144319	  1	  0	        11	59.16
20181103-144324	  1	  0	        20	59.16
20181103-144329	  1	  0	         5	59.15
20181103-144334	  1	  0	         7	59.15
20181103-144339	  1	  0	         8	59.16
20181103-144344	  1	  0	         5	59.15
20181103-144349	  1	  0	        12	59.16
20181103-144354	  1	  0	         7	59.15
20181103-144359	  2	  0	        12	59.16
20181103-144404	  1	  0	         7	59.16
20181103-144409	  1	  0	        12	59.15
20181103-144414	  1	  0	        14	59.16
20181103-144419	  1	  0	        13	59.16
20181103-144424	  1	  0	         7	59.15
20181103-144429	  1	  0	        12	59.15
20181103-144434	  1	  0	         7	59.15
20181103-144439	  1	  0	         5	59.16
20181103-144444	  1	  0	         9	59.16
20181103-144449	  1	  0	        17	59.16
20181103-144454	  1	  0	         7	59.15
20181103-144459	  2	  0	        18	59.16
20181103-144504	  1	  0	         7	59.15
20181103-144509	  1	  0	        12	59.16
20181103-144514	  1	  0	        12	59.16
20181103-144519	  1	  0	        18	59.15
20181103-144524	  1	  0	         7	59.15
20181103-144529	  1	  0	        15	59.15
20181103-144534	  1	  0	         8	59.16
20181103-144539	  1	  0	         8	59.15
20181103-144544	  1	  0	         9	59.15
20181103-144549	  1	  0	        10	59.15
20181103-144554	  1	  0	         9	59.14
20181103-144559	  2	  0	        12	59.14
20181103-144604	  1	  0	         9	59.14
20181103-144609	  1	  0	        12	59.14
20181103-144614	  1	  0	        14	59.14
20181103-144619	  1	  0	        10	59.14
20181103-144624	  1	  0	         7	59.14
20181103-144629	  1	  0	         7	59.14
20181103-144634	  1	  0	         7	59.14
20181103-144639	  1	  0	         5	59.17
20181103-144644	  2	  0	        11	59.18
20181103-144649	  1	  0	        10	59.74
20181103-144654	 20	  0	        15	57.92
20181103-144659	  5	  0	        27	57.92
20181103-144704	  1	  0	        11	57.92
20181103-144709	  1	  0	        16	57.92
20181103-144714	  1	  0	        14	57.92
20181103-144719	  1	  0	        11	57.93
20181103-144724	  1	  0	        11	57.92
20181103-144729	  1	  0	        11	57.92
20181103-144734	  0	  0	         9	57.92
20181103-144739	  1	  0	        38	57.92
20181103-144744	  1	  0	         5	57.92
20181103-144749	  1	  0	        10	57.93
20181103-144754	  0	  0	         7	57.92
20181103-144759	  1	  0	        16	57.92
20181103-144804	  1	  0	         5	57.92
20181103-144809	  1	  0	        16	57.92
20181103-144814	  1	  0	        14	57.92
20181103-144819	  1	  0	        10	57.92
20181103-144824	  0	  0	         7	57.92
20181103-144829	  0	  0	        10	57.91
20181103-144834	  1	  0	         8	57.92
20181103-144839	  1	  0	         7	57.92
20181103-144844	  1	  0	         8	57.93
20181103-144849	  0	  0	         8	57.93
20181103-144854	  1	  0	         7	57.92
20181103-144859	  1	  0	        11	57.92
20181103-144904	  0	  0	         7	57.92
20181103-144909	  1	  0	        13	57.92
20181103-144914	  1	  0	        11	57.92
20181103-144919	  0	  0	        14	57.92
20181103-144924	  1	  0	         7	57.91
20181103-144929	  1	  0	         7	57.91
20181103-144934	  1	  0	         5	57.92
20181103-144939	  1	  0	         7	57.93
20181103-144944	  1	  0	         7	57.92
20181103-144949	  1	  0	        16	57.92
20181103-144954	  1	  0	        11	57.93
20181103-144959	  1	  0	         7	57.92
20181103-145004	  1	  0	         5	57.92
20181103-145009	  1	  0	        14	57.92
20181103-145014	  1	  0	        13	57.92
20181103-145019	  1	  0	        11	57.92
20181103-145024	  1	  0	         7	57.92
20181103-145029	  1	  0	        14	57.93
20181103-145034	  1	  0	         5	57.92
20181103-145039	  1	  0	        12	57.93
20181103-145044	  1	  0	         5	57.93
20181103-145049	  1	  0	         8	57.93
20181103-145054	  1	  0	        10	57.92
20181103-145059	  1	  0	        15	57.92
20181103-145104	  1	  0	         7	57.92
20181103-145109	  1	  0	        14	57.93
20181103-145114	  1	  0	        10	57.93
20181103-145119	  1	  0	        13	57.92
20181103-145124	  1	  0	         9	57.93
20181103-145129	  1	  0	        12	57.92
20181103-145134	  1	  0	         6	57.92
20181103-145139	  1	  0	         9	57.92
20181103-145144	  1	  0	         5	57.92
20181103-145149	  1	  0	        10	57.92
20181103-145154	  1	  0	        10	57.92
20181103-145159	  0	  0	        19	57.92
20181103-145204	  1	  0	         7	57.92
20181103-145209	  1	  0	        13	57.92
20181103-145214	  1	  0	        15	57.93
20181103-145219	  1	  0	        10	57.93
20181103-145224	  1	  0	         9	57.92
20181103-145229	  1	  0	        15	57.92
20181103-145234	  1	  0	         5	57.92
20181103-145239	  1	  0	         7	57.92
20181103-145244	  1	  0	         9	57.92
20181103-145249	  1	  0	         9	57.92
20181103-145254	  1	  0	         8	57.92
20181103-145259	  0	  0	        12	57.92
20181103-145304	  0	  0	         7	57.93
20181103-145309	  1	  0	        13	57.92
20181103-145314	  0	  0	        11	57.92
20181103-145319	  0	  0	        15	57.92
20181103-145324	  1	  0	         9	57.92
20181103-145329	  0	  0	        12	57.92
20181103-145334	  1	  0	         5	57.92
20181103-145339	  1	  0	         7	57.93
20181103-145344	  1	  0	         6	57.92
20181103-145349	  0	  0	        14	57.92
20181103-145354	  1	  0	         9	57.93
20181103-145359	  1	  0	        19	57.93
20181103-145404	  1	  0	         5	57.93
20181103-145409	  1	  0	        14	57.93
20181103-145414	  1	  0	        14	57.93
20181103-145419	  0	  0	        13	57.92
20181103-145424	  1	  0	         5	57.93
20181103-145429	  0	  0	        19	57.92
20181103-145434	  0	  0	         5	57.92
20181103-145439	  1	  0	         7	57.92
20181103-145444	  1	  0	         6	57.92
20181103-145449	  0	  0	        18	57.92
20181103-145454	  1	  0	         5	57.93
20181103-145459	  0	  0	        16	57.92
20181103-145504	  1	  0	         8	57.92
20181103-145509	  1	  0	        13	57.93
20181103-145514	  1	  0	        11	57.93
20181103-145519	  0	  0	        14	57.92
20181103-145524	  1	  0	         5	57.92
20181103-145529	  1	  0	        14	57.92
20181103-145534	  0	  0	         5	57.92
20181103-145539	  1	  0	         9	57.92
20181103-145544	  1	  0	        10	57.92
20181103-145549	  0	  0	        10	57.92
20181103-145554	  1	  0	         5	57.92
20181103-145559	  0	  0	        22	57.90
20181103-145604	  1	  0	        43	57.90
20181103-145609	  1	  0	        14	58.56
20181103-145614	  8	  0	        18	59.00
20181103-145619	 31	  0	        79	58.92
20181103-145624	  1	  0	         5	58.88
20181103-145629	  3	  0	        69	58.85
20181103-145634	  1	  0	         5	58.83
20181103-145639	  1	  0	         7	58.83
20181103-145644	  1	  0	        14	58.82
20181103-145649	  1	  0	       913	58.82
20181103-145654	  3	  0	         5	58.83
20181103-145659	  1	  0	        26	58.83
20181103-145704	  1	  0	         5	58.83
20181103-145709	  1	  0	        17	58.83
20181103-145714	  1	  0	         9	58.82
20181103-145719	  2	  0	        13	58.82
20181103-145724	  1	  0	         8	58.83
20181103-145729	  4	  0	        47	58.83
20181103-145734	  1	  0	         5	58.83
20181103-145739	  4	  0	        11	58.83
20181103-145744	  1	  0	         6	58.83
20181103-145749	  1	  0	        10	58.83
20181103-145754	  1	  0	         7	58.82
20181103-145759	  3	  0	        17	58.83
20181103-145804	  1	  0	         5	58.82
20181103-145809	  3	  0	        16	58.82
20181103-145814	  1	  0	        10	58.82
20181103-145819	  4	  0	        10	58.83
20181103-145824	  1	  0	         9	58.82
20181103-145829	  1	  0	        21	58.82
20181103-145834	  1	  0	         5	58.84
20181103-145839	  1	  0	         9	58.83
20181103-145844	  1	  0	         5	58.83
20181103-145849	  1	  0	         9	58.83
20181103-145854	  1	  0	         9	58.83
20181103-145859	  1	  0	        17	58.84
20181103-145904	  1	  0	         7	58.84
20181103-145909	  1	  0	        15	58.83
20181103-145914	  1	  0	        11	58.82
20181103-145919	  2	  0	        11	58.82
20181103-145924	  1	  0	         8	58.83
20181103-145929	  1	  0	        13	58.83
20181103-145934	  1	  0	         5	58.83
20181103-145939	  1	  0	         7	59.46
20181103-145944	  4	  0	        14	58.84
20181103-145949	  1	  0	        16	58.84
20181103-145954	  1	  0	         5	58.83
20181103-145959	  1	  0	        15	58.84
20181103-150004	  1	  0	         5	58.83
20181103-150009	  1	  0	        14	58.83
20181103-150014	  1	  0	        22	58.82
20181103-150019	  2	  0	        10	58.82
20181103-150024	  1	  0	         5	58.83
20181103-150029	  1	  0	        18	58.83
20181103-150034	  1	  0	         5	58.83
20181103-150039	  1	  0	        13	58.83
20181103-150044	  1	  0	        20	58.83
20181103-150049	  1	  0	         7	58.84
20181103-150054	  1	  0	         8	58.83
20181103-150059	  1	  0	        16	58.84
20181103-150104	  1	  0	         5	58.84
20181103-150109	  1	  0	        16	58.84
20181103-150114	  1	  0	        11	58.83
20181103-150119	  2	  0	         5	58.84
20181103-150124	  1	  0	        15	58.83
20181103-150129	  3	  0	         8	58.83
20181103-150134	  1	  0	         5	58.84
20181103-150139	  1	  0	        10	58.84
20181103-150144	  1	  0	         7	58.83
20181103-150149	  1	  0	         5	58.84
20181103-150154	  1	  0	        12	58.84
20181103-150159	  1	  0	        13	58.84
20181103-150204	  1	  0	         7	58.84
20181103-150209	  1	  0	        14	58.84
20181103-150214	  1	  0	         9	58.83
20181103-150219	  2	  0	         5	58.82
20181103-150224	  1	  0	        11	58.83
20181103-150229	  1	  0	        18	58.83
20181103-150234	  3	  0	         7	58.83
20181103-150239	  1	  0	         7	58.84
20181103-150244	  1	  0	         7	58.84
20181103-150249	  1	  0	         5	58.84
20181103-150254	  1	  0	         8	58.83
20181103-150259	  1	  0	        17	58.83
20181103-150304	  1	  0	         8	58.83
20181103-150309	  1	  0	        14	58.84
20181103-150314	  1	  0	         5	58.83
20181103-150319	  2	  0	         8	58.83
20181103-150324	  1	  0	        13	58.83
20181103-150329	  1	  0	         8	58.83
20181103-150334	  1	  0	         9	58.84
20181103-150339	  1	  0	        10	58.84
20181103-150344	  1	  0	         6	58.84
20181103-150349	  1	  0	         5	58.84
20181103-150354	  1	  0	         9	59.51
20181103-150359	  3	  0	        12	58.83
20181103-150404	  3	  0	         5	58.84
20181103-150409	  1	  0	        16	58.84
20181103-150414	  1	  0	        12	58.83
20181103-150419	  2	  0	         5	58.83
20181103-150424	  1	  0	        14	58.83
20181103-150429	  1	  0	        21	58.83
20181103-150434	  1	  0	         5	58.84
20181103-150439	  1	  0	         7	58.84
20181103-150444	  1	  0	         9	58.83
20181103-150449	  1	  0	        12	58.83
20181103-150454	  1	  0	        10	58.83
20181103-150459	  1	  0	        20	58.84
20181103-150504	  1	  0	         5	58.83
20181103-150509	  3	  0	        13	58.83
20181103-150514	  1	  0	        11	58.82
20181103-150519	  2	  0	         9	58.83
20181103-150524	  1	  0	        11	58.84
20181103-150529	  4	  0	        16	58.84
20181103-150534	  3	  0	         5	58.84
20181103-150539	  1	  0	         9	58.84
20181103-150544	  1	  0	        14	58.84
20181103-150549	  1	  0	         5	58.84
20181103-150554	  1	  0	        11	58.83
20181103-150559	  1	  0	        22	58.84
20181103-150604	  1	  0	         5	58.84
20181103-150609	  1	  0	        13	58.84
20181103-150614	  1	  0	        12	58.83
20181103-150619	  2	  0	         5	58.84
20181103-150624	  1	  0	         9	58.84
20181103-150629	  1	  0	        13	58.84
20181103-150634	  1	  0	         5	58.84
20181103-150639	  3	  0	         7	58.84
20181103-150644	  1	  0	        10	58.84
20181103-150649	  1	  0	         5	58.84
20181103-150654	  1	  0	         8	58.83
20181103-150659	  1	  0	        15	58.84
20181103-150704	  1	  0	         8	58.83
20181103-150709	  1	  0	        17	58.84
20181103-150714	  1	  0	         9	58.82
20181103-150719	  2	  0	         5	58.83
20181103-150724	  1	  0	        70	58.84
20181103-150729	  1	  0	        10	58.84
20181103-150734	  1	  0	         5	58.84
20181103-150739	  1	  0	        12	58.83
20181103-150744	  1	  0	         6	58.84
20181103-150749	  1	  0	         5	58.84
20181103-150754	  1	  0	         9	58.84
20181103-150759	  1	  0	         8	58.84
20181103-150804	  1	  0	         5	58.83
20181103-150809	  1	  0	        16	58.84
20181103-150814	  1	  0	        13	58.82
20181103-150819	  2	  0	         5	58.84
20181103-150824	  3	  0	         9	58.84
20181103-150829	  1	  0	        13	58.84
20181103-150834	  4	  0	         8	58.83
20181103-150839	  4	  0	         7	58.84
20181103-150844	  1	  0	         9	58.84
20181103-150849	  1	  0	         5	58.84
20181103-150854	  1	  0	         9	58.84
20181103-150859	  1	  0	        10	58.84
20181103-150904	  1	  0	         5	58.83
20181103-150909	  1	  0	        13	58.84
20181103-150914	  1	  0	         9	58.83
20181103-150919	  2	  0	         8	58.84
20181103-150924	  1	  0	        11	58.84
20181103-150929	  1	  0	        17	58.84
20181103-150934	  1	  0	         5	58.84
20181103-150939	  1	  0	         9	58.85
20181103-150944	  1	  0	         9	58.84
20181103-150949	  1	  0	        12	58.85
20181103-150954	  1	  0	        16	58.84
20181103-150959	  1	  0	        18	58.84
20181103-151004	  1	  0	         5	58.84
20181103-151009	  1	  0	        14	58.84
20181103-151014	  1	  0	        19	58.83
20181103-151019	  2	  0	         5	58.84
20181103-151024	  1	  0	        10	58.84
20181103-151029	  1	  0	        13	58.84
20181103-151034	  1	  0	         5	58.84
20181103-151039	  1	  0	         7	58.84
20181103-151044	  1	  0	        10	58.84
20181103-151049	  1	  0	         5	58.84
20181103-151054	  1	  0	        11	58.83
20181103-151059	  1	  0	        20	58.84
20181103-151104	  1	  0	         7	58.84
20181103-151109	  1	  0	        14	58.84
20181103-151114	  1	  0	        11	58.83
20181103-151119	  3	  1	       514	58.84
20181103-151124	  1	  0	        27	58.84
20181103-151129	  3	  2	      1060	58.85
20181103-151134	  1	  0	        29	58.84
20181103-151139	  1	  0	        11	58.84
20181103-151144	  4	  3	       612	58.84
20181103-151149	  1	  0	         5	58.85
20181103-151154	  1	  0	        63	58.85
20181103-151159	  1	  0	        25	58.85
20181103-151204	  1	  0	         5	58.85
20181103-151209	  1	  0	        15	58.85
20181103-151214	  1	  0	        27	58.85
20181103-151219	  2	  0	         5	58.85
20181103-151224	  1	  0	        14	58.85
20181103-151229	  1	  0	        16	58.85
20181103-151234	  1	  0	         8	58.97
20181103-151239	  3	  0	         8	59.11
20181103-151244	  4	  0	         9	58.95
20181103-151249	  3	  0	        10	58.93
20181103-151254	  1	  0	        10	58.92
20181103-151259	  1	  0	        17	58.90
20181103-151304	  9	  0	         8	58.88
20181103-151309	  7	  0	        14	58.89
20181103-151314	  1	  0	        14	58.88
20181103-151319	  2	  0	         6	58.89
20181103-151324	  1	  0	        14	58.89
20181103-151329	  1	  0	         6	58.89
20181103-151334	  1	  0	         8	58.89
20181103-151339	  1	  0	         9	58.90
20181103-151344	  1	  0	        10	58.90
20181103-151349	  1	  0	         5	58.90
20181103-151354	  1	  0	        10	58.90
20181103-151359	  1	  0	        20	58.90
20181103-151404	  1	  0	         8	58.90
20181103-151409	  1	  0	        14	58.90
20181103-151414	  1	  0	        13	58.90
20181103-151419	  2	  0	         5	58.89
20181103-151424	  1	  0	        11	58.89
20181103-151429	  1	  0	         6	58.96
20181103-151434	  1	  0	         9	58.89
20181103-151439	  1	  0	         7	58.90
20181103-151444	  1	  0	         9	58.90
20181103-151449	  1	  0	        12	58.89
20181103-151454	  1	  0	         8	58.88
20181103-151459	  1	  0	        12	58.90
20181103-151504	  1	  0	         8	58.90
20181103-151509	  1	  0	        17	58.90
20181103-151514	  1	  0	        10	58.89
20181103-151519	  2	  0	         5	58.90
20181103-151524	  1	  0	        13	58.89
20181103-151529	  1	  0	         5	58.90
20181103-151534	  1	  0	         8	58.88
20181103-151539	  1	  0	         9	58.90
20181103-151544	  1	  0	        12	58.90
20181103-151549	  1	  0	         5	58.90
20181103-151554	  1	  0	        10	58.90
20181103-151559	  1	  0	         5	58.89
20181103-151604	  1	  0	        12	58.90
20181103-151609	  1	  0	        17	58.89
20181103-151614	  1	  0	        12	58.89
20181103-151619	  2	  0	         7	58.89
20181103-151624	  1	  0	        11	58.89
20181103-151629	  1	  0	         5	58.89
20181103-151634	  1	  0	        12	58.89
20181103-151639	  1	  0	        10	58.89
20181103-151644	  1	  0	         7	58.90
20181103-151649	  1	  0	         5	58.89
20181103-151654	  1	  0	        10	58.90
20181103-151659	  1	  0	         5	58.89
20181103-151704	  1	  0	        10	58.89
20181103-151709	  1	  0	        16	58.89
20181103-151714	  1	  0	        10	58.89
20181103-151719	  2	  0	         5	58.90
20181103-151724	  1	  0	        13	58.90
20181103-151729	  1	  0	         8	58.90
20181103-151734	  1	  0	        10	58.89
20181103-151739	  1	  0	        11	58.89
20181103-151744	  1	  0	         6	58.89
20181103-151749	  1	  0	         5	58.95
20181103-151754	  1	  0	        10	58.89
20181103-151759	  1	  0	         5	58.89
20181103-151804	  1	  0	        13	58.89
20181103-151809	  1	  0	        14	58.89
20181103-151814	  1	  0	        11	58.89
20181103-151819	  2	  0	         5	58.89
20181103-151824	  1	  0	        11	58.89
20181103-151829	  1	  0	         5	58.89
20181103-151834	  1	  0	        16	58.89
20181103-151839	  1	  0	         9	58.90
20181103-151844	  1	  0	         7	58.89
20181103-151849	  1	  0	         5	58.89
20181103-151854	  1	  0	         8	58.89
20181103-151859	  1	  0	         5	58.89
20181103-151904	  1	  0	        14	58.90
20181103-151909	  1	  0	        14	58.89
20181103-151914	  1	  0	        11	58.90
20181103-151919	  2	  0	         5	58.89
20181103-151924	  1	  0	        13	58.88
20181103-151929	  1	  0	         5	58.89
20181103-151934	  1	  0	        11	58.89
20181103-151939	  1	  0	         7	58.89
20181103-151944	  1	  0	        10	58.90
20181103-151949	  1	  0	        12	58.90
20181103-151954	  1	  0	        10	58.89
20181103-151959	  1	  0	         8	58.89
20181103-152004	  1	  0	        21	58.89
20181103-152009	  1	  0	        14	58.89
20181103-152014	  1	  0	        14	58.89
20181103-152019	  1	  0	         8	58.89
20181103-152024	  1	  0	        11	58.90
20181103-152029	  1	  0	         5	58.89
20181103-152034	  1	  0	        10	58.89
20181103-152039	  1	  0	         7	58.88
20181103-152044	  1	  0	        10	58.89
20181103-152049	  1	  0	         5	58.90
20181103-152054	  1	  0	        11	58.88
20181103-152059	  1	  0	         6	58.89
20181103-152104	  1	  0	        18	58.90
20181103-152109	  1	  0	        14	58.90
20181103-152114	  1	  0	        10	58.89
20181103-152119	  1	  0	         5	58.89
20181103-152124	  2	  0	        13	58.90
20181103-152129	  1	  0	         9	58.89
20181103-152134	  1	  0	        14	58.89
20181103-152139	  1	  0	         7	58.90
20181103-152144	  1	  0	         6	58.89
20181103-152149	  1	  0	         5	58.90
20181103-152154	  1	  0	        10	58.90
20181103-152159	  1	  0	         9	58.90
20181103-152204	  1	  0	        22	58.90
20181103-152209	  1	  0	        14	58.89
20181103-152214	  1	  0	        11	58.89
20181103-152219	  3	  0	         5	58.89
20181103-152224	  2	  0	        15	58.90
20181103-152229	  1	  0	         5	58.90
20181103-152234	  1	  0	        18	58.90
20181103-152239	  1	  0	         9	58.89
20181103-152244	  1	  0	         7	58.90
20181103-152249	  1	  0	         7	58.89
20181103-152254	  4	  0	        11	58.90
20181103-152259	  1	  0	         5	58.90
20181103-152304	  1	  0	        14	58.90
20181103-152309	  1	  0	        13	58.90
20181103-152314	  1	  0	        11	58.89
20181103-152319	  1	  0	         5	58.88
20181103-152324	  2	  0	        15	58.90
20181103-152329	  1	  0	         5	58.98
20181103-152334	  2	  0	        13	58.98
20181103-152339	  2	  0	         7	58.97
20181103-152344	  1	  0	         6	58.92
20181103-152349	  8	  0	        10	58.90
20181103-152354	  3	  0	        10	58.91
20181103-152359	  1	  0	         5	58.91
20181103-152404	  1	  0	        19	58.91
20181103-152409	  1	  0	        13	58.91
20181103-152414	  1	  0	         5	58.87
20181103-152419	  1	  0	        15	58.86
20181103-152424	  2	  0	        10	58.86
20181103-152429	  1	  0	         7	58.87
20181103-152434	  1	  0	        17	58.86
20181103-152439	  1	  0	         7	58.87
20181103-152444	  1	  0	        11	58.87
20181103-152449	  1	  0	        13	58.87
20181103-152454	  1	  0	        11	58.87
20181103-152459	  1	  0	         5	58.87
20181103-152504	  1	  0	        18	58.87
20181103-152509	  1	  0	        13	58.88
20181103-152514	  1	  0	         8	58.87
20181103-152519	  1	  0	        15	59.61
20181103-152524	 65	  0	        11	59.79
20181103-152529	 94	  0	         5	59.85
20181103-152534	 66	  0	        12	60.20
20181103-152539	 63	  0	         9	60.74
20181103-152544	 58	  0	         7	60.60
20181103-152549	 62	  0	         7	61.01
20181103-152554	 62	  0	        10	61.24
20181103-152559	 50	  0	         6	61.32
20181103-152604	 47	  0	        17	61.26
20181103-152609	 49	  0	        13	60.99
20181103-152614	 42	  0	         9	60.99
20181103-152619	 37	  0	        10	61.05
20181103-152624	 30	  0	        10	61.30
20181103-152629	 42	  0	         5	61.39
20181103-152634	 49	  0	         9	61.52
20181103-152639	 47	  0	         7	61.00
20181103-152644	 49	  0	        11	61.06
20181103-152649	 48	  0	         7	61.39
20181103-152654	 48	  0	         8	61.45
20181103-152659	 62	  0	         5	61.58
20181103-152704	 65	  0	        17	61.34
20181103-152709	 75	  0	        16	61.59
20181103-152714	 61	  0	         5	61.66
20181103-152719	 64	  0	        11	61.53
20181103-152724	 59	  0	        13	61.56
20181103-152729	 49	  0	         5	59.60
20181103-152734	 10	  0	         8	59.49
20181103-152739	  1	  0	         9	59.39
20181103-152744	  1	  0	         6	59.27
20181103-152749	  1	  0	         5	59.18
20181103-152754	  1	  0	        12	59.12
20181103-152759	  1	  0	         5	59.06
20181103-152804	  1	  0	        13	59.06
20181103-152809	  1	  0	        15	59.05
20181103-152814	  1	  0	        10	59.05
20181103-152819	  1	  0	         5	59.02
20181103-152824	  2	  0	        10	59.03
20181103-152829	  1	  0	         7	59.06
20181103-152834	  1	  0	        11	59.07
20181103-152839	  2	  0	        10	59.07
20181103-152844	  1	  0	         9	59.07
20181103-152849	  1	  0	         8	59.16
20181103-152854	  2	  0	        12	59.16
20181103-152859	  2	  0	         5	59.15
20181103-152904	  1	  0	        22	59.15
20181103-152909	  1	  0	        18	59.15
20181103-152914	  1	  0	         9	59.14
20181103-152919	  1	  0	        35	59.08
20181103-152924	  7	  0	        16	59.08
20181103-152929	  1	  0	         5	59.09
20181103-152934	  1	  0	        19	59.08
20181103-152939	  1	  0	         8	59.10
20181103-152944	  1	  0	         8	59.10
20181103-152949	  1	  0	        12	59.10
20181103-152954	  1	  0	        12	59.10
20181103-152959	  1	  0	         5	59.10
20181103-153004	  1	  0	        14	59.10
20181103-153009	  1	  0	        16	59.10
20181103-153014	  1	  0	         9	59.10
20181103-153019	  1	  0	         9	59.09
20181103-153024	  2	  0	        13	59.09
20181103-153029	  1	  0	         5	59.10
20181103-153034	  1	  0	        14	59.10
20181103-153039	  1	  0	         8	59.09
20181103-153044	  1	  0	        10	59.10
20181103-153049	  1	  0	         9	59.09
20181103-153054	  1	  0	         8	59.10
20181103-153059	  1	  0	         5	59.10
20181103-153104	  1	  0	        20	59.09
20181103-153109	  1	  0	        13	59.09
20181103-153114	  2	  0	        11	59.09
20181103-153119	  1	  0	        10	59.08
20181103-153124	  2	  0	        13	59.09
20181103-153129	  1	  0	         5	59.09
20181103-153134	  1	  0	        18	59.09
20181103-153139	  1	  0	         7	59.09
20181103-153144	  1	  0	         6	59.10
20181103-153149	  1	  0	         9	59.09
20181103-153154	  1	  0	        11	59.10
20181103-153159	  1	  0	         5	59.10
20181103-153204	  1	  0	        13	59.09
20181103-153209	  1	  0	        13	59.09
20181103-153214	  1	  0	        11	59.09
20181103-153219	  1	  0	        12	59.09
20181103-153224	  2	  0	        10	59.09
20181103-153229	  1	  0	         7	59.15
20181103-153234	  1	  0	        14	59.11
20181103-153239	  2	  0	         7	59.12
20181103-153244	  1	  0	         7	59.13
20181103-153249	  6	  0	         9	59.12
20181103-153254	 17	  0	         5	59.11
20181103-153259	  1	  0	         8	59.11
20181103-153304	  1	  0	        24	59.11
20181103-153309	  1	  0	        13	59.20
20181103-153314	 23	  0	        11	59.35
20181103-153319	 89	  0	        10	59.41
20181103-153324	 72	  0	         5	59.41
20181103-153329	 52	  0	        11	59.41
20181103-153334	 26	  0	        17	59.44
20181103-153339	 71	  0	         9	59.37
20181103-153344	 43	  0	         9	59.59
20181103-153349	 49	  0	         6	59.49
20181103-153354	 69	  0	         5	59.39
20181103-153359	 15	  0	         9	60.31
20181103-153404	 67	  0	        15	60.10
20181103-153409	 63	  0	        13	59.95
20181103-153414	 12	  0	        13	60.03
20181103-153419	 76	  0	         8	59.93
20181103-153424	 46	  0	         5	59.89
20181103-153429	 36	  0	         9	59.81
20181103-153434	 71	  0	        14	59.73
20181103-153439	 27	  0	         7	59.73
20181103-153444	 61	  0	        11	59.67
20181103-153449	 71	  0	        13	59.62
20181103-153454	 10	  0	         6	60.05
20181103-153459	 74	  0	         8	59.99
20181103-153504	 46	  0	        21	59.84
20181103-153509	 34	  0	        13	59.68
20181103-153514	 69	  0	        14	59.61
20181103-153519	 30	  0	         7	59.90
20181103-153524	 59	  0	         5	59.79
20181103-153529	 13	  0	        11	59.68
20181103-153534	  1	  0	         6	59.57
20181103-153539	  1	  0	         8	59.48
20181103-153544	  1	  0	        12	59.37
20181103-153549	  1	  0	        11	59.21
20181103-153554	  1	  0	         7	59.15
20181103-153559	  1	  0	         9	59.12
20181103-153604	  1	  0	        15	59.11
20181103-153609	  1	  0	        14	59.10
20181103-153614	  1	  0	        14	59.11
20181103-153619	  1	  0	         6	59.10
20181103-153624	  2	  0	         5	59.09
20181103-153629	  1	  0	        13	59.44
20181103-153634	  6	  0	         6	59.23
20181103-153639	  1	  0	         8	59.18
20181103-153644	  1	  0	        10	59.18
20181103-153649	  1	  0	         6	59.18
20181103-153654	  1	  0	         5	59.17
20181103-153659	  3	  0	         9	59.12
20181103-153704	  2	  0	        19	59.13
20181103-153709	  1	  0	        16	59.51
20181103-153714	  3	  0	        13	59.12
20181103-153719	  2	  0	         6	59.12
20181103-153724	  5	  0	         5	59.12
20181103-153729	  3	  0	        13	59.12
20181103-153734	  1	  0	        10	59.15
20181103-153739	  1	  0	         9	59.12
20181103-153744	  1	  0	         9	59.12
20181103-153749	  1	  0	         9	59.13
20181103-153754	  1	  0	         5	59.12
20181103-153759	  1	  0	        10	59.12
20181103-153804	  1	  0	        15	59.12
20181103-153809	  1	  0	        14	59.11
20181103-153814	  1	  0	        13	59.13
20181103-153819	  1	  0	         6	59.11
20181103-153824	  2	  0	         7	59.12
20181103-153829	  1	  0	         9	59.12
20181103-153834	  1	  0	        14	59.12
20181103-153839	  1	  0	         8	59.12
20181103-153844	  1	  0	         8	59.36
20181103-153849	 12	  0	         8	59.59
20181103-153854	 60	  0	         5	59.74
20181103-153859	 61	  0	        10	59.78
20181103-153904	 61	  0	        19	59.79
20181103-153909	 62	  0	        14	59.82
20181103-153914	 62	  0	        13	59.83
20181103-153919	 62	  0	         9	59.88
20181103-153924	 62	  0	         9	60.44
20181103-153929	 64	  0	        18	65.41
20181103-153934	 68	  0	        19	62.22
20181103-153939	 72	  0	         8	61.13
20181103-153944	 67	  0	        10	60.95
20181103-153949	 66	  0	        16	60.73
20181103-153954	 66	  0	         5	60.54
20181103-153959	 66	  0	        14	60.50
20181103-154004	 66	  0	        23	60.36
20181103-154009	 66	  0	        16	60.36
20181103-154014	 66	  0	        13	60.34
20181103-154019	 66	  0	         9	60.31
20181103-154024	 67	  0	         5	59.84
20181103-154029	 59	  0	        15	59.73
20181103-154034	  1	  0	        16	59.67
20181103-154039	  1	  0	         9	59.59
20181103-154044	  1	  0	         8	59.54
20181103-154049	  1	  0	        11	59.48
20181103-154054	  1	  0	         9	59.42
20181103-154059	  1	  0	         8	59.36
20181103-154104	  1	  0	        19	59.35
20181103-154109	  1	  0	        15	59.35
20181103-154114	  1	  0	        13	59.35
20181103-154119	  1	  0	         6	59.33
20181103-154124	  2	  0	         5	59.34
20181103-154129	  1	  0	        14	59.33
20181103-154134	  1	  0	        16	59.31
20181103-154139	  1	  0	         8	59.31
20181103-154144	  1	  0	        11	59.31
20181103-154149	  1	  0	         7	59.31
20181103-154154	  1	  0	         7	59.31
20181103-154159	  1	  0	        10	59.30
20181103-154204	  1	  0	        12	59.30
20181103-154209	  1	  0	        15	59.30
20181103-154214	  1	  0	        12	59.30
20181103-154219	  1	  0	         8	59.29
20181103-154224	  2	  0	         7	59.29
20181103-154229	  1	  0	        11	59.29
20181103-154234	  1	  0	        16	59.36
20181103-154239	  2	  0	         8	59.31
20181103-154244	  1	  0	         8	59.30
20181103-154249	  1	  0	         6	59.30
20181103-154254	  1	  0	        10	59.31
20181103-154259	  5	  0	         8	59.33
20181103-154304	  7	  0	        17	59.33
20181103-154309	  1	  0	        14	59.34
20181103-154314	  1	  0	        13	59.33
20181103-154319	  1	  0	         5	59.33
20181103-154324	  2	  0	         9	59.33
20181103-154329	  1	  0	        15	59.39
20181103-154334	 39	  0	        15	59.40
20181103-154339	 48	  0	        10	59.43
20181103-154344	 48	  0	         9	59.47
20181103-154349	 48	  0	         8	59.49
20181103-154354	 48	  0	         5	59.51
20181103-154359	 48	  0	        10	59.51
20181103-154404	 54	  0	        15	59.56
20181103-154409	 56	  0	        17	59.58
20181103-154414	 56	  0	        12	59.62
20181103-154419	 57	  0	         9	59.63
20181103-154424	 46	  0	        13	59.58
20181103-154429	  1	  0	        11	59.52
20181103-154434	  1	  0	        19	59.47
20181103-154439	  2	  0	        13	59.43
20181103-154444	  1	  0	         9	59.38
20181103-154449	  1	  0	        16	59.36
20181103-154454	  1	  0	         5	59.34
20181103-154459	  1	  0	         9	59.33
20181103-154504	  1	  0	        21	59.33
20181103-154509	  1	  0	        14	59.33
20181103-154514	  1	  0	        15	59.33
20181103-154519	  1	  0	         8	59.32
20181103-154524	  2	  0	         5	59.32
20181103-154529	  1	  0	        11	59.32
20181103-154534	  1	  0	        16	59.32
20181103-154539	  1	  0	         8	59.33
20181103-154544	  1	  0	         9	59.32
20181103-154549	  1	  0	        16	59.33
20181103-154554	  1	  0	         5	59.33
20181103-154559	  1	  0	        10	59.33
20181103-154604	  1	  0	        12	59.32
20181103-154609	  1	  0	        14	59.33
20181103-154614	  1	  0	        12	59.32
20181103-154619	  1	  0	         9	59.45
20181103-154624	  2	  0	         6	59.32
20181103-154629	  1	  0	        12	59.33
20181103-154634	  1	  0	        12	59.32
20181103-154639	  1	  0	         8	59.33
20181103-154644	  1	  0	        12	59.32
20181103-154649	  1	  0	         6	59.33
20181103-154654	  1	  0	         5	59.33
20181103-154659	  1	  0	        10	59.33
20181103-154704	  1	  0	        17	59.33
20181103-154709	  1	  0	        15	59.33
20181103-154714	  1	  0	        14	59.32
20181103-154719	  1	  0	         7	59.32
20181103-154724	  2	  0	         5	59.32
20181103-154729	  1	  0	        13	59.33
20181103-154734	  1	  0	         7	59.32
20181103-154739	  1	  0	         8	59.33
20181103-154744	  1	  0	        11	59.32
20181103-154749	  1	  0	         6	59.31
20181103-154754	  1	  0	         5	59.31
20181103-154759	  1	  0	        10	59.32
20181103-154804	  1	  0	         5	59.32
20181103-154809	  1	  0	        27	59.32
20181103-154814	  1	  0	        11	59.33
20181103-154819	  1	  0	         9	59.33
20181103-154824	  1	  0	         8	59.32
20181103-154829	  2	  0	        13	59.32
20181103-154834	  1	  0	         5	59.32
20181103-154839	  1	  0	         7	59.32
20181103-154844	  1	  0	        12	59.32
20181103-154849	  1	  0	        15	59.32
20181103-154854	  1	  0	         5	59.32
20181103-154859	  1	  0	         8	59.32
20181103-154904	  1	  0	         6	59.33
20181103-154909	  1	  0	        29	59.32
20181103-154914	  1	  0	        14	59.32
20181103-154919	  1	  0	        14	59.33
20181103-154924	  1	  0	         5	59.33
20181103-154929	  2	  0	        13	59.33
20181103-154934	  1	  0	         5	59.33
20181103-154939	  1	  0	        12	59.33
20181103-154944	  1	  0	        11	59.33
20181103-154949	  1	  0	        15	59.33
20181103-154954	  1	  0	         8	59.32
20181103-154959	  1	  0	        10	59.33
20181103-155004	  1	  0	         5	59.32
20181103-155009	  1	  0	        23	59.33
20181103-155014	  1	  0	        10	59.33
20181103-155019	  1	  0	        12	59.33
20181103-155024	  1	  0	         5	59.32
20181103-155029	  2	  0	        14	59.32
20181103-155034	  1	  0	         5	59.33
20181103-155039	  1	  0	        10	59.33
20181103-155044	  1	  0	         8	59.33
20181103-155049	  1	  0	         7	59.33
20181103-155054	  1	  0	         5	59.32
20181103-155059	  1	  0	         8	59.32
20181103-155104	  1	  0	         8	59.32
20181103-155109	  1	  0	        19	59.33
20181103-155114	  1	  0	        11	59.33
20181103-155119	  1	  0	         8	59.33
20181103-155124	  1	  0	         5	59.32
20181103-155129	  2	  0	        11	59.32
20181103-155134	  1	  0	         5	59.32
20181103-155139	  1	  0	        16	59.32
20181103-155144	  1	  0	         7	59.32
20181103-155149	  1	  0	         7	59.32
20181103-155154	  1	  0	         5	59.33
20181103-155159	  1	  0	        10	59.32
20181103-155204	  1	  0	         5	59.33
20181103-155209	  1	  0	        19	59.33
20181103-155214	  1	  0	        13	59.32
20181103-155219	  1	  0	         7	59.32
20181103-155224	  1	  0	         5	59.33
20181103-155229	  2	  0	        10	59.33
20181103-155234	  1	  0	         5	59.32
20181103-155239	  1	  0	        10	59.33
20181103-155244	  1	  0	        10	59.33
20181103-155249	  1	  0	         7	59.33
20181103-155254	  1	  0	         5	59.33
20181103-155259	  1	  0	         8	59.33
20181103-155304	  1	  0	         9	59.33
20181103-155309	  1	  0	        30	59.33
20181103-155314	  1	  0	        14	59.32
20181103-155319	  1	  0	        11	59.33
20181103-155324	  1	  0	         5	59.32
20181103-155329	  2	  0	        19	59.32
20181103-155334	  1	  0	         7	59.33
20181103-155339	  1	  0	        17	59.32
20181103-155344	  1	  0	        12	59.32
20181103-155349	  1	  0	        26	59.33
20181103-155354	  1	  0	         8	59.33
20181103-155359	  1	  0	        10	59.32
20181103-155404	  1	  0	         7	59.32
20181103-155409	  1	  0	        18	59.33
20181103-155414	  1	  0	        13	59.33
20181103-155419	  1	  0	        11	59.33
20181103-155424	  1	  0	         5	59.32
20181103-155429	  2	  0	        13	59.33
20181103-155434	  1	  0	         6	59.32
20181103-155439	  1	  0	        14	59.32
20181103-155444	  1	  0	         9	59.32
20181103-155449	  1	  0	         7	59.33
20181103-155454	  1	  0	         5	59.32
20181103-155459	  1	  0	        12	59.33
20181103-155504	  1	  0	         6	59.33
20181103-155509	  1	  0	        24	59.33
20181103-155514	  1	  0	        21	59.32
20181103-155519	  1	  0	         7	59.33
20181103-155524	  1	  0	         5	59.33
20181103-155529	  2	  0	        11	59.33
20181103-155534	  1	  0	         9	59.33
20181103-155539	  1	  0	        17	59.33
20181103-155544	  1	  0	         9	59.33
20181103-155549	  1	  0	        10	59.33
20181103-155554	  1	  0	         5	59.33
20181103-155559	  1	  0	        13	59.32
20181103-155604	  1	  0	         5	59.33
20181103-155609	  1	  0	        21	59.33
20181103-155614	  1	  0	        15	59.33
20181103-155619	  1	  0	         7	59.33
20181103-155624	  1	  0	         5	59.32
20181103-155629	  2	  0	        13	59.32
20181103-155634	  1	  0	         5	59.32
20181103-155639	  1	  0	        12	59.33
20181103-155644	  1	  0	        10	59.33
20181103-155649	  1	  0	         8	59.33
20181103-155654	  1	  0	         6	59.33
20181103-155659	  1	  0	        11	59.33
20181103-155704	  1	  0	         5	59.33
20181103-155709	  1	  0	        24	59.34
20181103-155714	  1	  0	        13	59.33
20181103-155719	  1	  0	         9	59.33
20181103-155724	  1	  0	         7	59.33
20181103-155729	  2	  0	        14	59.32
20181103-155734	  1	  0	         5	59.33
20181103-155739	  1	  0	        19	59.32
20181103-155744	  1	  0	         9	59.33
20181103-155749	  1	  0	         7	59.32
20181103-155754	  2	  0	         9	59.32
20181103-155759	  1	  0	        10	59.33
20181103-155804	  1	  0	         5	59.33
20181103-155809	  1	  0	        18	59.33
20181103-155814	  1	  0	        13	59.33
20181103-155819	  1	  0	         7	59.33
20181103-155824	  1	  0	         7	59.33
20181103-155829	  2	  0	        14	59.32
20181103-155834	  1	  0	         5	59.33
20181103-155839	  1	  0	        12	59.44
20181103-155844	  2	  0	         9	59.43
20181103-155849	  1	  0	         7	59.43
20181103-155854	  1	  0	        12	59.42
20181103-155859	  1	  0	         8	59.45
20181103-155904	  1	  0	         7	59.44
20181103-155909	  1	  0	        24	59.45
20181103-155914	  1	  0	        16	59.46
20181103-155919	  1	  0	         8	59.46
20181103-155924	  1	  0	         8	59.46
20181103-155929	  2	  0	        13	59.45
20181103-155934	  1	  0	         5	59.46
20181103-155939	  1	  0	        20	59.46
20181103-155944	  2	  0	        10	59.46
20181103-155949	  1	  0	         9	59.46
20181103-155954	  1	  0	        12	59.46
20181103-155959	  1	  0	        10	59.46
20181103-160004	  1	  0	         5	59.46
20181103-160009	  1	  0	        26	59.47
20181103-160014	  1	  0	        24	59.47
20181103-160019	  1	  0	        20	59.47
20181103-160024	  1	  0	        14	59.47
20181103-160029	  2	  0	        11	59.46
20181103-160034	  1	  0	         5	59.56
20181103-160039	  2	  0	        15	59.57
20181103-160044	  1	  0	        14	59.56
20181103-160049	  1	  0	         7	59.57
20181103-160054	  1	  0	        12	59.56
20181103-160059	  1	  0	         8	59.57
20181103-160104	  1	  0	         5	59.57
20181103-160109	  1	  0	        26	59.57
20181103-160114	  1	  0	        17	59.57
20181103-160119	  1	  0	         7	59.57
20181103-160124	  1	  0	         7	59.57
20181103-160129	  2	  0	        13	59.62
20181103-160134	  1	  0	         5	59.62
20181103-160139	  1	  0	         6	59.62
20181103-160144	  1	  0	        11	59.62
20181103-160149	  1	  0	         7	59.62
20181103-160154	  1	  0	        10	59.62
20181103-160159	  1	  0	        10	59.62
20181103-160204	  1	  0	         6	59.62
20181103-160209	  1	  0	        22	59.62
20181103-160214	  1	  0	        12	59.62
20181103-160219	  1	  0	         5	59.62
20181103-160224	  1	  0	         7	59.62
20181103-160229	  2	  0	        14	59.63
20181103-160234	  1	  0	         5	59.63
20181103-160239	  1	  0	         6	59.63
20181103-160244	  1	  0	        11	59.62
20181103-160249	  1	  0	         5	59.63
20181103-160254	  1	  0	         7	59.62
20181103-160259	  1	  0	         8	59.62
20181103-160304	  1	  0	         9	59.62
20181103-160309	  1	  0	        26	59.63
20181103-160314	  1	  0	        14	59.62
20181103-160319	  1	  0	         6	59.62
20181103-160324	  1	  0	         7	59.77
20181103-160329	  2	  0	        13	59.78
20181103-160334	  1	  0	         5	59.78
20181103-160339	  1	  0	        10	59.78
20181103-160344	  1	  0	         9	59.77
20181103-160349	  1	  0	         7	59.78
20181103-160354	  1	  0	        10	59.78
20181103-160359	  1	  0	        11	59.77
20181103-160404	  1	  0	         5	59.77
20181103-160409	  1	  0	        19	59.78
20181103-160414	  1	  0	        14	59.78
20181103-160419	  1	  0	         5	59.83
20181103-160424	  1	  0	         7	59.82
20181103-160429	  2	  0	         5	59.82
20181103-160434	  1	  0	        11	59.83
20181103-160439	  1	  0	         9	59.83
20181103-160444	  1	  0	        10	59.83
20181103-160449	  1	  0	         5	59.83
20181103-160454	  1	  0	        10	59.83
20181103-160459	  1	  0	         5	59.83
20181103-160504	  1	  0	        11	59.83
20181103-160509	  1	  0	        34	59.83
20181103-160514	  1	  0	         9	59.83
20181103-160519	  1	  0	        14	59.83
20181103-160524	  1	  0	         7	59.82
20181103-160529	  2	  0	         7	59.83
20181103-160534	  1	  0	        15	59.83
20181103-160539	  1	  0	        15	59.83
20181103-160544	  1	  0	        15	59.83
20181103-160549	  1	  0	         9	59.83
20181103-160554	  1	  0	        10	59.83
20181103-160559	  1	  0	         5	59.83
20181103-160604	  1	  0	        12	59.83
20181103-160609	  1	  0	        19	59.83
20181103-160614	  1	  0	        11	59.96
20181103-160619	  1	  0	         6	59.96
20181103-160624	  1	  0	         8	59.95
20181103-160629	  2	  0	         5	59.95
20181103-160634	  1	  0	        14	59.97
20181103-160639	  1	  0	         5	59.96
20181103-160644	  1	  0	         8	59.97
20181103-160649	  1	  0	        10	59.96
20181103-160654	  1	  0	         7	59.95
20181103-160659	  1	  0	         8	59.95
20181103-160704	  1	  0	         8	59.96
20181103-160709	  1	  0	        24	60.01
20181103-160714	  1	  0	        15	60.00
20181103-160719	  1	  0	         5	60.01
20181103-160724	  1	  0	        10	60.01
20181103-160729	  2	  0	         5	60.01
20181103-160734	  1	  0	        15	60.01
20181103-160739	  1	  0	        18	60.01
20181103-160744	  1	  0	         8	60.01
20181103-160749	  1	  0	         5	60.02
20181103-160754	  1	  0	         7	60.01
20181103-160759	  1	  0	        10	60.01
20181103-160804	  1	  0	         9	60.01
20181103-160809	  1	  0	        19	60.00
20181103-160814	  1	  0	        16	60.01
20181103-160819	  1	  0	         6	60.01
20181103-160824	  1	  0	         7	60.01
20181103-160829	  2	  0	        10	60.01
20181103-160834	  1	  0	        12	60.02
20181103-160839	  1	  0	        16	60.01
20181103-160844	  1	  0	         8	60.01
20181103-160849	  1	  0	         7	60.01
20181103-160854	  1	  0	         7	60.01
20181103-160859	  1	  0	         9	60.16
20181103-160904	  1	  0	         8	60.16
20181103-160909	  1	  0	        27	60.17
20181103-160914	  1	  0	        14	60.17
20181103-160919	  1	  0	         5	60.17
20181103-160924	  1	  0	         7	60.17
20181103-160929	  2	  0	         8	60.17
20181103-160934	  1	  0	        13	60.16
20181103-160939	  1	  0	        15	60.16
20181103-160944	  1	  0	        10	60.17
20181103-160949	  1	  0	         5	60.17
20181103-160954	  1	  0	         9	60.22
20181103-160959	  1	  0	         5	60.22
20181103-161004	  1	  0	         9	60.21
20181103-161009	  1	  0	        20	60.22
20181103-161014	  1	  0	        15	60.22
20181103-161019	  1	  0	        15	60.22
20181103-161024	  1	  0	        12	60.21
20181103-161029	  2	  0	         8	60.22
20181103-161034	  1	  0	        12	60.22
20181103-161039	  1	  0	        12	60.22
20181103-161044	  1	  0	         8	60.22
20181103-161049	  1	  0	         7	60.22
20181103-161054	  1	  0	        16	60.23
20181103-161059	  1	  0	         7	60.22
20181103-161104	  1	  0	         8	60.23
20181103-161109	  1	  0	        24	60.22
20181103-161114	  1	  0	        15	60.23
20181103-161119	  1	  0	         5	60.66
20181103-161124	 39	  0	      1839	60.71
20181103-161129	 51	  0	        53	60.81
20181103-161134	 55	  0	       369	60.92
20181103-161139	 55	  0	        31	60.95
20181103-161144	 54	  0	        24	61.08
20181103-161149	 58	  0	        21	61.10
20181103-161154	 55	  1	     10990	61.18
20181103-161159	 63	  5	     12107	61.18
20181103-161204	 56	  0	       361	61.26
20181103-161209	 55	  0	        50	61.28
20181103-161214	 56	  0	        32	61.37
20181103-161219	 58	  0	        23	61.42
20181103-161224	 57	  0	        28	61.45
20181103-161229	 66	  7	     23943	61.53
20181103-161234	 58	  0	       258	61.58
20181103-161239	 58	  0	        36	61.60
20181103-161244	 55	  0	        26	61.69
20181103-161249	 55	  0	        27	61.68
20181103-161254	 55	  0	        24	61.79
20181103-161259	 62	  4	     24180	61.82
20181103-161304	 46	  0	       424	61.86
20181103-161309	  5	  0	        42	61.86
20181103-161314	  1	  0	        19	61.86
20181103-161319	  1	  0	         8	61.85
20181103-161324	  1	  0	         8	61.85
20181103-161329	  3	  1	      3937	61.86
20181103-161334	  1	  0	       375	61.85
20181103-161339	  1	  0	        18	61.86
20181103-161344	  1	  0	        11	61.90
20181103-161349	  1	  0	         7	61.90
20181103-161354	  1	  0	         7	61.91
20181103-161359	  1	  0	         7	61.90
20181103-161404	  1	  0	        10	61.91
20181103-161409	  1	  0	        18	61.91
20181103-161414	  1	  0	        15	61.92
20181103-161419	  1	  0	        10	61.92
20181103-161424	  1	  0	        11	61.91
20181103-161429	  6	  0	       169	62.18
20181103-161434	 50	  2	      1561	62.23
20181103-161439	 62	  0	       465	62.23
20181103-161444	 65	  0	        36	62.29
20181103-161449	 64	  0	        29	62.32
20181103-161454	100	  0	     22288	62.37
20181103-161459	 68	  0	        29	62.40
20181103-161504	 68	  0	      8131	62.46
20181103-161509	 73	  3	     35964	62.48
20181103-161514	 68	  0	        84	62.56
20181103-161519	 70	  0	        41	62.61
20181103-161524	 68	  0	        32	63.00
20181103-161529	 70	  0	        33	62.70
20181103-161534	 69	  1	      9449	62.71
20181103-161539	 74	  3	     39283	62.80
20181103-161544	 69	  0	        93	62.87
20181103-161549	 68	  0	        33	62.91
20181103-161554	 68	  0	        37	62.94
20181103-161559	 68	  0	        33	62.93
20181103-161604	 69	  1	      9481	63.01
20181103-161609	 71	  1	     16639	63.09
20181103-161614	 69	  2	     22564	63.14
20181103-161619	 48	  0	        43	63.13
20181103-161624	  2	  0	        24	63.13
20181103-161629	  2	  0	         7	63.12
20181103-161634	  1	  0	       504	63.13
20181103-161639	  1	  0	      2852	63.12
20181103-161644	  5	  3	      9563	63.13
20181103-161649	  1	  0	        11	63.12
20181103-161654	  1	  0	         6	63.13
20181103-161659	  1	  0	         7	63.21
20181103-161704	  1	  0	       360	63.21
20181103-161709	  1	  0	        24	63.21
20181103-161714	  1	  0	        20	63.21
20181103-161719	  1	  0	         6	63.21
20181103-161724	  1	  0	         6	63.21
20181103-161729	  1	  0	         5	63.20
20181103-161734	  2	  0	        15	63.20
20181103-161739	  1	  0	        11	63.20
20181103-161744	  1	  0	        11	63.21
20181103-161749	  1	  0	         5	63.20
20181103-161754	  1	  0	         6	63.21
20181103-161759	  1	  0	         5	63.21
20181103-161804	  1	  0	        10	63.21
20181103-161809	  1	  0	        24	63.50
20181103-161814	 25	  0	        84	63.51
20181103-161819	100	  0	     23876	63.49
20181103-161824	 61	  0	       226	63.62
20181103-161829	 65	  0	        45	63.64
20181103-161834	 66	  0	       481	63.65
20181103-161839	 66	  0	        50	63.69
20181103-161844	 68	  0	        43	63.74
20181103-161849	 99	  0	     44189	63.79
20181103-161854	 70	  2	     17674	63.82
20181103-161859	100	  0	     30735	63.85
20181103-161904	 67	  0	       517	63.86
20181103-161909	 67	  0	        70	63.90
20181103-161914	 69	  0	        33	63.96
20181103-161919	 70	  1	     22607	64.01
20181103-161924	 67	  0	       325	64.03
20181103-161929	 69	  1	     17957	64.05
20181103-161934	 67	  0	      7795	64.06
20181103-161939	 66	  0	        34	64.12
20181103-161944	 68	  0	        38	64.14
20181103-161949	 67	  0	        37	64.17
20181103-161954	 68	  2	     23031	64.20
20181103-161959	 63	  2	     18197	64.26
20181103-162004	 53	  1	      7984	64.37
20181103-162009	 21	  0	        37	64.37
20181103-162014	  1	  0	        37	64.37
20181103-162019	  1	  0	         5	64.37
20181103-162024	  2	  1	      4057	64.37
20181103-162029	  2	  1	      3078	64.36
20181103-162034	  2	  0	      1361	64.37
20181103-162039	  1	  0	        10	64.37
20181103-162044	  1	  0	        19	64.37
20181103-162049	  1	  0	         7	64.37
20181103-162054	  1	  0	        12	64.37
20181103-162059	  1	  0	         5	64.37
20181103-162104	  1	  0	       141	64.37
20181103-162109	  1	  0	        14	64.37
20181103-162114	  1	  0	        20	64.36
20181103-162119	  1	  0	         5	64.38
20181103-162124	 18	  0	       598	64.51
20181103-162129	 53	  0	        59	64.56
20181103-162134	 65	  0	       491	64.61
20181103-162139	 71	  0	        47	64.69
20181103-162144	 72	  0	       539	64.70
20181103-162149	 73	  0	      6792	64.73
20181103-162154	 71	  0	     10269	64.78
20181103-162159	 73	  1	     20918	64.81
20181103-162204	 71	  0	       634	64.84
20181103-162209	 69	  0	        70	64.85
20181103-162214	 69	  0	        70	64.85
20181103-162219	 72	  1	        82	64.95
20181103-162224	 72	  1	      8620	65.01
20181103-162229	 75	  3	     38749	65.02
20181103-162234	 72	  1	      1173	65.03
20181103-162239	 70	  0	       113	65.06
20181103-162244	 71	  0	       317	65.11
20181103-162249	 71	  0	       118	65.15
20181103-162254	 71	  1	      8795	65.17
20181103-162259	 73	  2	     39538	65.19
20181103-162304	 69	  0	       829	65.23
20181103-162309	 64	  0	        93	65.28
20181103-162314	 53	  0	        81	65.33
20181103-162319	 14	  0	        24	65.33
20181103-162324	  1	  0	         8	65.34
20181103-162329	  1	  0	      3240	65.34
20181103-162334	  6	  3	     16279	65.33
20181103-162339	  1	  0	        10	65.34
20181103-162344	  2	  0	        21	65.34
20181103-162349	  1	  0	         5	65.34
20181103-162354	  1	  0	         9	65.33
20181103-162359	  1	  0	         7	65.33
20181103-162404	  1	  0	         8	65.33
20181103-162409	  1	  0	        13	65.33
20181103-162414	  1	  0	        26	65.33
20181103-162419	  1	  0	         5	65.34
20181103-162424	  1	  0	         7	65.33
20181103-162429	  1	  0	         9	65.33
20181103-162434	  2	  0	        11	65.34
20181103-162439	 14	  0	         7	65.48
20181103-162444	 50	  0	       994	65.53
20181103-162449	 60	  0	       107	65.54
20181103-162454	 67	  0	       188	65.57
20181103-162459	 67	  0	       154	65.59
20181103-162504	 68	  0	      6543	65.63
20181103-162509	 71	  2	     25573	65.67
20181103-162514	 68	  0	       121	65.70
20181103-162519	 68	  0	        64	65.72
20181103-162524	 66	  0	        68	65.78
20181103-162529	 68	  0	        67	65.82
20181103-162534	 70	  0	      9923	65.84
20181103-162539	 72	  2	     37532	65.85
20181103-162544	 68	  0	       147	65.88
20181103-162549	 69	  0	        75	65.93
20181103-162554	 68	  0	        76	65.97
20181103-162559	 68	  0	        68	65.99
20181103-162604	 68	  0	     10157	66.01
20181103-162609	 70	  1	     10553	66.05
20181103-162614	 74	  4	     28537	66.11
20181103-162619	 69	  0	       106	66.13
20181103-162624	 60	  0	        78	66.28
20181103-162629	 48	  0	        33	66.32
20181103-162634	 17	  0	       545	66.31
20181103-162639	  1	  0	      5007	66.31
20181103-162644	  5	  4	     20252	66.31
20181103-162649	  1	  0	        38	66.31
20181103-162654	  1	  0	         7	66.32
20181103-162659	  1	  0	         5	66.31
20181103-162704	  1	  0	       365	66.31
20181103-162709	  1	  0	        12	66.32
20181103-162714	  1	  0	        20	66.32
20181103-162719	  1	  0	         9	66.31
20181103-162724	  1	  0	        10	66.32
20181103-162729	  1	  0	         7	66.31
20181103-162734	  2	  0	        13	66.31
20181103-162739	  1	  0	         5	66.31
20181103-162744	  1	  0	        18	66.32
20181103-162749	  1	  0	        14	66.31
20181103-162754	  1	  0	         5	66.31
20181103-162759	  1	  0	         5	66.31
20181103-162804	  2	  0	        10	66.38
20181103-162809	 44	  0	        23	66.49
20181103-162814	 61	  0	        63	66.53
20181103-162819	 57	  0	        23	66.58
20181103-162824	 53	  0	        39	66.80
20181103-162829	 43	  0	        53	66.80
20181103-162834	 42	  0	       380	66.98
20181103-162839	 44	  1	     16522	67.04
20181103-162844	 40	  0	      7971	67.15
20181103-162849	 45	  0	        65	67.27
20181103-162854	 44	  0	        60	67.31
20181103-162859	 44	  0	        47	67.47
20181103-162904	 44	  0	       387	67.47
20181103-162909	 47	  2	     16285	67.63
20181103-162914	 47	  1	      7364	67.71
20181103-162919	 45	  0	        34	67.71
20181103-162924	 45	  0	        17	67.86
20181103-162929	 45	  0	        45	67.86
20181103-162934	 44	  0	       405	68.01
20181103-162939	 44	  0	     10487	68.14
20181103-162944	 45	  2	      5654	68.30
20181103-162949	 41	  1	      7329	68.30
20181103-162954	  5	  0	        15	68.30
20181103-162959	  1	  0	         6	68.29
20181103-163004	  1	  0	       411	68.30
20181103-163009	  1	  0	        13	68.30
20181103-163014	  2	  1	      4148	68.29
20181103-163019	  1	  0	      1286	68.30
20181103-163024	  1	  0	        15	68.29
20181103-163029	  1	  0	         6	68.28
20181103-163034	  2	  0	       275	68.28
20181103-163039	  1	  0	         5	68.28
20181103-163044	  1	  0	        11	68.29
20181103-163049	  1	  0	         7	68.29
20181103-163054	  1	  0	         7	68.29
20181103-163059	  1	  0	        12	68.29
20181103-163104	  1	  0	        10	68.29
20181103-163109	  1	  0	        11	68.30
20181103-163114	  1	  0	        25	68.31
20181103-163119	 17	  0	         8	68.56
20181103-163124	 47	  0	      1586	68.56
20181103-163129	 56	  0	       146	68.59
20181103-163134	 57	  0	       628	68.62
20181103-163139	 55	  0	       177	68.64
20181103-163144	 57	  1	      6711	68.64
20181103-163149	 57	  1	      6711	68.64
20181103-163154	 55	  1	       205	68.71
20181103-163159	 55	  0	        90	68.76
20181103-163204	 54	  0	       588	68.80
20181103-163209	 55	  0	        88	68.83
20181103-163214	 55	  0	     10053	68.83
20181103-163219	 59	  4	     36534	68.84
20181103-163224	 54	  0	       149	68.87
20181103-163229	 54	  0	       105	69.29
20181103-163234	 57	  0	       607	69.03
20181103-163239	 56	  0	        73	69.07
20181103-163244	 55	  0	      8286	69.09
20181103-163249	 60	  4	     38671	69.12
20181103-163254	 55	  0	       128	69.12
20181103-163259	 54	  0	        68	69.13
20181103-163304	 47	  0	       594	70.01
20181103-163309	 17	  0	       620	70.01
20181103-163314	  1	  0	      4448	70.01
20181103-163319	  3	  2	     14218	70.01
20181103-163324	  3	  2	      5570	70.01
20181103-163329	  1	  0	         6	70.01
20181103-163334	  2	  0	       630	70.00
20181103-163339	  1	  0	        10	70.00
20181103-163344	  1	  0	        58	70.00
20181103-163349	  1	  0	         9	70.01
20181103-163354	  1	  0	         7	70.01
20181103-163359	  1	  0	         6	70.01
20181103-163404	  1	  0	         8	70.01
20181103-163409	  1	  0	        15	70.01
20181103-163414	  1	  0	        19	70.00
20181103-163419	  1	  0	        10	70.01
20181103-163424	  1	  0	         5	70.01
20181103-163429	  1	  0	         6	70.01
20181103-163434	  2	  0	        15	70.01
20181103-163439	  1	  0	        18	70.00
20181103-163444	  1	  0	        11	70.01
20181103-163449	  1	  0	        48	70.01
20181103-163454	  1	  0	         8	70.01
20181103-163459	 34	  0	        59	70.02
20181103-163504	 62	  0	      1465	70.02
20181103-163509	 70	  0	      4302	70.02
20181103-163514	 68	  0	        87	70.01
20181103-163519	 69	  0	        90	70.01
20181103-163524	 68	  0	        91	70.01
20181103-163529	 69	  0	      6496	70.01
20181103-163534	 73	  2	     37800	70.00
20181103-163539	 71	  0	       159	70.01
20181103-163544	 68	  0	        86	70.00
20181103-163549	 68	  0	       374	70.00
20181103-163554	 67	  0	       246	70.00
20181103-163559	 69	  0	      6751	70.00
20181103-163604	 74	  3	     37813	70.00
20181103-163609	 70	  0	       145	70.00
20181103-163614	 69	  0	       119	70.00
20181103-163619	100	  0	     23540	70.00
20181103-163624	 69	  0	        86	70.00
20181103-163629	 68	  0	      8271	69.98
20181103-163634	 73	  2	     36690	69.99
20181103-163639	 67	  0	       312	69.98
20181103-163644	 49	  0	        37	69.98
20181103-163649	  1	  0	        25	69.98
20181103-163654	  1	  0	        13	69.97
20181103-163659	  1	  0	      3274	69.97
20181103-163704	  3	  2	     11290	69.98
20181103-163709	  1	  0	       447	69.98
20181103-163714	  1	  0	        18	69.98
20181103-163719	  1	  0	         9	69.97
20181103-163724	  1	  0	         5	69.97
20181103-163729	  1	  0	         7	69.97
20181103-163734	  1	  0	         9	69.97
20181103-163739	  2	  0	       346	69.97
20181103-163744	  1	  0	        13	69.96
20181103-163749	  1	  0	        11	69.99
20181103-163754	  3	  3	      1331	70.00
20181103-163759	  8	  6	      3012	70.01
20181103-163804	  1	  0	        30	70.01
20181103-163809	  1	  0	        85	70.01
20181103-163814	  1	  0	        19	70.01
20181103-163819	  1	  0	        14	70.02
20181103-163824	  1	  0	         6	70.02
20181103-163829	  1	  0	        25	70.01
20181103-163834	  1	  0	         6	70.00
20181103-163839	  2	  0	        11	70.00
20181103-163844	  1	  0	        16	70.01
20181103-163849	  1	  0	        13	70.00
20181103-163854	 12	  0	       421	70.02
20181103-163859	 54	  0	        76	70.04
20181103-163904	 74	  0	        43	70.02
20181103-163909	 81	  0	      3633	70.03
20181103-163914	 80	  0	      3547	70.02
20181103-163919	 74	  1	     17345	65.90
20181103-163924	 73	  0	       742	65.91
20181103-163929	100	  0	     21797	65.97
20181103-163934	100	  0	     21856	65.97
20181103-163939	 71	  0	       477	66.02
20181103-163944	 71	  1	      6367	66.02
20181103-163949	 97	  0	     64197	66.08
20181103-163954	 69	  0	        82	66.08
20181103-163959	 67	  0	        35	66.11
20181103-164004	 70	  0	        31	66.11
20181103-164009	 69	  0	       619	66.14
20181103-164014	 69	  0	      6763	66.15
20181103-164019	 74	  4	     40995	66.19
20181103-164024	 69	  1	       914	66.17
20181103-164029	 68	  0	        51	66.18
20181103-164034	 69	  0	        82	66.17
20181103-164039	 62	  0	       575	66.17
20181103-164044	 47	  0	       145	66.16
20181103-164049	 10	  0	      4643	66.16
20181103-164054	  9	  8	     29685	66.16
20181103-164059	  1	  0	        15	66.16
20181103-164104	  1	  0	         5	66.16
20181103-164109	  2	  0	       400	66.16
20181103-164114	  1	  0	        19	66.16
20181103-164119	  1	  0	         8	66.16
20181103-164124	  1	  0	        10	66.16
20181103-164129	  1	  0	         6	66.16
20181103-164134	  1	  0	        58	66.15
20181103-164139	  2	  0	       368	66.15
20181103-164144	  1	  0	        10	66.15
20181103-164149	  1	  0	         6	66.98
20181103-164154	 22	 15	      5652	66.13
20181103-164159	 17	  5	      2304	66.12
20181103-164204	  1	  0	         8	66.13
20181103-164209	  2	  0	        20	66.12
20181103-164214	  1	  0	        20	66.12
20181103-164219	  1	  0	         6	66.12
20181103-164224	  1	  0	        16	66.12
20181103-164229	  1	  0	        35	66.12
20181103-164234	  1	  0	         6	66.11
20181103-164239	  2	  0	        14	66.14
20181103-164244	 20	  0	        26	66.15
20181103-164249	 46	  0	        29	66.15
20181103-164254	 54	  0	        47	66.15
20181103-164259	 56	  0	        48	66.15
20181103-164304	 55	  0	        29	66.17
20181103-164309	 55	  0	       734	66.17
20181103-164314	 57	  0	       382	12.21
20181103-164319	 24	  4	     20755	12.20
20181103-164324	  3	  3	     16591	12.20
20181103-164329	  1	  0	      4643	12.21
20181103-164334	  0	  0	         0	12.19
20181103-164339	  2	  0	        59	12.20
20181103-164344	  1	  0	        80	12.20
20181103-164349	  0	  0	        33	12.19
20181103-164354	  0	  0	         2	12.20
20181103-164359	  0	  0	         2	12.20
20181103-164404	  0	  0	         2	12.20
20181103-164409	  0	  0	       423	12.19
20181103-164414	  0	  0	         8	12.20
20181103-164419	  0	  0	         2	12.20
20181103-164424	  0	  0	         1	12.20
20181103-164429	  0	  0	         2	12.20
20181103-164434	  0	  0	         2	12.19
20181103-164439	  2	  0	         9	12.20
20181103-164444	  1	  0	         7	12.20
20181103-164449	  0	  0	         2	12.20
20181103-164454	  0	  0	         0	12.20
20181103-164459	  0	  0	         2	12.20
20181103-164504	  0	  0	         1	12.20
20181103-164509	  0	  0	         3	12.19
20181103-164514	  0	  0	        14	12.20
20181103-164519	  0	  0	         0	12.20
20181103-164524	  0	  0	         2	12.19
20181103-164529	  0	  0	         0	12.20
20181103-164534	  0	  0	         0	12.19
20181103-164539	  2	  0	         3	12.19
20181103-164544	  1	  0	         0	12.19
20181103-164549	  0	  0	         2	12.20
20181103-164554	  0	  0	         0	12.20
20181103-164559	  0	  0	         0	12.20
20181103-164604	  0	  0	         3	12.20
20181103-164609	  0	  0	         0	12.20
20181103-164614	  0	  0	        13	12.20
20181103-164619	  1	  0	         0	12.19
20181103-164624	  0	  0	         2	12.20
20181103-164629	  0	  0	         0	12.20
20181103-164634	  0	  0	         0	13.91
20181103-164639	 18	  1	       261	17.93
20181103-164644	 36	 15	     15177	17.97
20181103-164649	 26	 17	     23959	17.99
20181103-164654	 26	 17	     25721	17.99
20181103-164659	 26	 17	     25793	17.99
20181103-164704	 26	 18	     20706	19.54
20181103-164709	 26	 17	     26025	23.29
20181103-164714	 25	 17	     24352	23.29
20181103-164719	 25	 17	     22079	28.56
20181103-164724	 26	 16	     24961	28.98
20181103-164729	 26	 17	     27411	28.99
20181103-164734	 25	 17	     25725	33.14
20181103-164739	 27	 18	     23093	35.02
20181103-164744	 26	 17	     24341	34.99
20181103-164749	 26	 17	     25625	34.92
20181103-164754	 25	 18	     23674	37.18
20181103-164759	 27	 17	     25720	37.57
20181103-164804	 26	 17	     25609	37.50
20181103-164809	 25	 17	     26906	37.51
20181103-164814	 26	 18	     22464	37.51
20181103-164819	 25	 20	     17952	38.59
20181103-164824	 27	 19	     29237	43.20
20181103-164829	 26	 19	     21075	46.95
20181103-164834	 26	 18	     25120	46.96
20181103-164839	 29	 20	     29700	46.96
20181103-164844	 27	 19	     28539	46.95
20181103-164849	 26	 19	     25137	46.92
20181103-164854	 26	 18	     29745	46.92
20181103-164859	 25	 19	     28541	46.92
20181103-164904	 25	 18	     29681	46.96
20181103-164909	 26	 19	     26295	46.96
20181103-164914	 26	 18	     29947	46.93
20181103-164919	 26	 18	     30870	46.93
20181103-164924	 25	 19	     27654	47.18
20181103-164929	 29	 18	     29335	47.13
20181103-164934	 26	 18	     30314	47.03
20181103-164939	 27	 18	     31498	47.04
20181103-164944	 27	 20	     27307	47.02
20181103-164949	 25	 18	     30776	49.07
20181103-164954	 45	 11	     11665	51.96
20181103-164959	 38	 11	      2269	51.97
20181103-165004	  1	  0	       143	51.98
20181103-165009	  1	  0	       555	51.97
20181103-165014	  1	  1	      8150	51.97
20181103-165019	  7	  6	     28335	51.98
20181103-165024	  1	  0	        13	51.98
20181103-165029	  1	  0	        14	51.97
20181103-165034	  0	  0	         6	51.97
20181103-165039	  2	  0	       304	51.97
20181103-165044	  1	  0	        28	51.97
20181103-165049	  1	  0	        12	51.97
20181103-165054	  1	  0	         8	51.97
20181103-165059	  1	  0	        14	51.97
20181103-165104	  1	  0	         4	51.96
20181103-165109	  1	  0	         8	51.97
20181103-165114	  1	  0	        24	51.96
20181103-165119	  1	  0	         5	51.97
20181103-165124	  1	  0	        10	51.97
20181103-165129	  1	  0	         8	51.97
20181103-165134	  1	  0	         4	51.96
20181103-165139	  2	  0	        11	51.96
20181103-165144	  1	  0	         9	51.96
20181103-165149	  1	  0	         5	51.97
20181103-165154	  1	  0	         8	51.97
20181103-165159	  1	  0	         5	51.97
20181103-165204	  1	  0	         6	51.97
20181103-165209	  0	  0	         8	51.97
20181103-165214	  1	  0	        16	51.97
20181103-165219	  1	  0	         5	51.98
20181103-165224	  1	  0	        14	51.97
20181103-165229	  0	  0	         9	51.97
20181103-165234	  1	  0	         5	51.96
20181103-165239	  2	  0	        15	51.96
20181103-165244	  1	  0	         9	51.97
20181103-165249	  1	  0	         6	51.97
20181103-165254	  1	  0	         7	51.97
20181103-165259	  3	  0	         5	51.97
20181103-165304	  1	  0	         5	51.97
20181103-165309	  1	  0	        15	51.97
20181103-165314	  1	  0	        20	51.97
20181103-165319	  1	  0	        13	51.97
20181103-165324	  1	  0	        15	51.97
20181103-165329	  1	  0	         5	52.03
20181103-165334	 17	  1	       601	52.05
20181103-165339	  5	  0	        19	52.05
20181103-165344	  3	  0	        15	52.06
20181103-165349	  1	  0	        10	52.05
20181103-165354	  1	  0	         5	52.06
20181103-165359	  1	  0	         5	52.05
20181103-165404	  1	  0	         5	52.06
20181103-165409	  1	  0	         6	52.06
20181103-165414	  1	  0	        16	52.06
20181103-165419	  1	  0	         8	52.05
20181103-165424	  1	  0	        13	52.05
20181103-165429	  1	  0	        11	52.05
20181103-165434	  1	  0	         5	52.41
20181103-165439	  2	  0	        10	52.05
20181103-165444	  1	  0	         9	52.05
20181103-165449	  1	  0	        11	52.05
20181103-165454	  1	  0	         5	52.05
20181103-165459	  1	  0	        26	52.05
20181103-165504	  1	  0	         5	52.05
20181103-165509	  1	  0	       249	52.05
20181103-165514	  1	  0	        18	52.05
20181103-165519	  1	  0	        13	52.05
20181103-165524	  1	  0	        14	52.05
20181103-165529	  1	  0	         7	52.05
20181103-165534	  1	  0	         5	52.06
20181103-165539	  3	  0	        11	52.05
20181103-165544	  1	  0	         9	52.05
20181103-165549	  1	  0	        11	52.05
20181103-165554	  1	  0	         5	52.05
20181103-165559	  1	  0	         5	52.05
20181103-165604	  1	  0	         7	52.05
20181103-165609	  1	  0	         7	52.05
20181103-165614	  1	  0	        16	52.06
20181103-165619	  1	  0	         7	52.06
20181103-165624	  1	  0	        14	52.06
20181103-165629	  1	  0	         5	52.06
20181103-165634	  1	  0	         5	52.05
20181103-165639	  2	  0	        12	52.06
20181103-165644	  1	  0	        13	52.05
20181103-165649	  1	  0	        17	52.06
20181103-165654	  1	  0	         5	52.06
20181103-165659	  1	  0	         5	52.06
20181103-165704	  1	  0	         5	52.06
20181103-165709	  1	  0	         7	52.06
20181103-165714	  1	  0	        19	52.06
20181103-165719	  1	  0	         7	52.06
20181103-165724	  1	  0	        14	52.06
20181103-165729	  1	  0	         5	52.06
20181103-165734	  1	  0	         5	52.05
20181103-165739	  1	  0	        11	52.06
20181103-165744	  2	  0	        17	52.06
20181103-165749	  1	  0	        18	52.06
20181103-165754	  1	  0	         5	52.05
20181103-165759	  1	  0	         5	52.06
20181103-165804	  1	  0	         5	52.06
20181103-165809	  1	  0	         7	52.06
20181103-165814	  1	  0	        19	52.06
20181103-165819	  1	  0	         6	52.06
20181103-165824	  1	  0	        13	52.06
20181103-165829	  1	  0	         5	52.06
20181103-165834	  1	  0	         5	52.05
20181103-165839	  1	  0	        10	52.06
20181103-165844	  3	  0	        13	52.06
20181103-165849	  1	  0	        19	52.06
20181103-165854	  1	  0	         6	52.06
20181103-165859	  1	  0	         5	52.05
20181103-165904	  1	  0	         5	52.06
20181103-165909	  1	  0	         7	52.06
20181103-165914	  1	  0	        20	52.06
20181103-165919	  1	  0	         5	52.05
20181103-165924	  1	  0	        12	52.06
20181103-165929	  1	  0	        12	52.06
20181103-165934	  1	  0	         5	52.06
20181103-165939	  1	  0	        12	52.06
20181103-165944	  7	  4	       751	52.06
20181103-165949	  1	  0	        16	52.06
20181103-165954	  1	  0	         5	52.07
20181103-165959	  1	  0	         6	52.06
20181103-170004	  1	  0	        10	52.07
20181103-170009	  2	  1	      1346	52.07
20181103-170014	  2	  0	       532	52.06
20181103-170019	  1	  0	         6	52.08
20181103-170024	 14	  9	      4222	52.08
20181103-170029	  4	  0	        99	52.09
20181103-170034	  1	  0	         7	52.09
20181103-170039	  2	  1	      1086	52.09
20181103-170044	  3	  0	       813	52.09
20181103-170049	  1	  0	         6	52.20
20181103-170054	  9	  0	         6	52.12
20181103-170059	  1	  0	         9	52.12
20181103-170104	  1	  0	         6	52.12
20181103-170109	  1	  0	        10	52.12
20181103-170114	  2	  0	        17	52.12
20181103-170119	  1	  0	        10	52.12
20181103-170124	  5	  0	       486	52.11
20181103-170129	  2	  0	         6	52.11
20181103-170134	  1	  0	        10	52.11
20181103-170139	  1	  0	       920	52.11
20181103-170144	  2	  0	        14	52.11
20181103-170149	  1	  0	         9	52.11
20181103-170154	  1	  0	         6	52.12
20181103-170159	  1	  0	       142	52.11
20181103-170204	  1	  0	         6	52.10
20181103-170209	  1	  0	         8	52.11
20181103-170214	  1	  0	        15	52.11
20181103-170219	  1	  0	         8	52.11
20181103-170224	  1	  0	        37	52.11
20181103-170229	  1	  0	         7	52.11
20181103-170234	  1	  0	        11	52.12
20181103-170239	  1	  0	       440	52.10
20181103-170244	  2	  0	        12	52.11
20181103-170249	  1	  0	         7	52.11
20181103-170254	  1	  0	         9	52.10
20181103-170259	  1	  0	         6	52.11
20181103-170304	  1	  0	         6	52.11
20181103-170309	  1	  0	        10	52.11
20181103-170314	  1	  0	        16	52.11
20181103-170319	  1	  0	        11	52.12
20181103-170324	  1	  0	        52	52.11
20181103-170329	  1	  0	        12	52.12
20181103-170334	  1	  0	         9	52.11
20181103-170339	  1	  0	        13	52.12
20181103-170344	  2	  0	        11	52.11
20181103-170349	  1	  0	        12	52.12
20181103-170354	  1	  0	         9	52.12
20181103-170359	  1	  0	         6	52.12
20181103-170404	  1	  0	         8	52.12
20181103-170409	  1	  0	         8	52.12
20181103-170414	  1	  0	        13	52.12
20181103-170419	  1	  0	         6	52.11
20181103-170424	  1	  0	        16	52.12
20181103-170429	  1	  0	         6	52.12
20181103-170434	  1	  0	         7	52.12
20181103-170439	  1	  0	        15	52.11
20181103-170444	  2	  0	        12	52.11
20181103-170449	  1	  0	         6	52.11
20181103-170454	  1	  0	         8	52.11
20181103-170459	  1	  0	         6	52.11
20181103-170504	  1	  0	         6	52.12
20181103-170509	  1	  0	        10	52.12
20181103-170514	  1	  0	        18	52.12
20181103-170519	  1	  0	        10	52.14
20181103-170524	  1	  0	        16	52.13
20181103-170529	  1	  0	         9	52.18
20181103-170534	  1	  0	         6	52.18
20181103-170539	  1	  0	        13	52.18
20181103-170544	  2	  0	        13	52.19
20181103-170549	  1	  0	        11	52.19
20181103-170554	  1	  0	         6	52.18
20181103-170559	  1	  0	         6	52.21
20181103-170604	  1	  0	        12	52.21
20181103-170609	  1	  0	        34	52.24
20181103-170614	  1	  0	        15	52.23
20181103-170619	  1	  0	         9	52.23
20181103-170624	  1	  0	        14	52.23
20181103-170629	  1	  0	         6	52.23
20181103-170634	  1	  0	         6	52.23
20181103-170639	  4	  0	        14	52.22
20181103-170644	  2	  0	        13	52.23
20181103-170649	  1	  0	        10	52.23
20181103-170654	  1	  0	         6	52.24
20181103-170659	  1	  0	         6	52.23
20181103-170704	  2	  0	         6	52.24
20181103-170709	  1	  0	        10	52.23
20181103-170714	  1	  0	        16	52.24
20181103-170719	  1	  0	        14	52.23
20181103-170724	  1	  0	        13	52.23
20181103-170729	  1	  0	         9	52.23
20181103-170734	  1	  0	         8	52.23
20181103-170739	  1	  0	        16	52.23
20181103-170744	  2	  0	        11	52.23
20181103-170749	  1	  0	        11	52.24
20181103-170754	  2	  0	         6	52.24
20181103-170759	  1	  0	         6	52.23
20181103-170804	  1	  0	         8	52.29
20181103-170809	 63	  0	       407	52.35
20181103-170814	 55	  0	       934	52.36
20181103-170819	 42	  0	        14	52.39
20181103-170824	 34	  0	        20	52.43
20181103-170829	 37	  0	         9	52.69
20181103-170834	 39	  0	        22	52.92
20181103-170839	 35	  0	        16	53.19
20181103-170844	 40	  0	      4774	53.69
20181103-170849	 36	  0	       122	53.81
20181103-170854	 36	  0	         9	54.10
20181103-170859	 38	  0	         9	54.65
20181103-170904	 38	  0	         9	54.91
20181103-170909	 35	  0	        20	55.20
20181103-170914	 37	  0	      4764	55.46
20181103-170919	 35	  0	        44	55.93
20181103-170924	 41	  0	        90	56.27
20181103-170929	 38	  0	        11	56.47
20181103-170934	 36	  0	        13	56.99
20181103-170939	 33	  0	        18	56.98
20181103-170944	  3	  0	      4355	56.98
20181103-170949	  1	  0	       166	56.98
20181103-170954	  1	  0	        20	56.99
20181103-170959	  1	  0	        75	56.99
20181103-171004	  1	  0	         8	56.99
20181103-171009	  1	  0	         8	56.99
20181103-171014	  1	  0	       103	56.99
20181103-171019	  1	  0	         7	56.99
20181103-171024	  1	  0	        15	56.99
20181103-171029	  1	  0	         7	56.99
20181103-171034	  1	  0	        13	56.99
20181103-171039	  1	  0	         6	56.99
20181103-171044	  2	  0	        23	56.99
20181103-171049	  1	  0	        18	56.99
20181103-171054	  1	  0	         8	56.99
20181103-171059	  1	  0	         6	56.99
20181103-171104	  1	  0	        10	56.99
20181103-171109	  1	  0	         6	56.99
20181103-171114	  1	  0	        21	56.99
20181103-171119	  1	  0	         6	56.98
20181103-171124	  1	  0	        13	56.98
20181103-171129	  1	  0	        10	56.98
20181103-171134	  1	  0	         6	56.98
20181103-171139	  1	  0	         5	56.98
20181103-171144	  2	  0	        14	56.98
20181103-171149	  1	  0	        18	56.99
20181103-171154	  2	  0	         5	56.98
20181103-171159	  1	  0	         6	56.98
20181103-171204	  1	  0	         9	56.99
20181103-171209	  1	  0	         6	56.99
20181103-171214	  1	  0	        15	56.99
20181103-171219	  1	  0	        11	56.99
20181103-171224	  1	  0	        13	56.99
20181103-171229	  1	  0	         6	56.99
20181103-171234	  1	  0	         6	56.98
20181103-171239	  1	  0	         9	57.03
20181103-171244	  2	  0	        17	57.04
20181103-171249	  1	  0	        23	57.03
20181103-171254	  1	  0	         5	57.03
20181103-171259	  1	  0	         6	57.04
20181103-171304	  1	  0	         6	57.03
20181103-171309	  1	  0	         9	57.03
20181103-171314	  1	  0	        22	57.04
20181103-171319	  1	  0	        12	57.05
20181103-171324	  1	  0	        13	57.04
20181103-171329	  1	  0	         7	57.04
20181103-171334	  1	  0	         6	57.04
20181103-171339	  1	  0	         9	57.03
20181103-171344	  2	  0	        94	57.05
20181103-171349	  1	  0	        16	57.04
20181103-171354	  1	  0	         5	57.04
20181103-171359	  1	  0	         6	57.04
20181103-171404	  1	  0	        12	57.04
20181103-171409	  1	  0	         8	57.04
20181103-171414	  1	  0	        15	57.05
20181103-171419	  1	  0	        12	57.05
20181103-171424	  1	  0	        13	57.04
20181103-171429	  1	  0	         6	57.05
20181103-171434	  1	  0	         6	57.05
20181103-171439	  1	  0	         9	57.04
20181103-171444	  2	  0	        15	57.05
20181103-171449	  1	  0	        13	57.05
20181103-171454	  1	  0	         9	57.04
20181103-171459	  1	  0	         6	57.04
20181103-171504	  1	  0	         8	57.05
20181103-171509	  1	  0	         6	57.20
20181103-171514	 22	  0	       335	57.46
20181103-171519	 25	  0	        19	57.66
20181103-171524	 16	  0	        20	57.67
20181103-171529	  1	  0	        10	57.68
20181103-171534	  1	  0	         6	57.68
20181103-171539	  1	  0	         7	57.68
20181103-171544	  2	  0	      1793	57.68
20181103-171549	  1	  0	       110	57.67
20181103-171554	  2	  0	         6	57.68
20181103-171559	  4	  0	         6	57.67
20181103-171604	  1	  0	        10	57.68
20181103-171609	  2	  0	        55	57.93
20181103-171614	 44	  0	      1662	57.96
20181103-171619	 57	  0	      1860	58.00
20181103-171624	 62	  0	       247	58.05
20181103-171629	 58	  0	       280	58.08
20181103-171634	 38	  0	        31	58.15
20181103-171639	 33	  0	        39	58.16
20181103-171644	 34	  1	     12637	58.36
20181103-171649	 31	  2	     13701	58.53
20181103-171654	 35	  0	      3154	58.51
20181103-171659	 34	  0	        45	58.54
20181103-171704	 37	  0	       184	58.54
20181103-171709	 25	  0	        13	58.54
20181103-171714	  6	  1	      4501	58.54
20181103-171719	  1	  0	      3979	58.54
20181103-171724	  1	  0	      1393	58.55
20181103-171729	  1	  0	        26	58.55
20181103-171734	  1	  0	        34	58.54
20181103-171739	  1	  0	         5	58.54
20181103-171744	  2	  0	       239	58.54
20181103-171749	  1	  0	        14	58.54
20181103-171754	  1	  0	         6	58.54
20181103-171759	  1	  0	         4	58.54
20181103-171804	  1	  0	         8	58.54
20181103-171809	  1	  0	        12	58.54
20181103-171814	  1	  0	        15	58.55
20181103-171819	  1	  0	        12	58.54
20181103-171824	  1	  0	        15	58.55
20181103-171829	  1	  0	         8	58.55
20181103-171834	  1	  0	         5	58.54
20181103-171839	  1	  0	         4	58.53
20181103-171844	  2	  0	        10	58.54
20181103-171849	  1	  0	         8	58.54
20181103-171854	  1	  0	         7	58.54
20181103-171859	  1	  0	        10	58.54
20181103-171904	  1	  0	        11	58.55
20181103-171909	  1	  0	         4	58.54
20181103-171914	  1	  0	        12	58.54
20181103-171919	  1	  0	         5	58.55
20181103-171924	  1	  0	        13	58.54
20181103-171929	  1	  0	         9	58.54
20181103-171934	  1	  0	         6	58.54
20181103-171939	  1	  0	         6	58.54
20181103-171944	  2	  0	        11	58.54
20181103-171949	  1	  0	         6	58.55
20181103-171954	  1	  0	         7	58.54
20181103-171959	  1	  0	         9	58.54
20181103-172004	  1	  0	         5	58.54
20181103-172009	  1	  0	         7	58.55
20181103-172014	  1	  0	        54	58.54
20181103-172019	  1	  0	        10	58.54
20181103-172024	  1	  0	        26	58.54
20181103-172029	  1	  0	        12	58.54
20181103-172034	  1	  0	         8	58.55
20181103-172039	  1	  0	         5	58.54
20181103-172044	  2	  0	       435	58.54
20181103-172049	  1	  0	        16	58.55
20181103-172054	  1	  0	         5	58.54
20181103-172059	  1	  0	        10	58.54
20181103-172104	  1	  0	         8	58.54
20181103-172109	  1	  0	         5	58.55
20181103-172114	  1	  0	        11	58.54
20181103-172119	  1	  0	        15	58.54
20181103-172124	  1	  0	        11	58.54
20181103-172129	  1	  0	         8	58.54
20181103-172134	  1	  0	         5	58.54
20181103-172139	  1	  0	         5	58.54
20181103-172144	  2	  0	        11	58.55
20181103-172149	  1	  0	        21	58.54
20181103-172154	  1	  0	         6	58.54
20181103-172159	  1	  0	        10	58.55
20181103-172204	  1	  0	         6	58.55
20181103-172209	  1	  0	         5	58.54
20181103-172214	  1	  0	        12	58.55
20181103-172219	  1	  0	        18	58.55
20181103-172224	  1	  0	        12	58.55
20181103-172229	  1	  0	        11	58.54
20181103-172234	  1	  0	         5	58.54
20181103-172239	  1	  0	         5	58.54
20181103-172244	  2	  0	        14	58.54
20181103-172249	  1	  0	        11	58.54
20181103-172254	  1	  0	         5	58.54
20181103-172259	  1	  0	        10	58.54
20181103-172304	  1	  0	         7	58.54
20181103-172309	  1	  0	         5	58.55
20181103-172314	  1	  0	        11	58.56
20181103-172319	  1	  0	         7	58.55
20181103-172324	  1	  0	        19	58.55
20181103-172329	  1	  0	         8	58.55
20181103-172334	  1	  0	         5	58.55
20181103-172339	  1	  0	         7	58.55
20181103-172344	  2	  0	        14	58.56
20181103-172349	  1	  0	         5	58.55
20181103-172354	  1	  0	        17	58.55
20181103-172359	  1	  0	         7	58.55
20181103-172404	  1	  0	         5	58.56
20181103-172409	  1	  0	         5	58.56
20181103-172414	  1	  0	        17	58.55
20181103-172419	  1	  0	         5	58.56
20181103-172424	  1	  0	        21	58.56
20181103-172429	  1	  0	         9	58.56
20181103-172434	  1	  0	         5	58.55
20181103-172439	  1	  0	         5	58.53
20181103-172444	  2	  0	        15	58.54
20181103-172449	  1	  0	         5	58.54
20181103-172454	  1	  0	        11	58.54
20181103-172459	  1	  0	         8	58.55
20181103-172504	  1	  0	         6	58.55
20181103-172509	  1	  0	         5	58.55
20181103-172514	  1	  0	        17	58.55
20181103-172519	  1	  0	         5	58.56
20181103-172524	  2	  0	        11	58.55
20181103-172529	  1	  0	        10	58.55
